[ 2016-11-01T22:22:47+08:00 ] ::1 /yuanma_admin.php
INFO: [ app_init ] --START--
INFO: Run Behavior\BuildLiteBehavior [ RunTime:0.000000s ]
INFO: [ app_init ] --END-- [ RunTime:0.022001s ]
INFO: [ app_begin ] --START--
INFO: Run Behavior\ReadHtmlCacheBehavior [ RunTime:0.017001s ]
INFO: [ app_begin ] --END-- [ RunTime:0.017001s ]
SQL: SHOW COLUMNS FROM `my_menu` [ RunTime:0.0570s ]
SQL: SELECT * FROM `my_menu` WHERE `status` = 1 ORDER BY sort,id  [ RunTime:0.0180s ]
SQL: SELECT * FROM `my_menu` WHERE `status` = 1 AND `quick` = 1 ORDER BY sort,id  [ RunTime:0.0010s ]
INFO: [ view_parse ] --START--
INFO: [ template_filter ] --START--
INFO: Run Behavior\ContentReplaceBehavior [ RunTime:0.000000s ]
INFO: [ template_filter ] --END-- [ RunTime:0.000000s ]
INFO: Run Behavior\ParseTemplateBehavior [ RunTime:0.094005s ]
INFO: [ view_parse ] --END-- [ RunTime:0.094005s ]
INFO: [ view_filter ] --START--
INFO: Run Behavior\WriteHtmlCacheBehavior [ RunTime:0.013001s ]
INFO: [ view_filter ] --END-- [ RunTime:0.013001s ]
INFO: [ app_end ] --START--
INFO: Run Behavior\ShowPageTraceBehavior [ RunTime:0.032002s ]
INFO: [ app_end ] --END-- [ RunTime:0.032002s ]

[ 2016-11-01T22:22:47+08:00 ] ::1 /yuanma_admin.php?s=/Public/main
INFO: [ app_init ] --START--
INFO: Run Behavior\BuildLiteBehavior [ RunTime:0.001000s ]
INFO: [ app_init ] --END-- [ RunTime:0.002000s ]
INFO: [ app_begin ] --START--
INFO: Run Behavior\ReadHtmlCacheBehavior [ RunTime:0.002000s ]
INFO: [ app_begin ] --END-- [ RunTime:0.002000s ]
SQL: SELECT VERSION() as ver; [ RunTime:0.0010s ]
INFO: [ view_parse ] --START--
INFO: [ template_filter ] --START--
INFO: Run Behavior\ContentReplaceBehavior [ RunTime:0.001000s ]
INFO: [ template_filter ] --END-- [ RunTime:0.001000s ]
NOTIC: [8] Use of undefined constant session - assumed 'session' D:\WWW\yuanma\App\Runtime\Cache\Manage\189add388cdd1263d35cd37739affe0d.php 第 52 行.
NOTIC: [8] Undefined variable: Think D:\WWW\yuanma\App\Runtime\Cache\Manage\189add388cdd1263d35cd37739affe0d.php 第 52 行.
NOTIC: [8] Use of undefined constant yang_adm_superadmin - assumed 'yang_adm_superadmin' D:\WWW\yuanma\App\Runtime\Cache\Manage\189add388cdd1263d35cd37739affe0d.php 第 52 行.
INFO: Run Behavior\ParseTemplateBehavior [ RunTime:0.058003s ]
INFO: [ view_parse ] --END-- [ RunTime:0.059003s ]
INFO: [ view_filter ] --START--
INFO: Run Behavior\WriteHtmlCacheBehavior [ RunTime:0.001000s ]
INFO: [ view_filter ] --END-- [ RunTime:0.001000s ]
INFO: [ app_end ] --START--
INFO: Run Behavior\ShowPageTraceBehavior [ RunTime:0.002000s ]
INFO: [ app_end ] --END-- [ RunTime:0.002000s ]

[ 2016-11-01T22:22:47+08:00 ] ::1 /yuanma_admin.php?s=/Index/getParentCate&pid=0&rnd=73713
INFO: [ app_init ] --START--
INFO: Run Behavior\BuildLiteBehavior [ RunTime:0.001000s ]
INFO: [ app_init ] --END-- [ RunTime:0.002000s ]
INFO: [ app_begin ] --START--
INFO: Run Behavior\ReadHtmlCacheBehavior [ RunTime:0.001000s ]
INFO: [ app_begin ] --END-- [ RunTime:0.001000s ]
SQL: SHOW COLUMNS FROM `my_category` [ RunTime:0.0850s ]
SQL: SHOW COLUMNS FROM `my_model` [ RunTime:0.0410s ]
SQL: SELECT COUNT(*) AS tp_count FROM my_category category LEFT JOIN my_model model ON category.modelid = model.id WHERE category.pid = 0 AND category.type = 0 LIMIT 1   [ RunTime:0.0170s ]
SQL: SELECT category.id AS id,category.name AS name,category.ename AS ename,category.catpic AS catpic,category.pid AS pid,category.modelid AS modelid,category.type AS type,category.seotitle AS seotitle,category.keywords AS keywords,category.description AS description,category.template_category AS template_category,category.template_list AS template_list,category.template_show AS template_show,category.status AS status,category.sort AS sort,category.property AS property,model.name AS modelname,model.tablename AS tablename FROM my_category category LEFT JOIN my_model model ON category.modelid = model.id WHERE category.pid = 0 AND category.type = 0 ORDER BY category.sort ASC,category.id ASC  [ RunTime:0.0020s ]

[ 2016-11-01T22:22:52+08:00 ] ::1 /yuanma_admin.php?s=/Soft/index/pid/23
INFO: [ app_init ] --START--
INFO: Run Behavior\BuildLiteBehavior [ RunTime:0.000000s ]
INFO: [ app_init ] --END-- [ RunTime:0.001000s ]
INFO: [ app_begin ] --START--
INFO: Run Behavior\ReadHtmlCacheBehavior [ RunTime:0.001000s ]
INFO: [ app_begin ] --END-- [ RunTime:0.001000s ]
SQL: SHOW COLUMNS FROM `my_soft` [ RunTime:0.0370s ]
SQL: SHOW COLUMNS FROM `my_category` [ RunTime:0.0090s ]
SQL: SELECT COUNT(*) AS tp_count FROM my_soft soft LEFT JOIN my_category category ON soft.cid = category.id WHERE soft.status > 0 AND soft.cid IN (23,'24','25','26','27') LIMIT 1   [ RunTime:0.0530s ]
SQL: SELECT soft.id AS id,soft.title AS title,soft.color AS color,soft.keywords AS keywords,soft.litpic AS litpic,soft.description AS description,soft.version AS version,soft.softtype AS softtype,soft.copytype AS copytype,soft.language AS language,soft.os AS os,soft.filesize AS filesize,soft.officialurl AS officialurl,soft.publishtime AS publishtime,soft.updatetime AS updatetime,soft.click AS click,soft.cid AS cid,soft.commentflag AS commentflag,soft.flag AS flag,soft.jumpurl AS jumpurl,soft.status AS status,soft.userid AS userid,soft.aid AS aid,soft.tag AS tag,soft.demo AS demo,soft.downnum AS downnum,soft.scores AS scores,soft.prop_value AS prop_value,category.name AS catename,category.ename AS ename,category.modelid AS modelid FROM my_soft soft LEFT JOIN my_category category ON soft.cid = category.id WHERE soft.status > 0 AND soft.cid IN (23,'24','25','26','27') ORDER BY soft.id DESC LIMIT 0,10   [ RunTime:0.0020s ]
INFO: [ view_parse ] --START--
INFO: [ template_filter ] --START--
INFO: Run Behavior\ContentReplaceBehavior [ RunTime:0.001000s ]
INFO: [ template_filter ] --END-- [ RunTime:0.001000s ]
SQL: SHOW COLUMNS FROM `my_iteminfo` [ RunTime:0.0480s ]
SQL: SELECT * FROM `my_iteminfo` WHERE `group` = 'flagtype' ORDER BY sort,id  [ RunTime:0.0070s ]
INFO: Run Behavior\ParseTemplateBehavior [ RunTime:0.162009s ]
INFO: [ view_parse ] --END-- [ RunTime:0.162009s ]
INFO: [ view_filter ] --START--
INFO: Run Behavior\WriteHtmlCacheBehavior [ RunTime:0.001000s ]
INFO: [ view_filter ] --END-- [ RunTime:0.001000s ]
INFO: [ app_end ] --START--
INFO: Run Behavior\ShowPageTraceBehavior [ RunTime:0.001000s ]
INFO: [ app_end ] --END-- [ RunTime:0.002000s ]

[ 2016-11-01T22:23:03+08:00 ] ::1 /yuanma_admin.php?s=/Collect/index
INFO: [ app_init ] --START--
INFO: Run Behavior\BuildLiteBehavior [ RunTime:0.000000s ]
INFO: [ app_init ] --END-- [ RunTime:0.001000s ]
INFO: [ app_begin ] --START--
INFO: Run Behavior\ReadHtmlCacheBehavior [ RunTime:0.001000s ]
INFO: [ app_begin ] --END-- [ RunTime:0.001000s ]
SQL: SHOW COLUMNS FROM `my_category` [ RunTime:0.0100s ]
SQL: SELECT * FROM `my_category` ORDER BY sort  [ RunTime:0.0020s ]
INFO: [ view_parse ] --START--
INFO: [ template_filter ] --START--
INFO: Run Behavior\ContentReplaceBehavior [ RunTime:0.000000s ]
INFO: [ template_filter ] --END-- [ RunTime:0.000000s ]
NOTIC: [8] Undefined variable: pid D:\WWW\yuanma\App\Runtime\Cache\Manage\906f7622cdbec5e670ddf84756cb27a6.php 第 64 行.
NOTIC: [8] Undefined variable: pid D:\WWW\yuanma\App\Runtime\Cache\Manage\906f7622cdbec5e670ddf84756cb27a6.php 第 64 行.
NOTIC: [8] Undefined variable: pid D:\WWW\yuanma\App\Runtime\Cache\Manage\906f7622cdbec5e670ddf84756cb27a6.php 第 64 行.
NOTIC: [8] Undefined variable: pid D:\WWW\yuanma\App\Runtime\Cache\Manage\906f7622cdbec5e670ddf84756cb27a6.php 第 64 行.
NOTIC: [8] Undefined variable: pid D:\WWW\yuanma\App\Runtime\Cache\Manage\906f7622cdbec5e670ddf84756cb27a6.php 第 64 行.
NOTIC: [8] Undefined variable: pid D:\WWW\yuanma\App\Runtime\Cache\Manage\906f7622cdbec5e670ddf84756cb27a6.php 第 64 行.
NOTIC: [8] Undefined variable: pid D:\WWW\yuanma\App\Runtime\Cache\Manage\906f7622cdbec5e670ddf84756cb27a6.php 第 64 行.
NOTIC: [8] Undefined variable: pid D:\WWW\yuanma\App\Runtime\Cache\Manage\906f7622cdbec5e670ddf84756cb27a6.php 第 64 行.
NOTIC: [8] Undefined variable: pid D:\WWW\yuanma\App\Runtime\Cache\Manage\906f7622cdbec5e670ddf84756cb27a6.php 第 64 行.
NOTIC: [8] Undefined variable: pid D:\WWW\yuanma\App\Runtime\Cache\Manage\906f7622cdbec5e670ddf84756cb27a6.php 第 64 行.
NOTIC: [8] Undefined variable: pid D:\WWW\yuanma\App\Runtime\Cache\Manage\906f7622cdbec5e670ddf84756cb27a6.php 第 64 行.
NOTIC: [8] Undefined variable: pid D:\WWW\yuanma\App\Runtime\Cache\Manage\906f7622cdbec5e670ddf84756cb27a6.php 第 64 行.
NOTIC: [8] Undefined variable: pid D:\WWW\yuanma\App\Runtime\Cache\Manage\906f7622cdbec5e670ddf84756cb27a6.php 第 64 行.
NOTIC: [8] Undefined variable: pid D:\WWW\yuanma\App\Runtime\Cache\Manage\906f7622cdbec5e670ddf84756cb27a6.php 第 64 行.
NOTIC: [8] Undefined variable: pid D:\WWW\yuanma\App\Runtime\Cache\Manage\906f7622cdbec5e670ddf84756cb27a6.php 第 64 行.
NOTIC: [8] Undefined variable: pid D:\WWW\yuanma\App\Runtime\Cache\Manage\906f7622cdbec5e670ddf84756cb27a6.php 第 64 行.
NOTIC: [8] Undefined variable: pid D:\WWW\yuanma\App\Runtime\Cache\Manage\906f7622cdbec5e670ddf84756cb27a6.php 第 64 行.
NOTIC: [8] Undefined variable: pid D:\WWW\yuanma\App\Runtime\Cache\Manage\906f7622cdbec5e670ddf84756cb27a6.php 第 64 行.
NOTIC: [8] Undefined variable: pid D:\WWW\yuanma\App\Runtime\Cache\Manage\906f7622cdbec5e670ddf84756cb27a6.php 第 64 行.
NOTIC: [8] Undefined variable: pid D:\WWW\yuanma\App\Runtime\Cache\Manage\906f7622cdbec5e670ddf84756cb27a6.php 第 64 行.
NOTIC: [8] Undefined variable: pid D:\WWW\yuanma\App\Runtime\Cache\Manage\906f7622cdbec5e670ddf84756cb27a6.php 第 64 行.
NOTIC: [8] Undefined variable: pid D:\WWW\yuanma\App\Runtime\Cache\Manage\906f7622cdbec5e670ddf84756cb27a6.php 第 64 行.
NOTIC: [8] Undefined variable: pid D:\WWW\yuanma\App\Runtime\Cache\Manage\906f7622cdbec5e670ddf84756cb27a6.php 第 64 行.
NOTIC: [8] Undefined variable: pid D:\WWW\yuanma\App\Runtime\Cache\Manage\906f7622cdbec5e670ddf84756cb27a6.php 第 64 行.
NOTIC: [8] Undefined variable: pid D:\WWW\yuanma\App\Runtime\Cache\Manage\906f7622cdbec5e670ddf84756cb27a6.php 第 64 行.
NOTIC: [8] Undefined variable: pid D:\WWW\yuanma\App\Runtime\Cache\Manage\906f7622cdbec5e670ddf84756cb27a6.php 第 64 行.
NOTIC: [8] Undefined variable: pid D:\WWW\yuanma\App\Runtime\Cache\Manage\906f7622cdbec5e670ddf84756cb27a6.php 第 64 行.
NOTIC: [8] Undefined variable: pid D:\WWW\yuanma\App\Runtime\Cache\Manage\906f7622cdbec5e670ddf84756cb27a6.php 第 64 行.
NOTIC: [8] Undefined variable: pid D:\WWW\yuanma\App\Runtime\Cache\Manage\906f7622cdbec5e670ddf84756cb27a6.php 第 64 行.
NOTIC: [8] Undefined variable: pid D:\WWW\yuanma\App\Runtime\Cache\Manage\906f7622cdbec5e670ddf84756cb27a6.php 第 64 行.
NOTIC: [8] Undefined variable: pid D:\WWW\yuanma\App\Runtime\Cache\Manage\906f7622cdbec5e670ddf84756cb27a6.php 第 64 行.
NOTIC: [8] Undefined variable: pid D:\WWW\yuanma\App\Runtime\Cache\Manage\906f7622cdbec5e670ddf84756cb27a6.php 第 64 行.
NOTIC: [8] Undefined variable: pid D:\WWW\yuanma\App\Runtime\Cache\Manage\906f7622cdbec5e670ddf84756cb27a6.php 第 64 行.
NOTIC: [8] Undefined variable: pid D:\WWW\yuanma\App\Runtime\Cache\Manage\906f7622cdbec5e670ddf84756cb27a6.php 第 64 行.
NOTIC: [8] Undefined variable: pid D:\WWW\yuanma\App\Runtime\Cache\Manage\906f7622cdbec5e670ddf84756cb27a6.php 第 64 行.
NOTIC: [8] Undefined variable: pid D:\WWW\yuanma\App\Runtime\Cache\Manage\906f7622cdbec5e670ddf84756cb27a6.php 第 64 行.
NOTIC: [8] Undefined variable: pid D:\WWW\yuanma\App\Runtime\Cache\Manage\906f7622cdbec5e670ddf84756cb27a6.php 第 64 行.
NOTIC: [8] Undefined variable: pid D:\WWW\yuanma\App\Runtime\Cache\Manage\906f7622cdbec5e670ddf84756cb27a6.php 第 82 行.
NOTIC: [8] Undefined variable: pid D:\WWW\yuanma\App\Runtime\Cache\Manage\906f7622cdbec5e670ddf84756cb27a6.php 第 82 行.
NOTIC: [8] Undefined variable: pid D:\WWW\yuanma\App\Runtime\Cache\Manage\906f7622cdbec5e670ddf84756cb27a6.php 第 82 行.
NOTIC: [8] Undefined variable: pid D:\WWW\yuanma\App\Runtime\Cache\Manage\906f7622cdbec5e670ddf84756cb27a6.php 第 82 行.
NOTIC: [8] Undefined variable: pid D:\WWW\yuanma\App\Runtime\Cache\Manage\906f7622cdbec5e670ddf84756cb27a6.php 第 82 行.
NOTIC: [8] Undefined variable: pid D:\WWW\yuanma\App\Runtime\Cache\Manage\906f7622cdbec5e670ddf84756cb27a6.php 第 82 行.
NOTIC: [8] Undefined variable: pid D:\WWW\yuanma\App\Runtime\Cache\Manage\906f7622cdbec5e670ddf84756cb27a6.php 第 82 行.
NOTIC: [8] Undefined variable: pid D:\WWW\yuanma\App\Runtime\Cache\Manage\906f7622cdbec5e670ddf84756cb27a6.php 第 82 行.
NOTIC: [8] Undefined variable: pid D:\WWW\yuanma\App\Runtime\Cache\Manage\906f7622cdbec5e670ddf84756cb27a6.php 第 82 行.
NOTIC: [8] Undefined variable: pid D:\WWW\yuanma\App\Runtime\Cache\Manage\906f7622cdbec5e670ddf84756cb27a6.php 第 82 行.
NOTIC: [8] Undefined variable: pid D:\WWW\yuanma\App\Runtime\Cache\Manage\906f7622cdbec5e670ddf84756cb27a6.php 第 82 行.
NOTIC: [8] Undefined variable: pid D:\WWW\yuanma\App\Runtime\Cache\Manage\906f7622cdbec5e670ddf84756cb27a6.php 第 82 行.
NOTIC: [8] Undefined variable: pid D:\WWW\yuanma\App\Runtime\Cache\Manage\906f7622cdbec5e670ddf84756cb27a6.php 第 82 行.
NOTIC: [8] Undefined variable: pid D:\WWW\yuanma\App\Runtime\Cache\Manage\906f7622cdbec5e670ddf84756cb27a6.php 第 82 行.
NOTIC: [8] Undefined variable: pid D:\WWW\yuanma\App\Runtime\Cache\Manage\906f7622cdbec5e670ddf84756cb27a6.php 第 82 行.
NOTIC: [8] Undefined variable: pid D:\WWW\yuanma\App\Runtime\Cache\Manage\906f7622cdbec5e670ddf84756cb27a6.php 第 82 行.
NOTIC: [8] Undefined variable: pid D:\WWW\yuanma\App\Runtime\Cache\Manage\906f7622cdbec5e670ddf84756cb27a6.php 第 82 行.
NOTIC: [8] Undefined variable: pid D:\WWW\yuanma\App\Runtime\Cache\Manage\906f7622cdbec5e670ddf84756cb27a6.php 第 82 行.
NOTIC: [8] Undefined variable: pid D:\WWW\yuanma\App\Runtime\Cache\Manage\906f7622cdbec5e670ddf84756cb27a6.php 第 82 行.
NOTIC: [8] Undefined variable: pid D:\WWW\yuanma\App\Runtime\Cache\Manage\906f7622cdbec5e670ddf84756cb27a6.php 第 82 行.
NOTIC: [8] Undefined variable: pid D:\WWW\yuanma\App\Runtime\Cache\Manage\906f7622cdbec5e670ddf84756cb27a6.php 第 82 行.
NOTIC: [8] Undefined variable: pid D:\WWW\yuanma\App\Runtime\Cache\Manage\906f7622cdbec5e670ddf84756cb27a6.php 第 82 行.
NOTIC: [8] Undefined variable: pid D:\WWW\yuanma\App\Runtime\Cache\Manage\906f7622cdbec5e670ddf84756cb27a6.php 第 82 行.
NOTIC: [8] Undefined variable: pid D:\WWW\yuanma\App\Runtime\Cache\Manage\906f7622cdbec5e670ddf84756cb27a6.php 第 82 行.
NOTIC: [8] Undefined variable: pid D:\WWW\yuanma\App\Runtime\Cache\Manage\906f7622cdbec5e670ddf84756cb27a6.php 第 82 行.
NOTIC: [8] Undefined variable: pid D:\WWW\yuanma\App\Runtime\Cache\Manage\906f7622cdbec5e670ddf84756cb27a6.php 第 82 行.
NOTIC: [8] Undefined variable: pid D:\WWW\yuanma\App\Runtime\Cache\Manage\906f7622cdbec5e670ddf84756cb27a6.php 第 82 行.
NOTIC: [8] Undefined variable: pid D:\WWW\yuanma\App\Runtime\Cache\Manage\906f7622cdbec5e670ddf84756cb27a6.php 第 82 行.
NOTIC: [8] Undefined variable: pid D:\WWW\yuanma\App\Runtime\Cache\Manage\906f7622cdbec5e670ddf84756cb27a6.php 第 82 行.
NOTIC: [8] Undefined variable: pid D:\WWW\yuanma\App\Runtime\Cache\Manage\906f7622cdbec5e670ddf84756cb27a6.php 第 82 行.
NOTIC: [8] Undefined variable: pid D:\WWW\yuanma\App\Runtime\Cache\Manage\906f7622cdbec5e670ddf84756cb27a6.php 第 82 行.
NOTIC: [8] Undefined variable: pid D:\WWW\yuanma\App\Runtime\Cache\Manage\906f7622cdbec5e670ddf84756cb27a6.php 第 82 行.
NOTIC: [8] Undefined variable: pid D:\WWW\yuanma\App\Runtime\Cache\Manage\906f7622cdbec5e670ddf84756cb27a6.php 第 82 行.
NOTIC: [8] Undefined variable: pid D:\WWW\yuanma\App\Runtime\Cache\Manage\906f7622cdbec5e670ddf84756cb27a6.php 第 82 行.
NOTIC: [8] Undefined variable: pid D:\WWW\yuanma\App\Runtime\Cache\Manage\906f7622cdbec5e670ddf84756cb27a6.php 第 82 行.
NOTIC: [8] Undefined variable: pid D:\WWW\yuanma\App\Runtime\Cache\Manage\906f7622cdbec5e670ddf84756cb27a6.php 第 82 行.
NOTIC: [8] Undefined variable: pid D:\WWW\yuanma\App\Runtime\Cache\Manage\906f7622cdbec5e670ddf84756cb27a6.php 第 82 行.
NOTIC: [8] Undefined variable: pid D:\WWW\yuanma\App\Runtime\Cache\Manage\906f7622cdbec5e670ddf84756cb27a6.php 第 99 行.
NOTIC: [8] Undefined variable: pid D:\WWW\yuanma\App\Runtime\Cache\Manage\906f7622cdbec5e670ddf84756cb27a6.php 第 99 行.
NOTIC: [8] Undefined variable: pid D:\WWW\yuanma\App\Runtime\Cache\Manage\906f7622cdbec5e670ddf84756cb27a6.php 第 99 行.
NOTIC: [8] Undefined variable: pid D:\WWW\yuanma\App\Runtime\Cache\Manage\906f7622cdbec5e670ddf84756cb27a6.php 第 99 行.
NOTIC: [8] Undefined variable: pid D:\WWW\yuanma\App\Runtime\Cache\Manage\906f7622cdbec5e670ddf84756cb27a6.php 第 99 行.
NOTIC: [8] Undefined variable: pid D:\WWW\yuanma\App\Runtime\Cache\Manage\906f7622cdbec5e670ddf84756cb27a6.php 第 99 行.
NOTIC: [8] Undefined variable: pid D:\WWW\yuanma\App\Runtime\Cache\Manage\906f7622cdbec5e670ddf84756cb27a6.php 第 99 行.
NOTIC: [8] Undefined variable: pid D:\WWW\yuanma\App\Runtime\Cache\Manage\906f7622cdbec5e670ddf84756cb27a6.php 第 99 行.
NOTIC: [8] Undefined variable: pid D:\WWW\yuanma\App\Runtime\Cache\Manage\906f7622cdbec5e670ddf84756cb27a6.php 第 99 行.
NOTIC: [8] Undefined variable: pid D:\WWW\yuanma\App\Runtime\Cache\Manage\906f7622cdbec5e670ddf84756cb27a6.php 第 99 行.
NOTIC: [8] Undefined variable: pid D:\WWW\yuanma\App\Runtime\Cache\Manage\906f7622cdbec5e670ddf84756cb27a6.php 第 99 行.
NOTIC: [8] Undefined variable: pid D:\WWW\yuanma\App\Runtime\Cache\Manage\906f7622cdbec5e670ddf84756cb27a6.php 第 99 行.
NOTIC: [8] Undefined variable: pid D:\WWW\yuanma\App\Runtime\Cache\Manage\906f7622cdbec5e670ddf84756cb27a6.php 第 99 行.
NOTIC: [8] Undefined variable: pid D:\WWW\yuanma\App\Runtime\Cache\Manage\906f7622cdbec5e670ddf84756cb27a6.php 第 99 行.
NOTIC: [8] Undefined variable: pid D:\WWW\yuanma\App\Runtime\Cache\Manage\906f7622cdbec5e670ddf84756cb27a6.php 第 99 行.
NOTIC: [8] Undefined variable: pid D:\WWW\yuanma\App\Runtime\Cache\Manage\906f7622cdbec5e670ddf84756cb27a6.php 第 99 行.
NOTIC: [8] Undefined variable: pid D:\WWW\yuanma\App\Runtime\Cache\Manage\906f7622cdbec5e670ddf84756cb27a6.php 第 99 行.
NOTIC: [8] Undefined variable: pid D:\WWW\yuanma\App\Runtime\Cache\Manage\906f7622cdbec5e670ddf84756cb27a6.php 第 99 行.
NOTIC: [8] Undefined variable: pid D:\WWW\yuanma\App\Runtime\Cache\Manage\906f7622cdbec5e670ddf84756cb27a6.php 第 99 行.
NOTIC: [8] Undefined variable: pid D:\WWW\yuanma\App\Runtime\Cache\Manage\906f7622cdbec5e670ddf84756cb27a6.php 第 99 行.
NOTIC: [8] Undefined variable: pid D:\WWW\yuanma\App\Runtime\Cache\Manage\906f7622cdbec5e670ddf84756cb27a6.php 第 99 行.
NOTIC: [8] Undefined variable: pid D:\WWW\yuanma\App\Runtime\Cache\Manage\906f7622cdbec5e670ddf84756cb27a6.php 第 99 行.
NOTIC: [8] Undefined variable: pid D:\WWW\yuanma\App\Runtime\Cache\Manage\906f7622cdbec5e670ddf84756cb27a6.php 第 99 行.
NOTIC: [8] Undefined variable: pid D:\WWW\yuanma\App\Runtime\Cache\Manage\906f7622cdbec5e670ddf84756cb27a6.php 第 99 行.
NOTIC: [8] Undefined variable: pid D:\WWW\yuanma\App\Runtime\Cache\Manage\906f7622cdbec5e670ddf84756cb27a6.php 第 99 行.
NOTIC: [8] Undefined variable: pid D:\WWW\yuanma\App\Runtime\Cache\Manage\906f7622cdbec5e670ddf84756cb27a6.php 第 99 行.
NOTIC: [8] Undefined variable: pid D:\WWW\yuanma\App\Runtime\Cache\Manage\906f7622cdbec5e670ddf84756cb27a6.php 第 99 行.
NOTIC: [8] Undefined variable: pid D:\WWW\yuanma\App\Runtime\Cache\Manage\906f7622cdbec5e670ddf84756cb27a6.php 第 99 行.
NOTIC: [8] Undefined variable: pid D:\WWW\yuanma\App\Runtime\Cache\Manage\906f7622cdbec5e670ddf84756cb27a6.php 第 99 行.
NOTIC: [8] Undefined variable: pid D:\WWW\yuanma\App\Runtime\Cache\Manage\906f7622cdbec5e670ddf84756cb27a6.php 第 99 行.
NOTIC: [8] Undefined variable: pid D:\WWW\yuanma\App\Runtime\Cache\Manage\906f7622cdbec5e670ddf84756cb27a6.php 第 99 行.
NOTIC: [8] Undefined variable: pid D:\WWW\yuanma\App\Runtime\Cache\Manage\906f7622cdbec5e670ddf84756cb27a6.php 第 99 行.
NOTIC: [8] Undefined variable: pid D:\WWW\yuanma\App\Runtime\Cache\Manage\906f7622cdbec5e670ddf84756cb27a6.php 第 99 行.
NOTIC: [8] Undefined variable: pid D:\WWW\yuanma\App\Runtime\Cache\Manage\906f7622cdbec5e670ddf84756cb27a6.php 第 99 行.
NOTIC: [8] Undefined variable: pid D:\WWW\yuanma\App\Runtime\Cache\Manage\906f7622cdbec5e670ddf84756cb27a6.php 第 99 行.
NOTIC: [8] Undefined variable: pid D:\WWW\yuanma\App\Runtime\Cache\Manage\906f7622cdbec5e670ddf84756cb27a6.php 第 99 行.
NOTIC: [8] Undefined variable: pid D:\WWW\yuanma\App\Runtime\Cache\Manage\906f7622cdbec5e670ddf84756cb27a6.php 第 99 行.
INFO: Run Behavior\ParseTemplateBehavior [ RunTime:0.047002s ]
INFO: [ view_parse ] --END-- [ RunTime:0.047002s ]
INFO: [ view_filter ] --START--
INFO: Run Behavior\WriteHtmlCacheBehavior [ RunTime:0.001000s ]
INFO: [ view_filter ] --END-- [ RunTime:0.001000s ]
INFO: [ app_end ] --START--
INFO: Run Behavior\ShowPageTraceBehavior [ RunTime:0.002000s ]
INFO: [ app_end ] --END-- [ RunTime:0.002000s ]

[ 2016-11-01T22:25:36+08:00 ] ::1 /yuanma_admin.php?s=/Soft/index/pid/16
INFO: [ app_init ] --START--
INFO: Run Behavior\BuildLiteBehavior [ RunTime:0.000000s ]
INFO: [ app_init ] --END-- [ RunTime:0.001000s ]
INFO: [ app_begin ] --START--
INFO: Run Behavior\ReadHtmlCacheBehavior [ RunTime:0.001000s ]
INFO: [ app_begin ] --END-- [ RunTime:0.001000s ]
SQL: SHOW COLUMNS FROM `my_soft` [ RunTime:0.0110s ]
SQL: SHOW COLUMNS FROM `my_category` [ RunTime:0.0090s ]
SQL: SELECT COUNT(*) AS tp_count FROM my_soft soft LEFT JOIN my_category category ON soft.cid = category.id WHERE soft.status > 0 AND soft.cid IN (16,'17','22','20','18','19','21','30') LIMIT 1   [ RunTime:0.0020s ]
SQL: SELECT soft.id AS id,soft.title AS title,soft.color AS color,soft.keywords AS keywords,soft.litpic AS litpic,soft.description AS description,soft.version AS version,soft.softtype AS softtype,soft.copytype AS copytype,soft.language AS language,soft.os AS os,soft.filesize AS filesize,soft.officialurl AS officialurl,soft.publishtime AS publishtime,soft.updatetime AS updatetime,soft.click AS click,soft.cid AS cid,soft.commentflag AS commentflag,soft.flag AS flag,soft.jumpurl AS jumpurl,soft.status AS status,soft.userid AS userid,soft.aid AS aid,soft.tag AS tag,soft.demo AS demo,soft.downnum AS downnum,soft.scores AS scores,soft.prop_value AS prop_value,category.name AS catename,category.ename AS ename,category.modelid AS modelid FROM my_soft soft LEFT JOIN my_category category ON soft.cid = category.id WHERE soft.status > 0 AND soft.cid IN (16,'17','22','20','18','19','21','30') ORDER BY soft.id DESC LIMIT 0,10   [ RunTime:0.0020s ]
INFO: [ view_parse ] --START--
INFO: [ template_filter ] --START--
INFO: Run Behavior\ContentReplaceBehavior [ RunTime:0.000000s ]
INFO: [ template_filter ] --END-- [ RunTime:0.000000s ]
INFO: Run Behavior\ParseTemplateBehavior [ RunTime:0.042002s ]
INFO: [ view_parse ] --END-- [ RunTime:0.042002s ]
INFO: [ view_filter ] --START--
INFO: Run Behavior\WriteHtmlCacheBehavior [ RunTime:0.001000s ]
INFO: [ view_filter ] --END-- [ RunTime:0.001000s ]
INFO: [ app_end ] --START--
INFO: Run Behavior\ShowPageTraceBehavior [ RunTime:0.002000s ]
INFO: [ app_end ] --END-- [ RunTime:0.002000s ]

[ 2016-11-01T22:25:37+08:00 ] ::1 /yuanma_admin.php?s=/Soft/edit/id/20/pid/16
INFO: [ app_init ] --START--
INFO: Run Behavior\BuildLiteBehavior [ RunTime:0.000000s ]
INFO: [ app_init ] --END-- [ RunTime:0.000000s ]
INFO: [ app_begin ] --START--
INFO: Run Behavior\ReadHtmlCacheBehavior [ RunTime:0.001000s ]
INFO: [ app_begin ] --END-- [ RunTime:0.001000s ]
SQL: SHOW COLUMNS FROM `my_soft` [ RunTime:0.0100s ]
SQL: SELECT * FROM `my_soft` WHERE `id` = 20 LIMIT 1   [ RunTime:0.0010s ]
SQL: SHOW COLUMNS FROM `my_iteminfo` [ RunTime:0.0090s ]
SQL: SELECT * FROM `my_iteminfo` WHERE `group` = 'softtype' ORDER BY sort,id  [ RunTime:0.0010s ]
SQL: SELECT * FROM `my_iteminfo` WHERE `group` = 'softlanguage' ORDER BY sort,id  [ RunTime:0.0010s ]
INFO: [ view_parse ] --START--
INFO: [ template_filter ] --START--
INFO: Run Behavior\ContentReplaceBehavior [ RunTime:0.001000s ]
INFO: [ template_filter ] --END-- [ RunTime:0.001000s ]
SQL: SHOW COLUMNS FROM `my_category` [ RunTime:0.0100s ]
SQL: SHOW COLUMNS FROM `my_model` [ RunTime:0.0080s ]
SQL: SELECT category.property AS property FROM my_category category LEFT JOIN my_model model ON category.modelid = model.id WHERE category.id = 16 LIMIT 1   [ RunTime:0.0000s ]
INFO: Run Behavior\ParseTemplateBehavior [ RunTime:0.089005s ]
INFO: [ view_parse ] --END-- [ RunTime:0.089005s ]
INFO: [ view_filter ] --START--
INFO: Run Behavior\WriteHtmlCacheBehavior [ RunTime:0.001000s ]
INFO: [ view_filter ] --END-- [ RunTime:0.001000s ]
INFO: [ app_end ] --START--
INFO: Run Behavior\ShowPageTraceBehavior [ RunTime:0.001000s ]
INFO: [ app_end ] --END-- [ RunTime:0.001000s ]

[ 2016-11-01T22:25:38+08:00 ] ::1 /yuanma_admin.php?s=/Ajax/get_proplist
INFO: [ app_init ] --START--
INFO: Run Behavior\BuildLiteBehavior [ RunTime:0.000000s ]
INFO: [ app_init ] --END-- [ RunTime:0.001000s ]
INFO: [ app_begin ] --START--
INFO: Run Behavior\ReadHtmlCacheBehavior [ RunTime:0.001000s ]
INFO: [ app_begin ] --END-- [ RunTime:0.002000s ]
SQL: SHOW COLUMNS FROM `my_property` [ RunTime:0.0450s ]
SQL: SELECT * FROM `my_property` WHERE `id` IN ('1','35','33')  [ RunTime:0.0200s ]
SQL: SHOW COLUMNS FROM `my_property_value` [ RunTime:0.0340s ]
SQL: SELECT * FROM `my_property_value` WHERE ( prop_id=1 )  [ RunTime:0.0100s ]
SQL: SELECT * FROM `my_property_value` WHERE ( prop_id=35 )  [ RunTime:0.0010s ]
SQL: SELECT * FROM `my_property_value` WHERE ( prop_id=33 )  [ RunTime:0.0000s ]

[ 2016-11-01T22:25:38+08:00 ] ::1 /yuanma_admin.php?s=/Public/editorMethod&action=config&&noCache=1478010338481
INFO: [ app_init ] --START--
INFO: Run Behavior\BuildLiteBehavior [ RunTime:0.000000s ]
INFO: [ app_init ] --END-- [ RunTime:0.001000s ]
INFO: [ app_begin ] --START--
INFO: Run Behavior\ReadHtmlCacheBehavior [ RunTime:0.001001s ]
INFO: [ app_begin ] --END-- [ RunTime:0.001001s ]
INFO: [ app_end ] --START--
INFO: Run Behavior\ShowPageTraceBehavior [ RunTime:0.001000s ]
INFO: [ app_end ] --END-- [ RunTime:0.002000s ]

[ 2016-11-01T22:26:55+08:00 ] ::1 /yuanma_admin.php?s=/Collect/index
INFO: [ app_init ] --START--
INFO: Run Behavior\BuildLiteBehavior [ RunTime:0.000000s ]
INFO: [ app_init ] --END-- [ RunTime:0.001000s ]
INFO: [ app_begin ] --START--
INFO: Run Behavior\ReadHtmlCacheBehavior [ RunTime:0.002001s ]
INFO: [ app_begin ] --END-- [ RunTime:0.003001s ]
SQL: SHOW COLUMNS FROM `my_category` [ RunTime:0.0100s ]
SQL: SELECT * FROM `my_category` ORDER BY sort  [ RunTime:0.0020s ]
INFO: [ view_parse ] --START--
INFO: [ template_filter ] --START--
INFO: Run Behavior\ContentReplaceBehavior [ RunTime:0.000000s ]
INFO: [ template_filter ] --END-- [ RunTime:0.000000s ]
NOTIC: [8] Undefined variable: pid D:\WWW\yuanma\App\Runtime\Cache\Manage\906f7622cdbec5e670ddf84756cb27a6.php 第 64 行.
NOTIC: [8] Undefined variable: pid D:\WWW\yuanma\App\Runtime\Cache\Manage\906f7622cdbec5e670ddf84756cb27a6.php 第 64 行.
NOTIC: [8] Undefined variable: pid D:\WWW\yuanma\App\Runtime\Cache\Manage\906f7622cdbec5e670ddf84756cb27a6.php 第 64 行.
NOTIC: [8] Undefined variable: pid D:\WWW\yuanma\App\Runtime\Cache\Manage\906f7622cdbec5e670ddf84756cb27a6.php 第 64 行.
NOTIC: [8] Undefined variable: pid D:\WWW\yuanma\App\Runtime\Cache\Manage\906f7622cdbec5e670ddf84756cb27a6.php 第 64 行.
NOTIC: [8] Undefined variable: pid D:\WWW\yuanma\App\Runtime\Cache\Manage\906f7622cdbec5e670ddf84756cb27a6.php 第 64 行.
NOTIC: [8] Undefined variable: pid D:\WWW\yuanma\App\Runtime\Cache\Manage\906f7622cdbec5e670ddf84756cb27a6.php 第 64 行.
NOTIC: [8] Undefined variable: pid D:\WWW\yuanma\App\Runtime\Cache\Manage\906f7622cdbec5e670ddf84756cb27a6.php 第 64 行.
NOTIC: [8] Undefined variable: pid D:\WWW\yuanma\App\Runtime\Cache\Manage\906f7622cdbec5e670ddf84756cb27a6.php 第 64 行.
NOTIC: [8] Undefined variable: pid D:\WWW\yuanma\App\Runtime\Cache\Manage\906f7622cdbec5e670ddf84756cb27a6.php 第 64 行.
NOTIC: [8] Undefined variable: pid D:\WWW\yuanma\App\Runtime\Cache\Manage\906f7622cdbec5e670ddf84756cb27a6.php 第 64 行.
NOTIC: [8] Undefined variable: pid D:\WWW\yuanma\App\Runtime\Cache\Manage\906f7622cdbec5e670ddf84756cb27a6.php 第 64 行.
NOTIC: [8] Undefined variable: pid D:\WWW\yuanma\App\Runtime\Cache\Manage\906f7622cdbec5e670ddf84756cb27a6.php 第 64 行.
NOTIC: [8] Undefined variable: pid D:\WWW\yuanma\App\Runtime\Cache\Manage\906f7622cdbec5e670ddf84756cb27a6.php 第 64 行.
NOTIC: [8] Undefined variable: pid D:\WWW\yuanma\App\Runtime\Cache\Manage\906f7622cdbec5e670ddf84756cb27a6.php 第 64 行.
NOTIC: [8] Undefined variable: pid D:\WWW\yuanma\App\Runtime\Cache\Manage\906f7622cdbec5e670ddf84756cb27a6.php 第 64 行.
NOTIC: [8] Undefined variable: pid D:\WWW\yuanma\App\Runtime\Cache\Manage\906f7622cdbec5e670ddf84756cb27a6.php 第 64 行.
NOTIC: [8] Undefined variable: pid D:\WWW\yuanma\App\Runtime\Cache\Manage\906f7622cdbec5e670ddf84756cb27a6.php 第 64 行.
NOTIC: [8] Undefined variable: pid D:\WWW\yuanma\App\Runtime\Cache\Manage\906f7622cdbec5e670ddf84756cb27a6.php 第 64 行.
NOTIC: [8] Undefined variable: pid D:\WWW\yuanma\App\Runtime\Cache\Manage\906f7622cdbec5e670ddf84756cb27a6.php 第 64 行.
NOTIC: [8] Undefined variable: pid D:\WWW\yuanma\App\Runtime\Cache\Manage\906f7622cdbec5e670ddf84756cb27a6.php 第 64 行.
NOTIC: [8] Undefined variable: pid D:\WWW\yuanma\App\Runtime\Cache\Manage\906f7622cdbec5e670ddf84756cb27a6.php 第 64 行.
NOTIC: [8] Undefined variable: pid D:\WWW\yuanma\App\Runtime\Cache\Manage\906f7622cdbec5e670ddf84756cb27a6.php 第 64 行.
NOTIC: [8] Undefined variable: pid D:\WWW\yuanma\App\Runtime\Cache\Manage\906f7622cdbec5e670ddf84756cb27a6.php 第 64 行.
NOTIC: [8] Undefined variable: pid D:\WWW\yuanma\App\Runtime\Cache\Manage\906f7622cdbec5e670ddf84756cb27a6.php 第 64 行.
NOTIC: [8] Undefined variable: pid D:\WWW\yuanma\App\Runtime\Cache\Manage\906f7622cdbec5e670ddf84756cb27a6.php 第 64 行.
NOTIC: [8] Undefined variable: pid D:\WWW\yuanma\App\Runtime\Cache\Manage\906f7622cdbec5e670ddf84756cb27a6.php 第 64 行.
NOTIC: [8] Undefined variable: pid D:\WWW\yuanma\App\Runtime\Cache\Manage\906f7622cdbec5e670ddf84756cb27a6.php 第 64 行.
NOTIC: [8] Undefined variable: pid D:\WWW\yuanma\App\Runtime\Cache\Manage\906f7622cdbec5e670ddf84756cb27a6.php 第 64 行.
NOTIC: [8] Undefined variable: pid D:\WWW\yuanma\App\Runtime\Cache\Manage\906f7622cdbec5e670ddf84756cb27a6.php 第 64 行.
NOTIC: [8] Undefined variable: pid D:\WWW\yuanma\App\Runtime\Cache\Manage\906f7622cdbec5e670ddf84756cb27a6.php 第 64 行.
NOTIC: [8] Undefined variable: pid D:\WWW\yuanma\App\Runtime\Cache\Manage\906f7622cdbec5e670ddf84756cb27a6.php 第 64 行.
NOTIC: [8] Undefined variable: pid D:\WWW\yuanma\App\Runtime\Cache\Manage\906f7622cdbec5e670ddf84756cb27a6.php 第 64 行.
NOTIC: [8] Undefined variable: pid D:\WWW\yuanma\App\Runtime\Cache\Manage\906f7622cdbec5e670ddf84756cb27a6.php 第 64 行.
NOTIC: [8] Undefined variable: pid D:\WWW\yuanma\App\Runtime\Cache\Manage\906f7622cdbec5e670ddf84756cb27a6.php 第 64 行.
NOTIC: [8] Undefined variable: pid D:\WWW\yuanma\App\Runtime\Cache\Manage\906f7622cdbec5e670ddf84756cb27a6.php 第 64 行.
NOTIC: [8] Undefined variable: pid D:\WWW\yuanma\App\Runtime\Cache\Manage\906f7622cdbec5e670ddf84756cb27a6.php 第 64 行.
NOTIC: [8] Undefined variable: pid D:\WWW\yuanma\App\Runtime\Cache\Manage\906f7622cdbec5e670ddf84756cb27a6.php 第 82 行.
NOTIC: [8] Undefined variable: pid D:\WWW\yuanma\App\Runtime\Cache\Manage\906f7622cdbec5e670ddf84756cb27a6.php 第 82 行.
NOTIC: [8] Undefined variable: pid D:\WWW\yuanma\App\Runtime\Cache\Manage\906f7622cdbec5e670ddf84756cb27a6.php 第 82 行.
NOTIC: [8] Undefined variable: pid D:\WWW\yuanma\App\Runtime\Cache\Manage\906f7622cdbec5e670ddf84756cb27a6.php 第 82 行.
NOTIC: [8] Undefined variable: pid D:\WWW\yuanma\App\Runtime\Cache\Manage\906f7622cdbec5e670ddf84756cb27a6.php 第 82 行.
NOTIC: [8] Undefined variable: pid D:\WWW\yuanma\App\Runtime\Cache\Manage\906f7622cdbec5e670ddf84756cb27a6.php 第 82 行.
NOTIC: [8] Undefined variable: pid D:\WWW\yuanma\App\Runtime\Cache\Manage\906f7622cdbec5e670ddf84756cb27a6.php 第 82 行.
NOTIC: [8] Undefined variable: pid D:\WWW\yuanma\App\Runtime\Cache\Manage\906f7622cdbec5e670ddf84756cb27a6.php 第 82 行.
NOTIC: [8] Undefined variable: pid D:\WWW\yuanma\App\Runtime\Cache\Manage\906f7622cdbec5e670ddf84756cb27a6.php 第 82 行.
NOTIC: [8] Undefined variable: pid D:\WWW\yuanma\App\Runtime\Cache\Manage\906f7622cdbec5e670ddf84756cb27a6.php 第 82 行.
NOTIC: [8] Undefined variable: pid D:\WWW\yuanma\App\Runtime\Cache\Manage\906f7622cdbec5e670ddf84756cb27a6.php 第 82 行.
NOTIC: [8] Undefined variable: pid D:\WWW\yuanma\App\Runtime\Cache\Manage\906f7622cdbec5e670ddf84756cb27a6.php 第 82 行.
NOTIC: [8] Undefined variable: pid D:\WWW\yuanma\App\Runtime\Cache\Manage\906f7622cdbec5e670ddf84756cb27a6.php 第 82 行.
NOTIC: [8] Undefined variable: pid D:\WWW\yuanma\App\Runtime\Cache\Manage\906f7622cdbec5e670ddf84756cb27a6.php 第 82 行.
NOTIC: [8] Undefined variable: pid D:\WWW\yuanma\App\Runtime\Cache\Manage\906f7622cdbec5e670ddf84756cb27a6.php 第 82 行.
NOTIC: [8] Undefined variable: pid D:\WWW\yuanma\App\Runtime\Cache\Manage\906f7622cdbec5e670ddf84756cb27a6.php 第 82 行.
NOTIC: [8] Undefined variable: pid D:\WWW\yuanma\App\Runtime\Cache\Manage\906f7622cdbec5e670ddf84756cb27a6.php 第 82 行.
NOTIC: [8] Undefined variable: pid D:\WWW\yuanma\App\Runtime\Cache\Manage\906f7622cdbec5e670ddf84756cb27a6.php 第 82 行.
NOTIC: [8] Undefined variable: pid D:\WWW\yuanma\App\Runtime\Cache\Manage\906f7622cdbec5e670ddf84756cb27a6.php 第 82 行.
NOTIC: [8] Undefined variable: pid D:\WWW\yuanma\App\Runtime\Cache\Manage\906f7622cdbec5e670ddf84756cb27a6.php 第 82 行.
NOTIC: [8] Undefined variable: pid D:\WWW\yuanma\App\Runtime\Cache\Manage\906f7622cdbec5e670ddf84756cb27a6.php 第 82 行.
NOTIC: [8] Undefined variable: pid D:\WWW\yuanma\App\Runtime\Cache\Manage\906f7622cdbec5e670ddf84756cb27a6.php 第 82 行.
NOTIC: [8] Undefined variable: pid D:\WWW\yuanma\App\Runtime\Cache\Manage\906f7622cdbec5e670ddf84756cb27a6.php 第 82 行.
NOTIC: [8] Undefined variable: pid D:\WWW\yuanma\App\Runtime\Cache\Manage\906f7622cdbec5e670ddf84756cb27a6.php 第 82 行.
NOTIC: [8] Undefined variable: pid D:\WWW\yuanma\App\Runtime\Cache\Manage\906f7622cdbec5e670ddf84756cb27a6.php 第 82 行.
NOTIC: [8] Undefined variable: pid D:\WWW\yuanma\App\Runtime\Cache\Manage\906f7622cdbec5e670ddf84756cb27a6.php 第 82 行.
NOTIC: [8] Undefined variable: pid D:\WWW\yuanma\App\Runtime\Cache\Manage\906f7622cdbec5e670ddf84756cb27a6.php 第 82 行.
NOTIC: [8] Undefined variable: pid D:\WWW\yuanma\App\Runtime\Cache\Manage\906f7622cdbec5e670ddf84756cb27a6.php 第 82 行.
NOTIC: [8] Undefined variable: pid D:\WWW\yuanma\App\Runtime\Cache\Manage\906f7622cdbec5e670ddf84756cb27a6.php 第 82 行.
NOTIC: [8] Undefined variable: pid D:\WWW\yuanma\App\Runtime\Cache\Manage\906f7622cdbec5e670ddf84756cb27a6.php 第 82 行.
NOTIC: [8] Undefined variable: pid D:\WWW\yuanma\App\Runtime\Cache\Manage\906f7622cdbec5e670ddf84756cb27a6.php 第 82 行.
NOTIC: [8] Undefined variable: pid D:\WWW\yuanma\App\Runtime\Cache\Manage\906f7622cdbec5e670ddf84756cb27a6.php 第 82 行.
NOTIC: [8] Undefined variable: pid D:\WWW\yuanma\App\Runtime\Cache\Manage\906f7622cdbec5e670ddf84756cb27a6.php 第 82 行.
NOTIC: [8] Undefined variable: pid D:\WWW\yuanma\App\Runtime\Cache\Manage\906f7622cdbec5e670ddf84756cb27a6.php 第 82 行.
NOTIC: [8] Undefined variable: pid D:\WWW\yuanma\App\Runtime\Cache\Manage\906f7622cdbec5e670ddf84756cb27a6.php 第 82 行.
NOTIC: [8] Undefined variable: pid D:\WWW\yuanma\App\Runtime\Cache\Manage\906f7622cdbec5e670ddf84756cb27a6.php 第 82 行.
NOTIC: [8] Undefined variable: pid D:\WWW\yuanma\App\Runtime\Cache\Manage\906f7622cdbec5e670ddf84756cb27a6.php 第 82 行.
NOTIC: [8] Undefined variable: pid D:\WWW\yuanma\App\Runtime\Cache\Manage\906f7622cdbec5e670ddf84756cb27a6.php 第 99 行.
NOTIC: [8] Undefined variable: pid D:\WWW\yuanma\App\Runtime\Cache\Manage\906f7622cdbec5e670ddf84756cb27a6.php 第 99 行.
NOTIC: [8] Undefined variable: pid D:\WWW\yuanma\App\Runtime\Cache\Manage\906f7622cdbec5e670ddf84756cb27a6.php 第 99 行.
NOTIC: [8] Undefined variable: pid D:\WWW\yuanma\App\Runtime\Cache\Manage\906f7622cdbec5e670ddf84756cb27a6.php 第 99 行.
NOTIC: [8] Undefined variable: pid D:\WWW\yuanma\App\Runtime\Cache\Manage\906f7622cdbec5e670ddf84756cb27a6.php 第 99 行.
NOTIC: [8] Undefined variable: pid D:\WWW\yuanma\App\Runtime\Cache\Manage\906f7622cdbec5e670ddf84756cb27a6.php 第 99 行.
NOTIC: [8] Undefined variable: pid D:\WWW\yuanma\App\Runtime\Cache\Manage\906f7622cdbec5e670ddf84756cb27a6.php 第 99 行.
NOTIC: [8] Undefined variable: pid D:\WWW\yuanma\App\Runtime\Cache\Manage\906f7622cdbec5e670ddf84756cb27a6.php 第 99 行.
NOTIC: [8] Undefined variable: pid D:\WWW\yuanma\App\Runtime\Cache\Manage\906f7622cdbec5e670ddf84756cb27a6.php 第 99 行.
NOTIC: [8] Undefined variable: pid D:\WWW\yuanma\App\Runtime\Cache\Manage\906f7622cdbec5e670ddf84756cb27a6.php 第 99 行.
NOTIC: [8] Undefined variable: pid D:\WWW\yuanma\App\Runtime\Cache\Manage\906f7622cdbec5e670ddf84756cb27a6.php 第 99 行.
NOTIC: [8] Undefined variable: pid D:\WWW\yuanma\App\Runtime\Cache\Manage\906f7622cdbec5e670ddf84756cb27a6.php 第 99 行.
NOTIC: [8] Undefined variable: pid D:\WWW\yuanma\App\Runtime\Cache\Manage\906f7622cdbec5e670ddf84756cb27a6.php 第 99 行.
NOTIC: [8] Undefined variable: pid D:\WWW\yuanma\App\Runtime\Cache\Manage\906f7622cdbec5e670ddf84756cb27a6.php 第 99 行.
NOTIC: [8] Undefined variable: pid D:\WWW\yuanma\App\Runtime\Cache\Manage\906f7622cdbec5e670ddf84756cb27a6.php 第 99 行.
NOTIC: [8] Undefined variable: pid D:\WWW\yuanma\App\Runtime\Cache\Manage\906f7622cdbec5e670ddf84756cb27a6.php 第 99 行.
NOTIC: [8] Undefined variable: pid D:\WWW\yuanma\App\Runtime\Cache\Manage\906f7622cdbec5e670ddf84756cb27a6.php 第 99 行.
NOTIC: [8] Undefined variable: pid D:\WWW\yuanma\App\Runtime\Cache\Manage\906f7622cdbec5e670ddf84756cb27a6.php 第 99 行.
NOTIC: [8] Undefined variable: pid D:\WWW\yuanma\App\Runtime\Cache\Manage\906f7622cdbec5e670ddf84756cb27a6.php 第 99 行.
NOTIC: [8] Undefined variable: pid D:\WWW\yuanma\App\Runtime\Cache\Manage\906f7622cdbec5e670ddf84756cb27a6.php 第 99 行.
NOTIC: [8] Undefined variable: pid D:\WWW\yuanma\App\Runtime\Cache\Manage\906f7622cdbec5e670ddf84756cb27a6.php 第 99 行.
NOTIC: [8] Undefined variable: pid D:\WWW\yuanma\App\Runtime\Cache\Manage\906f7622cdbec5e670ddf84756cb27a6.php 第 99 行.
NOTIC: [8] Undefined variable: pid D:\WWW\yuanma\App\Runtime\Cache\Manage\906f7622cdbec5e670ddf84756cb27a6.php 第 99 行.
NOTIC: [8] Undefined variable: pid D:\WWW\yuanma\App\Runtime\Cache\Manage\906f7622cdbec5e670ddf84756cb27a6.php 第 99 行.
NOTIC: [8] Undefined variable: pid D:\WWW\yuanma\App\Runtime\Cache\Manage\906f7622cdbec5e670ddf84756cb27a6.php 第 99 行.
NOTIC: [8] Undefined variable: pid D:\WWW\yuanma\App\Runtime\Cache\Manage\906f7622cdbec5e670ddf84756cb27a6.php 第 99 行.
NOTIC: [8] Undefined variable: pid D:\WWW\yuanma\App\Runtime\Cache\Manage\906f7622cdbec5e670ddf84756cb27a6.php 第 99 行.
NOTIC: [8] Undefined variable: pid D:\WWW\yuanma\App\Runtime\Cache\Manage\906f7622cdbec5e670ddf84756cb27a6.php 第 99 行.
NOTIC: [8] Undefined variable: pid D:\WWW\yuanma\App\Runtime\Cache\Manage\906f7622cdbec5e670ddf84756cb27a6.php 第 99 行.
NOTIC: [8] Undefined variable: pid D:\WWW\yuanma\App\Runtime\Cache\Manage\906f7622cdbec5e670ddf84756cb27a6.php 第 99 行.
NOTIC: [8] Undefined variable: pid D:\WWW\yuanma\App\Runtime\Cache\Manage\906f7622cdbec5e670ddf84756cb27a6.php 第 99 行.
NOTIC: [8] Undefined variable: pid D:\WWW\yuanma\App\Runtime\Cache\Manage\906f7622cdbec5e670ddf84756cb27a6.php 第 99 行.
NOTIC: [8] Undefined variable: pid D:\WWW\yuanma\App\Runtime\Cache\Manage\906f7622cdbec5e670ddf84756cb27a6.php 第 99 行.
NOTIC: [8] Undefined variable: pid D:\WWW\yuanma\App\Runtime\Cache\Manage\906f7622cdbec5e670ddf84756cb27a6.php 第 99 行.
NOTIC: [8] Undefined variable: pid D:\WWW\yuanma\App\Runtime\Cache\Manage\906f7622cdbec5e670ddf84756cb27a6.php 第 99 行.
NOTIC: [8] Undefined variable: pid D:\WWW\yuanma\App\Runtime\Cache\Manage\906f7622cdbec5e670ddf84756cb27a6.php 第 99 行.
NOTIC: [8] Undefined variable: pid D:\WWW\yuanma\App\Runtime\Cache\Manage\906f7622cdbec5e670ddf84756cb27a6.php 第 99 行.
INFO: Run Behavior\ParseTemplateBehavior [ RunTime:0.035002s ]
INFO: [ view_parse ] --END-- [ RunTime:0.035002s ]
INFO: [ view_filter ] --START--
INFO: Run Behavior\WriteHtmlCacheBehavior [ RunTime:0.001000s ]
INFO: [ view_filter ] --END-- [ RunTime:0.001000s ]
INFO: [ app_end ] --START--
INFO: Run Behavior\ShowPageTraceBehavior [ RunTime:0.001000s ]
INFO: [ app_end ] --END-- [ RunTime:0.002000s ]

