[ 2016-10-26T00:51:48+08:00 ] ::1 /yuanma_admin.php
INFO: [ app_init ] --START--
INFO: Run Behavior\BuildLiteBehavior [ RunTime:0.000000s ]
INFO: [ app_init ] --END-- [ RunTime:0.022001s ]
INFO: [ app_begin ] --START--
INFO: Run Behavior\ReadHtmlCacheBehavior [ RunTime:0.002000s ]
INFO: [ app_begin ] --END-- [ RunTime:0.002000s ]
SQL: SHOW COLUMNS FROM `my_menu` [ RunTime:0.0610s ]
SQL: SELECT * FROM `my_menu` WHERE `status` = 1 ORDER BY sort,id  [ RunTime:0.0190s ]
SQL: SELECT * FROM `my_menu` WHERE `status` = 1 AND `quick` = 1 ORDER BY sort,id  [ RunTime:0.0010s ]
INFO: [ view_parse ] --START--
INFO: [ template_filter ] --START--
INFO: Run Behavior\ContentReplaceBehavior [ RunTime:0.000000s ]
INFO: [ template_filter ] --END-- [ RunTime:0.000000s ]
INFO: Run Behavior\ParseTemplateBehavior [ RunTime:0.115007s ]
INFO: [ view_parse ] --END-- [ RunTime:0.116007s ]
INFO: [ view_filter ] --START--
INFO: Run Behavior\WriteHtmlCacheBehavior [ RunTime:0.014000s ]
INFO: [ view_filter ] --END-- [ RunTime:0.014000s ]
INFO: [ app_end ] --START--
INFO: Run Behavior\ShowPageTraceBehavior [ RunTime:0.045003s ]
INFO: [ app_end ] --END-- [ RunTime:0.045003s ]

[ 2016-10-26T00:51:48+08:00 ] ::1 /yuanma_admin.php?s=/Public/main
INFO: [ app_init ] --START--
INFO: Run Behavior\BuildLiteBehavior [ RunTime:0.000000s ]
INFO: [ app_init ] --END-- [ RunTime:0.001000s ]
INFO: [ app_begin ] --START--
INFO: Run Behavior\ReadHtmlCacheBehavior [ RunTime:0.003000s ]
INFO: [ app_begin ] --END-- [ RunTime:0.003000s ]
SQL: SELECT VERSION() as ver; [ RunTime:0.0000s ]
INFO: [ view_parse ] --START--
INFO: [ template_filter ] --START--
INFO: Run Behavior\ContentReplaceBehavior [ RunTime:0.000000s ]
INFO: [ template_filter ] --END-- [ RunTime:0.000000s ]
NOTIC: [8] Use of undefined constant session - assumed 'session' D:\WWW\yuanma\App\Runtime\Cache\Manage\189add388cdd1263d35cd37739affe0d.php 第 52 行.
NOTIC: [8] Undefined variable: Think D:\WWW\yuanma\App\Runtime\Cache\Manage\189add388cdd1263d35cd37739affe0d.php 第 52 行.
NOTIC: [8] Use of undefined constant yang_adm_superadmin - assumed 'yang_adm_superadmin' D:\WWW\yuanma\App\Runtime\Cache\Manage\189add388cdd1263d35cd37739affe0d.php 第 52 行.
INFO: Run Behavior\ParseTemplateBehavior [ RunTime:0.062004s ]
INFO: [ view_parse ] --END-- [ RunTime:0.062004s ]
INFO: [ view_filter ] --START--
INFO: Run Behavior\WriteHtmlCacheBehavior [ RunTime:0.002000s ]
INFO: [ view_filter ] --END-- [ RunTime:0.002000s ]
INFO: [ app_end ] --START--
INFO: Run Behavior\ShowPageTraceBehavior [ RunTime:0.002000s ]
INFO: [ app_end ] --END-- [ RunTime:0.002000s ]

[ 2016-10-26T00:51:49+08:00 ] ::1 /yuanma_admin.php?s=/Index/getParentCate&pid=0&rnd=48036
INFO: [ app_init ] --START--
INFO: Run Behavior\BuildLiteBehavior [ RunTime:0.000000s ]
INFO: [ app_init ] --END-- [ RunTime:0.001000s ]
INFO: [ app_begin ] --START--
INFO: Run Behavior\ReadHtmlCacheBehavior [ RunTime:0.002000s ]
INFO: [ app_begin ] --END-- [ RunTime:0.003000s ]
SQL: SHOW COLUMNS FROM `my_category` [ RunTime:0.1040s ]
SQL: SHOW COLUMNS FROM `my_model` [ RunTime:0.0520s ]
SQL: SELECT COUNT(*) AS tp_count FROM my_category category LEFT JOIN my_model model ON category.modelid = model.id WHERE category.pid = 0 AND category.type = 0 LIMIT 1   [ RunTime:0.0180s ]
SQL: SELECT category.id AS id,category.name AS name,category.ename AS ename,category.catpic AS catpic,category.pid AS pid,category.modelid AS modelid,category.type AS type,category.seotitle AS seotitle,category.keywords AS keywords,category.description AS description,category.template_category AS template_category,category.template_list AS template_list,category.template_show AS template_show,category.status AS status,category.sort AS sort,category.property AS property,model.name AS modelname,model.tablename AS tablename FROM my_category category LEFT JOIN my_model model ON category.modelid = model.id WHERE category.pid = 0 AND category.type = 0 ORDER BY category.sort ASC,category.id ASC  [ RunTime:0.0010s ]

[ 2016-10-26T00:51:58+08:00 ] ::1 /yuanma_admin.php?s=/Category/index
INFO: [ app_init ] --START--
INFO: Run Behavior\BuildLiteBehavior [ RunTime:0.000000s ]
INFO: [ app_init ] --END-- [ RunTime:0.001001s ]
INFO: [ app_begin ] --START--
INFO: Run Behavior\ReadHtmlCacheBehavior [ RunTime:0.002000s ]
INFO: [ app_begin ] --END-- [ RunTime:0.002000s ]
SQL: SHOW COLUMNS FROM `my_category` [ RunTime:0.0110s ]
SQL: SHOW COLUMNS FROM `my_model` [ RunTime:0.0090s ]
SQL: SELECT category.id AS id,category.name AS name,category.ename AS ename,category.catpic AS catpic,category.pid AS pid,category.modelid AS modelid,category.type AS type,category.seotitle AS seotitle,category.keywords AS keywords,category.description AS description,category.template_category AS template_category,category.template_list AS template_list,category.template_show AS template_show,category.status AS status,category.sort AS sort,category.property AS property,model.name AS modelname,model.tablename AS tablename FROM my_category category LEFT JOIN my_model model ON category.modelid = model.id ORDER BY category.sort ASC,category.id ASC  [ RunTime:0.0020s ]
INFO: [ view_parse ] --START--
INFO: [ template_filter ] --START--
INFO: Run Behavior\ContentReplaceBehavior [ RunTime:0.000000s ]
INFO: [ template_filter ] --END-- [ RunTime:0.000000s ]
INFO: Run Behavior\ParseTemplateBehavior [ RunTime:0.082005s ]
INFO: [ view_parse ] --END-- [ RunTime:0.082005s ]
INFO: [ view_filter ] --START--
INFO: Run Behavior\WriteHtmlCacheBehavior [ RunTime:0.001000s ]
INFO: [ view_filter ] --END-- [ RunTime:0.001000s ]
INFO: [ app_end ] --START--
INFO: Run Behavior\ShowPageTraceBehavior [ RunTime:0.002000s ]
INFO: [ app_end ] --END-- [ RunTime:0.003000s ]

[ 2016-10-26T00:52:06+08:00 ] ::1 /yuanma_admin.php?s=/Category/edit/id/11
INFO: [ app_init ] --START--
INFO: Run Behavior\BuildLiteBehavior [ RunTime:0.000000s ]
INFO: [ app_init ] --END-- [ RunTime:0.001000s ]
INFO: [ app_begin ] --START--
INFO: Run Behavior\ReadHtmlCacheBehavior [ RunTime:0.001000s ]
INFO: [ app_begin ] --END-- [ RunTime:0.002000s ]
SQL: SHOW COLUMNS FROM `my_category` [ RunTime:0.0090s ]
SQL: SELECT * FROM `my_category` WHERE `id` = 11 LIMIT 1   [ RunTime:0.0010s ]
SQL: SELECT * FROM `my_category` ORDER BY sort  [ RunTime:0.0020s ]
SQL: SHOW COLUMNS FROM `my_model` [ RunTime:0.0090s ]
SQL: SELECT * FROM `my_model` WHERE `status` = 1 ORDER BY sort  [ RunTime:0.0010s ]
SQL: SHOW COLUMNS FROM `my_membergroup` [ RunTime:0.0940s ]
SQL: SELECT * FROM `my_membergroup` ORDER BY rank  [ RunTime:0.0010s ]
SQL: SHOW COLUMNS FROM `my_role` [ RunTime:0.0710s ]
SQL: SELECT * FROM `my_role` ORDER BY id  [ RunTime:0.0010s ]
SQL: SHOW COLUMNS FROM `my_property` [ RunTime:0.0370s ]
SQL: SELECT * FROM `my_property`  [ RunTime:0.0010s ]
INFO: [ view_parse ] --START--
INFO: [ template_filter ] --START--
INFO: Run Behavior\ContentReplaceBehavior [ RunTime:0.001000s ]
INFO: [ template_filter ] --END-- [ RunTime:0.001000s ]
SQL: SHOW COLUMNS FROM `my_category_access` [ RunTime:0.0430s ]
SQL: SELECT * FROM `my_category_access` WHERE `catid` = 11  [ RunTime:0.0000s ]
INFO: Run Behavior\ParseTemplateBehavior [ RunTime:0.110006s ]
INFO: [ view_parse ] --END-- [ RunTime:0.110006s ]
INFO: [ view_filter ] --START--
INFO: Run Behavior\WriteHtmlCacheBehavior [ RunTime:0.001000s ]
INFO: [ view_filter ] --END-- [ RunTime:0.001000s ]
INFO: [ app_end ] --START--
INFO: Run Behavior\ShowPageTraceBehavior [ RunTime:0.002000s ]
INFO: [ app_end ] --END-- [ RunTime:0.003001s ]

