[ 2016-10-20T16:28:35+08:00 ] ::1 /yuanma_admin.php
INFO: [ app_init ] --START--
INFO: Run Behavior\BuildLiteBehavior [ RunTime:0.000000s ]
INFO: [ app_init ] --END-- [ RunTime:0.001000s ]
INFO: [ app_begin ] --START--
INFO: Run Behavior\ReadHtmlCacheBehavior [ RunTime:0.002000s ]
INFO: [ app_begin ] --END-- [ RunTime:0.002000s ]
SQL: SHOW COLUMNS FROM `my_menu` [ RunTime:0.0540s ]
SQL: SELECT * FROM `my_menu` WHERE `status` = 1 ORDER BY sort,id  [ RunTime:0.0090s ]
SQL: SELECT * FROM `my_menu` WHERE `status` = 1 AND `quick` = 1 ORDER BY sort,id  [ RunTime:0.0010s ]
INFO: [ view_parse ] --START--
INFO: [ template_filter ] --START--
INFO: Run Behavior\ContentReplaceBehavior [ RunTime:0.001000s ]
INFO: [ template_filter ] --END-- [ RunTime:0.001000s ]
INFO: Run Behavior\ParseTemplateBehavior [ RunTime:0.088005s ]
INFO: [ view_parse ] --END-- [ RunTime:0.088005s ]
INFO: [ view_filter ] --START--
INFO: Run Behavior\WriteHtmlCacheBehavior [ RunTime:0.001000s ]
INFO: [ view_filter ] --END-- [ RunTime:0.001000s ]
INFO: [ app_end ] --START--
INFO: Run Behavior\ShowPageTraceBehavior [ RunTime:0.001000s ]
INFO: [ app_end ] --END-- [ RunTime:0.002000s ]

[ 2016-10-20T16:28:36+08:00 ] ::1 /yuanma_admin.php?s=/Public/main
INFO: [ app_init ] --START--
INFO: Run Behavior\BuildLiteBehavior [ RunTime:0.000000s ]
INFO: [ app_init ] --END-- [ RunTime:0.002000s ]
INFO: [ app_begin ] --START--
INFO: Run Behavior\ReadHtmlCacheBehavior [ RunTime:0.002000s ]
INFO: [ app_begin ] --END-- [ RunTime:0.002000s ]
SQL: SELECT VERSION() as ver; [ RunTime:0.0010s ]
INFO: [ view_parse ] --START--
INFO: [ template_filter ] --START--
INFO: Run Behavior\ContentReplaceBehavior [ RunTime:0.000000s ]
INFO: [ template_filter ] --END-- [ RunTime:0.000000s ]
NOTIC: [8] Use of undefined constant session - assumed 'session' D:\WWW\yuanma\App\Runtime\Cache\Manage\189add388cdd1263d35cd37739affe0d.php 第 52 行.
NOTIC: [8] Undefined variable: Think D:\WWW\yuanma\App\Runtime\Cache\Manage\189add388cdd1263d35cd37739affe0d.php 第 52 行.
NOTIC: [8] Use of undefined constant yang_adm_superadmin - assumed 'yang_adm_superadmin' D:\WWW\yuanma\App\Runtime\Cache\Manage\189add388cdd1263d35cd37739affe0d.php 第 52 行.
INFO: Run Behavior\ParseTemplateBehavior [ RunTime:0.068004s ]
INFO: [ view_parse ] --END-- [ RunTime:0.071004s ]
INFO: [ view_filter ] --START--
INFO: Run Behavior\WriteHtmlCacheBehavior [ RunTime:0.001000s ]
INFO: [ view_filter ] --END-- [ RunTime:0.001000s ]
INFO: [ app_end ] --START--
INFO: Run Behavior\ShowPageTraceBehavior [ RunTime:0.003001s ]
INFO: [ app_end ] --END-- [ RunTime:0.003001s ]

[ 2016-10-20T16:28:36+08:00 ] ::1 /yuanma_admin.php?s=/Index/getParentCate&pid=0&rnd=59543
INFO: [ app_init ] --START--
INFO: Run Behavior\BuildLiteBehavior [ RunTime:0.000000s ]
INFO: [ app_init ] --END-- [ RunTime:0.001000s ]
INFO: [ app_begin ] --START--
INFO: Run Behavior\ReadHtmlCacheBehavior [ RunTime:0.002000s ]
INFO: [ app_begin ] --END-- [ RunTime:0.002000s ]
SQL: SHOW COLUMNS FROM `my_category` [ RunTime:0.0080s ]
SQL: SHOW COLUMNS FROM `my_model` [ RunTime:0.0500s ]
SQL: SELECT COUNT(*) AS tp_count FROM my_category category LEFT JOIN my_model model ON category.modelid = model.id WHERE category.pid = 0 AND category.type = 0 LIMIT 1   [ RunTime:0.0010s ]
SQL: SELECT category.id AS id,category.name AS name,category.ename AS ename,category.catpic AS catpic,category.pid AS pid,category.modelid AS modelid,category.type AS type,category.seotitle AS seotitle,category.keywords AS keywords,category.description AS description,category.template_category AS template_category,category.template_list AS template_list,category.template_show AS template_show,category.status AS status,category.sort AS sort,category.property AS property,model.name AS modelname,model.tablename AS tablename FROM my_category category LEFT JOIN my_model model ON category.modelid = model.id WHERE category.pid = 0 AND category.type = 0 ORDER BY category.sort ASC,category.id ASC  [ RunTime:0.0020s ]

[ 2016-10-20T16:28:54+08:00 ] ::1 /yuanma_admin.php?s=/Menu/index
INFO: [ app_init ] --START--
INFO: Run Behavior\BuildLiteBehavior [ RunTime:0.000000s ]
INFO: [ app_init ] --END-- [ RunTime:0.001000s ]
INFO: [ app_begin ] --START--
INFO: Run Behavior\ReadHtmlCacheBehavior [ RunTime:0.002000s ]
INFO: [ app_begin ] --END-- [ RunTime:0.002000s ]
SQL: SHOW COLUMNS FROM `my_menu` [ RunTime:0.0070s ]
SQL: SELECT * FROM `my_menu` ORDER BY sort,id  [ RunTime:0.0010s ]
INFO: [ view_parse ] --START--
INFO: [ template_filter ] --START--
INFO: Run Behavior\ContentReplaceBehavior [ RunTime:0.000000s ]
INFO: [ template_filter ] --END-- [ RunTime:0.001000s ]
INFO: Run Behavior\ParseTemplateBehavior [ RunTime:0.045003s ]
INFO: [ view_parse ] --END-- [ RunTime:0.046003s ]
INFO: [ view_filter ] --START--
INFO: Run Behavior\WriteHtmlCacheBehavior [ RunTime:0.001000s ]
INFO: [ view_filter ] --END-- [ RunTime:0.001000s ]
INFO: [ app_end ] --START--
INFO: Run Behavior\ShowPageTraceBehavior [ RunTime:0.002000s ]
INFO: [ app_end ] --END-- [ RunTime:0.002000s ]

[ 2016-10-20T16:29:05+08:00 ] ::1 /yuanma_admin.php?s=/Menu/edit/id/48
INFO: [ app_init ] --START--
INFO: Run Behavior\BuildLiteBehavior [ RunTime:0.000000s ]
INFO: [ app_init ] --END-- [ RunTime:0.001000s ]
INFO: [ app_begin ] --START--
INFO: Run Behavior\ReadHtmlCacheBehavior [ RunTime:0.001000s ]
INFO: [ app_begin ] --END-- [ RunTime:0.001000s ]
SQL: SHOW COLUMNS FROM `my_menu` [ RunTime:0.0070s ]
SQL: SELECT * FROM `my_menu` WHERE `id` = 48 LIMIT 1   [ RunTime:0.0000s ]
SQL: SELECT * FROM `my_menu` ORDER BY sort  [ RunTime:0.0010s ]
INFO: [ view_parse ] --START--
INFO: [ template_filter ] --START--
INFO: Run Behavior\ContentReplaceBehavior [ RunTime:0.000000s ]
INFO: [ template_filter ] --END-- [ RunTime:0.000000s ]
INFO: Run Behavior\ParseTemplateBehavior [ RunTime:0.044002s ]
INFO: [ view_parse ] --END-- [ RunTime:0.044002s ]
INFO: [ view_filter ] --START--
INFO: Run Behavior\WriteHtmlCacheBehavior [ RunTime:0.001001s ]
INFO: [ view_filter ] --END-- [ RunTime:0.001001s ]
INFO: [ app_end ] --START--
INFO: Run Behavior\ShowPageTraceBehavior [ RunTime:0.001000s ]
INFO: [ app_end ] --END-- [ RunTime:0.002000s ]

[ 2016-10-20T16:57:56+08:00 ] ::1 /yuanma_admin.php?s=/Tag/index
INFO: [ app_init ] --START--
INFO: Run Behavior\BuildLiteBehavior [ RunTime:0.000000s ]
INFO: [ app_init ] --END-- [ RunTime:0.001000s ]
INFO: [ app_begin ] --START--
INFO: Run Behavior\ReadHtmlCacheBehavior [ RunTime:0.001000s ]
INFO: [ app_begin ] --END-- [ RunTime:0.002000s ]
SQL: SHOW COLUMNS FROM `my_tag` [ RunTime:0.0070s ]
SQL: SELECT COUNT(*) AS tp_count FROM `my_tag` LIMIT 1   [ RunTime:0.0000s ]
SQL: SELECT * FROM `my_tag` ORDER BY tag_id DESC LIMIT 0,10   [ RunTime:0.0010s ]
INFO: [ view_parse ] --START--
INFO: [ template_filter ] --START--
INFO: Run Behavior\ContentReplaceBehavior [ RunTime:0.000000s ]
INFO: [ template_filter ] --END-- [ RunTime:0.000000s ]
SQL: SHOW COLUMNS FROM `my_category` [ RunTime:0.0080s ]
SQL: SELECT `name` FROM `my_category` WHERE `id` = 45 LIMIT 1   [ RunTime:0.0000s ]
SQL: SELECT `name` FROM `my_category` WHERE `id` = 45 LIMIT 1   [ RunTime:0.0010s ]
SQL: SELECT `name` FROM `my_category` WHERE `id` = 45 LIMIT 1   [ RunTime:0.0000s ]
SQL: SELECT `name` FROM `my_category` WHERE `id` = 43 LIMIT 1   [ RunTime:0.0010s ]
SQL: SELECT `name` FROM `my_category` WHERE `id` = 43 LIMIT 1   [ RunTime:0.0010s ]
SQL: SELECT `name` FROM `my_category` WHERE `id` = 43 LIMIT 1   [ RunTime:0.0010s ]
SQL: SELECT `name` FROM `my_category` WHERE `id` = 43 LIMIT 1   [ RunTime:0.0010s ]
SQL: SELECT `name` FROM `my_category` WHERE `id` = 44 LIMIT 1   [ RunTime:0.0000s ]
SQL: SELECT `name` FROM `my_category` WHERE `id` = 44 LIMIT 1   [ RunTime:0.0000s ]
SQL: SELECT `name` FROM `my_category` WHERE `id` = 44 LIMIT 1   [ RunTime:0.0010s ]
INFO: Run Behavior\ParseTemplateBehavior [ RunTime:0.042003s ]
INFO: [ view_parse ] --END-- [ RunTime:0.042003s ]
INFO: [ view_filter ] --START--
INFO: Run Behavior\WriteHtmlCacheBehavior [ RunTime:0.001000s ]
INFO: [ view_filter ] --END-- [ RunTime:0.001000s ]
INFO: [ app_end ] --START--
INFO: Run Behavior\ShowPageTraceBehavior [ RunTime:0.001000s ]
INFO: [ app_end ] --END-- [ RunTime:0.001000s ]

[ 2016-10-20T16:57:58+08:00 ] ::1 /yuanma_admin.php?s=/Tag/add
INFO: [ app_init ] --START--
INFO: Run Behavior\BuildLiteBehavior [ RunTime:0.000000s ]
INFO: [ app_init ] --END-- [ RunTime:0.000000s ]
INFO: [ app_begin ] --START--
INFO: Run Behavior\ReadHtmlCacheBehavior [ RunTime:0.002000s ]
INFO: [ app_begin ] --END-- [ RunTime:0.002000s ]
INFO: [ view_parse ] --START--
INFO: [ template_filter ] --START--
INFO: Run Behavior\ContentReplaceBehavior [ RunTime:0.000000s ]
INFO: [ template_filter ] --END-- [ RunTime:0.000000s ]
INFO: Run Behavior\ParseTemplateBehavior [ RunTime:0.016001s ]
INFO: [ view_parse ] --END-- [ RunTime:0.016001s ]
INFO: [ view_filter ] --START--
INFO: Run Behavior\WriteHtmlCacheBehavior [ RunTime:0.000000s ]
INFO: [ view_filter ] --END-- [ RunTime:0.001000s ]
INFO: [ app_end ] --START--
INFO: Run Behavior\ShowPageTraceBehavior [ RunTime:0.001000s ]
INFO: [ app_end ] --END-- [ RunTime:0.001000s ]

[ 2016-10-20T23:06:33+08:00 ] ::1 /yuanma_admin.php
INFO: [ app_init ] --START--
INFO: Run Behavior\BuildLiteBehavior [ RunTime:0.000000s ]
INFO: [ app_init ] --END-- [ RunTime:0.063004s ]
INFO: [ app_begin ] --START--
INFO: Run Behavior\ReadHtmlCacheBehavior [ RunTime:0.017001s ]
INFO: [ app_begin ] --END-- [ RunTime:0.017001s ]

[ 2016-10-20T23:06:33+08:00 ] ::1 /yuanma_admin.php?s=/Login/index
INFO: [ app_init ] --START--
INFO: Run Behavior\BuildLiteBehavior [ RunTime:0.000000s ]
INFO: [ app_init ] --END-- [ RunTime:0.001000s ]
INFO: [ app_begin ] --START--
INFO: Run Behavior\ReadHtmlCacheBehavior [ RunTime:0.001000s ]
INFO: [ app_begin ] --END-- [ RunTime:0.001000s ]
INFO: [ view_parse ] --START--
INFO: [ template_filter ] --START--
INFO: Run Behavior\ContentReplaceBehavior [ RunTime:0.000000s ]
INFO: [ template_filter ] --END-- [ RunTime:0.000000s ]
INFO: Run Behavior\ParseTemplateBehavior [ RunTime:0.253014s ]
INFO: [ view_parse ] --END-- [ RunTime:0.254014s ]
INFO: [ view_filter ] --START--
INFO: Run Behavior\WriteHtmlCacheBehavior [ RunTime:0.018001s ]
INFO: [ view_filter ] --END-- [ RunTime:0.018001s ]
INFO: [ app_end ] --START--
INFO: Run Behavior\ShowPageTraceBehavior [ RunTime:0.022002s ]
INFO: [ app_end ] --END-- [ RunTime:0.022002s ]

[ 2016-10-20T23:06:34+08:00 ] ::1 /yuanma_admin.php?s=/Login/verify/id/a_login_1
INFO: [ app_init ] --START--
INFO: Run Behavior\BuildLiteBehavior [ RunTime:0.000000s ]
INFO: [ app_init ] --END-- [ RunTime:0.001000s ]
INFO: [ app_begin ] --START--
INFO: Run Behavior\ReadHtmlCacheBehavior [ RunTime:0.002001s ]
INFO: [ app_begin ] --END-- [ RunTime:0.002001s ]
INFO: [ app_end ] --START--
INFO: Run Behavior\ShowPageTraceBehavior [ RunTime:0.002001s ]
INFO: [ app_end ] --END-- [ RunTime:0.002001s ]

[ 2016-10-20T23:06:45+08:00 ] ::1 /yuanma_admin.php?s=/Login/login
INFO: [ app_init ] --START--
INFO: Run Behavior\BuildLiteBehavior [ RunTime:0.000000s ]
INFO: [ app_init ] --END-- [ RunTime:0.001000s ]
INFO: [ app_begin ] --START--
INFO: Run Behavior\ReadHtmlCacheBehavior [ RunTime:0.001000s ]
INFO: [ app_begin ] --END-- [ RunTime:0.001000s ]
SQL: SHOW COLUMNS FROM `my_admin` [ RunTime:0.3730s ]
SQL: SELECT * FROM `my_admin` WHERE `username` = 'admin' LIMIT 1   [ RunTime:0.0100s ]
SQL: UPDATE `my_admin` SET `logintime`='1476976005',`loginip`='0.0.0.0',`loginnum`='85' WHERE `id` = 1 [ RunTime:0.3350s ]
SQL: SHOW COLUMNS FROM `my_role_user` [ RunTime:0.0660s ]
SQL: SELECT `role_id` FROM `my_role_user` WHERE `user_id` = '1' LIMIT 1   [ RunTime:0.0010s ]

[ 2016-10-20T23:06:45+08:00 ] ::1 /yuanma_admin.php?s=/Login/verify/id/a_login_1
INFO: [ app_init ] --START--
INFO: Run Behavior\BuildLiteBehavior [ RunTime:0.000000s ]
INFO: [ app_init ] --END-- [ RunTime:0.001000s ]
INFO: [ app_begin ] --START--
INFO: Run Behavior\ReadHtmlCacheBehavior [ RunTime:0.002000s ]
INFO: [ app_begin ] --END-- [ RunTime:0.002000s ]
INFO: [ app_end ] --START--
INFO: Run Behavior\ShowPageTraceBehavior [ RunTime:0.002000s ]
INFO: [ app_end ] --END-- [ RunTime:0.002000s ]

[ 2016-10-20T23:06:46+08:00 ] ::1 /yuanma_admin.php?s=/Index/index
INFO: [ app_init ] --START--
INFO: Run Behavior\BuildLiteBehavior [ RunTime:0.000000s ]
INFO: [ app_init ] --END-- [ RunTime:0.001000s ]
INFO: [ app_begin ] --START--
INFO: Run Behavior\ReadHtmlCacheBehavior [ RunTime:0.002000s ]
INFO: [ app_begin ] --END-- [ RunTime:0.002000s ]
SQL: SHOW COLUMNS FROM `my_menu` [ RunTime:0.0610s ]
SQL: SELECT * FROM `my_menu` WHERE `status` = 1 ORDER BY sort,id  [ RunTime:0.0440s ]
SQL: SELECT * FROM `my_menu` WHERE `status` = 1 AND `quick` = 1 ORDER BY sort,id  [ RunTime:0.0010s ]
INFO: [ view_parse ] --START--
INFO: [ template_filter ] --START--
INFO: Run Behavior\ContentReplaceBehavior [ RunTime:0.000000s ]
INFO: [ template_filter ] --END-- [ RunTime:0.000000s ]
INFO: Run Behavior\ParseTemplateBehavior [ RunTime:0.085005s ]
INFO: [ view_parse ] --END-- [ RunTime:0.085005s ]
INFO: [ view_filter ] --START--
INFO: Run Behavior\WriteHtmlCacheBehavior [ RunTime:0.002000s ]
INFO: [ view_filter ] --END-- [ RunTime:0.002000s ]
INFO: [ app_end ] --START--
INFO: Run Behavior\ShowPageTraceBehavior [ RunTime:0.002001s ]
INFO: [ app_end ] --END-- [ RunTime:0.003001s ]

[ 2016-10-20T23:06:46+08:00 ] ::1 /yuanma_admin.php?s=/Public/main
INFO: [ app_init ] --START--
INFO: Run Behavior\BuildLiteBehavior [ RunTime:0.001000s ]
INFO: [ app_init ] --END-- [ RunTime:0.002000s ]
INFO: [ app_begin ] --START--
INFO: Run Behavior\ReadHtmlCacheBehavior [ RunTime:0.004000s ]
INFO: [ app_begin ] --END-- [ RunTime:0.004000s ]
SQL: SELECT VERSION() as ver; [ RunTime:0.1360s ]
INFO: [ view_parse ] --START--
INFO: [ template_filter ] --START--
INFO: Run Behavior\ContentReplaceBehavior [ RunTime:0.000000s ]
INFO: [ template_filter ] --END-- [ RunTime:0.000000s ]
NOTIC: [8] Use of undefined constant session - assumed 'session' D:\WWW\yuanma\App\Runtime\Cache\Manage\189add388cdd1263d35cd37739affe0d.php 第 52 行.
NOTIC: [8] Undefined variable: Think D:\WWW\yuanma\App\Runtime\Cache\Manage\189add388cdd1263d35cd37739affe0d.php 第 52 行.
NOTIC: [8] Use of undefined constant yang_adm_superadmin - assumed 'yang_adm_superadmin' D:\WWW\yuanma\App\Runtime\Cache\Manage\189add388cdd1263d35cd37739affe0d.php 第 52 行.
INFO: Run Behavior\ParseTemplateBehavior [ RunTime:0.106006s ]
INFO: [ view_parse ] --END-- [ RunTime:0.106006s ]
INFO: [ view_filter ] --START--
INFO: Run Behavior\WriteHtmlCacheBehavior [ RunTime:0.001000s ]
INFO: [ view_filter ] --END-- [ RunTime:0.001000s ]
INFO: [ app_end ] --START--
INFO: Run Behavior\ShowPageTraceBehavior [ RunTime:0.002001s ]
INFO: [ app_end ] --END-- [ RunTime:0.002001s ]

[ 2016-10-20T23:06:47+08:00 ] ::1 /yuanma_admin.php?s=/Index/getParentCate&pid=0&rnd=12765
INFO: [ app_init ] --START--
INFO: Run Behavior\BuildLiteBehavior [ RunTime:0.000000s ]
INFO: [ app_init ] --END-- [ RunTime:0.002000s ]
INFO: [ app_begin ] --START--
INFO: Run Behavior\ReadHtmlCacheBehavior [ RunTime:0.002001s ]
INFO: [ app_begin ] --END-- [ RunTime:0.002001s ]
SQL: SHOW COLUMNS FROM `my_category` [ RunTime:0.0970s ]
SQL: SHOW COLUMNS FROM `my_model` [ RunTime:0.0480s ]
SQL: SELECT COUNT(*) AS tp_count FROM my_category category LEFT JOIN my_model model ON category.modelid = model.id WHERE category.pid = 0 AND category.type = 0 LIMIT 1   [ RunTime:0.0400s ]
SQL: SELECT category.id AS id,category.name AS name,category.ename AS ename,category.catpic AS catpic,category.pid AS pid,category.modelid AS modelid,category.type AS type,category.seotitle AS seotitle,category.keywords AS keywords,category.description AS description,category.template_category AS template_category,category.template_list AS template_list,category.template_show AS template_show,category.status AS status,category.sort AS sort,category.property AS property,model.name AS modelname,model.tablename AS tablename FROM my_category category LEFT JOIN my_model model ON category.modelid = model.id WHERE category.pid = 0 AND category.type = 0 ORDER BY category.sort ASC,category.id ASC  [ RunTime:0.0240s ]

[ 2016-10-20T23:07:08+08:00 ] ::1 /yuanma_admin.php?s=/Model/index
INFO: [ app_init ] --START--
INFO: Run Behavior\BuildLiteBehavior [ RunTime:0.000000s ]
INFO: [ app_init ] --END-- [ RunTime:0.001000s ]
INFO: [ app_begin ] --START--
INFO: Run Behavior\ReadHtmlCacheBehavior [ RunTime:0.001000s ]
INFO: [ app_begin ] --END-- [ RunTime:0.002000s ]
SQL: SHOW COLUMNS FROM `my_model` [ RunTime:0.0100s ]
SQL: SELECT * FROM `my_model` ORDER BY sort  [ RunTime:0.0010s ]
INFO: [ view_parse ] --START--
INFO: [ template_filter ] --START--
INFO: Run Behavior\ContentReplaceBehavior [ RunTime:0.000000s ]
INFO: [ template_filter ] --END-- [ RunTime:0.000000s ]
INFO: Run Behavior\ParseTemplateBehavior [ RunTime:0.041002s ]
INFO: [ view_parse ] --END-- [ RunTime:0.041002s ]
INFO: [ view_filter ] --START--
INFO: Run Behavior\WriteHtmlCacheBehavior [ RunTime:0.001000s ]
INFO: [ view_filter ] --END-- [ RunTime:0.001000s ]
INFO: [ app_end ] --START--
INFO: Run Behavior\ShowPageTraceBehavior [ RunTime:0.002000s ]
INFO: [ app_end ] --END-- [ RunTime:0.002000s ]

[ 2016-10-20T23:11:17+08:00 ] ::1 /yuanma_admin.php?s=/Collect/index
INFO: [ app_init ] --START--
INFO: Run Behavior\BuildLiteBehavior [ RunTime:0.000000s ]
INFO: [ app_init ] --END-- [ RunTime:0.000000s ]
INFO: [ app_begin ] --START--
INFO: Run Behavior\ReadHtmlCacheBehavior [ RunTime:0.001000s ]
INFO: [ app_begin ] --END-- [ RunTime:0.001000s ]
SQL: SHOW COLUMNS FROM `my_category` [ RunTime:0.0100s ]
SQL: SELECT * FROM `my_category` ORDER BY sort  [ RunTime:0.0020s ]
INFO: [ view_parse ] --START--
INFO: [ template_filter ] --START--
INFO: Run Behavior\ContentReplaceBehavior [ RunTime:0.000000s ]
INFO: [ template_filter ] --END-- [ RunTime:0.000000s ]
NOTIC: [8] Undefined variable: pid D:\WWW\yuanma\App\Runtime\Cache\Manage\906f7622cdbec5e670ddf84756cb27a6.php 第 64 行.
NOTIC: [8] Undefined variable: pid D:\WWW\yuanma\App\Runtime\Cache\Manage\906f7622cdbec5e670ddf84756cb27a6.php 第 64 行.
NOTIC: [8] Undefined variable: pid D:\WWW\yuanma\App\Runtime\Cache\Manage\906f7622cdbec5e670ddf84756cb27a6.php 第 64 行.
NOTIC: [8] Undefined variable: pid D:\WWW\yuanma\App\Runtime\Cache\Manage\906f7622cdbec5e670ddf84756cb27a6.php 第 64 行.
NOTIC: [8] Undefined variable: pid D:\WWW\yuanma\App\Runtime\Cache\Manage\906f7622cdbec5e670ddf84756cb27a6.php 第 64 行.
NOTIC: [8] Undefined variable: pid D:\WWW\yuanma\App\Runtime\Cache\Manage\906f7622cdbec5e670ddf84756cb27a6.php 第 64 行.
NOTIC: [8] Undefined variable: pid D:\WWW\yuanma\App\Runtime\Cache\Manage\906f7622cdbec5e670ddf84756cb27a6.php 第 64 行.
NOTIC: [8] Undefined variable: pid D:\WWW\yuanma\App\Runtime\Cache\Manage\906f7622cdbec5e670ddf84756cb27a6.php 第 64 行.
NOTIC: [8] Undefined variable: pid D:\WWW\yuanma\App\Runtime\Cache\Manage\906f7622cdbec5e670ddf84756cb27a6.php 第 64 行.
NOTIC: [8] Undefined variable: pid D:\WWW\yuanma\App\Runtime\Cache\Manage\906f7622cdbec5e670ddf84756cb27a6.php 第 64 行.
NOTIC: [8] Undefined variable: pid D:\WWW\yuanma\App\Runtime\Cache\Manage\906f7622cdbec5e670ddf84756cb27a6.php 第 64 行.
NOTIC: [8] Undefined variable: pid D:\WWW\yuanma\App\Runtime\Cache\Manage\906f7622cdbec5e670ddf84756cb27a6.php 第 64 行.
NOTIC: [8] Undefined variable: pid D:\WWW\yuanma\App\Runtime\Cache\Manage\906f7622cdbec5e670ddf84756cb27a6.php 第 64 行.
NOTIC: [8] Undefined variable: pid D:\WWW\yuanma\App\Runtime\Cache\Manage\906f7622cdbec5e670ddf84756cb27a6.php 第 64 行.
NOTIC: [8] Undefined variable: pid D:\WWW\yuanma\App\Runtime\Cache\Manage\906f7622cdbec5e670ddf84756cb27a6.php 第 64 行.
NOTIC: [8] Undefined variable: pid D:\WWW\yuanma\App\Runtime\Cache\Manage\906f7622cdbec5e670ddf84756cb27a6.php 第 64 行.
NOTIC: [8] Undefined variable: pid D:\WWW\yuanma\App\Runtime\Cache\Manage\906f7622cdbec5e670ddf84756cb27a6.php 第 64 行.
NOTIC: [8] Undefined variable: pid D:\WWW\yuanma\App\Runtime\Cache\Manage\906f7622cdbec5e670ddf84756cb27a6.php 第 64 行.
NOTIC: [8] Undefined variable: pid D:\WWW\yuanma\App\Runtime\Cache\Manage\906f7622cdbec5e670ddf84756cb27a6.php 第 64 行.
NOTIC: [8] Undefined variable: pid D:\WWW\yuanma\App\Runtime\Cache\Manage\906f7622cdbec5e670ddf84756cb27a6.php 第 64 行.
NOTIC: [8] Undefined variable: pid D:\WWW\yuanma\App\Runtime\Cache\Manage\906f7622cdbec5e670ddf84756cb27a6.php 第 64 行.
NOTIC: [8] Undefined variable: pid D:\WWW\yuanma\App\Runtime\Cache\Manage\906f7622cdbec5e670ddf84756cb27a6.php 第 64 行.
NOTIC: [8] Undefined variable: pid D:\WWW\yuanma\App\Runtime\Cache\Manage\906f7622cdbec5e670ddf84756cb27a6.php 第 64 行.
NOTIC: [8] Undefined variable: pid D:\WWW\yuanma\App\Runtime\Cache\Manage\906f7622cdbec5e670ddf84756cb27a6.php 第 64 行.
NOTIC: [8] Undefined variable: pid D:\WWW\yuanma\App\Runtime\Cache\Manage\906f7622cdbec5e670ddf84756cb27a6.php 第 64 行.
NOTIC: [8] Undefined variable: pid D:\WWW\yuanma\App\Runtime\Cache\Manage\906f7622cdbec5e670ddf84756cb27a6.php 第 64 行.
NOTIC: [8] Undefined variable: pid D:\WWW\yuanma\App\Runtime\Cache\Manage\906f7622cdbec5e670ddf84756cb27a6.php 第 64 行.
NOTIC: [8] Undefined variable: pid D:\WWW\yuanma\App\Runtime\Cache\Manage\906f7622cdbec5e670ddf84756cb27a6.php 第 64 行.
NOTIC: [8] Undefined variable: pid D:\WWW\yuanma\App\Runtime\Cache\Manage\906f7622cdbec5e670ddf84756cb27a6.php 第 64 行.
NOTIC: [8] Undefined variable: pid D:\WWW\yuanma\App\Runtime\Cache\Manage\906f7622cdbec5e670ddf84756cb27a6.php 第 64 行.
NOTIC: [8] Undefined variable: pid D:\WWW\yuanma\App\Runtime\Cache\Manage\906f7622cdbec5e670ddf84756cb27a6.php 第 64 行.
NOTIC: [8] Undefined variable: pid D:\WWW\yuanma\App\Runtime\Cache\Manage\906f7622cdbec5e670ddf84756cb27a6.php 第 64 行.
NOTIC: [8] Undefined variable: pid D:\WWW\yuanma\App\Runtime\Cache\Manage\906f7622cdbec5e670ddf84756cb27a6.php 第 64 行.
NOTIC: [8] Undefined variable: pid D:\WWW\yuanma\App\Runtime\Cache\Manage\906f7622cdbec5e670ddf84756cb27a6.php 第 64 行.
NOTIC: [8] Undefined variable: pid D:\WWW\yuanma\App\Runtime\Cache\Manage\906f7622cdbec5e670ddf84756cb27a6.php 第 64 行.
NOTIC: [8] Undefined variable: pid D:\WWW\yuanma\App\Runtime\Cache\Manage\906f7622cdbec5e670ddf84756cb27a6.php 第 64 行.
NOTIC: [8] Undefined variable: pid D:\WWW\yuanma\App\Runtime\Cache\Manage\906f7622cdbec5e670ddf84756cb27a6.php 第 64 行.
NOTIC: [8] Undefined variable: pid D:\WWW\yuanma\App\Runtime\Cache\Manage\906f7622cdbec5e670ddf84756cb27a6.php 第 82 行.
NOTIC: [8] Undefined variable: pid D:\WWW\yuanma\App\Runtime\Cache\Manage\906f7622cdbec5e670ddf84756cb27a6.php 第 82 行.
NOTIC: [8] Undefined variable: pid D:\WWW\yuanma\App\Runtime\Cache\Manage\906f7622cdbec5e670ddf84756cb27a6.php 第 82 行.
NOTIC: [8] Undefined variable: pid D:\WWW\yuanma\App\Runtime\Cache\Manage\906f7622cdbec5e670ddf84756cb27a6.php 第 82 行.
NOTIC: [8] Undefined variable: pid D:\WWW\yuanma\App\Runtime\Cache\Manage\906f7622cdbec5e670ddf84756cb27a6.php 第 82 行.
NOTIC: [8] Undefined variable: pid D:\WWW\yuanma\App\Runtime\Cache\Manage\906f7622cdbec5e670ddf84756cb27a6.php 第 82 行.
NOTIC: [8] Undefined variable: pid D:\WWW\yuanma\App\Runtime\Cache\Manage\906f7622cdbec5e670ddf84756cb27a6.php 第 82 行.
NOTIC: [8] Undefined variable: pid D:\WWW\yuanma\App\Runtime\Cache\Manage\906f7622cdbec5e670ddf84756cb27a6.php 第 82 行.
NOTIC: [8] Undefined variable: pid D:\WWW\yuanma\App\Runtime\Cache\Manage\906f7622cdbec5e670ddf84756cb27a6.php 第 82 行.
NOTIC: [8] Undefined variable: pid D:\WWW\yuanma\App\Runtime\Cache\Manage\906f7622cdbec5e670ddf84756cb27a6.php 第 82 行.
NOTIC: [8] Undefined variable: pid D:\WWW\yuanma\App\Runtime\Cache\Manage\906f7622cdbec5e670ddf84756cb27a6.php 第 82 行.
NOTIC: [8] Undefined variable: pid D:\WWW\yuanma\App\Runtime\Cache\Manage\906f7622cdbec5e670ddf84756cb27a6.php 第 82 行.
NOTIC: [8] Undefined variable: pid D:\WWW\yuanma\App\Runtime\Cache\Manage\906f7622cdbec5e670ddf84756cb27a6.php 第 82 行.
NOTIC: [8] Undefined variable: pid D:\WWW\yuanma\App\Runtime\Cache\Manage\906f7622cdbec5e670ddf84756cb27a6.php 第 82 行.
NOTIC: [8] Undefined variable: pid D:\WWW\yuanma\App\Runtime\Cache\Manage\906f7622cdbec5e670ddf84756cb27a6.php 第 82 行.
NOTIC: [8] Undefined variable: pid D:\WWW\yuanma\App\Runtime\Cache\Manage\906f7622cdbec5e670ddf84756cb27a6.php 第 82 行.
NOTIC: [8] Undefined variable: pid D:\WWW\yuanma\App\Runtime\Cache\Manage\906f7622cdbec5e670ddf84756cb27a6.php 第 82 行.
NOTIC: [8] Undefined variable: pid D:\WWW\yuanma\App\Runtime\Cache\Manage\906f7622cdbec5e670ddf84756cb27a6.php 第 82 行.
NOTIC: [8] Undefined variable: pid D:\WWW\yuanma\App\Runtime\Cache\Manage\906f7622cdbec5e670ddf84756cb27a6.php 第 82 行.
NOTIC: [8] Undefined variable: pid D:\WWW\yuanma\App\Runtime\Cache\Manage\906f7622cdbec5e670ddf84756cb27a6.php 第 82 行.
NOTIC: [8] Undefined variable: pid D:\WWW\yuanma\App\Runtime\Cache\Manage\906f7622cdbec5e670ddf84756cb27a6.php 第 82 行.
NOTIC: [8] Undefined variable: pid D:\WWW\yuanma\App\Runtime\Cache\Manage\906f7622cdbec5e670ddf84756cb27a6.php 第 82 行.
NOTIC: [8] Undefined variable: pid D:\WWW\yuanma\App\Runtime\Cache\Manage\906f7622cdbec5e670ddf84756cb27a6.php 第 82 行.
NOTIC: [8] Undefined variable: pid D:\WWW\yuanma\App\Runtime\Cache\Manage\906f7622cdbec5e670ddf84756cb27a6.php 第 82 行.
NOTIC: [8] Undefined variable: pid D:\WWW\yuanma\App\Runtime\Cache\Manage\906f7622cdbec5e670ddf84756cb27a6.php 第 82 行.
NOTIC: [8] Undefined variable: pid D:\WWW\yuanma\App\Runtime\Cache\Manage\906f7622cdbec5e670ddf84756cb27a6.php 第 82 行.
NOTIC: [8] Undefined variable: pid D:\WWW\yuanma\App\Runtime\Cache\Manage\906f7622cdbec5e670ddf84756cb27a6.php 第 82 行.
NOTIC: [8] Undefined variable: pid D:\WWW\yuanma\App\Runtime\Cache\Manage\906f7622cdbec5e670ddf84756cb27a6.php 第 82 行.
NOTIC: [8] Undefined variable: pid D:\WWW\yuanma\App\Runtime\Cache\Manage\906f7622cdbec5e670ddf84756cb27a6.php 第 82 行.
NOTIC: [8] Undefined variable: pid D:\WWW\yuanma\App\Runtime\Cache\Manage\906f7622cdbec5e670ddf84756cb27a6.php 第 82 行.
NOTIC: [8] Undefined variable: pid D:\WWW\yuanma\App\Runtime\Cache\Manage\906f7622cdbec5e670ddf84756cb27a6.php 第 82 行.
NOTIC: [8] Undefined variable: pid D:\WWW\yuanma\App\Runtime\Cache\Manage\906f7622cdbec5e670ddf84756cb27a6.php 第 82 行.
NOTIC: [8] Undefined variable: pid D:\WWW\yuanma\App\Runtime\Cache\Manage\906f7622cdbec5e670ddf84756cb27a6.php 第 82 行.
NOTIC: [8] Undefined variable: pid D:\WWW\yuanma\App\Runtime\Cache\Manage\906f7622cdbec5e670ddf84756cb27a6.php 第 82 行.
NOTIC: [8] Undefined variable: pid D:\WWW\yuanma\App\Runtime\Cache\Manage\906f7622cdbec5e670ddf84756cb27a6.php 第 82 行.
NOTIC: [8] Undefined variable: pid D:\WWW\yuanma\App\Runtime\Cache\Manage\906f7622cdbec5e670ddf84756cb27a6.php 第 82 行.
NOTIC: [8] Undefined variable: pid D:\WWW\yuanma\App\Runtime\Cache\Manage\906f7622cdbec5e670ddf84756cb27a6.php 第 82 行.
NOTIC: [8] Undefined variable: pid D:\WWW\yuanma\App\Runtime\Cache\Manage\906f7622cdbec5e670ddf84756cb27a6.php 第 99 行.
NOTIC: [8] Undefined variable: pid D:\WWW\yuanma\App\Runtime\Cache\Manage\906f7622cdbec5e670ddf84756cb27a6.php 第 99 行.
NOTIC: [8] Undefined variable: pid D:\WWW\yuanma\App\Runtime\Cache\Manage\906f7622cdbec5e670ddf84756cb27a6.php 第 99 行.
NOTIC: [8] Undefined variable: pid D:\WWW\yuanma\App\Runtime\Cache\Manage\906f7622cdbec5e670ddf84756cb27a6.php 第 99 行.
NOTIC: [8] Undefined variable: pid D:\WWW\yuanma\App\Runtime\Cache\Manage\906f7622cdbec5e670ddf84756cb27a6.php 第 99 行.
NOTIC: [8] Undefined variable: pid D:\WWW\yuanma\App\Runtime\Cache\Manage\906f7622cdbec5e670ddf84756cb27a6.php 第 99 行.
NOTIC: [8] Undefined variable: pid D:\WWW\yuanma\App\Runtime\Cache\Manage\906f7622cdbec5e670ddf84756cb27a6.php 第 99 行.
NOTIC: [8] Undefined variable: pid D:\WWW\yuanma\App\Runtime\Cache\Manage\906f7622cdbec5e670ddf84756cb27a6.php 第 99 行.
NOTIC: [8] Undefined variable: pid D:\WWW\yuanma\App\Runtime\Cache\Manage\906f7622cdbec5e670ddf84756cb27a6.php 第 99 行.
NOTIC: [8] Undefined variable: pid D:\WWW\yuanma\App\Runtime\Cache\Manage\906f7622cdbec5e670ddf84756cb27a6.php 第 99 行.
NOTIC: [8] Undefined variable: pid D:\WWW\yuanma\App\Runtime\Cache\Manage\906f7622cdbec5e670ddf84756cb27a6.php 第 99 行.
NOTIC: [8] Undefined variable: pid D:\WWW\yuanma\App\Runtime\Cache\Manage\906f7622cdbec5e670ddf84756cb27a6.php 第 99 行.
NOTIC: [8] Undefined variable: pid D:\WWW\yuanma\App\Runtime\Cache\Manage\906f7622cdbec5e670ddf84756cb27a6.php 第 99 行.
NOTIC: [8] Undefined variable: pid D:\WWW\yuanma\App\Runtime\Cache\Manage\906f7622cdbec5e670ddf84756cb27a6.php 第 99 行.
NOTIC: [8] Undefined variable: pid D:\WWW\yuanma\App\Runtime\Cache\Manage\906f7622cdbec5e670ddf84756cb27a6.php 第 99 行.
NOTIC: [8] Undefined variable: pid D:\WWW\yuanma\App\Runtime\Cache\Manage\906f7622cdbec5e670ddf84756cb27a6.php 第 99 行.
NOTIC: [8] Undefined variable: pid D:\WWW\yuanma\App\Runtime\Cache\Manage\906f7622cdbec5e670ddf84756cb27a6.php 第 99 行.
NOTIC: [8] Undefined variable: pid D:\WWW\yuanma\App\Runtime\Cache\Manage\906f7622cdbec5e670ddf84756cb27a6.php 第 99 行.
NOTIC: [8] Undefined variable: pid D:\WWW\yuanma\App\Runtime\Cache\Manage\906f7622cdbec5e670ddf84756cb27a6.php 第 99 行.
NOTIC: [8] Undefined variable: pid D:\WWW\yuanma\App\Runtime\Cache\Manage\906f7622cdbec5e670ddf84756cb27a6.php 第 99 行.
NOTIC: [8] Undefined variable: pid D:\WWW\yuanma\App\Runtime\Cache\Manage\906f7622cdbec5e670ddf84756cb27a6.php 第 99 行.
NOTIC: [8] Undefined variable: pid D:\WWW\yuanma\App\Runtime\Cache\Manage\906f7622cdbec5e670ddf84756cb27a6.php 第 99 行.
NOTIC: [8] Undefined variable: pid D:\WWW\yuanma\App\Runtime\Cache\Manage\906f7622cdbec5e670ddf84756cb27a6.php 第 99 行.
NOTIC: [8] Undefined variable: pid D:\WWW\yuanma\App\Runtime\Cache\Manage\906f7622cdbec5e670ddf84756cb27a6.php 第 99 行.
NOTIC: [8] Undefined variable: pid D:\WWW\yuanma\App\Runtime\Cache\Manage\906f7622cdbec5e670ddf84756cb27a6.php 第 99 行.
NOTIC: [8] Undefined variable: pid D:\WWW\yuanma\App\Runtime\Cache\Manage\906f7622cdbec5e670ddf84756cb27a6.php 第 99 行.
NOTIC: [8] Undefined variable: pid D:\WWW\yuanma\App\Runtime\Cache\Manage\906f7622cdbec5e670ddf84756cb27a6.php 第 99 行.
NOTIC: [8] Undefined variable: pid D:\WWW\yuanma\App\Runtime\Cache\Manage\906f7622cdbec5e670ddf84756cb27a6.php 第 99 行.
NOTIC: [8] Undefined variable: pid D:\WWW\yuanma\App\Runtime\Cache\Manage\906f7622cdbec5e670ddf84756cb27a6.php 第 99 行.
NOTIC: [8] Undefined variable: pid D:\WWW\yuanma\App\Runtime\Cache\Manage\906f7622cdbec5e670ddf84756cb27a6.php 第 99 行.
NOTIC: [8] Undefined variable: pid D:\WWW\yuanma\App\Runtime\Cache\Manage\906f7622cdbec5e670ddf84756cb27a6.php 第 99 行.
NOTIC: [8] Undefined variable: pid D:\WWW\yuanma\App\Runtime\Cache\Manage\906f7622cdbec5e670ddf84756cb27a6.php 第 99 行.
NOTIC: [8] Undefined variable: pid D:\WWW\yuanma\App\Runtime\Cache\Manage\906f7622cdbec5e670ddf84756cb27a6.php 第 99 行.
NOTIC: [8] Undefined variable: pid D:\WWW\yuanma\App\Runtime\Cache\Manage\906f7622cdbec5e670ddf84756cb27a6.php 第 99 行.
NOTIC: [8] Undefined variable: pid D:\WWW\yuanma\App\Runtime\Cache\Manage\906f7622cdbec5e670ddf84756cb27a6.php 第 99 行.
NOTIC: [8] Undefined variable: pid D:\WWW\yuanma\App\Runtime\Cache\Manage\906f7622cdbec5e670ddf84756cb27a6.php 第 99 行.
NOTIC: [8] Undefined variable: pid D:\WWW\yuanma\App\Runtime\Cache\Manage\906f7622cdbec5e670ddf84756cb27a6.php 第 99 行.
INFO: Run Behavior\ParseTemplateBehavior [ RunTime:0.042002s ]
INFO: [ view_parse ] --END-- [ RunTime:0.042002s ]
INFO: [ view_filter ] --START--
INFO: Run Behavior\WriteHtmlCacheBehavior [ RunTime:0.001000s ]
INFO: [ view_filter ] --END-- [ RunTime:0.002000s ]
INFO: [ app_end ] --START--
INFO: Run Behavior\ShowPageTraceBehavior [ RunTime:0.003000s ]
INFO: [ app_end ] --END-- [ RunTime:0.003000s ]

