[ 2017-05-15T17:29:17+08:00 ] ::1 /yuanma_admin.php
INFO: [ app_init ] --START--
INFO: Run Behavior\BuildLiteBehavior [ RunTime:0.001000s ]
INFO: [ app_init ] --END-- [ RunTime:0.041002s ]
INFO: [ app_begin ] --START--
INFO: Run Behavior\ReadHtmlCacheBehavior [ RunTime:0.016000s ]
INFO: [ app_begin ] --END-- [ RunTime:0.016000s ]

[ 2017-05-15T17:29:17+08:00 ] ::1 /yuanma_admin.php?s=/Login/index
INFO: [ app_init ] --START--
INFO: Run Behavior\BuildLiteBehavior [ RunTime:0.000000s ]
INFO: [ app_init ] --END-- [ RunTime:0.024001s ]
INFO: [ app_begin ] --START--
INFO: Run Behavior\ReadHtmlCacheBehavior [ RunTime:0.001000s ]
INFO: [ app_begin ] --END-- [ RunTime:0.002000s ]
INFO: [ view_parse ] --START--
INFO: [ template_filter ] --START--
INFO: Run Behavior\ContentReplaceBehavior [ RunTime:0.000000s ]
INFO: [ template_filter ] --END-- [ RunTime:0.000000s ]
INFO: Run Behavior\ParseTemplateBehavior [ RunTime:0.097006s ]
INFO: [ view_parse ] --END-- [ RunTime:0.098006s ]
INFO: [ view_filter ] --START--
INFO: Run Behavior\WriteHtmlCacheBehavior [ RunTime:0.016000s ]
INFO: [ view_filter ] --END-- [ RunTime:0.016000s ]
INFO: [ app_end ] --START--
INFO: Run Behavior\ShowPageTraceBehavior [ RunTime:0.022002s ]
INFO: [ app_end ] --END-- [ RunTime:0.022002s ]

[ 2017-05-15T17:29:18+08:00 ] ::1 /yuanma_admin.php?s=/Login/verify/id/a_login_1
INFO: [ app_init ] --START--
INFO: Run Behavior\BuildLiteBehavior [ RunTime:0.000000s ]
INFO: [ app_init ] --END-- [ RunTime:0.001000s ]
INFO: [ app_begin ] --START--
INFO: Run Behavior\ReadHtmlCacheBehavior [ RunTime:0.001000s ]
INFO: [ app_begin ] --END-- [ RunTime:0.002000s ]
INFO: [ app_end ] --START--
INFO: Run Behavior\ShowPageTraceBehavior [ RunTime:0.002000s ]
INFO: [ app_end ] --END-- [ RunTime:0.002000s ]

[ 2017-05-15T17:29:26+08:00 ] ::1 /yuanma_admin.php?s=/Login/login
INFO: [ app_init ] --START--
INFO: Run Behavior\BuildLiteBehavior [ RunTime:0.000000s ]
INFO: [ app_init ] --END-- [ RunTime:0.001000s ]
INFO: [ app_begin ] --START--
INFO: Run Behavior\ReadHtmlCacheBehavior [ RunTime:0.001000s ]
INFO: [ app_begin ] --END-- [ RunTime:0.001000s ]
SQL: SHOW COLUMNS FROM `my_admin` [ RunTime:0.1370s ]
SQL: SELECT * FROM `my_admin` WHERE `username` = 'admin' LIMIT 1   [ RunTime:0.0040s ]
SQL: UPDATE `my_admin` SET `logintime`='1494840566',`loginip`='0.0.0.0',`loginnum`='98' WHERE `id` = 1 [ RunTime:0.0300s ]
SQL: SHOW COLUMNS FROM `my_role_user` [ RunTime:0.0310s ]
SQL: SELECT `role_id` FROM `my_role_user` WHERE `user_id` = '1' LIMIT 1   [ RunTime:0.0010s ]

[ 2017-05-15T17:29:27+08:00 ] ::1 /yuanma_admin.php?s=/Login/verify/id/a_login_1
INFO: [ app_init ] --START--
INFO: Run Behavior\BuildLiteBehavior [ RunTime:0.000000s ]
INFO: [ app_init ] --END-- [ RunTime:0.001000s ]
INFO: [ app_begin ] --START--
INFO: Run Behavior\ReadHtmlCacheBehavior [ RunTime:0.001000s ]
INFO: [ app_begin ] --END-- [ RunTime:0.001000s ]
INFO: [ app_end ] --START--
INFO: Run Behavior\ShowPageTraceBehavior [ RunTime:0.001000s ]
INFO: [ app_end ] --END-- [ RunTime:0.001000s ]

[ 2017-05-15T17:29:27+08:00 ] ::1 /yuanma_admin.php?s=/Index/index
INFO: [ app_init ] --START--
INFO: Run Behavior\BuildLiteBehavior [ RunTime:0.001000s ]
INFO: [ app_init ] --END-- [ RunTime:0.001000s ]
INFO: [ app_begin ] --START--
INFO: Run Behavior\ReadHtmlCacheBehavior [ RunTime:0.001000s ]
INFO: [ app_begin ] --END-- [ RunTime:0.001000s ]
SQL: SHOW COLUMNS FROM `my_menu` [ RunTime:0.0850s ]
SQL: SELECT * FROM `my_menu` WHERE `status` = 1 ORDER BY sort,id  [ RunTime:0.0870s ]
SQL: SELECT * FROM `my_menu` WHERE `status` = 1 AND `quick` = 1 ORDER BY sort,id  [ RunTime:0.0020s ]
INFO: [ view_parse ] --START--
INFO: [ template_filter ] --START--
INFO: Run Behavior\ContentReplaceBehavior [ RunTime:0.000000s ]
INFO: [ template_filter ] --END-- [ RunTime:0.000000s ]
INFO: Run Behavior\ParseTemplateBehavior [ RunTime:0.077004s ]
INFO: [ view_parse ] --END-- [ RunTime:0.077004s ]
INFO: [ view_filter ] --START--
INFO: Run Behavior\WriteHtmlCacheBehavior [ RunTime:0.001000s ]
INFO: [ view_filter ] --END-- [ RunTime:0.001000s ]
INFO: [ app_end ] --START--
INFO: Run Behavior\ShowPageTraceBehavior [ RunTime:0.002000s ]
INFO: [ app_end ] --END-- [ RunTime:0.002000s ]

[ 2017-05-15T17:29:27+08:00 ] ::1 /yuanma_admin.php?s=/Public/main
INFO: [ app_init ] --START--
INFO: Run Behavior\BuildLiteBehavior [ RunTime:0.000000s ]
INFO: [ app_init ] --END-- [ RunTime:0.001000s ]
INFO: [ app_begin ] --START--
INFO: Run Behavior\ReadHtmlCacheBehavior [ RunTime:0.001000s ]
INFO: [ app_begin ] --END-- [ RunTime:0.001000s ]
SQL: SELECT VERSION() as ver; [ RunTime:0.0730s ]
INFO: [ view_parse ] --START--
INFO: [ template_filter ] --START--
INFO: Run Behavior\ContentReplaceBehavior [ RunTime:0.000000s ]
INFO: [ template_filter ] --END-- [ RunTime:0.000000s ]
NOTIC: [8] Use of undefined constant session - assumed 'session' D:\WWW\yuanma\App\Runtime\Cache\Manage\189add388cdd1263d35cd37739affe0d.php 第 52 行.
NOTIC: [8] Undefined variable: Think D:\WWW\yuanma\App\Runtime\Cache\Manage\189add388cdd1263d35cd37739affe0d.php 第 52 行.
NOTIC: [8] Use of undefined constant yang_adm_superadmin - assumed 'yang_adm_superadmin' D:\WWW\yuanma\App\Runtime\Cache\Manage\189add388cdd1263d35cd37739affe0d.php 第 52 行.
INFO: Run Behavior\ParseTemplateBehavior [ RunTime:0.043003s ]
INFO: [ view_parse ] --END-- [ RunTime:0.043003s ]
INFO: [ view_filter ] --START--
INFO: Run Behavior\WriteHtmlCacheBehavior [ RunTime:0.000000s ]
INFO: [ view_filter ] --END-- [ RunTime:0.000000s ]
INFO: [ app_end ] --START--
INFO: Run Behavior\ShowPageTraceBehavior [ RunTime:0.001000s ]
INFO: [ app_end ] --END-- [ RunTime:0.001000s ]

[ 2017-05-15T17:29:28+08:00 ] ::1 /yuanma_admin.php?s=/Index/getParentCate&pid=0&rnd=60904
INFO: [ app_init ] --START--
INFO: Run Behavior\BuildLiteBehavior [ RunTime:0.000000s ]
INFO: [ app_init ] --END-- [ RunTime:0.001000s ]
INFO: [ app_begin ] --START--
INFO: Run Behavior\ReadHtmlCacheBehavior [ RunTime:0.002000s ]
INFO: [ app_begin ] --END-- [ RunTime:0.002000s ]
SQL: SHOW COLUMNS FROM `my_category` [ RunTime:0.1030s ]
SQL: SHOW COLUMNS FROM `my_model` [ RunTime:0.1010s ]
SQL: SELECT COUNT(*) AS tp_count FROM my_category category LEFT JOIN my_model model ON category.modelid = model.id WHERE category.pid = 0 AND category.type = 0 LIMIT 1   [ RunTime:0.0490s ]
SQL: SELECT category.id AS id,category.name AS name,category.ename AS ename,category.catpic AS catpic,category.pid AS pid,category.modelid AS modelid,category.type AS type,category.seotitle AS seotitle,category.keywords AS keywords,category.description AS description,category.template_category AS template_category,category.template_list AS template_list,category.template_show AS template_show,category.status AS status,category.sort AS sort,category.property AS property,model.name AS modelname,model.tablename AS tablename FROM my_category category LEFT JOIN my_model model ON category.modelid = model.id WHERE category.pid = 0 AND category.type = 0 ORDER BY category.sort ASC,category.id ASC  [ RunTime:0.0010s ]

[ 2017-05-15T17:29:37+08:00 ] ::1 /yuanma_admin.php?s=/System/url
INFO: [ app_init ] --START--
INFO: Run Behavior\BuildLiteBehavior [ RunTime:0.000000s ]
INFO: [ app_init ] --END-- [ RunTime:0.001000s ]
INFO: [ app_begin ] --START--
INFO: Run Behavior\ReadHtmlCacheBehavior [ RunTime:0.001000s ]
INFO: [ app_begin ] --END-- [ RunTime:0.001000s ]
SQL: SHOW COLUMNS FROM `my_meta` [ RunTime:0.0240s ]
SQL: SELECT * FROM `my_meta` WHERE `groupid` = 1  [ RunTime:0.0020s ]
INFO: [ view_parse ] --START--
INFO: [ template_filter ] --START--
INFO: Run Behavior\ContentReplaceBehavior [ RunTime:0.000000s ]
INFO: [ template_filter ] --END-- [ RunTime:0.000000s ]
INFO: Run Behavior\ParseTemplateBehavior [ RunTime:0.025001s ]
INFO: [ view_parse ] --END-- [ RunTime:0.025001s ]
INFO: [ view_filter ] --START--
INFO: Run Behavior\WriteHtmlCacheBehavior [ RunTime:0.000000s ]
INFO: [ view_filter ] --END-- [ RunTime:0.000000s ]
INFO: [ app_end ] --START--
INFO: Run Behavior\ShowPageTraceBehavior [ RunTime:0.002001s ]
INFO: [ app_end ] --END-- [ RunTime:0.002001s ]

[ 2017-05-15T17:29:42+08:00 ] ::1 /yuanma_admin.php?s=/System/online
INFO: [ app_init ] --START--
INFO: Run Behavior\BuildLiteBehavior [ RunTime:0.000000s ]
INFO: [ app_init ] --END-- [ RunTime:0.001000s ]
INFO: [ app_begin ] --START--
INFO: Run Behavior\ReadHtmlCacheBehavior [ RunTime:0.001000s ]
INFO: [ app_begin ] --END-- [ RunTime:0.001000s ]
SQL: SHOW COLUMNS FROM `my_meta` [ RunTime:0.0070s ]
SQL: SELECT * FROM `my_meta` WHERE `groupid` = 9  [ RunTime:0.0010s ]
INFO: [ view_parse ] --START--
INFO: [ template_filter ] --START--
INFO: Run Behavior\ContentReplaceBehavior [ RunTime:0.001000s ]
INFO: [ template_filter ] --END-- [ RunTime:0.001000s ]
NOTIC: [8] Undefined index: id D:\WWW\yuanma\App\Runtime\Cache\Manage\ede0e86615c85f2852b2b060c7772d68.php 第 202 行.
INFO: Run Behavior\ParseTemplateBehavior [ RunTime:0.045003s ]
INFO: [ view_parse ] --END-- [ RunTime:0.045003s ]
INFO: [ view_filter ] --START--
INFO: Run Behavior\WriteHtmlCacheBehavior [ RunTime:0.001000s ]
INFO: [ view_filter ] --END-- [ RunTime:0.001000s ]
INFO: [ app_end ] --START--
INFO: Run Behavior\ShowPageTraceBehavior [ RunTime:0.002000s ]
INFO: [ app_end ] --END-- [ RunTime:0.002000s ]

[ 2017-05-15T17:29:56+08:00 ] ::1 /yuanma_admin.php?s=/Membergroup/index
INFO: [ app_init ] --START--
INFO: Run Behavior\BuildLiteBehavior [ RunTime:0.001000s ]
INFO: [ app_init ] --END-- [ RunTime:0.001000s ]
INFO: [ app_begin ] --START--
INFO: Run Behavior\ReadHtmlCacheBehavior [ RunTime:0.001000s ]
INFO: [ app_begin ] --END-- [ RunTime:0.002000s ]
SQL: SHOW COLUMNS FROM `my_membergroup` [ RunTime:0.0740s ]
SQL: SELECT COUNT(*) AS tp_count FROM `my_membergroup` LIMIT 1   [ RunTime:0.0010s ]
SQL: SELECT * FROM `my_membergroup` ORDER BY rank,id LIMIT 0,10   [ RunTime:0.0000s ]
INFO: [ view_parse ] --START--
INFO: [ template_filter ] --START--
INFO: Run Behavior\ContentReplaceBehavior [ RunTime:0.000000s ]
INFO: [ template_filter ] --END-- [ RunTime:0.000000s ]
INFO: Run Behavior\ParseTemplateBehavior [ RunTime:0.030001s ]
INFO: [ view_parse ] --END-- [ RunTime:0.030001s ]
INFO: [ view_filter ] --START--
INFO: Run Behavior\WriteHtmlCacheBehavior [ RunTime:0.001000s ]
INFO: [ view_filter ] --END-- [ RunTime:0.001000s ]
INFO: [ app_end ] --START--
INFO: Run Behavior\ShowPageTraceBehavior [ RunTime:0.001000s ]
INFO: [ app_end ] --END-- [ RunTime:0.001000s ]

[ 2017-05-15T17:29:57+08:00 ] ::1 /yuanma_admin.php?s=/Member/index
INFO: [ app_init ] --START--
INFO: Run Behavior\BuildLiteBehavior [ RunTime:0.000000s ]
INFO: [ app_init ] --END-- [ RunTime:0.001000s ]
INFO: [ app_begin ] --START--
INFO: Run Behavior\ReadHtmlCacheBehavior [ RunTime:0.002001s ]
INFO: [ app_begin ] --END-- [ RunTime:0.002001s ]
SQL: SHOW COLUMNS FROM `my_member` [ RunTime:0.0360s ]
SQL: SHOW COLUMNS FROM `my_membergroup` [ RunTime:0.0070s ]
SQL: SHOW COLUMNS FROM `my_memberdetail` [ RunTime:0.0140s ]
SQL: SELECT COUNT(*) AS tp_count FROM my_member member LEFT JOIN my_membergroup membergroup ON member.groupid = membergroup.id LEFT JOIN my_memberdetail memberdetail ON member.id = memberdetail.userid WHERE member.id > 0 LIMIT 1   [ RunTime:0.0010s ]
SQL: SELECT member.id AS id,member.email AS email,member.username AS username,member.amount AS amount,member.score AS score,member.face AS face,member.regtime AS regtime,member.logintime AS logintime,member.loginip AS loginip,member.loginnum AS loginnum,member.groupid AS groupid,member.message AS message,member.status AS status,member.islock AS islock,member.signed AS signed,membergroup.name AS groupname,membergroup.rank AS rank,membergroup.rankend AS rankend,memberdetail.userid AS userid,memberdetail.sex AS sex,memberdetail.nickname AS nickname,memberdetail.realname AS realname,memberdetail.birthday AS birthday,memberdetail.province AS province,memberdetail.area AS area,memberdetail.address AS address,memberdetail.qq AS qq,memberdetail.tel AS tel,memberdetail.mobile AS mobile,memberdetail.animal AS animal,memberdetail.star AS star,memberdetail.blood AS blood,memberdetail.marital AS marital,memberdetail.education AS education,memberdetail.vocation AS vocation,memberdetail.income AS income,memberdetail.maxim AS maxim,memberdetail.updatetime AS updatetime,memberdetail.job AS job,memberdetail.signature AS signature FROM my_member member LEFT JOIN my_membergroup membergroup ON member.groupid = membergroup.id LEFT JOIN my_memberdetail memberdetail ON member.id = memberdetail.userid WHERE member.id > 0 ORDER BY member.id desc LIMIT 0,10   [ RunTime:0.0020s ]
INFO: [ view_parse ] --START--
INFO: [ template_filter ] --START--
INFO: Run Behavior\ContentReplaceBehavior [ RunTime:0.000000s ]
INFO: [ template_filter ] --END-- [ RunTime:0.001000s ]
INFO: Run Behavior\ParseTemplateBehavior [ RunTime:0.025001s ]
INFO: [ view_parse ] --END-- [ RunTime:0.025001s ]
INFO: [ view_filter ] --START--
INFO: Run Behavior\WriteHtmlCacheBehavior [ RunTime:0.001000s ]
INFO: [ view_filter ] --END-- [ RunTime:0.001000s ]
INFO: [ app_end ] --START--
INFO: Run Behavior\ShowPageTraceBehavior [ RunTime:0.001000s ]
INFO: [ app_end ] --END-- [ RunTime:0.001000s ]

[ 2017-05-15T17:30:01+08:00 ] ::1 /yuanma_admin.php?s=/Rbac/role
INFO: [ app_init ] --START--
INFO: Run Behavior\BuildLiteBehavior [ RunTime:0.000000s ]
INFO: [ app_init ] --END-- [ RunTime:0.001000s ]
INFO: [ app_begin ] --START--
INFO: Run Behavior\ReadHtmlCacheBehavior [ RunTime:0.001000s ]
INFO: [ app_begin ] --END-- [ RunTime:0.001000s ]
SQL: SHOW COLUMNS FROM `my_role` [ RunTime:0.0330s ]
SQL: SELECT COUNT(*) AS tp_count FROM `my_role` LIMIT 1   [ RunTime:0.0010s ]
SQL: SELECT * FROM `my_role` LIMIT 0,10   [ RunTime:0.0010s ]
INFO: [ view_parse ] --START--
INFO: [ template_filter ] --START--
INFO: Run Behavior\ContentReplaceBehavior [ RunTime:0.000000s ]
INFO: [ template_filter ] --END-- [ RunTime:0.000000s ]
INFO: Run Behavior\ParseTemplateBehavior [ RunTime:0.032002s ]
INFO: [ view_parse ] --END-- [ RunTime:0.032002s ]
INFO: [ view_filter ] --START--
INFO: Run Behavior\WriteHtmlCacheBehavior [ RunTime:0.001000s ]
INFO: [ view_filter ] --END-- [ RunTime:0.001000s ]
INFO: [ app_end ] --START--
INFO: Run Behavior\ShowPageTraceBehavior [ RunTime:0.001000s ]
INFO: [ app_end ] --END-- [ RunTime:0.001000s ]

[ 2017-05-15T17:30:01+08:00 ] ::1 /yuanma_admin.php?s=/Rbac/index
INFO: [ app_init ] --START--
INFO: Run Behavior\BuildLiteBehavior [ RunTime:0.000000s ]
INFO: [ app_init ] --END-- [ RunTime:0.001000s ]
INFO: [ app_begin ] --START--
INFO: Run Behavior\ReadHtmlCacheBehavior [ RunTime:0.001000s ]
INFO: [ app_begin ] --END-- [ RunTime:0.001000s ]
SQL: SHOW COLUMNS FROM `my_admin` [ RunTime:0.0060s ]
SQL: SELECT COUNT(*) AS tp_count FROM `my_admin` WHERE `id` > '0' LIMIT 1   [ RunTime:0.0010s ]
SQL: SELECT `id`,`username`,`encrypt`,`realname`,`email`,`usertype`,`logintime`,`loginip`,`loginnum`,`islock` FROM `my_admin` WHERE `id` > '0' LIMIT 0,10   [ RunTime:0.0000s ]
SQL: SHOW COLUMNS FROM `my_role_user` [ RunTime:0.0060s ]
SQL: SHOW COLUMNS FROM `my_role` [ RunTime:0.0110s ]
SQL: SELECT role_user.user_id AS user_id,role.name AS name,role.remark AS remark,role.status AS rstatus FROM my_role_user role_user  JOIN my_role role ON role_user.role_id = role.id WHERE role_user.user_id = '1'  [ RunTime:0.0010s ]
INFO: [ view_parse ] --START--
INFO: [ template_filter ] --START--
INFO: Run Behavior\ContentReplaceBehavior [ RunTime:0.000000s ]
INFO: [ template_filter ] --END-- [ RunTime:0.000000s ]
INFO: Run Behavior\ParseTemplateBehavior [ RunTime:0.027001s ]
INFO: [ view_parse ] --END-- [ RunTime:0.027001s ]
INFO: [ view_filter ] --START--
INFO: Run Behavior\WriteHtmlCacheBehavior [ RunTime:0.000000s ]
INFO: [ view_filter ] --END-- [ RunTime:0.000000s ]
INFO: [ app_end ] --START--
INFO: Run Behavior\ShowPageTraceBehavior [ RunTime:0.001000s ]
INFO: [ app_end ] --END-- [ RunTime:0.002000s ]

[ 2017-05-15T17:30:03+08:00 ] ::1 /yuanma_admin.php?s=/Forum_reply/index
INFO: [ app_init ] --START--
INFO: Run Behavior\BuildLiteBehavior [ RunTime:0.000000s ]
INFO: [ app_init ] --END-- [ RunTime:0.001000s ]
INFO: [ app_begin ] --START--
INFO: Run Behavior\ReadHtmlCacheBehavior [ RunTime:0.002000s ]
INFO: [ app_begin ] --END-- [ RunTime:0.002000s ]
SQL: SHOW COLUMNS FROM `my_forum_reply` [ RunTime:0.0980s ]
SQL: SHOW COLUMNS FROM `my_model` [ RunTime:0.0160s ]
SQL: SHOW COLUMNS FROM `my_member` [ RunTime:0.0140s ]
SQL: SELECT COUNT(*) AS tp_count FROM my_forum_reply forum_reply LEFT JOIN my_model model ON forum_reply.modelid = model.id LEFT JOIN my_member member ON forum_reply.userid = member.id LIMIT 1   [ RunTime:0.0130s ]
SQL: SELECT forum_reply.id AS id,forum_reply.postid AS postid,forum_reply.modelid AS modelid,forum_reply.cid AS cid,forum_reply.url AS url,forum_reply.title AS title,forum_reply.nickname AS nickname,forum_reply.email AS email,forum_reply.ip AS ip,forum_reply.agent AS agent,forum_reply.posttime AS posttime,forum_reply.content AS content,forum_reply.status AS status,forum_reply.pid AS pid,forum_reply.userid AS userid,forum_reply.support AS support,forum_reply.against AS against,model.name AS modelname,model.tablename AS tablename,member.face AS face,member.username AS username,member.regtime AS regtime,member.logintime AS logintime,member.email AS email,member.score AS score,member.loginip AS loginip,member.groupid AS groupid,member.islock AS islock,member.signed AS signed FROM my_forum_reply forum_reply LEFT JOIN my_model model ON forum_reply.modelid = model.id LEFT JOIN my_member member ON forum_reply.userid = member.id ORDER BY forum_reply.id DESC LIMIT 0,10   [ RunTime:0.0010s ]
INFO: [ view_parse ] --START--
INFO: [ template_filter ] --START--
INFO: Run Behavior\ContentReplaceBehavior [ RunTime:0.000000s ]
INFO: [ template_filter ] --END-- [ RunTime:0.000000s ]
INFO: Run Behavior\ParseTemplateBehavior [ RunTime:0.033002s ]
INFO: [ view_parse ] --END-- [ RunTime:0.033002s ]
INFO: [ view_filter ] --START--
INFO: Run Behavior\WriteHtmlCacheBehavior [ RunTime:0.000000s ]
INFO: [ view_filter ] --END-- [ RunTime:0.000000s ]
INFO: [ app_end ] --START--
INFO: Run Behavior\ShowPageTraceBehavior [ RunTime:0.001000s ]
INFO: [ app_end ] --END-- [ RunTime:0.001000s ]

[ 2017-05-15T17:30:10+08:00 ] ::1 /yuanma_admin.php?s=/Model/index
INFO: [ app_init ] --START--
INFO: Run Behavior\BuildLiteBehavior [ RunTime:0.000000s ]
INFO: [ app_init ] --END-- [ RunTime:0.001001s ]
INFO: [ app_begin ] --START--
INFO: Run Behavior\ReadHtmlCacheBehavior [ RunTime:0.002000s ]
INFO: [ app_begin ] --END-- [ RunTime:0.002000s ]
SQL: SHOW COLUMNS FROM `my_model` [ RunTime:0.0150s ]
SQL: SELECT * FROM `my_model` ORDER BY sort  [ RunTime:0.0010s ]
INFO: [ view_parse ] --START--
INFO: [ template_filter ] --START--
INFO: Run Behavior\ContentReplaceBehavior [ RunTime:0.000000s ]
INFO: [ template_filter ] --END-- [ RunTime:0.000000s ]
INFO: Run Behavior\ParseTemplateBehavior [ RunTime:0.050003s ]
INFO: [ view_parse ] --END-- [ RunTime:0.050003s ]
INFO: [ view_filter ] --START--
INFO: Run Behavior\WriteHtmlCacheBehavior [ RunTime:0.001000s ]
INFO: [ view_filter ] --END-- [ RunTime:0.001000s ]
INFO: [ app_end ] --START--
INFO: Run Behavior\ShowPageTraceBehavior [ RunTime:0.001000s ]
INFO: [ app_end ] --END-- [ RunTime:0.001000s ]

[ 2017-05-15T17:30:15+08:00 ] ::1 /yuanma_admin.php?s=/Menu/index
INFO: [ app_init ] --START--
INFO: Run Behavior\BuildLiteBehavior [ RunTime:0.000000s ]
INFO: [ app_init ] --END-- [ RunTime:0.001000s ]
INFO: [ app_begin ] --START--
INFO: Run Behavior\ReadHtmlCacheBehavior [ RunTime:0.001000s ]
INFO: [ app_begin ] --END-- [ RunTime:0.001000s ]
SQL: SHOW COLUMNS FROM `my_menu` [ RunTime:0.0140s ]
SQL: SELECT * FROM `my_menu` ORDER BY sort,id  [ RunTime:0.0020s ]
INFO: [ view_parse ] --START--
INFO: [ template_filter ] --START--
INFO: Run Behavior\ContentReplaceBehavior [ RunTime:0.000000s ]
INFO: [ template_filter ] --END-- [ RunTime:0.000000s ]
INFO: Run Behavior\ParseTemplateBehavior [ RunTime:0.047002s ]
INFO: [ view_parse ] --END-- [ RunTime:0.047002s ]
INFO: [ view_filter ] --START--
INFO: Run Behavior\WriteHtmlCacheBehavior [ RunTime:0.001000s ]
INFO: [ view_filter ] --END-- [ RunTime:0.001000s ]
INFO: [ app_end ] --START--
INFO: Run Behavior\ShowPageTraceBehavior [ RunTime:0.001000s ]
INFO: [ app_end ] --END-- [ RunTime:0.001000s ]

[ 2017-05-15T17:30:22+08:00 ] ::1 /yuanma_admin.php?s=/Menu/del/id/58
INFO: [ app_init ] --START--
INFO: Run Behavior\BuildLiteBehavior [ RunTime:0.000000s ]
INFO: [ app_init ] --END-- [ RunTime:0.001000s ]
INFO: [ app_begin ] --START--
INFO: Run Behavior\ReadHtmlCacheBehavior [ RunTime:0.001000s ]
INFO: [ app_begin ] --END-- [ RunTime:0.001000s ]
SQL: SHOW COLUMNS FROM `my_menu` [ RunTime:0.0070s ]
SQL: SELECT * FROM `my_menu` WHERE `pid` = 58  [ RunTime:0.0010s ]
SQL: DELETE FROM `my_menu` WHERE `id` = 58 [ RunTime:0.0010s ]
INFO: [ view_parse ] --START--
INFO: [ template_filter ] --START--
INFO: Run Behavior\ContentReplaceBehavior [ RunTime:0.000000s ]
INFO: [ template_filter ] --END-- [ RunTime:0.000000s ]
INFO: Run Behavior\ParseTemplateBehavior [ RunTime:0.058003s ]
INFO: [ view_parse ] --END-- [ RunTime:0.059003s ]
INFO: [ view_filter ] --START--
INFO: Run Behavior\WriteHtmlCacheBehavior [ RunTime:0.001000s ]
INFO: [ view_filter ] --END-- [ RunTime:0.001000s ]
INFO: [ app_end ] --START--
INFO: Run Behavior\ShowPageTraceBehavior [ RunTime:0.001000s ]
INFO: [ app_end ] --END-- [ RunTime:0.001000s ]

[ 2017-05-15T17:30:24+08:00 ] ::1 /yuanma_admin.php?s=/Menu/index
INFO: [ app_init ] --START--
INFO: Run Behavior\BuildLiteBehavior [ RunTime:0.000000s ]
INFO: [ app_init ] --END-- [ RunTime:0.001001s ]
INFO: [ app_begin ] --START--
INFO: Run Behavior\ReadHtmlCacheBehavior [ RunTime:0.001000s ]
INFO: [ app_begin ] --END-- [ RunTime:0.001000s ]
SQL: SHOW COLUMNS FROM `my_menu` [ RunTime:0.0070s ]
SQL: SELECT * FROM `my_menu` ORDER BY sort,id  [ RunTime:0.0020s ]
INFO: [ view_parse ] --START--
INFO: [ template_filter ] --START--
INFO: Run Behavior\ContentReplaceBehavior [ RunTime:0.000000s ]
INFO: [ template_filter ] --END-- [ RunTime:0.000000s ]
INFO: Run Behavior\ParseTemplateBehavior [ RunTime:0.031001s ]
INFO: [ view_parse ] --END-- [ RunTime:0.031001s ]
INFO: [ view_filter ] --START--
INFO: Run Behavior\WriteHtmlCacheBehavior [ RunTime:0.001001s ]
INFO: [ view_filter ] --END-- [ RunTime:0.001001s ]
INFO: [ app_end ] --START--
INFO: Run Behavior\ShowPageTraceBehavior [ RunTime:0.002000s ]
INFO: [ app_end ] --END-- [ RunTime:0.002000s ]

[ 2017-05-15T17:30:44+08:00 ] ::1 /yuanma_admin.php?s=/Area/index
INFO: [ app_init ] --START--
INFO: Run Behavior\BuildLiteBehavior [ RunTime:0.000000s ]
INFO: [ app_init ] --END-- [ RunTime:0.001000s ]
INFO: [ app_begin ] --START--
INFO: Run Behavior\ReadHtmlCacheBehavior [ RunTime:0.001000s ]
INFO: [ app_begin ] --END-- [ RunTime:0.001000s ]
SQL: SHOW COLUMNS FROM `my_area` [ RunTime:0.0250s ]
SQL: SELECT COUNT(*) AS tp_count FROM `my_area` WHERE `pid` = 0 LIMIT 1   [ RunTime:0.0020s ]
SQL: SELECT * FROM `my_area` WHERE `pid` = 0 ORDER BY sort,id LIMIT 0,50   [ RunTime:0.0010s ]
INFO: [ view_parse ] --START--
INFO: [ template_filter ] --START--
INFO: Run Behavior\ContentReplaceBehavior [ RunTime:0.000000s ]
INFO: [ template_filter ] --END-- [ RunTime:0.000000s ]
INFO: Run Behavior\ParseTemplateBehavior [ RunTime:0.033002s ]
INFO: [ view_parse ] --END-- [ RunTime:0.034002s ]
INFO: [ view_filter ] --START--
INFO: Run Behavior\WriteHtmlCacheBehavior [ RunTime:0.001000s ]
INFO: [ view_filter ] --END-- [ RunTime:0.001000s ]
INFO: [ app_end ] --START--
INFO: Run Behavior\ShowPageTraceBehavior [ RunTime:0.001000s ]
INFO: [ app_end ] --END-- [ RunTime:0.002000s ]

[ 2017-05-15T17:30:46+08:00 ] ::1 /yuanma_admin.php?s=/Attachment/index
INFO: [ app_init ] --START--
INFO: Run Behavior\BuildLiteBehavior [ RunTime:0.000000s ]
INFO: [ app_init ] --END-- [ RunTime:0.000000s ]
INFO: [ app_begin ] --START--
INFO: Run Behavior\ReadHtmlCacheBehavior [ RunTime:0.001000s ]
INFO: [ app_begin ] --END-- [ RunTime:0.001000s ]
SQL: SHOW COLUMNS FROM `my_attachment` [ RunTime:0.0140s ]
SQL: SELECT COUNT(*) AS tp_count FROM `my_attachment` LIMIT 1   [ RunTime:0.0010s ]
SQL: SELECT * FROM `my_attachment` ORDER BY id DESC LIMIT 0,10   [ RunTime:0.0020s ]
SQL: SHOW COLUMNS FROM `my_attachmentindex` [ RunTime:0.0170s ]
SQL: SELECT COUNT(*) AS tp_count FROM `my_attachmentindex` WHERE `attid` = 215 LIMIT 1   [ RunTime:0.0010s ]
SQL: SELECT COUNT(*) AS tp_count FROM `my_attachmentindex` WHERE `attid` = 214 LIMIT 1   [ RunTime:0.0010s ]
SQL: SELECT COUNT(*) AS tp_count FROM `my_attachmentindex` WHERE `attid` = 213 LIMIT 1   [ RunTime:0.0010s ]
SQL: SELECT COUNT(*) AS tp_count FROM `my_attachmentindex` WHERE `attid` = 212 LIMIT 1   [ RunTime:0.0010s ]
SQL: SELECT COUNT(*) AS tp_count FROM `my_attachmentindex` WHERE `attid` = 211 LIMIT 1   [ RunTime:0.0010s ]
SQL: SELECT COUNT(*) AS tp_count FROM `my_attachmentindex` WHERE `attid` = 210 LIMIT 1   [ RunTime:0.0010s ]
SQL: SELECT COUNT(*) AS tp_count FROM `my_attachmentindex` WHERE `attid` = 209 LIMIT 1   [ RunTime:0.0010s ]
SQL: SELECT COUNT(*) AS tp_count FROM `my_attachmentindex` WHERE `attid` = 208 LIMIT 1   [ RunTime:0.0010s ]
SQL: SELECT COUNT(*) AS tp_count FROM `my_attachmentindex` WHERE `attid` = 207 LIMIT 1   [ RunTime:0.0010s ]
SQL: SELECT COUNT(*) AS tp_count FROM `my_attachmentindex` WHERE `attid` = 206 LIMIT 1   [ RunTime:0.0010s ]
INFO: [ view_parse ] --START--
INFO: [ template_filter ] --START--
INFO: Run Behavior\ContentReplaceBehavior [ RunTime:0.001000s ]
INFO: [ template_filter ] --END-- [ RunTime:0.001000s ]
INFO: Run Behavior\ParseTemplateBehavior [ RunTime:0.029002s ]
INFO: [ view_parse ] --END-- [ RunTime:0.029002s ]
INFO: [ view_filter ] --START--
INFO: Run Behavior\WriteHtmlCacheBehavior [ RunTime:0.000000s ]
INFO: [ view_filter ] --END-- [ RunTime:0.000000s ]
INFO: [ app_end ] --START--
INFO: Run Behavior\ShowPageTraceBehavior [ RunTime:0.001000s ]
INFO: [ app_end ] --END-- [ RunTime:0.001000s ]

[ 2017-05-15T17:30:56+08:00 ] ::1 /yuanma_admin.php?s=/Database/index
INFO: [ app_init ] --START--
INFO: Run Behavior\BuildLiteBehavior [ RunTime:0.000000s ]
INFO: [ app_init ] --END-- [ RunTime:0.001000s ]
INFO: [ app_begin ] --START--
INFO: Run Behavior\ReadHtmlCacheBehavior [ RunTime:0.001000s ]
INFO: [ app_begin ] --END-- [ RunTime:0.001000s ]
SQL: SHOW TABLE STATUS [ RunTime:0.7290s ]
INFO: [ view_parse ] --START--
INFO: [ template_filter ] --START--
INFO: Run Behavior\ContentReplaceBehavior [ RunTime:0.001000s ]
INFO: [ template_filter ] --END-- [ RunTime:0.001000s ]
INFO: Run Behavior\ParseTemplateBehavior [ RunTime:0.058003s ]
INFO: [ view_parse ] --END-- [ RunTime:0.058003s ]
INFO: [ view_filter ] --START--
INFO: Run Behavior\WriteHtmlCacheBehavior [ RunTime:0.001001s ]
INFO: [ view_filter ] --END-- [ RunTime:0.001001s ]
INFO: [ app_end ] --START--
INFO: Run Behavior\ShowPageTraceBehavior [ RunTime:0.003000s ]
INFO: [ app_end ] --END-- [ RunTime:0.003000s ]

[ 2017-05-15T17:31:00+08:00 ] ::1 /yuanma_admin.php?s=/Database/backup
INFO: [ app_init ] --START--
INFO: Run Behavior\BuildLiteBehavior [ RunTime:0.000000s ]
INFO: [ app_init ] --END-- [ RunTime:0.001000s ]
INFO: [ app_begin ] --START--
INFO: Run Behavior\ReadHtmlCacheBehavior [ RunTime:0.001000s ]
INFO: [ app_begin ] --END-- [ RunTime:0.001000s ]
SQL: SET SQL_QUOTE_SHOW_CREATE = 1 [ RunTime:0.0670s ]
SQL: SHOW CREATE TABLE my_abc [ RunTime:0.0010s ]
SQL: SHOW CREATE TABLE my_abc_detail [ RunTime:0.0010s ]
SQL: SHOW CREATE TABLE my_access [ RunTime:0.0000s ]
SQL: SHOW CREATE TABLE my_active [ RunTime:0.0010s ]
SQL: SHOW CREATE TABLE my_admin [ RunTime:0.0000s ]
SQL: SHOW CREATE TABLE my_announce [ RunTime:0.0000s ]
SQL: SHOW CREATE TABLE my_area [ RunTime:0.0000s ]
SQL: SHOW CREATE TABLE my_article [ RunTime:0.0010s ]
SQL: SHOW CREATE TABLE my_attachment [ RunTime:0.0000s ]
SQL: SHOW CREATE TABLE my_attachmentindex [ RunTime:0.0000s ]
SQL: SHOW CREATE TABLE my_block [ RunTime:0.0010s ]
SQL: SHOW CREATE TABLE my_category [ RunTime:0.0010s ]
SQL: SHOW CREATE TABLE my_category_access [ RunTime:0.0000s ]
SQL: SHOW CREATE TABLE my_collect [ RunTime:0.0010s ]
SQL: SHOW CREATE TABLE my_comment [ RunTime:0.0010s ]
SQL: SHOW CREATE TABLE my_config [ RunTime:0.0010s ]
SQL: SHOW CREATE TABLE my_copyfrom [ RunTime:0.0000s ]
SQL: SHOW CREATE TABLE my_download [ RunTime:0.0000s ]
SQL: SHOW CREATE TABLE my_forum [ RunTime:0.0010s ]
SQL: SHOW CREATE TABLE my_forum_reply [ RunTime:0.0000s ]
SQL: SHOW CREATE TABLE my_guestbook [ RunTime:0.0000s ]
SQL: SHOW CREATE TABLE my_itemgroup [ RunTime:0.0010s ]
SQL: SHOW CREATE TABLE my_iteminfo [ RunTime:0.0000s ]
SQL: SHOW CREATE TABLE my_link [ RunTime:0.0000s ]
SQL: SHOW CREATE TABLE my_member [ RunTime:0.0010s ]
SQL: SHOW CREATE TABLE my_member_slog [ RunTime:0.0000s ]
SQL: SHOW CREATE TABLE my_memberdetail [ RunTime:0.0010s ]
SQL: SHOW CREATE TABLE my_membergroup [ RunTime:0.0000s ]
SQL: SHOW CREATE TABLE my_menu [ RunTime:0.0000s ]
SQL: SHOW CREATE TABLE my_meta [ RunTime:0.0010s ]
SQL: SHOW CREATE TABLE my_model [ RunTime:0.0010s ]
SQL: SHOW CREATE TABLE my_node [ RunTime:0.0000s ]
SQL: SHOW CREATE TABLE my_oauth_user [ RunTime:0.0010s ]
SQL: SHOW CREATE TABLE my_order_month [ RunTime:0.0000s ]
SQL: SHOW CREATE TABLE my_orderaction [ RunTime:0.0000s ]
SQL: SHOW CREATE TABLE my_orderdetail [ RunTime:0.0010s ]
SQL: SHOW CREATE TABLE my_orderinfo [ RunTime:0.0010s ]
SQL: SHOW CREATE TABLE my_pay [ RunTime:0.0000s ]
SQL: SHOW CREATE TABLE my_pay_month [ RunTime:0.0010s ]
SQL: SHOW CREATE TABLE my_picture [ RunTime:0.0010s ]
SQL: SHOW CREATE TABLE my_points [ RunTime:0.0010s ]
SQL: SHOW CREATE TABLE my_product [ RunTime:0.0000s ]
SQL: SHOW CREATE TABLE my_property [ RunTime:0.0000s ]
SQL: SHOW CREATE TABLE my_property_value [ RunTime:0.0010s ]
SQL: SHOW CREATE TABLE my_role [ RunTime:0.0000s ]
SQL: SHOW CREATE TABLE my_role_user [ RunTime:0.0010s ]
SQL: SHOW CREATE TABLE my_search [ RunTime:0.0000s ]
SQL: SHOW CREATE TABLE my_soft [ RunTime:0.0010s ]
SQL: SHOW CREATE TABLE my_special [ RunTime:0.0000s ]
SQL: SHOW CREATE TABLE my_tag [ RunTime:0.0000s ]
SQL: SHOW CREATE TABLE my_temp [ RunTime:0.0010s ]
SQL: SHOW CREATE TABLE my_topic [ RunTime:0.0000s ]
SQL: SHOW CREATE TABLE my_union [ RunTime:0.0010s ]
SQL: SHOW TABLE STATUS LIKE 'my_abc' [ RunTime:0.0050s ]
SQL: SELECT * FROM my_abc LIMIT 0, 10000 [ RunTime:0.0010s ]
SQL: SHOW TABLE STATUS LIKE 'my_abc_detail' [ RunTime:0.0050s ]
SQL: SELECT * FROM my_abc_detail LIMIT 0, 10000 [ RunTime:0.0010s ]
SQL: SHOW TABLE STATUS LIKE 'my_access' [ RunTime:0.0040s ]
SQL: SELECT * FROM my_access LIMIT 0, 10000 [ RunTime:0.0150s ]
SQL: SHOW TABLE STATUS LIKE 'my_active' [ RunTime:0.0050s ]
SQL: SELECT * FROM my_active LIMIT 0, 10000 [ RunTime:0.0010s ]
SQL: SHOW TABLE STATUS LIKE 'my_admin' [ RunTime:0.0050s ]
SQL: SELECT * FROM my_admin LIMIT 0, 10000 [ RunTime:0.0010s ]
SQL: SHOW TABLE STATUS LIKE 'my_announce' [ RunTime:0.0050s ]
SQL: SHOW TABLE STATUS LIKE 'my_area' [ RunTime:0.0050s ]
SQL: SELECT * FROM my_area LIMIT 0, 10000 [ RunTime:0.0030s ]
SQL: SHOW TABLE STATUS LIKE 'my_article' [ RunTime:0.0050s ]
SQL: SELECT * FROM my_article LIMIT 0, 10000 [ RunTime:0.0020s ]
SQL: SHOW TABLE STATUS LIKE 'my_attachment' [ RunTime:0.0050s ]
SQL: SELECT * FROM my_attachment LIMIT 0, 10000 [ RunTime:0.0020s ]
SQL: SHOW TABLE STATUS LIKE 'my_attachmentindex' [ RunTime:0.0050s ]
SQL: SELECT * FROM my_attachmentindex LIMIT 0, 10000 [ RunTime:0.0020s ]
SQL: SHOW TABLE STATUS LIKE 'my_block' [ RunTime:0.0050s ]
SQL: SELECT * FROM my_block LIMIT 0, 10000 [ RunTime:0.0010s ]
SQL: SHOW TABLE STATUS LIKE 'my_category' [ RunTime:0.0050s ]
SQL: SELECT * FROM my_category LIMIT 0, 10000 [ RunTime:0.0010s ]
SQL: SHOW TABLE STATUS LIKE 'my_category_access' [ RunTime:0.0050s ]
SQL: SHOW TABLE STATUS LIKE 'my_collect' [ RunTime:0.0050s ]
SQL: SELECT * FROM my_collect LIMIT 0, 10000 [ RunTime:0.0110s ]
SQL: SHOW TABLE STATUS LIKE 'my_comment' [ RunTime:0.0050s ]
SQL: SELECT * FROM my_comment LIMIT 0, 10000 [ RunTime:0.0090s ]
SQL: SHOW TABLE STATUS LIKE 'my_config' [ RunTime:0.0050s ]
SQL: SELECT * FROM my_config LIMIT 0, 10000 [ RunTime:0.0140s ]
SQL: SHOW TABLE STATUS LIKE 'my_copyfrom' [ RunTime:0.0050s ]
SQL: SHOW TABLE STATUS LIKE 'my_download' [ RunTime:0.0050s ]
SQL: SELECT * FROM my_download LIMIT 0, 10000 [ RunTime:0.0010s ]
SQL: SHOW TABLE STATUS LIKE 'my_forum' [ RunTime:0.0050s ]
SQL: SELECT * FROM my_forum LIMIT 0, 10000 [ RunTime:0.0130s ]
SQL: SHOW TABLE STATUS LIKE 'my_forum_reply' [ RunTime:0.0060s ]
SQL: SELECT * FROM my_forum_reply LIMIT 0, 10000 [ RunTime:0.0010s ]
SQL: SHOW TABLE STATUS LIKE 'my_guestbook' [ RunTime:0.0050s ]
SQL: SHOW TABLE STATUS LIKE 'my_itemgroup' [ RunTime:0.0050s ]
SQL: SELECT * FROM my_itemgroup LIMIT 0, 10000 [ RunTime:0.0010s ]
SQL: SHOW TABLE STATUS LIKE 'my_iteminfo' [ RunTime:0.0050s ]
SQL: SELECT * FROM my_iteminfo LIMIT 0, 10000 [ RunTime:0.0120s ]
SQL: SHOW TABLE STATUS LIKE 'my_link' [ RunTime:0.0050s ]
SQL: SELECT * FROM my_link LIMIT 0, 10000 [ RunTime:0.0020s ]
SQL: SHOW TABLE STATUS LIKE 'my_member' [ RunTime:0.0050s ]
SQL: SELECT * FROM my_member LIMIT 0, 10000 [ RunTime:0.0010s ]
SQL: SHOW TABLE STATUS LIKE 'my_member_slog' [ RunTime:0.0050s ]
SQL: SELECT * FROM my_member_slog LIMIT 0, 10000 [ RunTime:0.0310s ]
SQL: SHOW TABLE STATUS LIKE 'my_memberdetail' [ RunTime:0.0080s ]
SQL: SELECT * FROM my_memberdetail LIMIT 0, 10000 [ RunTime:0.0010s ]
SQL: SHOW TABLE STATUS LIKE 'my_membergroup' [ RunTime:0.0090s ]
SQL: SELECT * FROM my_membergroup LIMIT 0, 10000 [ RunTime:0.0010s ]
SQL: SHOW TABLE STATUS LIKE 'my_menu' [ RunTime:0.0090s ]
SQL: SELECT * FROM my_menu LIMIT 0, 10000 [ RunTime:0.0010s ]
SQL: SHOW TABLE STATUS LIKE 'my_meta' [ RunTime:0.0050s ]
SQL: SELECT * FROM my_meta LIMIT 0, 10000 [ RunTime:0.0000s ]
SQL: SHOW TABLE STATUS LIKE 'my_model' [ RunTime:0.0050s ]
SQL: SELECT * FROM my_model LIMIT 0, 10000 [ RunTime:0.0000s ]
SQL: SHOW TABLE STATUS LIKE 'my_node' [ RunTime:0.0050s ]
SQL: SELECT * FROM my_node LIMIT 0, 10000 [ RunTime:0.0190s ]
SQL: SHOW TABLE STATUS LIKE 'my_oauth_user' [ RunTime:0.0060s ]
SQL: SHOW TABLE STATUS LIKE 'my_order_month' [ RunTime:0.0050s ]
SQL: SELECT * FROM my_order_month LIMIT 0, 10000 [ RunTime:0.0140s ]
SQL: SHOW TABLE STATUS LIKE 'my_orderaction' [ RunTime:0.0060s ]
SQL: SHOW TABLE STATUS LIKE 'my_orderdetail' [ RunTime:0.0050s ]
SQL: SHOW TABLE STATUS LIKE 'my_orderinfo' [ RunTime:0.0050s ]
SQL: SHOW TABLE STATUS LIKE 'my_pay' [ RunTime:0.0050s ]
SQL: SELECT * FROM my_pay LIMIT 0, 10000 [ RunTime:0.0090s ]
SQL: SHOW TABLE STATUS LIKE 'my_pay_month' [ RunTime:0.0050s ]
SQL: SELECT * FROM my_pay_month LIMIT 0, 10000 [ RunTime:0.0010s ]
SQL: SHOW TABLE STATUS LIKE 'my_picture' [ RunTime:0.0050s ]
SQL: SHOW TABLE STATUS LIKE 'my_points' [ RunTime:0.0050s ]
SQL: SELECT * FROM my_points LIMIT 0, 10000 [ RunTime:0.0010s ]
SQL: SHOW TABLE STATUS LIKE 'my_product' [ RunTime:0.0050s ]
SQL: SHOW TABLE STATUS LIKE 'my_property' [ RunTime:0.0050s ]
SQL: SELECT * FROM my_property LIMIT 0, 10000 [ RunTime:0.0010s ]
SQL: SHOW TABLE STATUS LIKE 'my_property_value' [ RunTime:0.0050s ]
SQL: SELECT * FROM my_property_value LIMIT 0, 10000 [ RunTime:0.0020s ]
SQL: SHOW TABLE STATUS LIKE 'my_role' [ RunTime:0.0050s ]
SQL: SELECT * FROM my_role LIMIT 0, 10000 [ RunTime:0.0010s ]
SQL: SHOW TABLE STATUS LIKE 'my_role_user' [ RunTime:0.0060s ]
SQL: SHOW TABLE STATUS LIKE 'my_search' [ RunTime:0.0050s ]
SQL: SELECT * FROM my_search LIMIT 0, 10000 [ RunTime:0.0030s ]
SQL: SHOW TABLE STATUS LIKE 'my_soft' [ RunTime:0.0050s ]
SQL: SELECT * FROM my_soft LIMIT 0, 10000 [ RunTime:0.0080s ]
SQL: SHOW TABLE STATUS LIKE 'my_special' [ RunTime:0.0050s ]
SQL: SELECT * FROM my_special LIMIT 0, 10000 [ RunTime:0.0010s ]
SQL: SHOW TABLE STATUS LIKE 'my_tag' [ RunTime:0.0050s ]
SQL: SELECT * FROM my_tag LIMIT 0, 10000 [ RunTime:0.0020s ]
SQL: SHOW TABLE STATUS LIKE 'my_temp' [ RunTime:0.0050s ]
SQL: SHOW TABLE STATUS LIKE 'my_topic' [ RunTime:0.0050s ]
SQL: SELECT * FROM my_topic LIMIT 0, 10000 [ RunTime:0.0010s ]
SQL: SHOW TABLE STATUS LIKE 'my_union' [ RunTime:0.0050s ]
INFO: [ view_parse ] --START--
INFO: [ template_filter ] --START--
INFO: Run Behavior\ContentReplaceBehavior [ RunTime:0.000000s ]
INFO: [ template_filter ] --END-- [ RunTime:0.000000s ]
INFO: Run Behavior\ParseTemplateBehavior [ RunTime:0.011000s ]
INFO: [ view_parse ] --END-- [ RunTime:0.011000s ]
INFO: [ view_filter ] --START--
INFO: Run Behavior\WriteHtmlCacheBehavior [ RunTime:0.001000s ]
INFO: [ view_filter ] --END-- [ RunTime:0.001000s ]
INFO: [ app_end ] --START--
INFO: Run Behavior\ShowPageTraceBehavior [ RunTime:0.001000s ]
INFO: [ app_end ] --END-- [ RunTime:0.001000s ]

[ 2017-05-15T17:31:02+08:00 ] ::1 /yuanma_admin.php?s=/Database/restore
INFO: [ app_init ] --START--
INFO: Run Behavior\BuildLiteBehavior [ RunTime:0.000000s ]
INFO: [ app_init ] --END-- [ RunTime:0.001000s ]
INFO: [ app_begin ] --START--
INFO: Run Behavior\ReadHtmlCacheBehavior [ RunTime:0.002000s ]
INFO: [ app_begin ] --END-- [ RunTime:0.002000s ]
INFO: [ view_parse ] --START--
INFO: [ template_filter ] --START--
INFO: Run Behavior\ContentReplaceBehavior [ RunTime:0.000000s ]
INFO: [ template_filter ] --END-- [ RunTime:0.000000s ]
INFO: Run Behavior\ParseTemplateBehavior [ RunTime:0.074005s ]
INFO: [ view_parse ] --END-- [ RunTime:0.076005s ]
INFO: [ view_filter ] --START--
INFO: Run Behavior\WriteHtmlCacheBehavior [ RunTime:0.000000s ]
INFO: [ view_filter ] --END-- [ RunTime:0.000000s ]
INFO: [ app_end ] --START--
INFO: Run Behavior\ShowPageTraceBehavior [ RunTime:0.001000s ]
INFO: [ app_end ] --END-- [ RunTime:0.001000s ]

[ 2017-05-15T17:31:07+08:00 ] ::1 /yuanma_admin.php?s=/Database/delSqlFiles/sqlfilename/tpcmstables_20170419_Bspzt_1.sql/tm/1
INFO: [ app_init ] --START--
INFO: Run Behavior\BuildLiteBehavior [ RunTime:0.000000s ]
INFO: [ app_init ] --END-- [ RunTime:0.001000s ]
INFO: [ app_begin ] --START--
INFO: Run Behavior\ReadHtmlCacheBehavior [ RunTime:0.001000s ]
INFO: [ app_begin ] --END-- [ RunTime:0.001000s ]
INFO: [ view_parse ] --START--
INFO: [ template_filter ] --START--
INFO: Run Behavior\ContentReplaceBehavior [ RunTime:0.000000s ]
INFO: [ template_filter ] --END-- [ RunTime:0.000000s ]
INFO: Run Behavior\ParseTemplateBehavior [ RunTime:0.012001s ]
INFO: [ view_parse ] --END-- [ RunTime:0.012001s ]
INFO: [ view_filter ] --START--
INFO: Run Behavior\WriteHtmlCacheBehavior [ RunTime:0.001000s ]
INFO: [ view_filter ] --END-- [ RunTime:0.001000s ]
INFO: [ app_end ] --START--
INFO: Run Behavior\ShowPageTraceBehavior [ RunTime:0.001000s ]
INFO: [ app_end ] --END-- [ RunTime:0.001000s ]

[ 2017-05-15T17:31:08+08:00 ] ::1 /yuanma_admin.php?s=/Database/restore
INFO: [ app_init ] --START--
INFO: Run Behavior\BuildLiteBehavior [ RunTime:0.000000s ]
INFO: [ app_init ] --END-- [ RunTime:0.001000s ]
INFO: [ app_begin ] --START--
INFO: Run Behavior\ReadHtmlCacheBehavior [ RunTime:0.002000s ]
INFO: [ app_begin ] --END-- [ RunTime:0.002000s ]
INFO: [ view_parse ] --START--
INFO: [ template_filter ] --START--
INFO: Run Behavior\ContentReplaceBehavior [ RunTime:0.000000s ]
INFO: [ template_filter ] --END-- [ RunTime:0.000000s ]
INFO: Run Behavior\ParseTemplateBehavior [ RunTime:0.016001s ]
INFO: [ view_parse ] --END-- [ RunTime:0.016001s ]
INFO: [ view_filter ] --START--
INFO: Run Behavior\WriteHtmlCacheBehavior [ RunTime:0.000000s ]
INFO: [ view_filter ] --END-- [ RunTime:0.000000s ]
INFO: [ app_end ] --START--
INFO: Run Behavior\ShowPageTraceBehavior [ RunTime:0.001000s ]
INFO: [ app_end ] --END-- [ RunTime:0.002000s ]

[ 2017-05-15T17:31:15+08:00 ] ::1 /yuanma_admin.php?s=/Database/index
INFO: [ app_init ] --START--
INFO: Run Behavior\BuildLiteBehavior [ RunTime:0.000000s ]
INFO: [ app_init ] --END-- [ RunTime:0.001000s ]
INFO: [ app_begin ] --START--
INFO: Run Behavior\ReadHtmlCacheBehavior [ RunTime:0.001000s ]
INFO: [ app_begin ] --END-- [ RunTime:0.001000s ]
SQL: SHOW TABLE STATUS [ RunTime:0.0080s ]
INFO: [ view_parse ] --START--
INFO: [ template_filter ] --START--
INFO: Run Behavior\ContentReplaceBehavior [ RunTime:0.001000s ]
INFO: [ template_filter ] --END-- [ RunTime:0.001000s ]
INFO: Run Behavior\ParseTemplateBehavior [ RunTime:0.026002s ]
INFO: [ view_parse ] --END-- [ RunTime:0.026002s ]
INFO: [ view_filter ] --START--
INFO: Run Behavior\WriteHtmlCacheBehavior [ RunTime:0.001000s ]
INFO: [ view_filter ] --END-- [ RunTime:0.001000s ]
INFO: [ app_end ] --START--
INFO: Run Behavior\ShowPageTraceBehavior [ RunTime:0.001000s ]
INFO: [ app_end ] --END-- [ RunTime:0.001000s ]

