[ 2020-06-10T05:48:43+08:00 ] 192.168.65.3 /xn_admin.php?s=/Category/index
INFO: [ app_init ] --START--
INFO: Run Behavior\BuildLiteBehavior [ RunTime:0.000020s ]
INFO: [ app_init ] --END-- [ RunTime:0.000076s ]
INFO: [ app_begin ] --START--
INFO: Run Behavior\ReadHtmlCacheBehavior [ RunTime:0.007702s ]
INFO: [ app_begin ] --END-- [ RunTime:0.007771s ]
SQL: SHOW COLUMNS FROM `my_category` [ RunTime:0.0027s ]
SQL: SHOW COLUMNS FROM `my_model` [ RunTime:0.0027s ]
SQL: SELECT category.id AS id,category.name AS name,category.ename AS ename,category.catpic AS catpic,category.pid AS pid,category.modelid AS modelid,category.type AS type,category.seotitle AS seotitle,category.keywords AS keywords,category.description AS description,category.template_category AS template_category,category.template_list AS template_list,category.template_show AS template_show,category.status AS status,category.sort AS sort,category.property AS property,model.name AS modelname,model.tablename AS tablename FROM my_category category LEFT JOIN my_model model ON category.modelid = model.id ORDER BY category.sort ASC,category.id ASC  [ RunTime:0.0049s ]
INFO: [ view_parse ] --START--
INFO: [ template_filter ] --START--
INFO: Run Behavior\ContentReplaceBehavior [ RunTime:0.000412s ]
INFO: [ template_filter ] --END-- [ RunTime:0.000464s ]
INFO: Run Behavior\ParseTemplateBehavior [ RunTime:0.074707s ]
INFO: [ view_parse ] --END-- [ RunTime:0.074769s ]
INFO: [ view_filter ] --START--
INFO: Run Behavior\WriteHtmlCacheBehavior [ RunTime:0.007796s ]
INFO: [ view_filter ] --END-- [ RunTime:0.007850s ]
INFO: [ app_end ] --START--
INFO: Run Behavior\ShowPageTraceBehavior [ RunTime:0.033734s ]
INFO: [ app_end ] --END-- [ RunTime:0.033940s ]

[ 2020-06-10T06:15:34+08:00 ] 192.168.65.3 /xn_admin.php?s=/Article/index/pid/16
INFO: [ app_init ] --START--
INFO: Run Behavior\BuildLiteBehavior [ RunTime:0.000023s ]
INFO: [ app_init ] --END-- [ RunTime:0.000183s ]
INFO: [ app_begin ] --START--
INFO: Run Behavior\ReadHtmlCacheBehavior [ RunTime:0.011981s ]
INFO: [ app_begin ] --END-- [ RunTime:0.012042s ]
SQL: SHOW COLUMNS FROM `my_article` [ RunTime:0.0030s ]
SQL: SHOW COLUMNS FROM `my_category` [ RunTime:0.0033s ]
SQL: SELECT COUNT(*) AS tp_count FROM my_article article LEFT JOIN my_category category ON article.cid = category.id WHERE article.status > 0 AND article.cid IN (16,'17','22','20','18') LIMIT 1   [ RunTime:0.0021s ]
SQL: SELECT article.id AS id,article.title AS title,article.shorttitle AS shorttitle,article.color AS color,article.copyfrom AS copyfrom,article.author AS author,article.keywords AS keywords,article.litpic AS litpic,article.description AS description,article.publishtime AS publishtime,article.updatetime AS updatetime,article.click AS click,article.cid AS cid,article.commentflag AS commentflag,article.flag AS flag,article.jumpurl AS jumpurl,article.status AS status,article.userid AS userid,article.aid AS aid,article.ding AS ding,article.cai AS cai,article.tag AS tag,category.name AS catename,category.ename AS ename,category.modelid AS modelid FROM my_article article LEFT JOIN my_category category ON article.cid = category.id WHERE article.status > 0 AND article.cid IN (16,'17','22','20','18') ORDER BY article.id DESC LIMIT 0,10   [ RunTime:0.0035s ]
INFO: [ view_parse ] --START--
INFO: [ template_filter ] --START--
INFO: Run Behavior\ContentReplaceBehavior [ RunTime:0.000082s ]
INFO: [ template_filter ] --END-- [ RunTime:0.000129s ]
NOTIC: [8] Undefined index: p /var/www/html/zzb.cxzch.cn/App/Runtime/Cache/Manage/f69c6ef39b3ba6d5c1d51b7a72eb971f.php 第 130 行.
NOTIC: [8] Undefined index: p /var/www/html/zzb.cxzch.cn/App/Runtime/Cache/Manage/f69c6ef39b3ba6d5c1d51b7a72eb971f.php 第 131 行.
NOTIC: [8] Undefined index: p /var/www/html/zzb.cxzch.cn/App/Runtime/Cache/Manage/f69c6ef39b3ba6d5c1d51b7a72eb971f.php 第 130 行.
NOTIC: [8] Undefined index: p /var/www/html/zzb.cxzch.cn/App/Runtime/Cache/Manage/f69c6ef39b3ba6d5c1d51b7a72eb971f.php 第 131 行.
NOTIC: [8] Undefined index: p /var/www/html/zzb.cxzch.cn/App/Runtime/Cache/Manage/f69c6ef39b3ba6d5c1d51b7a72eb971f.php 第 130 行.
NOTIC: [8] Undefined index: p /var/www/html/zzb.cxzch.cn/App/Runtime/Cache/Manage/f69c6ef39b3ba6d5c1d51b7a72eb971f.php 第 131 行.
NOTIC: [8] Undefined index: p /var/www/html/zzb.cxzch.cn/App/Runtime/Cache/Manage/f69c6ef39b3ba6d5c1d51b7a72eb971f.php 第 130 行.
NOTIC: [8] Undefined index: p /var/www/html/zzb.cxzch.cn/App/Runtime/Cache/Manage/f69c6ef39b3ba6d5c1d51b7a72eb971f.php 第 131 行.
NOTIC: [8] Undefined index: p /var/www/html/zzb.cxzch.cn/App/Runtime/Cache/Manage/f69c6ef39b3ba6d5c1d51b7a72eb971f.php 第 130 行.
NOTIC: [8] Undefined index: p /var/www/html/zzb.cxzch.cn/App/Runtime/Cache/Manage/f69c6ef39b3ba6d5c1d51b7a72eb971f.php 第 131 行.
NOTIC: [8] Undefined index: p /var/www/html/zzb.cxzch.cn/App/Runtime/Cache/Manage/f69c6ef39b3ba6d5c1d51b7a72eb971f.php 第 130 行.
NOTIC: [8] Undefined index: p /var/www/html/zzb.cxzch.cn/App/Runtime/Cache/Manage/f69c6ef39b3ba6d5c1d51b7a72eb971f.php 第 131 行.
NOTIC: [8192] Array and string offset access syntax with curly braces is deprecated /var/www/html/zzb.cxzch.cn/Include/Library/Think/Cache/Driver/File.class.php 第 59 行.
SQL: SHOW COLUMNS FROM `my_iteminfo` [ RunTime:0.0027s ]
SQL: SELECT * FROM `my_iteminfo` WHERE `group` = 'flagtype' ORDER BY sort,id  [ RunTime:0.0020s ]
NOTIC: [8] Undefined index: p /var/www/html/zzb.cxzch.cn/App/Runtime/Cache/Manage/f69c6ef39b3ba6d5c1d51b7a72eb971f.php 第 130 行.
NOTIC: [8] Undefined index: p /var/www/html/zzb.cxzch.cn/App/Runtime/Cache/Manage/f69c6ef39b3ba6d5c1d51b7a72eb971f.php 第 131 行.
INFO: Run Behavior\ParseTemplateBehavior [ RunTime:0.135794s ]
INFO: [ view_parse ] --END-- [ RunTime:0.135849s ]
INFO: [ view_filter ] --START--
INFO: Run Behavior\WriteHtmlCacheBehavior [ RunTime:0.007300s ]
INFO: [ view_filter ] --END-- [ RunTime:0.007351s ]
INFO: [ app_end ] --START--
INFO: Run Behavior\ShowPageTraceBehavior [ RunTime:0.055602s ]
INFO: [ app_end ] --END-- [ RunTime:0.055663s ]

[ 2020-06-10T06:15:39+08:00 ] 192.168.65.3 /xn_admin.php?s=/Article/index/pid/18
INFO: [ app_init ] --START--
INFO: Run Behavior\BuildLiteBehavior [ RunTime:0.000019s ]
INFO: [ app_init ] --END-- [ RunTime:0.000073s ]
INFO: [ app_begin ] --START--
INFO: Run Behavior\ReadHtmlCacheBehavior [ RunTime:0.003264s ]
INFO: [ app_begin ] --END-- [ RunTime:0.003320s ]
SQL: SHOW COLUMNS FROM `my_article` [ RunTime:0.0030s ]
SQL: SHOW COLUMNS FROM `my_category` [ RunTime:0.0028s ]
SQL: SELECT COUNT(*) AS tp_count FROM my_article article LEFT JOIN my_category category ON article.cid = category.id WHERE article.status > 0 AND article.cid IN (18) LIMIT 1   [ RunTime:0.0036s ]
SQL: SELECT article.id AS id,article.title AS title,article.shorttitle AS shorttitle,article.color AS color,article.copyfrom AS copyfrom,article.author AS author,article.keywords AS keywords,article.litpic AS litpic,article.description AS description,article.publishtime AS publishtime,article.updatetime AS updatetime,article.click AS click,article.cid AS cid,article.commentflag AS commentflag,article.flag AS flag,article.jumpurl AS jumpurl,article.status AS status,article.userid AS userid,article.aid AS aid,article.ding AS ding,article.cai AS cai,article.tag AS tag,category.name AS catename,category.ename AS ename,category.modelid AS modelid FROM my_article article LEFT JOIN my_category category ON article.cid = category.id WHERE article.status > 0 AND article.cid IN (18) ORDER BY article.id DESC LIMIT 0,10   [ RunTime:0.0037s ]
INFO: [ view_parse ] --START--
INFO: [ template_filter ] --START--
INFO: Run Behavior\ContentReplaceBehavior [ RunTime:0.000119s ]
INFO: [ template_filter ] --END-- [ RunTime:0.000193s ]
INFO: Run Behavior\ParseTemplateBehavior [ RunTime:0.204406s ]
INFO: [ view_parse ] --END-- [ RunTime:0.204475s ]
INFO: [ view_filter ] --START--
INFO: Run Behavior\WriteHtmlCacheBehavior [ RunTime:0.009800s ]
INFO: [ view_filter ] --END-- [ RunTime:0.009867s ]
INFO: [ app_end ] --START--
INFO: Run Behavior\ShowPageTraceBehavior [ RunTime:0.010559s ]
INFO: [ app_end ] --END-- [ RunTime:0.015419s ]

[ 2020-06-10T06:15:41+08:00 ] 192.168.65.3 /xn_admin.php?s=/Article/add/pid/18
INFO: [ app_init ] --START--
INFO: Run Behavior\BuildLiteBehavior [ RunTime:0.000021s ]
INFO: [ app_init ] --END-- [ RunTime:0.000163s ]
INFO: [ app_begin ] --START--
INFO: Run Behavior\ReadHtmlCacheBehavior [ RunTime:0.004979s ]
INFO: [ app_begin ] --END-- [ RunTime:0.005126s ]
NOTIC: [8192] Array and string offset access syntax with curly braces is deprecated /var/www/html/zzb.cxzch.cn/Include/Library/Think/Cache/Driver/File.class.php 第 59 行.
INFO: [ view_parse ] --START--
INFO: [ template_filter ] --START--
INFO: Run Behavior\ContentReplaceBehavior [ RunTime:0.000118s ]
INFO: [ template_filter ] --END-- [ RunTime:0.000171s ]
INFO: Run Behavior\ParseTemplateBehavior [ RunTime:0.048238s ]
INFO: [ view_parse ] --END-- [ RunTime:0.048299s ]
INFO: [ view_filter ] --START--
INFO: Run Behavior\WriteHtmlCacheBehavior [ RunTime:0.016162s ]
INFO: [ view_filter ] --END-- [ RunTime:0.016214s ]
INFO: [ app_end ] --START--
INFO: Run Behavior\ShowPageTraceBehavior [ RunTime:0.016768s ]
INFO: [ app_end ] --END-- [ RunTime:0.017114s ]

[ 2020-06-10T06:15:41+08:00 ] 192.168.65.3 /xn_admin.php?s=/Public/editorMethod&action=config&&noCache=1591740941417
INFO: [ app_init ] --START--
INFO: Run Behavior\BuildLiteBehavior [ RunTime:0.000020s ]
INFO: [ app_init ] --END-- [ RunTime:0.000076s ]
INFO: [ app_begin ] --START--
INFO: Run Behavior\ReadHtmlCacheBehavior [ RunTime:0.005936s ]
INFO: [ app_begin ] --END-- [ RunTime:0.005999s ]
INFO: [ app_end ] --START--
INFO: Run Behavior\ShowPageTraceBehavior [ RunTime:0.024919s ]
INFO: [ app_end ] --END-- [ RunTime:0.025078s ]

[ 2020-06-10T06:15:59+08:00 ] 192.168.65.3 /xn_admin.php?s=/Public/upload/img_flag/1
INFO: [ app_init ] --START--
INFO: Run Behavior\BuildLiteBehavior [ RunTime:0.000019s ]
INFO: [ app_init ] --END-- [ RunTime:0.000079s ]
INFO: [ app_begin ] --START--
INFO: Run Behavior\ReadHtmlCacheBehavior [ RunTime:0.011256s ]
INFO: [ app_begin ] --END-- [ RunTime:0.011325s ]
NOTIC: [2] call_user_func() expects parameter 1 to be a valid callback, no array or string given /var/www/html/zzb.cxzch.cn/Include/Library/Think/Upload.class.php 第 173 行.
NOTIC: [8] Undefined variable: x /var/www/html/zzb.cxzch.cn/Include/Library/Think/Image/Driver/Gd.class.php 第 270 行.
NOTIC: [8] Undefined variable: y /var/www/html/zzb.cxzch.cn/Include/Library/Think/Image/Driver/Gd.class.php 第 270 行.
SQL: SHOW COLUMNS FROM `my_attachment` [ RunTime:0.0025s ]
SQL: INSERT INTO `my_attachment` (`filepath`,`title`,`haslitpic`,`filetype`,`filesize`,`uploadtime`,`aid`) VALUES ('img1/20200610/5ee00a1f85edd.jpeg','WechatIMG5212.jpeg','1','0','42160','1591740959','1') [ RunTime:0.0024s ]
INFO: [ app_end ] --START--
INFO: Run Behavior\ShowPageTraceBehavior [ RunTime:0.011078s ]
INFO: [ app_end ] --END-- [ RunTime:0.011242s ]

[ 2020-06-10T06:16:04+08:00 ] 192.168.65.3 /xn_admin.php?s=/Article/add
INFO: [ app_init ] --START--
INFO: Run Behavior\BuildLiteBehavior [ RunTime:0.000020s ]
INFO: [ app_init ] --END-- [ RunTime:0.000078s ]
INFO: [ app_begin ] --START--
INFO: Run Behavior\ReadHtmlCacheBehavior [ RunTime:0.008312s ]
INFO: [ app_begin ] --END-- [ RunTime:0.008369s ]
NOTIC: [8] Undefined offset: 0 /var/www/html/zzb.cxzch.cn/App/Common/Common/function.php 第 1762 行.
NOTIC: [8] Undefined offset: 0 /var/www/html/zzb.cxzch.cn/App/Common/Common/function.php 第 1763 行.
SQL: SHOW COLUMNS FROM `my_article` [ RunTime:0.0026s ]
SQL: INSERT INTO `my_article` (`title`,`jumpurl`,`cid`,`litpic`,`keywords`,`tag`,`description`,`author`,`copyfrom`,`content`,`publishtime`,`commentflag`,`status`,`shorttitle`,`updatetime`,`click`,`aid`,`flag`) VALUES ('123','','18','/uploads/img1/20200610/5ee00a1f85edd.jpeg!300X300.jpg','','','123','管理员','','<p>123</p>','1591740941','1','1','','1591740964','0','1','1') [ RunTime:0.0019s ]
SQL: SHOW COLUMNS FROM `my_attachment` [ RunTime:0.0027s ]
SQL: SELECT `id` FROM `my_attachment` WHERE `filepath` IN ('img1/20200610/5ee00a1f85edd.jpeg')  [ RunTime:0.0022s ]
SQL: SHOW COLUMNS FROM `my_attachmentindex` [ RunTime:0.0022s ]
SQL: INSERT INTO `my_attachmentindex` (`attid`,`arcid`,`modelid`) VALUES ('305','598','1') [ RunTime:0.0021s ]
INFO: [ view_parse ] --START--
INFO: [ template_filter ] --START--
INFO: Run Behavior\ContentReplaceBehavior [ RunTime:0.000032s ]
INFO: [ template_filter ] --END-- [ RunTime:0.000084s ]
INFO: Run Behavior\ParseTemplateBehavior [ RunTime:0.037007s ]
INFO: [ view_parse ] --END-- [ RunTime:0.037174s ]
INFO: [ view_filter ] --START--
INFO: Run Behavior\WriteHtmlCacheBehavior [ RunTime:0.006844s ]
INFO: [ view_filter ] --END-- [ RunTime:0.006895s ]

[ 2020-06-10T06:16:05+08:00 ] 192.168.65.3 /xn_admin.php?s=/Article/index/pid/18
INFO: [ app_init ] --START--
INFO: Run Behavior\BuildLiteBehavior [ RunTime:0.000021s ]
INFO: [ app_init ] --END-- [ RunTime:0.000092s ]
INFO: [ app_begin ] --START--
INFO: Run Behavior\ReadHtmlCacheBehavior [ RunTime:0.005916s ]
INFO: [ app_begin ] --END-- [ RunTime:0.005981s ]
SQL: SHOW COLUMNS FROM `my_article` [ RunTime:0.0029s ]
SQL: SHOW COLUMNS FROM `my_category` [ RunTime:0.0027s ]
SQL: SELECT COUNT(*) AS tp_count FROM my_article article LEFT JOIN my_category category ON article.cid = category.id WHERE article.status > 0 AND article.cid IN (18) LIMIT 1   [ RunTime:0.0023s ]
SQL: SELECT article.id AS id,article.title AS title,article.shorttitle AS shorttitle,article.color AS color,article.copyfrom AS copyfrom,article.author AS author,article.keywords AS keywords,article.litpic AS litpic,article.description AS description,article.publishtime AS publishtime,article.updatetime AS updatetime,article.click AS click,article.cid AS cid,article.commentflag AS commentflag,article.flag AS flag,article.jumpurl AS jumpurl,article.status AS status,article.userid AS userid,article.aid AS aid,article.ding AS ding,article.cai AS cai,article.tag AS tag,category.name AS catename,category.ename AS ename,category.modelid AS modelid FROM my_article article LEFT JOIN my_category category ON article.cid = category.id WHERE article.status > 0 AND article.cid IN (18) ORDER BY article.id DESC LIMIT 0,10   [ RunTime:0.0033s ]
INFO: [ view_parse ] --START--
INFO: [ template_filter ] --START--
INFO: Run Behavior\ContentReplaceBehavior [ RunTime:0.000089s ]
INFO: [ template_filter ] --END-- [ RunTime:0.000139s ]
NOTIC: [8192] Array and string offset access syntax with curly braces is deprecated /var/www/html/zzb.cxzch.cn/Include/Library/Think/Cache/Driver/File.class.php 第 59 行.
NOTIC: [8] Undefined index: p /var/www/html/zzb.cxzch.cn/App/Runtime/Cache/Manage/f69c6ef39b3ba6d5c1d51b7a72eb971f.php 第 130 行.
NOTIC: [8] Undefined index: p /var/www/html/zzb.cxzch.cn/App/Runtime/Cache/Manage/f69c6ef39b3ba6d5c1d51b7a72eb971f.php 第 131 行.
INFO: Run Behavior\ParseTemplateBehavior [ RunTime:0.130633s ]
INFO: [ view_parse ] --END-- [ RunTime:0.130686s ]
INFO: [ view_filter ] --START--
INFO: Run Behavior\WriteHtmlCacheBehavior [ RunTime:0.006502s ]
INFO: [ view_filter ] --END-- [ RunTime:0.006554s ]
INFO: [ app_end ] --START--
INFO: Run Behavior\ShowPageTraceBehavior [ RunTime:0.003870s ]
INFO: [ app_end ] --END-- [ RunTime:0.004099s ]

[ 2020-06-10T06:16:28+08:00 ] 192.168.65.3 /xn_admin.php?s=/Article/del/id/598/pid/18
INFO: [ app_init ] --START--
INFO: Run Behavior\BuildLiteBehavior [ RunTime:0.000019s ]
INFO: [ app_init ] --END-- [ RunTime:0.000074s ]
INFO: [ app_begin ] --START--
INFO: Run Behavior\ReadHtmlCacheBehavior [ RunTime:0.003997s ]
INFO: [ app_begin ] --END-- [ RunTime:0.004052s ]
SQL: SHOW COLUMNS FROM `my_article` [ RunTime:0.0045s ]
SQL: UPDATE `my_article` SET `status`='0' WHERE `id` = 598 [ RunTime:0.0020s ]
INFO: [ view_parse ] --START--
INFO: [ template_filter ] --START--
INFO: Run Behavior\ContentReplaceBehavior [ RunTime:0.000032s ]
INFO: [ template_filter ] --END-- [ RunTime:0.000085s ]
INFO: Run Behavior\ParseTemplateBehavior [ RunTime:0.037481s ]
INFO: [ view_parse ] --END-- [ RunTime:0.037602s ]
INFO: [ view_filter ] --START--
INFO: Run Behavior\WriteHtmlCacheBehavior [ RunTime:0.007362s ]
INFO: [ view_filter ] --END-- [ RunTime:0.007472s ]
INFO: [ app_end ] --START--
INFO: Run Behavior\ShowPageTraceBehavior [ RunTime:0.006391s ]
INFO: [ app_end ] --END-- [ RunTime:0.006497s ]

[ 2020-06-10T06:16:29+08:00 ] 192.168.65.3 /xn_admin.php?s=/Article/index/pid/18
INFO: [ app_init ] --START--
INFO: Run Behavior\BuildLiteBehavior [ RunTime:0.000024s ]
INFO: [ app_init ] --END-- [ RunTime:0.000183s ]
INFO: [ app_begin ] --START--
INFO: Run Behavior\ReadHtmlCacheBehavior [ RunTime:0.010163s ]
INFO: [ app_begin ] --END-- [ RunTime:0.010225s ]
SQL: SHOW COLUMNS FROM `my_article` [ RunTime:0.0026s ]
SQL: SHOW COLUMNS FROM `my_category` [ RunTime:0.0038s ]
SQL: SELECT COUNT(*) AS tp_count FROM my_article article LEFT JOIN my_category category ON article.cid = category.id WHERE article.status > 0 AND article.cid IN (18) LIMIT 1   [ RunTime:0.0022s ]
SQL: SELECT article.id AS id,article.title AS title,article.shorttitle AS shorttitle,article.color AS color,article.copyfrom AS copyfrom,article.author AS author,article.keywords AS keywords,article.litpic AS litpic,article.description AS description,article.publishtime AS publishtime,article.updatetime AS updatetime,article.click AS click,article.cid AS cid,article.commentflag AS commentflag,article.flag AS flag,article.jumpurl AS jumpurl,article.status AS status,article.userid AS userid,article.aid AS aid,article.ding AS ding,article.cai AS cai,article.tag AS tag,category.name AS catename,category.ename AS ename,category.modelid AS modelid FROM my_article article LEFT JOIN my_category category ON article.cid = category.id WHERE article.status > 0 AND article.cid IN (18) ORDER BY article.id DESC LIMIT 0,10   [ RunTime:0.0037s ]
INFO: [ view_parse ] --START--
INFO: [ template_filter ] --START--
INFO: Run Behavior\ContentReplaceBehavior [ RunTime:0.000092s ]
INFO: [ template_filter ] --END-- [ RunTime:0.000143s ]
INFO: Run Behavior\ParseTemplateBehavior [ RunTime:0.076433s ]
INFO: [ view_parse ] --END-- [ RunTime:0.076494s ]
INFO: [ view_filter ] --START--
INFO: Run Behavior\WriteHtmlCacheBehavior [ RunTime:0.006129s ]
INFO: [ view_filter ] --END-- [ RunTime:0.006203s ]
INFO: [ app_end ] --START--
INFO: Run Behavior\ShowPageTraceBehavior [ RunTime:0.005451s ]
INFO: [ app_end ] --END-- [ RunTime:0.005509s ]

[ 2020-06-10T06:16:54+08:00 ] 192.168.65.3 /xn_admin.php?s=/Article/index/pid/16
INFO: [ app_init ] --START--
INFO: Run Behavior\BuildLiteBehavior [ RunTime:0.000019s ]
INFO: [ app_init ] --END-- [ RunTime:0.000080s ]
INFO: [ app_begin ] --START--
INFO: Run Behavior\ReadHtmlCacheBehavior [ RunTime:0.005427s ]
INFO: [ app_begin ] --END-- [ RunTime:0.005484s ]
SQL: SHOW COLUMNS FROM `my_article` [ RunTime:0.0026s ]
SQL: SHOW COLUMNS FROM `my_category` [ RunTime:0.0027s ]
SQL: SELECT COUNT(*) AS tp_count FROM my_article article LEFT JOIN my_category category ON article.cid = category.id WHERE article.status > 0 AND article.cid IN (16,'17','22','20','18') LIMIT 1   [ RunTime:0.0030s ]
SQL: SELECT article.id AS id,article.title AS title,article.shorttitle AS shorttitle,article.color AS color,article.copyfrom AS copyfrom,article.author AS author,article.keywords AS keywords,article.litpic AS litpic,article.description AS description,article.publishtime AS publishtime,article.updatetime AS updatetime,article.click AS click,article.cid AS cid,article.commentflag AS commentflag,article.flag AS flag,article.jumpurl AS jumpurl,article.status AS status,article.userid AS userid,article.aid AS aid,article.ding AS ding,article.cai AS cai,article.tag AS tag,category.name AS catename,category.ename AS ename,category.modelid AS modelid FROM my_article article LEFT JOIN my_category category ON article.cid = category.id WHERE article.status > 0 AND article.cid IN (16,'17','22','20','18') ORDER BY article.id DESC LIMIT 0,10   [ RunTime:0.0033s ]
INFO: [ view_parse ] --START--
INFO: [ template_filter ] --START--
INFO: Run Behavior\ContentReplaceBehavior [ RunTime:0.000090s ]
INFO: [ template_filter ] --END-- [ RunTime:0.000140s ]
NOTIC: [8] Undefined index: p /var/www/html/zzb.cxzch.cn/App/Runtime/Cache/Manage/f69c6ef39b3ba6d5c1d51b7a72eb971f.php 第 130 行.
NOTIC: [8] Undefined index: p /var/www/html/zzb.cxzch.cn/App/Runtime/Cache/Manage/f69c6ef39b3ba6d5c1d51b7a72eb971f.php 第 131 行.
NOTIC: [8] Undefined index: p /var/www/html/zzb.cxzch.cn/App/Runtime/Cache/Manage/f69c6ef39b3ba6d5c1d51b7a72eb971f.php 第 130 行.
NOTIC: [8] Undefined index: p /var/www/html/zzb.cxzch.cn/App/Runtime/Cache/Manage/f69c6ef39b3ba6d5c1d51b7a72eb971f.php 第 131 行.
NOTIC: [8] Undefined index: p /var/www/html/zzb.cxzch.cn/App/Runtime/Cache/Manage/f69c6ef39b3ba6d5c1d51b7a72eb971f.php 第 130 行.
NOTIC: [8] Undefined index: p /var/www/html/zzb.cxzch.cn/App/Runtime/Cache/Manage/f69c6ef39b3ba6d5c1d51b7a72eb971f.php 第 131 行.
NOTIC: [8] Undefined index: p /var/www/html/zzb.cxzch.cn/App/Runtime/Cache/Manage/f69c6ef39b3ba6d5c1d51b7a72eb971f.php 第 130 行.
NOTIC: [8] Undefined index: p /var/www/html/zzb.cxzch.cn/App/Runtime/Cache/Manage/f69c6ef39b3ba6d5c1d51b7a72eb971f.php 第 131 行.
NOTIC: [8] Undefined index: p /var/www/html/zzb.cxzch.cn/App/Runtime/Cache/Manage/f69c6ef39b3ba6d5c1d51b7a72eb971f.php 第 130 行.
NOTIC: [8] Undefined index: p /var/www/html/zzb.cxzch.cn/App/Runtime/Cache/Manage/f69c6ef39b3ba6d5c1d51b7a72eb971f.php 第 131 行.
NOTIC: [8] Undefined index: p /var/www/html/zzb.cxzch.cn/App/Runtime/Cache/Manage/f69c6ef39b3ba6d5c1d51b7a72eb971f.php 第 130 行.
NOTIC: [8] Undefined index: p /var/www/html/zzb.cxzch.cn/App/Runtime/Cache/Manage/f69c6ef39b3ba6d5c1d51b7a72eb971f.php 第 131 行.
NOTIC: [8192] Array and string offset access syntax with curly braces is deprecated /var/www/html/zzb.cxzch.cn/Include/Library/Think/Cache/Driver/File.class.php 第 59 行.
NOTIC: [8] Undefined index: p /var/www/html/zzb.cxzch.cn/App/Runtime/Cache/Manage/f69c6ef39b3ba6d5c1d51b7a72eb971f.php 第 130 行.
NOTIC: [8] Undefined index: p /var/www/html/zzb.cxzch.cn/App/Runtime/Cache/Manage/f69c6ef39b3ba6d5c1d51b7a72eb971f.php 第 131 行.
INFO: Run Behavior\ParseTemplateBehavior [ RunTime:0.102581s ]
INFO: [ view_parse ] --END-- [ RunTime:0.102643s ]
INFO: [ view_filter ] --START--
INFO: Run Behavior\WriteHtmlCacheBehavior [ RunTime:0.005837s ]
INFO: [ view_filter ] --END-- [ RunTime:0.005897s ]
INFO: [ app_end ] --START--
INFO: Run Behavior\ShowPageTraceBehavior [ RunTime:0.019320s ]
INFO: [ app_end ] --END-- [ RunTime:0.019417s ]

