[ 2020-06-08T15:42:53+08:00 ] 106.8.162.6 /xn_admin.php
INFO: [ app_init ] --START--
INFO: Run Behavior\BuildLiteBehavior [ RunTime:0.000011s ]
INFO: [ app_init ] --END-- [ RunTime:0.000229s ]
INFO: [ app_begin ] --START--
INFO: Run Behavior\ReadHtmlCacheBehavior [ RunTime:0.000418s ]
INFO: [ app_begin ] --END-- [ RunTime:0.000488s ]

[ 2020-06-08T15:42:53+08:00 ] 106.8.162.6 /xn_admin.php?s=/Login/index
INFO: [ app_init ] --START--
INFO: Run Behavior\BuildLiteBehavior [ RunTime:0.000015s ]
INFO: [ app_init ] --END-- [ RunTime:0.000305s ]
INFO: [ app_begin ] --START--
INFO: Run Behavior\ReadHtmlCacheBehavior [ RunTime:0.000341s ]
INFO: [ app_begin ] --END-- [ RunTime:0.000375s ]
INFO: [ view_parse ] --START--
INFO: [ template_filter ] --START--
INFO: Run Behavior\ContentReplaceBehavior [ RunTime:0.000033s ]
INFO: [ template_filter ] --END-- [ RunTime:0.000069s ]
INFO: Run Behavior\ParseTemplateBehavior [ RunTime:0.006065s ]
INFO: [ view_parse ] --END-- [ RunTime:0.006100s ]
INFO: [ view_filter ] --START--
INFO: Run Behavior\WriteHtmlCacheBehavior [ RunTime:0.000122s ]
INFO: [ view_filter ] --END-- [ RunTime:0.000144s ]
INFO: [ app_end ] --START--
INFO: Run Behavior\ShowPageTraceBehavior [ RunTime:0.000368s ]
INFO: [ app_end ] --END-- [ RunTime:0.000397s ]

[ 2020-06-08T15:42:53+08:00 ] 106.8.162.6 /xn_admin.php?s=/Login/verify/id/a_login_1
INFO: [ app_init ] --START--
INFO: Run Behavior\BuildLiteBehavior [ RunTime:0.000025s ]
INFO: [ app_init ] --END-- [ RunTime:0.000257s ]
INFO: [ app_begin ] --START--
INFO: Run Behavior\ReadHtmlCacheBehavior [ RunTime:0.000310s ]
INFO: [ app_begin ] --END-- [ RunTime:0.000368s ]
INFO: [ app_end ] --START--
INFO: Run Behavior\ShowPageTraceBehavior [ RunTime:0.000408s ]
INFO: [ app_end ] --END-- [ RunTime:0.000458s ]

[ 2020-06-08T15:43:04+08:00 ] 115.227.174.149 /xn_admin.php
INFO: [ app_init ] --START--
INFO: Run Behavior\BuildLiteBehavior [ RunTime:0.000011s ]
INFO: [ app_init ] --END-- [ RunTime:0.000265s ]
INFO: [ app_begin ] --START--
INFO: Run Behavior\ReadHtmlCacheBehavior [ RunTime:0.000328s ]
INFO: [ app_begin ] --END-- [ RunTime:0.000361s ]

[ 2020-06-08T15:43:04+08:00 ] 115.227.174.149 /xn_admin.php?s=/Login/index
INFO: [ app_init ] --START--
INFO: Run Behavior\BuildLiteBehavior [ RunTime:0.000012s ]
INFO: [ app_init ] --END-- [ RunTime:0.000233s ]
INFO: [ app_begin ] --START--
INFO: Run Behavior\ReadHtmlCacheBehavior [ RunTime:0.000300s ]
INFO: [ app_begin ] --END-- [ RunTime:0.000334s ]
INFO: [ view_parse ] --START--
INFO: [ template_filter ] --START--
INFO: Run Behavior\ContentReplaceBehavior [ RunTime:0.000030s ]
INFO: [ template_filter ] --END-- [ RunTime:0.000062s ]
INFO: Run Behavior\ParseTemplateBehavior [ RunTime:0.003497s ]
INFO: [ view_parse ] --END-- [ RunTime:0.003525s ]
INFO: [ view_filter ] --START--
INFO: Run Behavior\WriteHtmlCacheBehavior [ RunTime:0.000118s ]
INFO: [ view_filter ] --END-- [ RunTime:0.000139s ]
INFO: [ app_end ] --START--
INFO: Run Behavior\ShowPageTraceBehavior [ RunTime:0.000446s ]
INFO: [ app_end ] --END-- [ RunTime:0.000473s ]

[ 2020-06-08T15:43:04+08:00 ] 115.227.174.149 /xn_admin.php?s=/Login/verify/id/a_login_1
INFO: [ app_init ] --START--
INFO: Run Behavior\BuildLiteBehavior [ RunTime:0.000013s ]
INFO: [ app_init ] --END-- [ RunTime:0.000242s ]
INFO: [ app_begin ] --START--
INFO: Run Behavior\ReadHtmlCacheBehavior [ RunTime:0.000358s ]
INFO: [ app_begin ] --END-- [ RunTime:0.000391s ]
INFO: [ app_end ] --START--
INFO: Run Behavior\ShowPageTraceBehavior [ RunTime:0.000511s ]
INFO: [ app_end ] --END-- [ RunTime:0.000566s ]

[ 2020-06-08T15:43:24+08:00 ] 115.227.174.149 /xn_admin.php?s=/Login/login
INFO: [ app_init ] --START--
INFO: Run Behavior\BuildLiteBehavior [ RunTime:0.000011s ]
INFO: [ app_init ] --END-- [ RunTime:0.000234s ]
INFO: [ app_begin ] --START--
INFO: Run Behavior\ReadHtmlCacheBehavior [ RunTime:0.000338s ]
INFO: [ app_begin ] --END-- [ RunTime:0.000376s ]
SQL: SHOW COLUMNS FROM `my_admin` [ RunTime:0.0045s ]
SQL: SELECT * FROM `my_admin` WHERE `username` = 'admin' LIMIT 1   [ RunTime:0.0006s ]

[ 2020-06-08T15:43:24+08:00 ] 115.227.174.149 /xn_admin.php?s=/Login/verify/id/a_login_1
INFO: [ app_init ] --START--
INFO: Run Behavior\BuildLiteBehavior [ RunTime:0.000012s ]
INFO: [ app_init ] --END-- [ RunTime:0.000272s ]
INFO: [ app_begin ] --START--
INFO: Run Behavior\ReadHtmlCacheBehavior [ RunTime:0.000409s ]
INFO: [ app_begin ] --END-- [ RunTime:0.000454s ]
INFO: [ app_end ] --START--
INFO: Run Behavior\ShowPageTraceBehavior [ RunTime:0.000401s ]
INFO: [ app_end ] --END-- [ RunTime:0.000440s ]

[ 2020-06-08T15:43:25+08:00 ] 106.8.162.6 /xn_admin.php
INFO: [ app_init ] --START--
INFO: Run Behavior\BuildLiteBehavior [ RunTime:0.000012s ]
INFO: [ app_init ] --END-- [ RunTime:0.000261s ]
INFO: [ app_begin ] --START--
INFO: Run Behavior\ReadHtmlCacheBehavior [ RunTime:0.000375s ]
INFO: [ app_begin ] --END-- [ RunTime:0.000415s ]

[ 2020-06-08T15:43:25+08:00 ] 106.8.162.6 /xn_admin.php?s=/Login/index
INFO: [ app_init ] --START--
INFO: Run Behavior\BuildLiteBehavior [ RunTime:0.000011s ]
INFO: [ app_init ] --END-- [ RunTime:0.000259s ]
INFO: [ app_begin ] --START--
INFO: Run Behavior\ReadHtmlCacheBehavior [ RunTime:0.000398s ]
INFO: [ app_begin ] --END-- [ RunTime:0.000445s ]
INFO: [ view_parse ] --START--
INFO: [ template_filter ] --START--
INFO: Run Behavior\ContentReplaceBehavior [ RunTime:0.000031s ]
INFO: [ template_filter ] --END-- [ RunTime:0.000065s ]
INFO: Run Behavior\ParseTemplateBehavior [ RunTime:0.004196s ]
INFO: [ view_parse ] --END-- [ RunTime:0.004238s ]
INFO: [ view_filter ] --START--
INFO: Run Behavior\WriteHtmlCacheBehavior [ RunTime:0.000164s ]
INFO: [ view_filter ] --END-- [ RunTime:0.000187s ]
INFO: [ app_end ] --START--
INFO: Run Behavior\ShowPageTraceBehavior [ RunTime:0.000397s ]
INFO: [ app_end ] --END-- [ RunTime:0.000425s ]

[ 2020-06-08T15:43:25+08:00 ] 106.8.162.6 /xn_admin.php?s=/Login/verify/id/a_login_1
INFO: [ app_init ] --START--
INFO: Run Behavior\BuildLiteBehavior [ RunTime:0.000025s ]
INFO: [ app_init ] --END-- [ RunTime:0.000245s ]
INFO: [ app_begin ] --START--
INFO: Run Behavior\ReadHtmlCacheBehavior [ RunTime:0.000323s ]
INFO: [ app_begin ] --END-- [ RunTime:0.000356s ]
INFO: [ app_end ] --START--
INFO: Run Behavior\ShowPageTraceBehavior [ RunTime:0.000402s ]
INFO: [ app_end ] --END-- [ RunTime:0.000439s ]

[ 2020-06-08T15:43:35+08:00 ] 115.227.174.149 /xn_admin.php?s=/Login/verify/id/a_login_1
INFO: [ app_init ] --START--
INFO: Run Behavior\BuildLiteBehavior [ RunTime:0.000013s ]
INFO: [ app_init ] --END-- [ RunTime:0.000271s ]
INFO: [ app_begin ] --START--
INFO: Run Behavior\ReadHtmlCacheBehavior [ RunTime:0.000402s ]
INFO: [ app_begin ] --END-- [ RunTime:0.000439s ]
INFO: [ app_end ] --START--
INFO: Run Behavior\ShowPageTraceBehavior [ RunTime:0.000351s ]
INFO: [ app_end ] --END-- [ RunTime:0.000411s ]

[ 2020-06-08T15:43:35+08:00 ] 106.8.162.6 /xn_admin.php?s=/Login/login
INFO: [ app_init ] --START--
INFO: Run Behavior\BuildLiteBehavior [ RunTime:0.000013s ]
INFO: [ app_init ] --END-- [ RunTime:0.000312s ]
INFO: [ app_begin ] --START--
INFO: Run Behavior\ReadHtmlCacheBehavior [ RunTime:0.000393s ]
INFO: [ app_begin ] --END-- [ RunTime:0.000434s ]
SQL: SHOW COLUMNS FROM `my_admin` [ RunTime:0.0012s ]
SQL: SELECT * FROM `my_admin` WHERE `username` = 'admin' LIMIT 1   [ RunTime:0.0002s ]

[ 2020-06-08T15:43:35+08:00 ] 106.8.162.6 /xn_admin.php?s=/Login/verify/id/a_login_1
INFO: [ app_init ] --START--
INFO: Run Behavior\BuildLiteBehavior [ RunTime:0.000011s ]
INFO: [ app_init ] --END-- [ RunTime:0.000243s ]
INFO: [ app_begin ] --START--
INFO: Run Behavior\ReadHtmlCacheBehavior [ RunTime:0.000309s ]
INFO: [ app_begin ] --END-- [ RunTime:0.000348s ]
INFO: [ app_end ] --START--
INFO: Run Behavior\ShowPageTraceBehavior [ RunTime:0.000504s ]
INFO: [ app_end ] --END-- [ RunTime:0.000577s ]

[ 2020-06-08T15:43:41+08:00 ] 115.227.174.149 /xn_admin.php?s=/Login/login
INFO: [ app_init ] --START--
INFO: Run Behavior\BuildLiteBehavior [ RunTime:0.000012s ]
INFO: [ app_init ] --END-- [ RunTime:0.000283s ]
INFO: [ app_begin ] --START--
INFO: Run Behavior\ReadHtmlCacheBehavior [ RunTime:0.000302s ]
INFO: [ app_begin ] --END-- [ RunTime:0.000335s ]

[ 2020-06-08T15:43:41+08:00 ] 115.227.174.149 /xn_admin.php?s=/Login/verify/id/a_login_1
INFO: [ app_init ] --START--
INFO: Run Behavior\BuildLiteBehavior [ RunTime:0.000016s ]
INFO: [ app_init ] --END-- [ RunTime:0.000311s ]
INFO: [ app_begin ] --START--
INFO: Run Behavior\ReadHtmlCacheBehavior [ RunTime:0.000417s ]
INFO: [ app_begin ] --END-- [ RunTime:0.000458s ]
INFO: [ app_end ] --START--
INFO: Run Behavior\ShowPageTraceBehavior [ RunTime:0.000385s ]
INFO: [ app_end ] --END-- [ RunTime:0.000429s ]

[ 2020-06-08T15:43:45+08:00 ] 106.8.162.6 /xn_admin.php?s=/Login/login
INFO: [ app_init ] --START--
INFO: Run Behavior\BuildLiteBehavior [ RunTime:0.000015s ]
INFO: [ app_init ] --END-- [ RunTime:0.000256s ]
INFO: [ app_begin ] --START--
INFO: Run Behavior\ReadHtmlCacheBehavior [ RunTime:0.000322s ]
INFO: [ app_begin ] --END-- [ RunTime:0.000358s ]
SQL: SHOW COLUMNS FROM `my_admin` [ RunTime:0.0012s ]
SQL: SELECT * FROM `my_admin` WHERE `username` = 'admin' LIMIT 1   [ RunTime:0.0002s ]

[ 2020-06-08T15:43:45+08:00 ] 106.8.162.6 /xn_admin.php?s=/Login/verify/id/a_login_1
INFO: [ app_init ] --START--
INFO: Run Behavior\BuildLiteBehavior [ RunTime:0.000012s ]
INFO: [ app_init ] --END-- [ RunTime:0.000235s ]
INFO: [ app_begin ] --START--
INFO: Run Behavior\ReadHtmlCacheBehavior [ RunTime:0.000356s ]
INFO: [ app_begin ] --END-- [ RunTime:0.000388s ]
INFO: [ app_end ] --START--
INFO: Run Behavior\ShowPageTraceBehavior [ RunTime:0.000492s ]
INFO: [ app_end ] --END-- [ RunTime:0.000551s ]

[ 2020-06-08T15:43:48+08:00 ] 115.227.174.149 /xn_admin.php?s=/Login/login
INFO: [ app_init ] --START--
INFO: Run Behavior\BuildLiteBehavior [ RunTime:0.000012s ]
INFO: [ app_init ] --END-- [ RunTime:0.000271s ]
INFO: [ app_begin ] --START--
INFO: Run Behavior\ReadHtmlCacheBehavior [ RunTime:0.000322s ]
INFO: [ app_begin ] --END-- [ RunTime:0.000363s ]
SQL: SHOW COLUMNS FROM `my_admin` [ RunTime:0.0013s ]
SQL: SELECT * FROM `my_admin` WHERE `username` = 'admin' LIMIT 1   [ RunTime:0.0002s ]

[ 2020-06-08T15:43:48+08:00 ] 115.227.174.149 /xn_admin.php?s=/Login/verify/id/a_login_1
INFO: [ app_init ] --START--
INFO: Run Behavior\BuildLiteBehavior [ RunTime:0.000019s ]
INFO: [ app_init ] --END-- [ RunTime:0.000453s ]
INFO: [ app_begin ] --START--
INFO: Run Behavior\ReadHtmlCacheBehavior [ RunTime:0.000444s ]
INFO: [ app_begin ] --END-- [ RunTime:0.000485s ]
INFO: [ app_end ] --START--
INFO: Run Behavior\ShowPageTraceBehavior [ RunTime:0.000366s ]
INFO: [ app_end ] --END-- [ RunTime:0.000403s ]

[ 2020-06-08T15:44:06+08:00 ] 106.8.162.6 /xn_admin.php?s=/Login/login
INFO: [ app_init ] --START--
INFO: Run Behavior\BuildLiteBehavior [ RunTime:0.000012s ]
INFO: [ app_init ] --END-- [ RunTime:0.000274s ]
INFO: [ app_begin ] --START--
INFO: Run Behavior\ReadHtmlCacheBehavior [ RunTime:0.000366s ]
INFO: [ app_begin ] --END-- [ RunTime:0.000404s ]
SQL: SHOW COLUMNS FROM `my_admin` [ RunTime:0.0013s ]
SQL: SELECT * FROM `my_admin` WHERE `username` = 'admin' LIMIT 1   [ RunTime:0.0002s ]
SQL: UPDATE `my_admin` SET `logintime`='1591602246',`loginip`='106.8.162.6',`loginnum`='111' WHERE `id` = 1 [ RunTime:0.0003s ]
SQL: SHOW COLUMNS FROM `my_role_user` [ RunTime:0.0060s ]
SQL: SELECT `role_id` FROM `my_role_user` WHERE `user_id` = '1' LIMIT 1   [ RunTime:0.0002s ]

[ 2020-06-08T15:44:06+08:00 ] 106.8.162.6 /xn_admin.php?s=/Index/index
INFO: [ app_init ] --START--
INFO: Run Behavior\BuildLiteBehavior [ RunTime:0.000013s ]
INFO: [ app_init ] --END-- [ RunTime:0.000297s ]
INFO: [ app_begin ] --START--
INFO: Run Behavior\ReadHtmlCacheBehavior [ RunTime:0.000332s ]
INFO: [ app_begin ] --END-- [ RunTime:0.000380s ]
SQL: SHOW COLUMNS FROM `my_menu` [ RunTime:0.0020s ]
SQL: SELECT * FROM `my_menu` WHERE `status` = 1 ORDER BY sort,id  [ RunTime:0.0012s ]
SQL: SELECT * FROM `my_menu` WHERE `status` = 1 AND `quick` = 1 ORDER BY sort,id  [ RunTime:0.0003s ]
INFO: [ view_parse ] --START--
INFO: [ template_filter ] --START--
INFO: Run Behavior\ContentReplaceBehavior [ RunTime:0.000048s ]
INFO: [ template_filter ] --END-- [ RunTime:0.000086s ]
INFO: Run Behavior\ParseTemplateBehavior [ RunTime:0.010316s ]
INFO: [ view_parse ] --END-- [ RunTime:0.010350s ]
INFO: [ view_filter ] --START--
INFO: Run Behavior\WriteHtmlCacheBehavior [ RunTime:0.000133s ]
INFO: [ view_filter ] --END-- [ RunTime:0.000156s ]
INFO: [ app_end ] --START--
INFO: Run Behavior\ShowPageTraceBehavior [ RunTime:0.000345s ]
INFO: [ app_end ] --END-- [ RunTime:0.000375s ]

[ 2020-06-08T15:44:06+08:00 ] 106.8.162.6 /xn_admin.php?s=/Login/verify/id/a_login_1
INFO: [ app_init ] --START--
INFO: Run Behavior\BuildLiteBehavior [ RunTime:0.000015s ]
INFO: [ app_init ] --END-- [ RunTime:0.000296s ]
INFO: [ app_begin ] --START--
INFO: Run Behavior\ReadHtmlCacheBehavior [ RunTime:0.000348s ]
INFO: [ app_begin ] --END-- [ RunTime:0.000381s ]
INFO: [ app_end ] --START--
INFO: Run Behavior\ShowPageTraceBehavior [ RunTime:0.000353s ]
INFO: [ app_end ] --END-- [ RunTime:0.000401s ]

[ 2020-06-08T15:44:06+08:00 ] 106.8.162.6 /xn_admin.php?s=/Public/main
INFO: [ app_init ] --START--
INFO: Run Behavior\BuildLiteBehavior [ RunTime:0.000013s ]
INFO: [ app_init ] --END-- [ RunTime:0.000251s ]
INFO: [ app_begin ] --START--
INFO: Run Behavior\ReadHtmlCacheBehavior [ RunTime:0.000329s ]
INFO: [ app_begin ] --END-- [ RunTime:0.000362s ]
SQL: SELECT VERSION() as ver; [ RunTime:0.0002s ]
INFO: [ view_parse ] --START--
INFO: [ template_filter ] --START--
INFO: Run Behavior\ContentReplaceBehavior [ RunTime:0.000054s ]
INFO: [ template_filter ] --END-- [ RunTime:0.000093s ]
NOTIC: [8] Use of undefined constant session - assumed 'session' /www/wwwroot/zzb.cxzch.cn/App/Runtime/Cache/Manage/189add388cdd1263d35cd37739affe0d.php 第 52 行.
NOTIC: [8] Undefined variable: Think /www/wwwroot/zzb.cxzch.cn/App/Runtime/Cache/Manage/189add388cdd1263d35cd37739affe0d.php 第 52 行.
NOTIC: [8] Use of undefined constant yang_adm_superadmin - assumed 'yang_adm_superadmin' /www/wwwroot/zzb.cxzch.cn/App/Runtime/Cache/Manage/189add388cdd1263d35cd37739affe0d.php 第 52 行.
INFO: Run Behavior\ParseTemplateBehavior [ RunTime:0.005984s ]
INFO: [ view_parse ] --END-- [ RunTime:0.006015s ]
INFO: [ view_filter ] --START--
INFO: Run Behavior\WriteHtmlCacheBehavior [ RunTime:0.000121s ]
INFO: [ view_filter ] --END-- [ RunTime:0.000143s ]
INFO: [ app_end ] --START--
INFO: Run Behavior\ShowPageTraceBehavior [ RunTime:0.000368s ]
INFO: [ app_end ] --END-- [ RunTime:0.000397s ]

[ 2020-06-08T15:44:06+08:00 ] 106.8.162.6 /xn_admin.php?s=/Index/getParentCate&pid=0&rnd=81055
INFO: [ app_init ] --START--
INFO: Run Behavior\BuildLiteBehavior [ RunTime:0.000012s ]
INFO: [ app_init ] --END-- [ RunTime:0.000242s ]
INFO: [ app_begin ] --START--
INFO: Run Behavior\ReadHtmlCacheBehavior [ RunTime:0.000318s ]
INFO: [ app_begin ] --END-- [ RunTime:0.000351s ]
SQL: SHOW COLUMNS FROM `my_category` [ RunTime:0.0012s ]
SQL: SHOW COLUMNS FROM `my_model` [ RunTime:0.0018s ]
SQL: SELECT COUNT(*) AS tp_count FROM my_category category LEFT JOIN my_model model ON category.modelid = model.id WHERE category.pid = 0 AND category.type = 0 LIMIT 1   [ RunTime:0.0003s ]
SQL: SELECT category.id AS id,category.name AS name,category.ename AS ename,category.catpic AS catpic,category.pid AS pid,category.modelid AS modelid,category.type AS type,category.seotitle AS seotitle,category.keywords AS keywords,category.description AS description,category.template_category AS template_category,category.template_list AS template_list,category.template_show AS template_show,category.status AS status,category.sort AS sort,category.property AS property,model.name AS modelname,model.tablename AS tablename FROM my_category category LEFT JOIN my_model model ON category.modelid = model.id WHERE category.pid = 0 AND category.type = 0 ORDER BY category.sort ASC,category.id ASC  [ RunTime:0.0009s ]

[ 2020-06-08T15:44:09+08:00 ] 115.227.174.149 /xn_admin.php?s=/Login/login
INFO: [ app_init ] --START--
INFO: Run Behavior\BuildLiteBehavior [ RunTime:0.000013s ]
INFO: [ app_init ] --END-- [ RunTime:0.000241s ]
INFO: [ app_begin ] --START--
INFO: Run Behavior\ReadHtmlCacheBehavior [ RunTime:0.000384s ]
INFO: [ app_begin ] --END-- [ RunTime:0.000418s ]

[ 2020-06-08T15:44:09+08:00 ] 115.227.174.149 /xn_admin.php?s=/Login/verify/id/a_login_1
INFO: [ app_init ] --START--
INFO: Run Behavior\BuildLiteBehavior [ RunTime:0.000012s ]
INFO: [ app_init ] --END-- [ RunTime:0.000252s ]
INFO: [ app_begin ] --START--
INFO: Run Behavior\ReadHtmlCacheBehavior [ RunTime:0.000392s ]
INFO: [ app_begin ] --END-- [ RunTime:0.000433s ]
INFO: [ app_end ] --START--
INFO: Run Behavior\ShowPageTraceBehavior [ RunTime:0.000394s ]
INFO: [ app_end ] --END-- [ RunTime:0.000435s ]

[ 2020-06-08T15:44:22+08:00 ] 115.227.174.149 /xn_admin.php?s=/Login/login
INFO: [ app_init ] --START--
INFO: Run Behavior\BuildLiteBehavior [ RunTime:0.000011s ]
INFO: [ app_init ] --END-- [ RunTime:0.000273s ]
INFO: [ app_begin ] --START--
INFO: Run Behavior\ReadHtmlCacheBehavior [ RunTime:0.000369s ]
INFO: [ app_begin ] --END-- [ RunTime:0.000407s ]
SQL: SHOW COLUMNS FROM `my_admin` [ RunTime:0.0012s ]
SQL: SELECT * FROM `my_admin` WHERE `username` = 'admin' LIMIT 1   [ RunTime:0.0002s ]
SQL: UPDATE `my_admin` SET `logintime`='1591602262',`loginip`='115.227.174.149',`loginnum`='112' WHERE `id` = 1 [ RunTime:0.0003s ]
SQL: SHOW COLUMNS FROM `my_role_user` [ RunTime:0.0053s ]
SQL: SELECT `role_id` FROM `my_role_user` WHERE `user_id` = '1' LIMIT 1   [ RunTime:0.0002s ]

[ 2020-06-08T15:44:22+08:00 ] 115.227.174.149 /xn_admin.php?s=/Login/verify/id/a_login_1
INFO: [ app_init ] --START--
INFO: Run Behavior\BuildLiteBehavior [ RunTime:0.000012s ]
INFO: [ app_init ] --END-- [ RunTime:0.000265s ]
INFO: [ app_begin ] --START--
INFO: Run Behavior\ReadHtmlCacheBehavior [ RunTime:0.000493s ]
INFO: [ app_begin ] --END-- [ RunTime:0.000534s ]
INFO: [ app_end ] --START--
INFO: Run Behavior\ShowPageTraceBehavior [ RunTime:0.000361s ]
INFO: [ app_end ] --END-- [ RunTime:0.000400s ]

[ 2020-06-08T15:44:22+08:00 ] 115.227.174.149 /xn_admin.php?s=/Index/index
INFO: [ app_init ] --START--
INFO: Run Behavior\BuildLiteBehavior [ RunTime:0.000013s ]
INFO: [ app_init ] --END-- [ RunTime:0.000271s ]
INFO: [ app_begin ] --START--
INFO: Run Behavior\ReadHtmlCacheBehavior [ RunTime:0.000335s ]
INFO: [ app_begin ] --END-- [ RunTime:0.000376s ]
SQL: SHOW COLUMNS FROM `my_menu` [ RunTime:0.0014s ]
SQL: SELECT * FROM `my_menu` WHERE `status` = 1 ORDER BY sort,id  [ RunTime:0.0004s ]
SQL: SELECT * FROM `my_menu` WHERE `status` = 1 AND `quick` = 1 ORDER BY sort,id  [ RunTime:0.0002s ]
INFO: [ view_parse ] --START--
INFO: [ template_filter ] --START--
INFO: Run Behavior\ContentReplaceBehavior [ RunTime:0.000045s ]
INFO: [ template_filter ] --END-- [ RunTime:0.000086s ]
INFO: Run Behavior\ParseTemplateBehavior [ RunTime:0.011401s ]
INFO: [ view_parse ] --END-- [ RunTime:0.011454s ]
INFO: [ view_filter ] --START--
INFO: Run Behavior\WriteHtmlCacheBehavior [ RunTime:0.000180s ]
INFO: [ view_filter ] --END-- [ RunTime:0.000205s ]
INFO: [ app_end ] --START--
INFO: Run Behavior\ShowPageTraceBehavior [ RunTime:0.000387s ]
INFO: [ app_end ] --END-- [ RunTime:0.000417s ]

[ 2020-06-08T15:44:22+08:00 ] 115.227.174.149 /xn_admin.php?s=/Index/getParentCate&pid=0&rnd=16912
INFO: [ app_init ] --START--
INFO: Run Behavior\BuildLiteBehavior [ RunTime:0.000015s ]
INFO: [ app_init ] --END-- [ RunTime:0.000363s ]
INFO: [ app_begin ] --START--
INFO: Run Behavior\ReadHtmlCacheBehavior [ RunTime:0.000450s ]
INFO: [ app_begin ] --END-- [ RunTime:0.000490s ]
SQL: SHOW COLUMNS FROM `my_category` [ RunTime:0.0015s ]
SQL: SHOW COLUMNS FROM `my_model` [ RunTime:0.0009s ]
SQL: SELECT COUNT(*) AS tp_count FROM my_category category LEFT JOIN my_model model ON category.modelid = model.id WHERE category.pid = 0 AND category.type = 0 LIMIT 1   [ RunTime:0.0004s ]
SQL: SELECT category.id AS id,category.name AS name,category.ename AS ename,category.catpic AS catpic,category.pid AS pid,category.modelid AS modelid,category.type AS type,category.seotitle AS seotitle,category.keywords AS keywords,category.description AS description,category.template_category AS template_category,category.template_list AS template_list,category.template_show AS template_show,category.status AS status,category.sort AS sort,category.property AS property,model.name AS modelname,model.tablename AS tablename FROM my_category category LEFT JOIN my_model model ON category.modelid = model.id WHERE category.pid = 0 AND category.type = 0 ORDER BY category.sort ASC,category.id ASC  [ RunTime:0.0005s ]

[ 2020-06-08T15:44:22+08:00 ] 115.227.174.149 /xn_admin.php?s=/Public/main
INFO: [ app_init ] --START--
INFO: Run Behavior\BuildLiteBehavior [ RunTime:0.000012s ]
INFO: [ app_init ] --END-- [ RunTime:0.000246s ]
INFO: [ app_begin ] --START--
INFO: Run Behavior\ReadHtmlCacheBehavior [ RunTime:0.000313s ]
INFO: [ app_begin ] --END-- [ RunTime:0.000347s ]
SQL: SELECT VERSION() as ver; [ RunTime:0.0002s ]
INFO: [ view_parse ] --START--
INFO: [ template_filter ] --START--
INFO: Run Behavior\ContentReplaceBehavior [ RunTime:0.000074s ]
INFO: [ template_filter ] --END-- [ RunTime:0.000133s ]
NOTIC: [8] Use of undefined constant session - assumed 'session' /www/wwwroot/zzb.cxzch.cn/App/Runtime/Cache/Manage/189add388cdd1263d35cd37739affe0d.php 第 52 行.
NOTIC: [8] Undefined variable: Think /www/wwwroot/zzb.cxzch.cn/App/Runtime/Cache/Manage/189add388cdd1263d35cd37739affe0d.php 第 52 行.
NOTIC: [8] Use of undefined constant yang_adm_superadmin - assumed 'yang_adm_superadmin' /www/wwwroot/zzb.cxzch.cn/App/Runtime/Cache/Manage/189add388cdd1263d35cd37739affe0d.php 第 52 行.
INFO: Run Behavior\ParseTemplateBehavior [ RunTime:0.005431s ]
INFO: [ view_parse ] --END-- [ RunTime:0.005470s ]
INFO: [ view_filter ] --START--
INFO: Run Behavior\WriteHtmlCacheBehavior [ RunTime:0.000127s ]
INFO: [ view_filter ] --END-- [ RunTime:0.000151s ]
INFO: [ app_end ] --START--
INFO: Run Behavior\ShowPageTraceBehavior [ RunTime:0.000358s ]
INFO: [ app_end ] --END-- [ RunTime:0.000397s ]

[ 2020-06-08T15:44:24+08:00 ] 106.8.162.6 /xn_admin.php?s=/Category/index
INFO: [ app_init ] --START--
INFO: Run Behavior\BuildLiteBehavior [ RunTime:0.000012s ]
INFO: [ app_init ] --END-- [ RunTime:0.000292s ]
INFO: [ app_begin ] --START--
INFO: Run Behavior\ReadHtmlCacheBehavior [ RunTime:0.000310s ]
INFO: [ app_begin ] --END-- [ RunTime:0.000344s ]
SQL: SHOW COLUMNS FROM `my_category` [ RunTime:0.0015s ]
SQL: SHOW COLUMNS FROM `my_model` [ RunTime:0.0021s ]
SQL: SELECT category.id AS id,category.name AS name,category.ename AS ename,category.catpic AS catpic,category.pid AS pid,category.modelid AS modelid,category.type AS type,category.seotitle AS seotitle,category.keywords AS keywords,category.description AS description,category.template_category AS template_category,category.template_list AS template_list,category.template_show AS template_show,category.status AS status,category.sort AS sort,category.property AS property,model.name AS modelname,model.tablename AS tablename FROM my_category category LEFT JOIN my_model model ON category.modelid = model.id ORDER BY category.sort ASC,category.id ASC  [ RunTime:0.0006s ]
INFO: [ view_parse ] --START--
INFO: [ template_filter ] --START--
INFO: Run Behavior\ContentReplaceBehavior [ RunTime:0.000052s ]
INFO: [ template_filter ] --END-- [ RunTime:0.000097s ]
INFO: Run Behavior\ParseTemplateBehavior [ RunTime:0.016072s ]
INFO: [ view_parse ] --END-- [ RunTime:0.016118s ]
INFO: [ view_filter ] --START--
INFO: Run Behavior\WriteHtmlCacheBehavior [ RunTime:0.000217s ]
INFO: [ view_filter ] --END-- [ RunTime:0.000248s ]
INFO: [ app_end ] --START--
INFO: Run Behavior\ShowPageTraceBehavior [ RunTime:0.003807s ]
INFO: [ app_end ] --END-- [ RunTime:0.003860s ]

[ 2020-06-08T15:44:26+08:00 ] 115.227.174.149 /xn_admin.php?s=/Article/index/pid/16
INFO: [ app_init ] --START--
INFO: Run Behavior\BuildLiteBehavior [ RunTime:0.000012s ]
INFO: [ app_init ] --END-- [ RunTime:0.000268s ]
INFO: [ app_begin ] --START--
INFO: Run Behavior\ReadHtmlCacheBehavior [ RunTime:0.000415s ]
INFO: [ app_begin ] --END-- [ RunTime:0.000449s ]
SQL: SHOW COLUMNS FROM `my_article` [ RunTime:0.0012s ]
SQL: SHOW COLUMNS FROM `my_category` [ RunTime:0.0008s ]
SQL: SELECT COUNT(*) AS tp_count FROM my_article article LEFT JOIN my_category category ON article.cid = category.id WHERE article.status > 0 AND article.cid IN (16,'17','22','20','18') LIMIT 1   [ RunTime:0.0004s ]
SQL: SELECT article.id AS id,article.title AS title,article.shorttitle AS shorttitle,article.color AS color,article.copyfrom AS copyfrom,article.author AS author,article.keywords AS keywords,article.litpic AS litpic,article.description AS description,article.publishtime AS publishtime,article.updatetime AS updatetime,article.click AS click,article.cid AS cid,article.commentflag AS commentflag,article.flag AS flag,article.jumpurl AS jumpurl,article.status AS status,article.userid AS userid,article.aid AS aid,article.ding AS ding,article.cai AS cai,article.tag AS tag,category.name AS catename,category.ename AS ename,category.modelid AS modelid FROM my_article article LEFT JOIN my_category category ON article.cid = category.id WHERE article.status > 0 AND article.cid IN (16,'17','22','20','18') ORDER BY article.id DESC LIMIT 0,10   [ RunTime:0.0006s ]
INFO: [ view_parse ] --START--
INFO: [ template_filter ] --START--
INFO: Run Behavior\ContentReplaceBehavior [ RunTime:0.000072s ]
INFO: [ template_filter ] --END-- [ RunTime:0.000116s ]
NOTIC: [8] Undefined index: p /www/wwwroot/zzb.cxzch.cn/App/Runtime/Cache/Manage/f69c6ef39b3ba6d5c1d51b7a72eb971f.php 第 130 行.
NOTIC: [8] Undefined index: p /www/wwwroot/zzb.cxzch.cn/App/Runtime/Cache/Manage/f69c6ef39b3ba6d5c1d51b7a72eb971f.php 第 131 行.
NOTIC: [8] Undefined index: p /www/wwwroot/zzb.cxzch.cn/App/Runtime/Cache/Manage/f69c6ef39b3ba6d5c1d51b7a72eb971f.php 第 130 行.
NOTIC: [8] Undefined index: p /www/wwwroot/zzb.cxzch.cn/App/Runtime/Cache/Manage/f69c6ef39b3ba6d5c1d51b7a72eb971f.php 第 131 行.
NOTIC: [8] Undefined index: p /www/wwwroot/zzb.cxzch.cn/App/Runtime/Cache/Manage/f69c6ef39b3ba6d5c1d51b7a72eb971f.php 第 130 行.
NOTIC: [8] Undefined index: p /www/wwwroot/zzb.cxzch.cn/App/Runtime/Cache/Manage/f69c6ef39b3ba6d5c1d51b7a72eb971f.php 第 131 行.
NOTIC: [8] Undefined index: p /www/wwwroot/zzb.cxzch.cn/App/Runtime/Cache/Manage/f69c6ef39b3ba6d5c1d51b7a72eb971f.php 第 130 行.
NOTIC: [8] Undefined index: p /www/wwwroot/zzb.cxzch.cn/App/Runtime/Cache/Manage/f69c6ef39b3ba6d5c1d51b7a72eb971f.php 第 131 行.
NOTIC: [8] Undefined index: p /www/wwwroot/zzb.cxzch.cn/App/Runtime/Cache/Manage/f69c6ef39b3ba6d5c1d51b7a72eb971f.php 第 130 行.
NOTIC: [8] Undefined index: p /www/wwwroot/zzb.cxzch.cn/App/Runtime/Cache/Manage/f69c6ef39b3ba6d5c1d51b7a72eb971f.php 第 131 行.
NOTIC: [8] Undefined index: p /www/wwwroot/zzb.cxzch.cn/App/Runtime/Cache/Manage/f69c6ef39b3ba6d5c1d51b7a72eb971f.php 第 130 行.
NOTIC: [8] Undefined index: p /www/wwwroot/zzb.cxzch.cn/App/Runtime/Cache/Manage/f69c6ef39b3ba6d5c1d51b7a72eb971f.php 第 131 行.
NOTIC: [8] Undefined index: p /www/wwwroot/zzb.cxzch.cn/App/Runtime/Cache/Manage/f69c6ef39b3ba6d5c1d51b7a72eb971f.php 第 130 行.
NOTIC: [8] Undefined index: p /www/wwwroot/zzb.cxzch.cn/App/Runtime/Cache/Manage/f69c6ef39b3ba6d5c1d51b7a72eb971f.php 第 131 行.
INFO: Run Behavior\ParseTemplateBehavior [ RunTime:0.019311s ]
INFO: [ view_parse ] --END-- [ RunTime:0.019360s ]
INFO: [ view_filter ] --START--
INFO: Run Behavior\WriteHtmlCacheBehavior [ RunTime:0.000286s ]
INFO: [ view_filter ] --END-- [ RunTime:0.000312s ]
INFO: [ app_end ] --START--
INFO: Run Behavior\ShowPageTraceBehavior [ RunTime:0.000447s ]
INFO: [ app_end ] --END-- [ RunTime:0.000476s ]

[ 2020-06-08T15:44:28+08:00 ] 115.227.174.149 /xn_admin.php?s=/Soft/index/pid/50
INFO: [ app_init ] --START--
INFO: Run Behavior\BuildLiteBehavior [ RunTime:0.000012s ]
INFO: [ app_init ] --END-- [ RunTime:0.000292s ]
INFO: [ app_begin ] --START--
INFO: Run Behavior\ReadHtmlCacheBehavior [ RunTime:0.000396s ]
INFO: [ app_begin ] --END-- [ RunTime:0.000435s ]
SQL: SHOW COLUMNS FROM `my_soft` [ RunTime:0.0016s ]
SQL: SHOW COLUMNS FROM `my_category` [ RunTime:0.0009s ]
SQL: SELECT COUNT(*) AS tp_count FROM my_soft soft LEFT JOIN my_category category ON soft.cid = category.id WHERE soft.status > 0 AND soft.cid IN (50,'56','57','58') LIMIT 1   [ RunTime:0.0003s ]
SQL: SELECT soft.id AS id,soft.title AS title,soft.color AS color,soft.keywords AS keywords,soft.litpic AS litpic,soft.description AS description,soft.version AS version,soft.softtype AS softtype,soft.copytype AS copytype,soft.language AS language,soft.os AS os,soft.filesize AS filesize,soft.officialurl AS officialurl,soft.publishtime AS publishtime,soft.updatetime AS updatetime,soft.click AS click,soft.cid AS cid,soft.commentflag AS commentflag,soft.flag AS flag,soft.jumpurl AS jumpurl,soft.status AS status,soft.userid AS userid,soft.aid AS aid,soft.tag AS tag,soft.demo AS demo,soft.downnum AS downnum,soft.scores AS scores,soft.prop_value AS prop_value,category.name AS catename,category.ename AS ename,category.modelid AS modelid FROM my_soft soft LEFT JOIN my_category category ON soft.cid = category.id WHERE soft.status > 0 AND soft.cid IN (50,'56','57','58') ORDER BY soft.id DESC LIMIT 0,10   [ RunTime:0.0003s ]
INFO: [ view_parse ] --START--
INFO: [ template_filter ] --START--
INFO: Run Behavior\ContentReplaceBehavior [ RunTime:0.000078s ]
INFO: [ template_filter ] --END-- [ RunTime:0.000139s ]
NOTIC: [8] Undefined index: p /www/wwwroot/zzb.cxzch.cn/App/Runtime/Cache/Manage/d300b279c4e10217698ed5a15f81b880.php 第 130 行.
NOTIC: [8] Undefined index: p /www/wwwroot/zzb.cxzch.cn/App/Runtime/Cache/Manage/d300b279c4e10217698ed5a15f81b880.php 第 131 行.
INFO: Run Behavior\ParseTemplateBehavior [ RunTime:0.014648s ]
INFO: [ view_parse ] --END-- [ RunTime:0.014683s ]
INFO: [ view_filter ] --START--
INFO: Run Behavior\WriteHtmlCacheBehavior [ RunTime:0.000128s ]
INFO: [ view_filter ] --END-- [ RunTime:0.000151s ]
INFO: [ app_end ] --START--
INFO: Run Behavior\ShowPageTraceBehavior [ RunTime:0.000368s ]
INFO: [ app_end ] --END-- [ RunTime:0.000398s ]

[ 2020-06-08T15:44:29+08:00 ] 115.227.174.149 /xn_admin.php?s=/Article/index/pid/23
INFO: [ app_init ] --START--
INFO: Run Behavior\BuildLiteBehavior [ RunTime:0.000015s ]
INFO: [ app_init ] --END-- [ RunTime:0.000325s ]
INFO: [ app_begin ] --START--
INFO: Run Behavior\ReadHtmlCacheBehavior [ RunTime:0.000382s ]
INFO: [ app_begin ] --END-- [ RunTime:0.000414s ]
SQL: SHOW COLUMNS FROM `my_article` [ RunTime:0.0014s ]
SQL: SHOW COLUMNS FROM `my_category` [ RunTime:0.0009s ]
SQL: SELECT COUNT(*) AS tp_count FROM my_article article LEFT JOIN my_category category ON article.cid = category.id WHERE article.status > 0 AND article.cid IN (23,'24','25','26','27') LIMIT 1   [ RunTime:0.0004s ]
SQL: SELECT article.id AS id,article.title AS title,article.shorttitle AS shorttitle,article.color AS color,article.copyfrom AS copyfrom,article.author AS author,article.keywords AS keywords,article.litpic AS litpic,article.description AS description,article.publishtime AS publishtime,article.updatetime AS updatetime,article.click AS click,article.cid AS cid,article.commentflag AS commentflag,article.flag AS flag,article.jumpurl AS jumpurl,article.status AS status,article.userid AS userid,article.aid AS aid,article.ding AS ding,article.cai AS cai,article.tag AS tag,category.name AS catename,category.ename AS ename,category.modelid AS modelid FROM my_article article LEFT JOIN my_category category ON article.cid = category.id WHERE article.status > 0 AND article.cid IN (23,'24','25','26','27') ORDER BY article.id DESC LIMIT 0,10   [ RunTime:0.0006s ]
INFO: [ view_parse ] --START--
INFO: [ template_filter ] --START--
INFO: Run Behavior\ContentReplaceBehavior [ RunTime:0.000062s ]
INFO: [ template_filter ] --END-- [ RunTime:0.000109s ]
NOTIC: [8] Undefined index: p /www/wwwroot/zzb.cxzch.cn/App/Runtime/Cache/Manage/f69c6ef39b3ba6d5c1d51b7a72eb971f.php 第 130 行.
NOTIC: [8] Undefined index: p /www/wwwroot/zzb.cxzch.cn/App/Runtime/Cache/Manage/f69c6ef39b3ba6d5c1d51b7a72eb971f.php 第 131 行.
NOTIC: [8] Undefined index: p /www/wwwroot/zzb.cxzch.cn/App/Runtime/Cache/Manage/f69c6ef39b3ba6d5c1d51b7a72eb971f.php 第 130 行.
NOTIC: [8] Undefined index: p /www/wwwroot/zzb.cxzch.cn/App/Runtime/Cache/Manage/f69c6ef39b3ba6d5c1d51b7a72eb971f.php 第 131 行.
NOTIC: [8] Undefined index: p /www/wwwroot/zzb.cxzch.cn/App/Runtime/Cache/Manage/f69c6ef39b3ba6d5c1d51b7a72eb971f.php 第 130 行.
NOTIC: [8] Undefined index: p /www/wwwroot/zzb.cxzch.cn/App/Runtime/Cache/Manage/f69c6ef39b3ba6d5c1d51b7a72eb971f.php 第 131 行.
NOTIC: [8] Undefined index: p /www/wwwroot/zzb.cxzch.cn/App/Runtime/Cache/Manage/f69c6ef39b3ba6d5c1d51b7a72eb971f.php 第 130 行.
NOTIC: [8] Undefined index: p /www/wwwroot/zzb.cxzch.cn/App/Runtime/Cache/Manage/f69c6ef39b3ba6d5c1d51b7a72eb971f.php 第 131 行.
NOTIC: [8] Undefined index: p /www/wwwroot/zzb.cxzch.cn/App/Runtime/Cache/Manage/f69c6ef39b3ba6d5c1d51b7a72eb971f.php 第 130 行.
NOTIC: [8] Undefined index: p /www/wwwroot/zzb.cxzch.cn/App/Runtime/Cache/Manage/f69c6ef39b3ba6d5c1d51b7a72eb971f.php 第 131 行.
NOTIC: [8] Undefined index: p /www/wwwroot/zzb.cxzch.cn/App/Runtime/Cache/Manage/f69c6ef39b3ba6d5c1d51b7a72eb971f.php 第 130 行.
NOTIC: [8] Undefined index: p /www/wwwroot/zzb.cxzch.cn/App/Runtime/Cache/Manage/f69c6ef39b3ba6d5c1d51b7a72eb971f.php 第 131 行.
NOTIC: [8] Undefined index: p /www/wwwroot/zzb.cxzch.cn/App/Runtime/Cache/Manage/f69c6ef39b3ba6d5c1d51b7a72eb971f.php 第 130 行.
NOTIC: [8] Undefined index: p /www/wwwroot/zzb.cxzch.cn/App/Runtime/Cache/Manage/f69c6ef39b3ba6d5c1d51b7a72eb971f.php 第 131 行.
NOTIC: [8] Undefined index: p /www/wwwroot/zzb.cxzch.cn/App/Runtime/Cache/Manage/f69c6ef39b3ba6d5c1d51b7a72eb971f.php 第 130 行.
NOTIC: [8] Undefined index: p /www/wwwroot/zzb.cxzch.cn/App/Runtime/Cache/Manage/f69c6ef39b3ba6d5c1d51b7a72eb971f.php 第 131 行.
INFO: Run Behavior\ParseTemplateBehavior [ RunTime:0.013800s ]
INFO: [ view_parse ] --END-- [ RunTime:0.013832s ]
INFO: [ view_filter ] --START--
INFO: Run Behavior\WriteHtmlCacheBehavior [ RunTime:0.000175s ]
INFO: [ view_filter ] --END-- [ RunTime:0.000199s ]
INFO: [ app_end ] --START--
INFO: Run Behavior\ShowPageTraceBehavior [ RunTime:0.000451s ]
INFO: [ app_end ] --END-- [ RunTime:0.000485s ]

[ 2020-06-08T15:44:29+08:00 ] 115.227.174.149 /xn_admin.php?s=/Article/index/pid/31
INFO: [ app_init ] --START--
INFO: Run Behavior\BuildLiteBehavior [ RunTime:0.000012s ]
INFO: [ app_init ] --END-- [ RunTime:0.000258s ]
INFO: [ app_begin ] --START--
INFO: Run Behavior\ReadHtmlCacheBehavior [ RunTime:0.000399s ]
INFO: [ app_begin ] --END-- [ RunTime:0.000457s ]
SQL: SHOW COLUMNS FROM `my_article` [ RunTime:0.0012s ]
SQL: SHOW COLUMNS FROM `my_category` [ RunTime:0.0009s ]
SQL: SELECT COUNT(*) AS tp_count FROM my_article article LEFT JOIN my_category category ON article.cid = category.id WHERE article.status > 0 AND article.cid IN (31,'32','33','36','34') LIMIT 1   [ RunTime:0.0005s ]
SQL: SELECT article.id AS id,article.title AS title,article.shorttitle AS shorttitle,article.color AS color,article.copyfrom AS copyfrom,article.author AS author,article.keywords AS keywords,article.litpic AS litpic,article.description AS description,article.publishtime AS publishtime,article.updatetime AS updatetime,article.click AS click,article.cid AS cid,article.commentflag AS commentflag,article.flag AS flag,article.jumpurl AS jumpurl,article.status AS status,article.userid AS userid,article.aid AS aid,article.ding AS ding,article.cai AS cai,article.tag AS tag,category.name AS catename,category.ename AS ename,category.modelid AS modelid FROM my_article article LEFT JOIN my_category category ON article.cid = category.id WHERE article.status > 0 AND article.cid IN (31,'32','33','36','34') ORDER BY article.id DESC LIMIT 0,10   [ RunTime:0.0005s ]
INFO: [ view_parse ] --START--
INFO: [ template_filter ] --START--
INFO: Run Behavior\ContentReplaceBehavior [ RunTime:0.000073s ]
INFO: [ template_filter ] --END-- [ RunTime:0.000114s ]
NOTIC: [8] Undefined index: p /www/wwwroot/zzb.cxzch.cn/App/Runtime/Cache/Manage/f69c6ef39b3ba6d5c1d51b7a72eb971f.php 第 130 行.
NOTIC: [8] Undefined index: p /www/wwwroot/zzb.cxzch.cn/App/Runtime/Cache/Manage/f69c6ef39b3ba6d5c1d51b7a72eb971f.php 第 131 行.
NOTIC: [8] Undefined index: p /www/wwwroot/zzb.cxzch.cn/App/Runtime/Cache/Manage/f69c6ef39b3ba6d5c1d51b7a72eb971f.php 第 130 行.
NOTIC: [8] Undefined index: p /www/wwwroot/zzb.cxzch.cn/App/Runtime/Cache/Manage/f69c6ef39b3ba6d5c1d51b7a72eb971f.php 第 131 行.
NOTIC: [8] Undefined index: p /www/wwwroot/zzb.cxzch.cn/App/Runtime/Cache/Manage/f69c6ef39b3ba6d5c1d51b7a72eb971f.php 第 130 行.
NOTIC: [8] Undefined index: p /www/wwwroot/zzb.cxzch.cn/App/Runtime/Cache/Manage/f69c6ef39b3ba6d5c1d51b7a72eb971f.php 第 131 行.
NOTIC: [8] Undefined index: p /www/wwwroot/zzb.cxzch.cn/App/Runtime/Cache/Manage/f69c6ef39b3ba6d5c1d51b7a72eb971f.php 第 130 行.
NOTIC: [8] Undefined index: p /www/wwwroot/zzb.cxzch.cn/App/Runtime/Cache/Manage/f69c6ef39b3ba6d5c1d51b7a72eb971f.php 第 131 行.
NOTIC: [8] Undefined index: p /www/wwwroot/zzb.cxzch.cn/App/Runtime/Cache/Manage/f69c6ef39b3ba6d5c1d51b7a72eb971f.php 第 130 行.
NOTIC: [8] Undefined index: p /www/wwwroot/zzb.cxzch.cn/App/Runtime/Cache/Manage/f69c6ef39b3ba6d5c1d51b7a72eb971f.php 第 131 行.
NOTIC: [8] Undefined index: p /www/wwwroot/zzb.cxzch.cn/App/Runtime/Cache/Manage/f69c6ef39b3ba6d5c1d51b7a72eb971f.php 第 130 行.
NOTIC: [8] Undefined index: p /www/wwwroot/zzb.cxzch.cn/App/Runtime/Cache/Manage/f69c6ef39b3ba6d5c1d51b7a72eb971f.php 第 131 行.
NOTIC: [8] Undefined index: p /www/wwwroot/zzb.cxzch.cn/App/Runtime/Cache/Manage/f69c6ef39b3ba6d5c1d51b7a72eb971f.php 第 130 行.
NOTIC: [8] Undefined index: p /www/wwwroot/zzb.cxzch.cn/App/Runtime/Cache/Manage/f69c6ef39b3ba6d5c1d51b7a72eb971f.php 第 131 行.
INFO: Run Behavior\ParseTemplateBehavior [ RunTime:0.009911s ]
INFO: [ view_parse ] --END-- [ RunTime:0.009946s ]
INFO: [ view_filter ] --START--
INFO: Run Behavior\WriteHtmlCacheBehavior [ RunTime:0.000143s ]
INFO: [ view_filter ] --END-- [ RunTime:0.000166s ]
INFO: [ app_end ] --START--
INFO: Run Behavior\ShowPageTraceBehavior [ RunTime:0.000410s ]
INFO: [ app_end ] --END-- [ RunTime:0.000440s ]

[ 2020-06-08T15:44:30+08:00 ] 115.227.174.149 /xn_admin.php?s=/Page/index/pid/28
INFO: [ app_init ] --START--
INFO: Run Behavior\BuildLiteBehavior [ RunTime:0.000012s ]
INFO: [ app_init ] --END-- [ RunTime:0.000239s ]
INFO: [ app_begin ] --START--
INFO: Run Behavior\ReadHtmlCacheBehavior [ RunTime:0.000330s ]
INFO: [ app_begin ] --END-- [ RunTime:0.000370s ]
SQL: SHOW COLUMNS FROM `my_category` [ RunTime:0.0033s ]
SQL: SELECT * FROM `my_category` WHERE `id` = 28 LIMIT 1   [ RunTime:0.0003s ]
INFO: [ view_parse ] --START--
INFO: [ template_filter ] --START--
INFO: Run Behavior\ContentReplaceBehavior [ RunTime:0.000079s ]
INFO: [ template_filter ] --END-- [ RunTime:0.000143s ]
INFO: Run Behavior\ParseTemplateBehavior [ RunTime:0.007446s ]
INFO: [ view_parse ] --END-- [ RunTime:0.007495s ]
INFO: [ view_filter ] --START--
INFO: Run Behavior\WriteHtmlCacheBehavior [ RunTime:0.000146s ]
INFO: [ view_filter ] --END-- [ RunTime:0.000170s ]
INFO: [ app_end ] --START--
INFO: Run Behavior\ShowPageTraceBehavior [ RunTime:0.000350s ]
INFO: [ app_end ] --END-- [ RunTime:0.000382s ]

[ 2020-06-08T15:44:30+08:00 ] 115.227.174.149 /xn_admin.php?s=/Public/editorMethod&action=config&&noCache=1591602270648
INFO: [ app_init ] --START--
INFO: Run Behavior\BuildLiteBehavior [ RunTime:0.000012s ]
INFO: [ app_init ] --END-- [ RunTime:0.000238s ]
INFO: [ app_begin ] --START--
INFO: Run Behavior\ReadHtmlCacheBehavior [ RunTime:0.000361s ]
INFO: [ app_begin ] --END-- [ RunTime:0.000396s ]
INFO: [ app_end ] --START--
INFO: Run Behavior\ShowPageTraceBehavior [ RunTime:0.000422s ]
INFO: [ app_end ] --END-- [ RunTime:0.000459s ]

[ 2020-06-08T15:44:30+08:00 ] 115.227.174.149 /xn_admin.php?s=/Article/index/pid/46
INFO: [ app_init ] --START--
INFO: Run Behavior\BuildLiteBehavior [ RunTime:0.000011s ]
INFO: [ app_init ] --END-- [ RunTime:0.000275s ]
INFO: [ app_begin ] --START--
INFO: Run Behavior\ReadHtmlCacheBehavior [ RunTime:0.000319s ]
INFO: [ app_begin ] --END-- [ RunTime:0.000374s ]
SQL: SHOW COLUMNS FROM `my_article` [ RunTime:0.0012s ]
SQL: SHOW COLUMNS FROM `my_category` [ RunTime:0.0008s ]
SQL: SELECT COUNT(*) AS tp_count FROM my_article article LEFT JOIN my_category category ON article.cid = category.id WHERE article.status > 0 AND article.cid IN (46,'47','48','49') LIMIT 1   [ RunTime:0.0004s ]
SQL: SELECT article.id AS id,article.title AS title,article.shorttitle AS shorttitle,article.color AS color,article.copyfrom AS copyfrom,article.author AS author,article.keywords AS keywords,article.litpic AS litpic,article.description AS description,article.publishtime AS publishtime,article.updatetime AS updatetime,article.click AS click,article.cid AS cid,article.commentflag AS commentflag,article.flag AS flag,article.jumpurl AS jumpurl,article.status AS status,article.userid AS userid,article.aid AS aid,article.ding AS ding,article.cai AS cai,article.tag AS tag,category.name AS catename,category.ename AS ename,category.modelid AS modelid FROM my_article article LEFT JOIN my_category category ON article.cid = category.id WHERE article.status > 0 AND article.cid IN (46,'47','48','49') ORDER BY article.id DESC LIMIT 0,10   [ RunTime:0.0009s ]
INFO: [ view_parse ] --START--
INFO: [ template_filter ] --START--
INFO: Run Behavior\ContentReplaceBehavior [ RunTime:0.000063s ]
INFO: [ template_filter ] --END-- [ RunTime:0.000133s ]
NOTIC: [8] Undefined index: p /www/wwwroot/zzb.cxzch.cn/App/Runtime/Cache/Manage/f69c6ef39b3ba6d5c1d51b7a72eb971f.php 第 130 行.
NOTIC: [8] Undefined index: p /www/wwwroot/zzb.cxzch.cn/App/Runtime/Cache/Manage/f69c6ef39b3ba6d5c1d51b7a72eb971f.php 第 131 行.
NOTIC: [8] Undefined index: p /www/wwwroot/zzb.cxzch.cn/App/Runtime/Cache/Manage/f69c6ef39b3ba6d5c1d51b7a72eb971f.php 第 130 行.
NOTIC: [8] Undefined index: p /www/wwwroot/zzb.cxzch.cn/App/Runtime/Cache/Manage/f69c6ef39b3ba6d5c1d51b7a72eb971f.php 第 131 行.
NOTIC: [8] Undefined index: p /www/wwwroot/zzb.cxzch.cn/App/Runtime/Cache/Manage/f69c6ef39b3ba6d5c1d51b7a72eb971f.php 第 130 行.
NOTIC: [8] Undefined index: p /www/wwwroot/zzb.cxzch.cn/App/Runtime/Cache/Manage/f69c6ef39b3ba6d5c1d51b7a72eb971f.php 第 131 行.
NOTIC: [8] Undefined index: p /www/wwwroot/zzb.cxzch.cn/App/Runtime/Cache/Manage/f69c6ef39b3ba6d5c1d51b7a72eb971f.php 第 130 行.
NOTIC: [8] Undefined index: p /www/wwwroot/zzb.cxzch.cn/App/Runtime/Cache/Manage/f69c6ef39b3ba6d5c1d51b7a72eb971f.php 第 131 行.
NOTIC: [8] Undefined index: p /www/wwwroot/zzb.cxzch.cn/App/Runtime/Cache/Manage/f69c6ef39b3ba6d5c1d51b7a72eb971f.php 第 130 行.
NOTIC: [8] Undefined index: p /www/wwwroot/zzb.cxzch.cn/App/Runtime/Cache/Manage/f69c6ef39b3ba6d5c1d51b7a72eb971f.php 第 131 行.
NOTIC: [8] Undefined index: p /www/wwwroot/zzb.cxzch.cn/App/Runtime/Cache/Manage/f69c6ef39b3ba6d5c1d51b7a72eb971f.php 第 130 行.
NOTIC: [8] Undefined index: p /www/wwwroot/zzb.cxzch.cn/App/Runtime/Cache/Manage/f69c6ef39b3ba6d5c1d51b7a72eb971f.php 第 131 行.
NOTIC: [8] Undefined index: p /www/wwwroot/zzb.cxzch.cn/App/Runtime/Cache/Manage/f69c6ef39b3ba6d5c1d51b7a72eb971f.php 第 130 行.
NOTIC: [8] Undefined index: p /www/wwwroot/zzb.cxzch.cn/App/Runtime/Cache/Manage/f69c6ef39b3ba6d5c1d51b7a72eb971f.php 第 131 行.
NOTIC: [8] Undefined index: p /www/wwwroot/zzb.cxzch.cn/App/Runtime/Cache/Manage/f69c6ef39b3ba6d5c1d51b7a72eb971f.php 第 130 行.
NOTIC: [8] Undefined index: p /www/wwwroot/zzb.cxzch.cn/App/Runtime/Cache/Manage/f69c6ef39b3ba6d5c1d51b7a72eb971f.php 第 131 行.
INFO: Run Behavior\ParseTemplateBehavior [ RunTime:0.011425s ]
INFO: [ view_parse ] --END-- [ RunTime:0.011459s ]
INFO: [ view_filter ] --START--
INFO: Run Behavior\WriteHtmlCacheBehavior [ RunTime:0.000175s ]
INFO: [ view_filter ] --END-- [ RunTime:0.000199s ]
INFO: [ app_end ] --START--
INFO: Run Behavior\ShowPageTraceBehavior [ RunTime:0.000516s ]
INFO: [ app_end ] --END-- [ RunTime:0.000556s ]

[ 2020-06-08T15:44:32+08:00 ] 115.227.174.149 /xn_admin.php?s=/System/site
INFO: [ app_init ] --START--
INFO: Run Behavior\BuildLiteBehavior [ RunTime:0.000013s ]
INFO: [ app_init ] --END-- [ RunTime:0.000257s ]
INFO: [ app_begin ] --START--
INFO: Run Behavior\ReadHtmlCacheBehavior [ RunTime:0.000313s ]
INFO: [ app_begin ] --END-- [ RunTime:0.000347s ]
SQL: SHOW COLUMNS FROM `my_config` [ RunTime:0.0015s ]
SQL: SELECT * FROM `my_config` ORDER BY groupid,sort  [ RunTime:0.0012s ]
INFO: [ view_parse ] --START--
INFO: [ template_filter ] --START--
INFO: Run Behavior\ContentReplaceBehavior [ RunTime:0.000051s ]
INFO: [ template_filter ] --END-- [ RunTime:0.000105s ]
NOTIC: [2] Invalid argument supplied for foreach() /www/wwwroot/zzb.cxzch.cn/App/Manage/Common/function.php 第 413 行.
INFO: Run Behavior\ParseTemplateBehavior [ RunTime:0.012090s ]
INFO: [ view_parse ] --END-- [ RunTime:0.012131s ]
INFO: [ view_filter ] --START--
INFO: Run Behavior\WriteHtmlCacheBehavior [ RunTime:0.000167s ]
INFO: [ view_filter ] --END-- [ RunTime:0.000193s ]
INFO: [ app_end ] --START--
INFO: Run Behavior\ShowPageTraceBehavior [ RunTime:0.000403s ]
INFO: [ app_end ] --END-- [ RunTime:0.000434s ]

[ 2020-06-08T15:44:33+08:00 ] 115.227.174.149 /xn_admin.php?s=/Collect/page
INFO: [ app_init ] --START--
INFO: Run Behavior\BuildLiteBehavior [ RunTime:0.000013s ]
INFO: [ app_init ] --END-- [ RunTime:0.000248s ]
INFO: [ app_begin ] --START--
INFO: Run Behavior\ReadHtmlCacheBehavior [ RunTime:0.000429s ]
INFO: [ app_begin ] --END-- [ RunTime:0.000476s ]
SQL: SHOW COLUMNS FROM `my_category` [ RunTime:0.0012s ]
SQL: SELECT * FROM `my_category` ORDER BY sort  [ RunTime:0.0005s ]
INFO: [ view_parse ] --START--
INFO: [ template_filter ] --START--
INFO: Run Behavior\ContentReplaceBehavior [ RunTime:0.000055s ]
INFO: [ template_filter ] --END-- [ RunTime:0.000099s ]
INFO: Run Behavior\ParseTemplateBehavior [ RunTime:0.008800s ]
INFO: [ view_parse ] --END-- [ RunTime:0.008845s ]
INFO: [ view_filter ] --START--
INFO: Run Behavior\WriteHtmlCacheBehavior [ RunTime:0.000199s ]
INFO: [ view_filter ] --END-- [ RunTime:0.000246s ]
INFO: [ app_end ] --START--
INFO: Run Behavior\ShowPageTraceBehavior [ RunTime:0.000360s ]
INFO: [ app_end ] --END-- [ RunTime:0.000399s ]

[ 2020-06-08T15:44:35+08:00 ] 115.227.174.149 /xn_admin.php?s=/System/site
INFO: [ app_init ] --START--
INFO: Run Behavior\BuildLiteBehavior [ RunTime:0.000016s ]
INFO: [ app_init ] --END-- [ RunTime:0.000368s ]
INFO: [ app_begin ] --START--
INFO: Run Behavior\ReadHtmlCacheBehavior [ RunTime:0.000358s ]
INFO: [ app_begin ] --END-- [ RunTime:0.000401s ]
SQL: SHOW COLUMNS FROM `my_config` [ RunTime:0.0011s ]
SQL: SELECT * FROM `my_config` ORDER BY groupid,sort  [ RunTime:0.0005s ]
INFO: [ view_parse ] --START--
INFO: [ template_filter ] --START--
INFO: Run Behavior\ContentReplaceBehavior [ RunTime:0.000058s ]
INFO: [ template_filter ] --END-- [ RunTime:0.000094s ]
NOTIC: [2] Invalid argument supplied for foreach() /www/wwwroot/zzb.cxzch.cn/App/Manage/Common/function.php 第 413 行.
INFO: Run Behavior\ParseTemplateBehavior [ RunTime:0.008797s ]
INFO: [ view_parse ] --END-- [ RunTime:0.008829s ]
INFO: [ view_filter ] --START--
INFO: Run Behavior\WriteHtmlCacheBehavior [ RunTime:0.000127s ]
INFO: [ view_filter ] --END-- [ RunTime:0.000150s ]
INFO: [ app_end ] --START--
INFO: Run Behavior\ShowPageTraceBehavior [ RunTime:0.000326s ]
INFO: [ app_end ] --END-- [ RunTime:0.000355s ]

[ 2020-06-08T15:44:50+08:00 ] 115.227.174.149 /xn_admin.php?s=/Article/index/pid/46
INFO: [ app_init ] --START--
INFO: Run Behavior\BuildLiteBehavior [ RunTime:0.000017s ]
INFO: [ app_init ] --END-- [ RunTime:0.000320s ]
INFO: [ app_begin ] --START--
INFO: Run Behavior\ReadHtmlCacheBehavior [ RunTime:0.000348s ]
INFO: [ app_begin ] --END-- [ RunTime:0.000386s ]
SQL: SHOW COLUMNS FROM `my_article` [ RunTime:0.0012s ]
SQL: SHOW COLUMNS FROM `my_category` [ RunTime:0.0010s ]
SQL: SELECT COUNT(*) AS tp_count FROM my_article article LEFT JOIN my_category category ON article.cid = category.id WHERE article.status > 0 AND article.cid IN (46,'47','48','49') LIMIT 1   [ RunTime:0.0006s ]
SQL: SELECT article.id AS id,article.title AS title,article.shorttitle AS shorttitle,article.color AS color,article.copyfrom AS copyfrom,article.author AS author,article.keywords AS keywords,article.litpic AS litpic,article.description AS description,article.publishtime AS publishtime,article.updatetime AS updatetime,article.click AS click,article.cid AS cid,article.commentflag AS commentflag,article.flag AS flag,article.jumpurl AS jumpurl,article.status AS status,article.userid AS userid,article.aid AS aid,article.ding AS ding,article.cai AS cai,article.tag AS tag,category.name AS catename,category.ename AS ename,category.modelid AS modelid FROM my_article article LEFT JOIN my_category category ON article.cid = category.id WHERE article.status > 0 AND article.cid IN (46,'47','48','49') ORDER BY article.id DESC LIMIT 0,10   [ RunTime:0.0005s ]
INFO: [ view_parse ] --START--
INFO: [ template_filter ] --START--
INFO: Run Behavior\ContentReplaceBehavior [ RunTime:0.000061s ]
INFO: [ template_filter ] --END-- [ RunTime:0.000103s ]
NOTIC: [8] Undefined index: p /www/wwwroot/zzb.cxzch.cn/App/Runtime/Cache/Manage/f69c6ef39b3ba6d5c1d51b7a72eb971f.php 第 130 行.
NOTIC: [8] Undefined index: p /www/wwwroot/zzb.cxzch.cn/App/Runtime/Cache/Manage/f69c6ef39b3ba6d5c1d51b7a72eb971f.php 第 131 行.
NOTIC: [8] Undefined index: p /www/wwwroot/zzb.cxzch.cn/App/Runtime/Cache/Manage/f69c6ef39b3ba6d5c1d51b7a72eb971f.php 第 130 行.
NOTIC: [8] Undefined index: p /www/wwwroot/zzb.cxzch.cn/App/Runtime/Cache/Manage/f69c6ef39b3ba6d5c1d51b7a72eb971f.php 第 131 行.
NOTIC: [8] Undefined index: p /www/wwwroot/zzb.cxzch.cn/App/Runtime/Cache/Manage/f69c6ef39b3ba6d5c1d51b7a72eb971f.php 第 130 行.
NOTIC: [8] Undefined index: p /www/wwwroot/zzb.cxzch.cn/App/Runtime/Cache/Manage/f69c6ef39b3ba6d5c1d51b7a72eb971f.php 第 131 行.
NOTIC: [8] Undefined index: p /www/wwwroot/zzb.cxzch.cn/App/Runtime/Cache/Manage/f69c6ef39b3ba6d5c1d51b7a72eb971f.php 第 130 行.
NOTIC: [8] Undefined index: p /www/wwwroot/zzb.cxzch.cn/App/Runtime/Cache/Manage/f69c6ef39b3ba6d5c1d51b7a72eb971f.php 第 131 行.
NOTIC: [8] Undefined index: p /www/wwwroot/zzb.cxzch.cn/App/Runtime/Cache/Manage/f69c6ef39b3ba6d5c1d51b7a72eb971f.php 第 130 行.
NOTIC: [8] Undefined index: p /www/wwwroot/zzb.cxzch.cn/App/Runtime/Cache/Manage/f69c6ef39b3ba6d5c1d51b7a72eb971f.php 第 131 行.
NOTIC: [8] Undefined index: p /www/wwwroot/zzb.cxzch.cn/App/Runtime/Cache/Manage/f69c6ef39b3ba6d5c1d51b7a72eb971f.php 第 130 行.
NOTIC: [8] Undefined index: p /www/wwwroot/zzb.cxzch.cn/App/Runtime/Cache/Manage/f69c6ef39b3ba6d5c1d51b7a72eb971f.php 第 131 行.
NOTIC: [8] Undefined index: p /www/wwwroot/zzb.cxzch.cn/App/Runtime/Cache/Manage/f69c6ef39b3ba6d5c1d51b7a72eb971f.php 第 130 行.
NOTIC: [8] Undefined index: p /www/wwwroot/zzb.cxzch.cn/App/Runtime/Cache/Manage/f69c6ef39b3ba6d5c1d51b7a72eb971f.php 第 131 行.
NOTIC: [8] Undefined index: p /www/wwwroot/zzb.cxzch.cn/App/Runtime/Cache/Manage/f69c6ef39b3ba6d5c1d51b7a72eb971f.php 第 130 行.
NOTIC: [8] Undefined index: p /www/wwwroot/zzb.cxzch.cn/App/Runtime/Cache/Manage/f69c6ef39b3ba6d5c1d51b7a72eb971f.php 第 131 行.
INFO: Run Behavior\ParseTemplateBehavior [ RunTime:0.012387s ]
INFO: [ view_parse ] --END-- [ RunTime:0.012421s ]
INFO: [ view_filter ] --START--
INFO: Run Behavior\WriteHtmlCacheBehavior [ RunTime:0.000142s ]
INFO: [ view_filter ] --END-- [ RunTime:0.000166s ]
INFO: [ app_end ] --START--
INFO: Run Behavior\ShowPageTraceBehavior [ RunTime:0.000368s ]
INFO: [ app_end ] --END-- [ RunTime:0.000397s ]

[ 2020-06-08T15:46:29+08:00 ] 115.227.174.149 /xn_admin.php?s=/Article/index/pid/16
INFO: [ app_init ] --START--
INFO: Run Behavior\BuildLiteBehavior [ RunTime:0.000012s ]
INFO: [ app_init ] --END-- [ RunTime:0.000292s ]
INFO: [ app_begin ] --START--
INFO: Run Behavior\ReadHtmlCacheBehavior [ RunTime:0.000310s ]
INFO: [ app_begin ] --END-- [ RunTime:0.000344s ]
SQL: SHOW COLUMNS FROM `my_article` [ RunTime:0.0012s ]
SQL: SHOW COLUMNS FROM `my_category` [ RunTime:0.0008s ]
SQL: SELECT COUNT(*) AS tp_count FROM my_article article LEFT JOIN my_category category ON article.cid = category.id WHERE article.status > 0 AND article.cid IN (16,'17','22','20','18') LIMIT 1   [ RunTime:0.0004s ]
SQL: SELECT article.id AS id,article.title AS title,article.shorttitle AS shorttitle,article.color AS color,article.copyfrom AS copyfrom,article.author AS author,article.keywords AS keywords,article.litpic AS litpic,article.description AS description,article.publishtime AS publishtime,article.updatetime AS updatetime,article.click AS click,article.cid AS cid,article.commentflag AS commentflag,article.flag AS flag,article.jumpurl AS jumpurl,article.status AS status,article.userid AS userid,article.aid AS aid,article.ding AS ding,article.cai AS cai,article.tag AS tag,category.name AS catename,category.ename AS ename,category.modelid AS modelid FROM my_article article LEFT JOIN my_category category ON article.cid = category.id WHERE article.status > 0 AND article.cid IN (16,'17','22','20','18') ORDER BY article.id DESC LIMIT 0,10   [ RunTime:0.0005s ]
INFO: [ view_parse ] --START--
INFO: [ template_filter ] --START--
INFO: Run Behavior\ContentReplaceBehavior [ RunTime:0.000060s ]
INFO: [ template_filter ] --END-- [ RunTime:0.000097s ]
NOTIC: [8] Undefined index: p /www/wwwroot/zzb.cxzch.cn/App/Runtime/Cache/Manage/f69c6ef39b3ba6d5c1d51b7a72eb971f.php 第 130 行.
NOTIC: [8] Undefined index: p /www/wwwroot/zzb.cxzch.cn/App/Runtime/Cache/Manage/f69c6ef39b3ba6d5c1d51b7a72eb971f.php 第 131 行.
NOTIC: [8] Undefined index: p /www/wwwroot/zzb.cxzch.cn/App/Runtime/Cache/Manage/f69c6ef39b3ba6d5c1d51b7a72eb971f.php 第 130 行.
NOTIC: [8] Undefined index: p /www/wwwroot/zzb.cxzch.cn/App/Runtime/Cache/Manage/f69c6ef39b3ba6d5c1d51b7a72eb971f.php 第 131 行.
NOTIC: [8] Undefined index: p /www/wwwroot/zzb.cxzch.cn/App/Runtime/Cache/Manage/f69c6ef39b3ba6d5c1d51b7a72eb971f.php 第 130 行.
NOTIC: [8] Undefined index: p /www/wwwroot/zzb.cxzch.cn/App/Runtime/Cache/Manage/f69c6ef39b3ba6d5c1d51b7a72eb971f.php 第 131 行.
NOTIC: [8] Undefined index: p /www/wwwroot/zzb.cxzch.cn/App/Runtime/Cache/Manage/f69c6ef39b3ba6d5c1d51b7a72eb971f.php 第 130 行.
NOTIC: [8] Undefined index: p /www/wwwroot/zzb.cxzch.cn/App/Runtime/Cache/Manage/f69c6ef39b3ba6d5c1d51b7a72eb971f.php 第 131 行.
NOTIC: [8] Undefined index: p /www/wwwroot/zzb.cxzch.cn/App/Runtime/Cache/Manage/f69c6ef39b3ba6d5c1d51b7a72eb971f.php 第 130 行.
NOTIC: [8] Undefined index: p /www/wwwroot/zzb.cxzch.cn/App/Runtime/Cache/Manage/f69c6ef39b3ba6d5c1d51b7a72eb971f.php 第 131 行.
NOTIC: [8] Undefined index: p /www/wwwroot/zzb.cxzch.cn/App/Runtime/Cache/Manage/f69c6ef39b3ba6d5c1d51b7a72eb971f.php 第 130 行.
NOTIC: [8] Undefined index: p /www/wwwroot/zzb.cxzch.cn/App/Runtime/Cache/Manage/f69c6ef39b3ba6d5c1d51b7a72eb971f.php 第 131 行.
NOTIC: [8] Undefined index: p /www/wwwroot/zzb.cxzch.cn/App/Runtime/Cache/Manage/f69c6ef39b3ba6d5c1d51b7a72eb971f.php 第 130 行.
NOTIC: [8] Undefined index: p /www/wwwroot/zzb.cxzch.cn/App/Runtime/Cache/Manage/f69c6ef39b3ba6d5c1d51b7a72eb971f.php 第 131 行.
INFO: Run Behavior\ParseTemplateBehavior [ RunTime:0.012686s ]
INFO: [ view_parse ] --END-- [ RunTime:0.012718s ]
INFO: [ view_filter ] --START--
INFO: Run Behavior\WriteHtmlCacheBehavior [ RunTime:0.000122s ]
INFO: [ view_filter ] --END-- [ RunTime:0.000145s ]
INFO: [ app_end ] --START--
INFO: Run Behavior\ShowPageTraceBehavior [ RunTime:0.000325s ]
INFO: [ app_end ] --END-- [ RunTime:0.000355s ]

[ 2020-06-08T15:46:57+08:00 ] 115.227.174.149 /xn_admin.php?s=/Database/index
INFO: [ app_init ] --START--
INFO: Run Behavior\BuildLiteBehavior [ RunTime:0.000011s ]
INFO: [ app_init ] --END-- [ RunTime:0.000233s ]
INFO: [ app_begin ] --START--
INFO: Run Behavior\ReadHtmlCacheBehavior [ RunTime:0.000315s ]
INFO: [ app_begin ] --END-- [ RunTime:0.000347s ]
SQL: SHOW TABLE STATUS [ RunTime:0.0351s ]
INFO: [ view_parse ] --START--
INFO: [ template_filter ] --START--
INFO: Run Behavior\ContentReplaceBehavior [ RunTime:0.000055s ]
INFO: [ template_filter ] --END-- [ RunTime:0.000109s ]
INFO: Run Behavior\ParseTemplateBehavior [ RunTime:0.010825s ]
INFO: [ view_parse ] --END-- [ RunTime:0.010866s ]
INFO: [ view_filter ] --START--
INFO: Run Behavior\WriteHtmlCacheBehavior [ RunTime:0.000135s ]
INFO: [ view_filter ] --END-- [ RunTime:0.000159s ]
INFO: [ app_end ] --START--
INFO: Run Behavior\ShowPageTraceBehavior [ RunTime:0.000445s ]
INFO: [ app_end ] --END-- [ RunTime:0.000476s ]

[ 2020-06-08T15:55:08+08:00 ] 101.89.29.78 /xn_admin.php
INFO: [ app_init ] --START--
INFO: Run Behavior\BuildLiteBehavior [ RunTime:0.000013s ]
INFO: [ app_init ] --END-- [ RunTime:0.000254s ]
INFO: [ app_begin ] --START--
INFO: Run Behavior\ReadHtmlCacheBehavior [ RunTime:0.000317s ]
INFO: [ app_begin ] --END-- [ RunTime:0.000351s ]

[ 2020-06-08T15:55:18+08:00 ] 61.129.6.203 /xn_admin.php
INFO: [ app_init ] --START--
INFO: Run Behavior\BuildLiteBehavior [ RunTime:0.000011s ]
INFO: [ app_init ] --END-- [ RunTime:0.000248s ]
INFO: [ app_begin ] --START--
INFO: Run Behavior\ReadHtmlCacheBehavior [ RunTime:0.000334s ]
INFO: [ app_begin ] --END-- [ RunTime:0.000419s ]

[ 2020-06-08T15:57:10+08:00 ] 115.227.174.149 /xn_admin.php?s=/Index/index
INFO: [ app_init ] --START--
INFO: Run Behavior\BuildLiteBehavior [ RunTime:0.000012s ]
INFO: [ app_init ] --END-- [ RunTime:0.000232s ]
INFO: [ app_begin ] --START--
INFO: Run Behavior\ReadHtmlCacheBehavior [ RunTime:0.000371s ]
INFO: [ app_begin ] --END-- [ RunTime:0.000403s ]
SQL: SHOW COLUMNS FROM `my_menu` [ RunTime:0.0011s ]
SQL: SELECT * FROM `my_menu` WHERE `status` = 1 ORDER BY sort,id  [ RunTime:0.0004s ]
SQL: SELECT * FROM `my_menu` WHERE `status` = 1 AND `quick` = 1 ORDER BY sort,id  [ RunTime:0.0002s ]
INFO: [ view_parse ] --START--
INFO: [ template_filter ] --START--
INFO: Run Behavior\ContentReplaceBehavior [ RunTime:0.000048s ]
INFO: [ template_filter ] --END-- [ RunTime:0.000093s ]
INFO: Run Behavior\ParseTemplateBehavior [ RunTime:0.010629s ]
INFO: [ view_parse ] --END-- [ RunTime:0.010663s ]
INFO: [ view_filter ] --START--
INFO: Run Behavior\WriteHtmlCacheBehavior [ RunTime:0.000141s ]
INFO: [ view_filter ] --END-- [ RunTime:0.000164s ]
INFO: [ app_end ] --START--
INFO: Run Behavior\ShowPageTraceBehavior [ RunTime:0.000387s ]
INFO: [ app_end ] --END-- [ RunTime:0.000422s ]

[ 2020-06-08T15:57:11+08:00 ] 115.227.174.149 /xn_admin.php?s=/Index/getParentCate&pid=0&rnd=986
INFO: [ app_init ] --START--
INFO: Run Behavior\BuildLiteBehavior [ RunTime:0.000014s ]
INFO: [ app_init ] --END-- [ RunTime:0.000284s ]
INFO: [ app_begin ] --START--
INFO: Run Behavior\ReadHtmlCacheBehavior [ RunTime:0.000338s ]
INFO: [ app_begin ] --END-- [ RunTime:0.000373s ]
SQL: SHOW COLUMNS FROM `my_category` [ RunTime:0.0012s ]
SQL: SHOW COLUMNS FROM `my_model` [ RunTime:0.0008s ]
SQL: SELECT COUNT(*) AS tp_count FROM my_category category LEFT JOIN my_model model ON category.modelid = model.id WHERE category.pid = 0 AND category.type = 0 LIMIT 1   [ RunTime:0.0003s ]
SQL: SELECT category.id AS id,category.name AS name,category.ename AS ename,category.catpic AS catpic,category.pid AS pid,category.modelid AS modelid,category.type AS type,category.seotitle AS seotitle,category.keywords AS keywords,category.description AS description,category.template_category AS template_category,category.template_list AS template_list,category.template_show AS template_show,category.status AS status,category.sort AS sort,category.property AS property,model.name AS modelname,model.tablename AS tablename FROM my_category category LEFT JOIN my_model model ON category.modelid = model.id WHERE category.pid = 0 AND category.type = 0 ORDER BY category.sort ASC,category.id ASC  [ RunTime:0.0004s ]

[ 2020-06-08T15:57:11+08:00 ] 115.227.174.149 /xn_admin.php?s=/Public/main
INFO: [ app_init ] --START--
INFO: Run Behavior\BuildLiteBehavior [ RunTime:0.000014s ]
INFO: [ app_init ] --END-- [ RunTime:0.000333s ]
INFO: [ app_begin ] --START--
INFO: Run Behavior\ReadHtmlCacheBehavior [ RunTime:0.000362s ]
INFO: [ app_begin ] --END-- [ RunTime:0.000400s ]
SQL: SELECT VERSION() as ver; [ RunTime:0.0001s ]
INFO: [ view_parse ] --START--
INFO: [ template_filter ] --START--
INFO: Run Behavior\ContentReplaceBehavior [ RunTime:0.000069s ]
INFO: [ template_filter ] --END-- [ RunTime:0.000105s ]
NOTIC: [8] Use of undefined constant session - assumed 'session' /www/wwwroot/zzb.cxzch.cn/App/Runtime/Cache/Manage/189add388cdd1263d35cd37739affe0d.php 第 52 行.
NOTIC: [8] Undefined variable: Think /www/wwwroot/zzb.cxzch.cn/App/Runtime/Cache/Manage/189add388cdd1263d35cd37739affe0d.php 第 52 行.
NOTIC: [8] Use of undefined constant yang_adm_superadmin - assumed 'yang_adm_superadmin' /www/wwwroot/zzb.cxzch.cn/App/Runtime/Cache/Manage/189add388cdd1263d35cd37739affe0d.php 第 52 行.
INFO: Run Behavior\ParseTemplateBehavior [ RunTime:0.004789s ]
INFO: [ view_parse ] --END-- [ RunTime:0.004819s ]
INFO: [ view_filter ] --START--
INFO: Run Behavior\WriteHtmlCacheBehavior [ RunTime:0.000129s ]
INFO: [ view_filter ] --END-- [ RunTime:0.000151s ]
INFO: [ app_end ] --START--
INFO: Run Behavior\ShowPageTraceBehavior [ RunTime:0.000333s ]
INFO: [ app_end ] --END-- [ RunTime:0.000367s ]

[ 2020-06-08T16:00:02+08:00 ] 115.227.174.149 /xn_admin.php?s=/Attachment/index
INFO: [ app_init ] --START--
INFO: Run Behavior\BuildLiteBehavior [ RunTime:0.000014s ]
INFO: [ app_init ] --END-- [ RunTime:0.000242s ]
INFO: [ app_begin ] --START--
INFO: Run Behavior\ReadHtmlCacheBehavior [ RunTime:0.000351s ]
INFO: [ app_begin ] --END-- [ RunTime:0.000388s ]
SQL: SHOW COLUMNS FROM `my_attachment` [ RunTime:0.0014s ]
SQL: SELECT COUNT(*) AS tp_count FROM `my_attachment` LIMIT 1   [ RunTime:0.0002s ]
SQL: SELECT * FROM `my_attachment` ORDER BY id DESC LIMIT 0,10   [ RunTime:0.0014s ]
SQL: SHOW COLUMNS FROM `my_attachmentindex` [ RunTime:0.0010s ]
SQL: SELECT COUNT(*) AS tp_count FROM `my_attachmentindex` WHERE `attid` = 304 LIMIT 1   [ RunTime:0.0003s ]
SQL: SELECT COUNT(*) AS tp_count FROM `my_attachmentindex` WHERE `attid` = 303 LIMIT 1   [ RunTime:0.0002s ]
SQL: SELECT COUNT(*) AS tp_count FROM `my_attachmentindex` WHERE `attid` = 302 LIMIT 1   [ RunTime:0.0001s ]
SQL: SELECT COUNT(*) AS tp_count FROM `my_attachmentindex` WHERE `attid` = 301 LIMIT 1   [ RunTime:0.0002s ]
SQL: SELECT COUNT(*) AS tp_count FROM `my_attachmentindex` WHERE `attid` = 300 LIMIT 1   [ RunTime:0.0001s ]
SQL: SELECT COUNT(*) AS tp_count FROM `my_attachmentindex` WHERE `attid` = 299 LIMIT 1   [ RunTime:0.0001s ]
SQL: SELECT COUNT(*) AS tp_count FROM `my_attachmentindex` WHERE `attid` = 298 LIMIT 1   [ RunTime:0.0001s ]
SQL: SELECT COUNT(*) AS tp_count FROM `my_attachmentindex` WHERE `attid` = 297 LIMIT 1   [ RunTime:0.0002s ]
SQL: SELECT COUNT(*) AS tp_count FROM `my_attachmentindex` WHERE `attid` = 296 LIMIT 1   [ RunTime:0.0001s ]
SQL: SELECT COUNT(*) AS tp_count FROM `my_attachmentindex` WHERE `attid` = 295 LIMIT 1   [ RunTime:0.0001s ]
INFO: [ view_parse ] --START--
INFO: [ template_filter ] --START--
INFO: Run Behavior\ContentReplaceBehavior [ RunTime:0.000054s ]
INFO: [ template_filter ] --END-- [ RunTime:0.000104s ]
INFO: Run Behavior\ParseTemplateBehavior [ RunTime:0.011626s ]
INFO: [ view_parse ] --END-- [ RunTime:0.011663s ]
INFO: [ view_filter ] --START--
INFO: Run Behavior\WriteHtmlCacheBehavior [ RunTime:0.000186s ]
INFO: [ view_filter ] --END-- [ RunTime:0.000215s ]
INFO: [ app_end ] --START--
INFO: Run Behavior\ShowPageTraceBehavior [ RunTime:0.000403s ]
INFO: [ app_end ] --END-- [ RunTime:0.000439s ]

[ 2020-06-08T16:01:38+08:00 ] 115.227.174.149 /xn_admin.php?s=/Page/index/pid/28
INFO: [ app_init ] --START--
INFO: Run Behavior\BuildLiteBehavior [ RunTime:0.000012s ]
INFO: [ app_init ] --END-- [ RunTime:0.000303s ]
INFO: [ app_begin ] --START--
INFO: Run Behavior\ReadHtmlCacheBehavior [ RunTime:0.000446s ]
INFO: [ app_begin ] --END-- [ RunTime:0.000486s ]
SQL: SHOW COLUMNS FROM `my_category` [ RunTime:0.0013s ]
SQL: SELECT * FROM `my_category` WHERE `id` = 28 LIMIT 1   [ RunTime:0.0004s ]
INFO: [ view_parse ] --START--
INFO: [ template_filter ] --START--
INFO: Run Behavior\ContentReplaceBehavior [ RunTime:0.000054s ]
INFO: [ template_filter ] --END-- [ RunTime:0.000090s ]
INFO: Run Behavior\ParseTemplateBehavior [ RunTime:0.008013s ]
INFO: [ view_parse ] --END-- [ RunTime:0.008053s ]
INFO: [ view_filter ] --START--
INFO: Run Behavior\WriteHtmlCacheBehavior [ RunTime:0.000124s ]
INFO: [ view_filter ] --END-- [ RunTime:0.000146s ]
INFO: [ app_end ] --START--
INFO: Run Behavior\ShowPageTraceBehavior [ RunTime:0.000360s ]
INFO: [ app_end ] --END-- [ RunTime:0.000404s ]

[ 2020-06-08T16:01:38+08:00 ] 115.227.174.149 /xn_admin.php?s=/Public/editorMethod&action=config&&noCache=1591603298819
INFO: [ app_init ] --START--
INFO: Run Behavior\BuildLiteBehavior [ RunTime:0.000012s ]
INFO: [ app_init ] --END-- [ RunTime:0.000246s ]
INFO: [ app_begin ] --START--
INFO: Run Behavior\ReadHtmlCacheBehavior [ RunTime:0.000407s ]
INFO: [ app_begin ] --END-- [ RunTime:0.000443s ]
INFO: [ app_end ] --START--
INFO: Run Behavior\ShowPageTraceBehavior [ RunTime:0.000480s ]
INFO: [ app_end ] --END-- [ RunTime:0.000535s ]

[ 2020-06-08T16:01:52+08:00 ] 115.227.174.149 /xn_admin.php?s=/Article/index/pid/46
INFO: [ app_init ] --START--
INFO: Run Behavior\BuildLiteBehavior [ RunTime:0.000012s ]
INFO: [ app_init ] --END-- [ RunTime:0.000234s ]
INFO: [ app_begin ] --START--
INFO: Run Behavior\ReadHtmlCacheBehavior [ RunTime:0.000294s ]
INFO: [ app_begin ] --END-- [ RunTime:0.000326s ]
SQL: SHOW COLUMNS FROM `my_article` [ RunTime:0.0012s ]
SQL: SHOW COLUMNS FROM `my_category` [ RunTime:0.0008s ]
SQL: SELECT COUNT(*) AS tp_count FROM my_article article LEFT JOIN my_category category ON article.cid = category.id WHERE article.status > 0 AND article.cid IN (46,'47','48','49') LIMIT 1   [ RunTime:0.0004s ]
SQL: SELECT article.id AS id,article.title AS title,article.shorttitle AS shorttitle,article.color AS color,article.copyfrom AS copyfrom,article.author AS author,article.keywords AS keywords,article.litpic AS litpic,article.description AS description,article.publishtime AS publishtime,article.updatetime AS updatetime,article.click AS click,article.cid AS cid,article.commentflag AS commentflag,article.flag AS flag,article.jumpurl AS jumpurl,article.status AS status,article.userid AS userid,article.aid AS aid,article.ding AS ding,article.cai AS cai,article.tag AS tag,category.name AS catename,category.ename AS ename,category.modelid AS modelid FROM my_article article LEFT JOIN my_category category ON article.cid = category.id WHERE article.status > 0 AND article.cid IN (46,'47','48','49') ORDER BY article.id DESC LIMIT 0,10   [ RunTime:0.0004s ]
INFO: [ view_parse ] --START--
INFO: [ template_filter ] --START--
INFO: Run Behavior\ContentReplaceBehavior [ RunTime:0.000060s ]
INFO: [ template_filter ] --END-- [ RunTime:0.000099s ]
NOTIC: [8] Undefined index: p /www/wwwroot/zzb.cxzch.cn/App/Runtime/Cache/Manage/f69c6ef39b3ba6d5c1d51b7a72eb971f.php 第 130 行.
NOTIC: [8] Undefined index: p /www/wwwroot/zzb.cxzch.cn/App/Runtime/Cache/Manage/f69c6ef39b3ba6d5c1d51b7a72eb971f.php 第 131 行.
NOTIC: [8] Undefined index: p /www/wwwroot/zzb.cxzch.cn/App/Runtime/Cache/Manage/f69c6ef39b3ba6d5c1d51b7a72eb971f.php 第 130 行.
NOTIC: [8] Undefined index: p /www/wwwroot/zzb.cxzch.cn/App/Runtime/Cache/Manage/f69c6ef39b3ba6d5c1d51b7a72eb971f.php 第 131 行.
NOTIC: [8] Undefined index: p /www/wwwroot/zzb.cxzch.cn/App/Runtime/Cache/Manage/f69c6ef39b3ba6d5c1d51b7a72eb971f.php 第 130 行.
NOTIC: [8] Undefined index: p /www/wwwroot/zzb.cxzch.cn/App/Runtime/Cache/Manage/f69c6ef39b3ba6d5c1d51b7a72eb971f.php 第 131 行.
NOTIC: [8] Undefined index: p /www/wwwroot/zzb.cxzch.cn/App/Runtime/Cache/Manage/f69c6ef39b3ba6d5c1d51b7a72eb971f.php 第 130 行.
NOTIC: [8] Undefined index: p /www/wwwroot/zzb.cxzch.cn/App/Runtime/Cache/Manage/f69c6ef39b3ba6d5c1d51b7a72eb971f.php 第 131 行.
NOTIC: [8] Undefined index: p /www/wwwroot/zzb.cxzch.cn/App/Runtime/Cache/Manage/f69c6ef39b3ba6d5c1d51b7a72eb971f.php 第 130 行.
NOTIC: [8] Undefined index: p /www/wwwroot/zzb.cxzch.cn/App/Runtime/Cache/Manage/f69c6ef39b3ba6d5c1d51b7a72eb971f.php 第 131 行.
NOTIC: [8] Undefined index: p /www/wwwroot/zzb.cxzch.cn/App/Runtime/Cache/Manage/f69c6ef39b3ba6d5c1d51b7a72eb971f.php 第 130 行.
NOTIC: [8] Undefined index: p /www/wwwroot/zzb.cxzch.cn/App/Runtime/Cache/Manage/f69c6ef39b3ba6d5c1d51b7a72eb971f.php 第 131 行.
NOTIC: [8] Undefined index: p /www/wwwroot/zzb.cxzch.cn/App/Runtime/Cache/Manage/f69c6ef39b3ba6d5c1d51b7a72eb971f.php 第 130 行.
NOTIC: [8] Undefined index: p /www/wwwroot/zzb.cxzch.cn/App/Runtime/Cache/Manage/f69c6ef39b3ba6d5c1d51b7a72eb971f.php 第 131 行.
NOTIC: [8] Undefined index: p /www/wwwroot/zzb.cxzch.cn/App/Runtime/Cache/Manage/f69c6ef39b3ba6d5c1d51b7a72eb971f.php 第 130 行.
NOTIC: [8] Undefined index: p /www/wwwroot/zzb.cxzch.cn/App/Runtime/Cache/Manage/f69c6ef39b3ba6d5c1d51b7a72eb971f.php 第 131 行.
INFO: Run Behavior\ParseTemplateBehavior [ RunTime:0.013409s ]
INFO: [ view_parse ] --END-- [ RunTime:0.013447s ]
INFO: [ view_filter ] --START--
INFO: Run Behavior\WriteHtmlCacheBehavior [ RunTime:0.000178s ]
INFO: [ view_filter ] --END-- [ RunTime:0.000203s ]
INFO: [ app_end ] --START--
INFO: Run Behavior\ShowPageTraceBehavior [ RunTime:0.000386s ]
INFO: [ app_end ] --END-- [ RunTime:0.000415s ]

[ 2020-06-08T16:01:53+08:00 ] 115.227.174.149 /xn_admin.php?s=/Page/index/pid/28
INFO: [ app_init ] --START--
INFO: Run Behavior\BuildLiteBehavior [ RunTime:0.000014s ]
INFO: [ app_init ] --END-- [ RunTime:0.000282s ]
INFO: [ app_begin ] --START--
INFO: Run Behavior\ReadHtmlCacheBehavior [ RunTime:0.000307s ]
INFO: [ app_begin ] --END-- [ RunTime:0.000341s ]
SQL: SHOW COLUMNS FROM `my_category` [ RunTime:0.0012s ]
SQL: SELECT * FROM `my_category` WHERE `id` = 28 LIMIT 1   [ RunTime:0.0003s ]
INFO: [ view_parse ] --START--
INFO: [ template_filter ] --START--
INFO: Run Behavior\ContentReplaceBehavior [ RunTime:0.000050s ]
INFO: [ template_filter ] --END-- [ RunTime:0.000082s ]
INFO: Run Behavior\ParseTemplateBehavior [ RunTime:0.005770s ]
INFO: [ view_parse ] --END-- [ RunTime:0.005803s ]
INFO: [ view_filter ] --START--
INFO: Run Behavior\WriteHtmlCacheBehavior [ RunTime:0.000135s ]
INFO: [ view_filter ] --END-- [ RunTime:0.000157s ]
INFO: [ app_end ] --START--
INFO: Run Behavior\ShowPageTraceBehavior [ RunTime:0.000321s ]
INFO: [ app_end ] --END-- [ RunTime:0.000349s ]

[ 2020-06-08T16:01:53+08:00 ] 115.227.174.149 /xn_admin.php?s=/Public/editorMethod&action=config&&noCache=1591603313200
INFO: [ app_init ] --START--
INFO: Run Behavior\BuildLiteBehavior [ RunTime:0.000013s ]
INFO: [ app_init ] --END-- [ RunTime:0.000252s ]
INFO: [ app_begin ] --START--
INFO: Run Behavior\ReadHtmlCacheBehavior [ RunTime:0.000328s ]
INFO: [ app_begin ] --END-- [ RunTime:0.000366s ]
INFO: [ app_end ] --START--
INFO: Run Behavior\ShowPageTraceBehavior [ RunTime:0.000329s ]
INFO: [ app_end ] --END-- [ RunTime:0.000364s ]

[ 2020-06-08T16:01:54+08:00 ] 115.227.174.149 /xn_admin.php?s=/Article/index/pid/46
INFO: [ app_init ] --START--
INFO: Run Behavior\BuildLiteBehavior [ RunTime:0.000013s ]
INFO: [ app_init ] --END-- [ RunTime:0.000242s ]
INFO: [ app_begin ] --START--
INFO: Run Behavior\ReadHtmlCacheBehavior [ RunTime:0.000358s ]
INFO: [ app_begin ] --END-- [ RunTime:0.000404s ]
SQL: SHOW COLUMNS FROM `my_article` [ RunTime:0.0016s ]
SQL: SHOW COLUMNS FROM `my_category` [ RunTime:0.0009s ]
SQL: SELECT COUNT(*) AS tp_count FROM my_article article LEFT JOIN my_category category ON article.cid = category.id WHERE article.status > 0 AND article.cid IN (46,'47','48','49') LIMIT 1   [ RunTime:0.0004s ]
SQL: SELECT article.id AS id,article.title AS title,article.shorttitle AS shorttitle,article.color AS color,article.copyfrom AS copyfrom,article.author AS author,article.keywords AS keywords,article.litpic AS litpic,article.description AS description,article.publishtime AS publishtime,article.updatetime AS updatetime,article.click AS click,article.cid AS cid,article.commentflag AS commentflag,article.flag AS flag,article.jumpurl AS jumpurl,article.status AS status,article.userid AS userid,article.aid AS aid,article.ding AS ding,article.cai AS cai,article.tag AS tag,category.name AS catename,category.ename AS ename,category.modelid AS modelid FROM my_article article LEFT JOIN my_category category ON article.cid = category.id WHERE article.status > 0 AND article.cid IN (46,'47','48','49') ORDER BY article.id DESC LIMIT 0,10   [ RunTime:0.0005s ]
INFO: [ view_parse ] --START--
INFO: [ template_filter ] --START--
INFO: Run Behavior\ContentReplaceBehavior [ RunTime:0.000060s ]
INFO: [ template_filter ] --END-- [ RunTime:0.000106s ]
NOTIC: [8] Undefined index: p /www/wwwroot/zzb.cxzch.cn/App/Runtime/Cache/Manage/f69c6ef39b3ba6d5c1d51b7a72eb971f.php 第 130 行.
NOTIC: [8] Undefined index: p /www/wwwroot/zzb.cxzch.cn/App/Runtime/Cache/Manage/f69c6ef39b3ba6d5c1d51b7a72eb971f.php 第 131 行.
NOTIC: [8] Undefined index: p /www/wwwroot/zzb.cxzch.cn/App/Runtime/Cache/Manage/f69c6ef39b3ba6d5c1d51b7a72eb971f.php 第 130 行.
NOTIC: [8] Undefined index: p /www/wwwroot/zzb.cxzch.cn/App/Runtime/Cache/Manage/f69c6ef39b3ba6d5c1d51b7a72eb971f.php 第 131 行.
NOTIC: [8] Undefined index: p /www/wwwroot/zzb.cxzch.cn/App/Runtime/Cache/Manage/f69c6ef39b3ba6d5c1d51b7a72eb971f.php 第 130 行.
NOTIC: [8] Undefined index: p /www/wwwroot/zzb.cxzch.cn/App/Runtime/Cache/Manage/f69c6ef39b3ba6d5c1d51b7a72eb971f.php 第 131 行.
NOTIC: [8] Undefined index: p /www/wwwroot/zzb.cxzch.cn/App/Runtime/Cache/Manage/f69c6ef39b3ba6d5c1d51b7a72eb971f.php 第 130 行.
NOTIC: [8] Undefined index: p /www/wwwroot/zzb.cxzch.cn/App/Runtime/Cache/Manage/f69c6ef39b3ba6d5c1d51b7a72eb971f.php 第 131 行.
NOTIC: [8] Undefined index: p /www/wwwroot/zzb.cxzch.cn/App/Runtime/Cache/Manage/f69c6ef39b3ba6d5c1d51b7a72eb971f.php 第 130 行.
NOTIC: [8] Undefined index: p /www/wwwroot/zzb.cxzch.cn/App/Runtime/Cache/Manage/f69c6ef39b3ba6d5c1d51b7a72eb971f.php 第 131 行.
NOTIC: [8] Undefined index: p /www/wwwroot/zzb.cxzch.cn/App/Runtime/Cache/Manage/f69c6ef39b3ba6d5c1d51b7a72eb971f.php 第 130 行.
NOTIC: [8] Undefined index: p /www/wwwroot/zzb.cxzch.cn/App/Runtime/Cache/Manage/f69c6ef39b3ba6d5c1d51b7a72eb971f.php 第 131 行.
NOTIC: [8] Undefined index: p /www/wwwroot/zzb.cxzch.cn/App/Runtime/Cache/Manage/f69c6ef39b3ba6d5c1d51b7a72eb971f.php 第 130 行.
NOTIC: [8] Undefined index: p /www/wwwroot/zzb.cxzch.cn/App/Runtime/Cache/Manage/f69c6ef39b3ba6d5c1d51b7a72eb971f.php 第 131 行.
NOTIC: [8] Undefined index: p /www/wwwroot/zzb.cxzch.cn/App/Runtime/Cache/Manage/f69c6ef39b3ba6d5c1d51b7a72eb971f.php 第 130 行.
NOTIC: [8] Undefined index: p /www/wwwroot/zzb.cxzch.cn/App/Runtime/Cache/Manage/f69c6ef39b3ba6d5c1d51b7a72eb971f.php 第 131 行.
INFO: Run Behavior\ParseTemplateBehavior [ RunTime:0.012826s ]
INFO: [ view_parse ] --END-- [ RunTime:0.012872s ]
INFO: [ view_filter ] --START--
INFO: Run Behavior\WriteHtmlCacheBehavior [ RunTime:0.000186s ]
INFO: [ view_filter ] --END-- [ RunTime:0.000212s ]
INFO: [ app_end ] --START--
INFO: Run Behavior\ShowPageTraceBehavior [ RunTime:0.000438s ]
INFO: [ app_end ] --END-- [ RunTime:0.000468s ]

[ 2020-06-08T16:01:57+08:00 ] 115.227.174.149 /xn_admin.php?s=/Article/edit/id/589/pid/46
INFO: [ app_init ] --START--
INFO: Run Behavior\BuildLiteBehavior [ RunTime:0.000012s ]
INFO: [ app_init ] --END-- [ RunTime:0.000272s ]
INFO: [ app_begin ] --START--
INFO: Run Behavior\ReadHtmlCacheBehavior [ RunTime:0.000329s ]
INFO: [ app_begin ] --END-- [ RunTime:0.000364s ]
SQL: SHOW COLUMNS FROM `my_article` [ RunTime:0.0013s ]
SQL: SELECT * FROM `my_article` WHERE `id` = 589 LIMIT 1   [ RunTime:0.0002s ]
INFO: [ view_parse ] --START--
INFO: [ template_filter ] --START--
INFO: Run Behavior\ContentReplaceBehavior [ RunTime:0.000094s ]
INFO: [ template_filter ] --END-- [ RunTime:0.000132s ]
NOTIC: [8] Undefined index: downlink /www/wwwroot/zzb.cxzch.cn/App/Runtime/Cache/Manage/265907633962d780ff7abbe5a5f15f58.php 第 287 行.
NOTIC: [8] Undefined index: video /www/wwwroot/zzb.cxzch.cn/App/Runtime/Cache/Manage/265907633962d780ff7abbe5a5f15f58.php 第 294 行.
NOTIC: [8] Undefined index: p /www/wwwroot/zzb.cxzch.cn/App/Runtime/Cache/Manage/265907633962d780ff7abbe5a5f15f58.php 第 352 行.
INFO: Run Behavior\ParseTemplateBehavior [ RunTime:0.010880s ]
INFO: [ view_parse ] --END-- [ RunTime:0.010910s ]
INFO: [ view_filter ] --START--
INFO: Run Behavior\WriteHtmlCacheBehavior [ RunTime:0.000126s ]
INFO: [ view_filter ] --END-- [ RunTime:0.000148s ]
INFO: [ app_end ] --START--
INFO: Run Behavior\ShowPageTraceBehavior [ RunTime:0.000344s ]
INFO: [ app_end ] --END-- [ RunTime:0.000372s ]

[ 2020-06-08T16:01:57+08:00 ] 115.227.174.149 /xn_admin.php?s=/Public/editorMethod&action=config&&noCache=1591603317856
INFO: [ app_init ] --START--
INFO: Run Behavior\BuildLiteBehavior [ RunTime:0.000012s ]
INFO: [ app_init ] --END-- [ RunTime:0.000247s ]
INFO: [ app_begin ] --START--
INFO: Run Behavior\ReadHtmlCacheBehavior [ RunTime:0.000318s ]
INFO: [ app_begin ] --END-- [ RunTime:0.000351s ]
INFO: [ app_end ] --START--
INFO: Run Behavior\ShowPageTraceBehavior [ RunTime:0.000334s ]
INFO: [ app_end ] --END-- [ RunTime:0.000372s ]

[ 2020-06-08T18:31:14+08:00 ] 106.8.162.6 /xn_admin.php?s=/Category/index
INFO: [ app_init ] --START--
INFO: Run Behavior\BuildLiteBehavior [ RunTime:0.000014s ]
INFO: [ app_init ] --END-- [ RunTime:0.000279s ]
INFO: [ app_begin ] --START--
INFO: Run Behavior\ReadHtmlCacheBehavior [ RunTime:0.000465s ]
INFO: [ app_begin ] --END-- [ RunTime:0.000521s ]
SQL: SHOW COLUMNS FROM `my_category` [ RunTime:0.0008s ]
SQL: SHOW COLUMNS FROM `my_model` [ RunTime:0.0044s ]
SQL: SELECT category.id AS id,category.name AS name,category.ename AS ename,category.catpic AS catpic,category.pid AS pid,category.modelid AS modelid,category.type AS type,category.seotitle AS seotitle,category.keywords AS keywords,category.description AS description,category.template_category AS template_category,category.template_list AS template_list,category.template_show AS template_show,category.status AS status,category.sort AS sort,category.property AS property,model.name AS modelname,model.tablename AS tablename FROM my_category category LEFT JOIN my_model model ON category.modelid = model.id ORDER BY category.sort ASC,category.id ASC  [ RunTime:0.0022s ]
INFO: [ view_parse ] --START--
INFO: [ template_filter ] --START--
INFO: Run Behavior\ContentReplaceBehavior [ RunTime:0.000082s ]
INFO: [ template_filter ] --END-- [ RunTime:0.000141s ]
INFO: Run Behavior\ParseTemplateBehavior [ RunTime:0.028092s ]
INFO: [ view_parse ] --END-- [ RunTime:0.028184s ]
INFO: [ view_filter ] --START--
INFO: Run Behavior\WriteHtmlCacheBehavior [ RunTime:0.000266s ]
INFO: [ view_filter ] --END-- [ RunTime:0.000325s ]
INFO: [ app_end ] --START--
INFO: Run Behavior\ShowPageTraceBehavior [ RunTime:0.000506s ]
INFO: [ app_end ] --END-- [ RunTime:0.000547s ]

