[ 2020-06-15T00:14:19+08:00 ] 192.168.65.3 /xn_admin.php?s=/Category/sort
INFO: [ app_init ] --START--
INFO: Run Behavior\BuildLiteBehavior [ RunTime:0.000019s ]
INFO: [ app_init ] --END-- [ RunTime:0.000079s ]
INFO: [ app_begin ] --START--
INFO: Run Behavior\ReadHtmlCacheBehavior [ RunTime:0.007683s ]
INFO: [ app_begin ] --END-- [ RunTime:0.007756s ]
SQL: SHOW COLUMNS FROM `my_category` [ RunTime:0.0045s ]
SQL: UPDATE `my_category` SET `sort`='1' WHERE `id` = 16 [ RunTime:0.0034s ]
SQL: UPDATE `my_category` SET `sort`='1' WHERE `id` = 17 [ RunTime:0.0045s ]
SQL: UPDATE `my_category` SET `sort`='2' WHERE `id` = 22 [ RunTime:0.0033s ]
SQL: UPDATE `my_category` SET `sort`='3' WHERE `id` = 20 [ RunTime:0.0031s ]
SQL: UPDATE `my_category` SET `sort`='4' WHERE `id` = 18 [ RunTime:0.0023s ]
SQL: UPDATE `my_category` SET `sort`='1' WHERE `id` = 50 [ RunTime:0.0032s ]
SQL: UPDATE `my_category` SET `sort`='1' WHERE `id` = 56 [ RunTime:0.0022s ]
SQL: UPDATE `my_category` SET `sort`='1' WHERE `id` = 57 [ RunTime:0.0026s ]
SQL: UPDATE `my_category` SET `sort`='1' WHERE `id` = 58 [ RunTime:0.0025s ]
SQL: UPDATE `my_category` SET `sort`='6' WHERE `id` = 64 [ RunTime:0.0024s ]
SQL: UPDATE `my_category` SET `sort`='1' WHERE `id` = 65 [ RunTime:0.0023s ]
SQL: UPDATE `my_category` SET `sort`='1' WHERE `id` = 66 [ RunTime:0.0021s ]
SQL: UPDATE `my_category` SET `sort`='1' WHERE `id` = 67 [ RunTime:0.0034s ]
SQL: UPDATE `my_category` SET `sort`='3' WHERE `id` = 31 [ RunTime:0.0022s ]
SQL: UPDATE `my_category` SET `sort`='1' WHERE `id` = 32 [ RunTime:0.0022s ]
SQL: UPDATE `my_category` SET `sort`='2' WHERE `id` = 33 [ RunTime:0.0024s ]
SQL: UPDATE `my_category` SET `sort`='3' WHERE `id` = 36 [ RunTime:0.0024s ]
SQL: UPDATE `my_category` SET `sort`='4' WHERE `id` = 34 [ RunTime:0.0025s ]
SQL: UPDATE `my_category` SET `sort`='4' WHERE `id` = 28 [ RunTime:0.0028s ]
SQL: UPDATE `my_category` SET `sort`='4' WHERE `id` = 46 [ RunTime:0.0028s ]
SQL: UPDATE `my_category` SET `sort`='1' WHERE `id` = 47 [ RunTime:0.0022s ]
SQL: UPDATE `my_category` SET `sort`='1' WHERE `id` = 48 [ RunTime:0.0029s ]
SQL: UPDATE `my_category` SET `sort`='1' WHERE `id` = 49 [ RunTime:0.0019s ]
SQL: UPDATE `my_category` SET `sort`='5' WHERE `id` = 29 [ RunTime:0.0022s ]
SQL: UPDATE `my_category` SET `sort`='1' WHERE `id` = 40 [ RunTime:0.0058s ]
SQL: UPDATE `my_category` SET `sort`='1' WHERE `id` = 41 [ RunTime:0.0031s ]
SQL: UPDATE `my_category` SET `sort`='5' WHERE `id` = 59 [ RunTime:0.0029s ]
SQL: UPDATE `my_category` SET `sort`='1' WHERE `id` = 60 [ RunTime:0.0024s ]
SQL: UPDATE `my_category` SET `sort`='1' WHERE `id` = 61 [ RunTime:0.0031s ]
SQL: UPDATE `my_category` SET `sort`='1' WHERE `id` = 62 [ RunTime:0.0022s ]
SQL: UPDATE `my_category` SET `sort`='1' WHERE `id` = 63 [ RunTime:0.0020s ]
SQL: UPDATE `my_category` SET `sort`='2' WHERE `id` = 23 [ RunTime:0.0041s ]
SQL: UPDATE `my_category` SET `sort`='1' WHERE `id` = 24 [ RunTime:0.0028s ]
SQL: UPDATE `my_category` SET `sort`='1' WHERE `id` = 25 [ RunTime:0.0022s ]
SQL: UPDATE `my_category` SET `sort`='1' WHERE `id` = 26 [ RunTime:0.0033s ]
SQL: UPDATE `my_category` SET `sort`='1' WHERE `id` = 27 [ RunTime:0.0024s ]
SQL: UPDATE `my_category` SET `sort`='6' WHERE `id` = 42 [ RunTime:0.0025s ]
SQL: UPDATE `my_category` SET `sort`='1' WHERE `id` = 53 [ RunTime:0.0028s ]
SQL: UPDATE `my_category` SET `sort`='1' WHERE `id` = 54 [ RunTime:0.0023s ]
SQL: UPDATE `my_category` SET `sort`='1' WHERE `id` = 55 [ RunTime:0.0022s ]
SQL: UPDATE `my_category` SET `sort`='7' WHERE `id` = 69 [ RunTime:0.0028s ]
SQL: UPDATE `my_category` SET `sort`='1' WHERE `id` = 70 [ RunTime:0.0024s ]
SQL: UPDATE `my_category` SET `sort`='1' WHERE `id` = 71 [ RunTime:0.0021s ]
SQL: UPDATE `my_category` SET `sort`='1' WHERE `id` = 72 [ RunTime:0.0022s ]
SQL: UPDATE `my_category` SET `sort`='1' WHERE `id` = 73 [ RunTime:0.0020s ]
SQL: UPDATE `my_category` SET `sort`='8' WHERE `id` = 1 [ RunTime:0.0026s ]
SQL: UPDATE `my_category` SET `sort`='1' WHERE `id` = 14 [ RunTime:0.0025s ]
SQL: UPDATE `my_category` SET `sort`='2' WHERE `id` = 10 [ RunTime:0.0021s ]
SQL: UPDATE `my_category` SET `sort`='3' WHERE `id` = 15 [ RunTime:0.0033s ]
SQL: UPDATE `my_category` SET `sort`='8' WHERE `id` = 74 [ RunTime:0.0033s ]
SQL: UPDATE `my_category` SET `sort`='1' WHERE `id` = 75 [ RunTime:0.0028s ]
SQL: UPDATE `my_category` SET `sort`='1' WHERE `id` = 76 [ RunTime:0.0019s ]
SQL: UPDATE `my_category` SET `sort`='1' WHERE `id` = 77 [ RunTime:0.0021s ]
SQL: UPDATE `my_category` SET `sort`='1' WHERE `id` = 78 [ RunTime:0.0027s ]
SQL: UPDATE `my_category` SET `sort`='99' WHERE `id` = 8 [ RunTime:0.0043s ]
SQL: UPDATE `my_category` SET `sort`='1' WHERE `id` = 79 [ RunTime:0.0024s ]
SQL: UPDATE `my_category` SET `sort`='1' WHERE `id` = 80 [ RunTime:0.0025s ]
SQL: UPDATE `my_category` SET `sort`='1' WHERE `id` = 81 [ RunTime:0.0026s ]
SQL: UPDATE `my_category` SET `sort`='99' WHERE `id` = 9 [ RunTime:0.0025s ]
SQL: UPDATE `my_category` SET `sort`='99' WHERE `id` = 11 [ RunTime:0.0020s ]
INFO: [ view_parse ] --START--
INFO: [ template_filter ] --START--
INFO: Run Behavior\ContentReplaceBehavior [ RunTime:0.000032s ]
INFO: [ template_filter ] --END-- [ RunTime:0.000084s ]
INFO: Run Behavior\ParseTemplateBehavior [ RunTime:0.080917s ]
INFO: [ view_parse ] --END-- [ RunTime:0.081021s ]
INFO: [ view_filter ] --START--
INFO: Run Behavior\WriteHtmlCacheBehavior [ RunTime:0.012683s ]
INFO: [ view_filter ] --END-- [ RunTime:0.012742s ]
INFO: [ app_end ] --START--
INFO: Run Behavior\ShowPageTraceBehavior [ RunTime:0.014230s ]
INFO: [ app_end ] --END-- [ RunTime:0.014282s ]

[ 2020-06-15T00:14:21+08:00 ] 192.168.65.3 /xn_admin.php?s=/Category/index
INFO: [ app_init ] --START--
INFO: Run Behavior\BuildLiteBehavior [ RunTime:0.000019s ]
INFO: [ app_init ] --END-- [ RunTime:0.000076s ]
INFO: [ app_begin ] --START--
INFO: Run Behavior\ReadHtmlCacheBehavior [ RunTime:0.009452s ]
INFO: [ app_begin ] --END-- [ RunTime:0.009515s ]
SQL: SHOW COLUMNS FROM `my_category` [ RunTime:0.0052s ]
SQL: SHOW COLUMNS FROM `my_model` [ RunTime:0.0034s ]
SQL: SELECT category.id AS id,category.name AS name,category.ename AS ename,category.catpic AS catpic,category.pid AS pid,category.modelid AS modelid,category.type AS type,category.seotitle AS seotitle,category.keywords AS keywords,category.description AS description,category.template_category AS template_category,category.template_list AS template_list,category.template_show AS template_show,category.status AS status,category.sort AS sort,category.property AS property,model.name AS modelname,model.tablename AS tablename FROM my_category category LEFT JOIN my_model model ON category.modelid = model.id ORDER BY category.sort ASC,category.id ASC  [ RunTime:0.0041s ]
INFO: [ view_parse ] --START--
INFO: [ template_filter ] --START--
INFO: Run Behavior\ContentReplaceBehavior [ RunTime:0.000204s ]
INFO: [ template_filter ] --END-- [ RunTime:0.000718s ]
INFO: Run Behavior\ParseTemplateBehavior [ RunTime:0.117834s ]
INFO: [ view_parse ] --END-- [ RunTime:0.117893s ]
INFO: [ view_filter ] --START--
INFO: Run Behavior\WriteHtmlCacheBehavior [ RunTime:0.005723s ]
INFO: [ view_filter ] --END-- [ RunTime:0.005776s ]
INFO: [ app_end ] --START--
INFO: Run Behavior\ShowPageTraceBehavior [ RunTime:0.028315s ]
INFO: [ app_end ] --END-- [ RunTime:0.028372s ]

[ 2020-06-15T00:15:08+08:00 ] 192.168.65.3 /xn_admin.php?s=/Category/sort
INFO: [ app_init ] --START--
INFO: Run Behavior\BuildLiteBehavior [ RunTime:0.000019s ]
INFO: [ app_init ] --END-- [ RunTime:0.000075s ]
INFO: [ app_begin ] --START--
INFO: Run Behavior\ReadHtmlCacheBehavior [ RunTime:0.007928s ]
INFO: [ app_begin ] --END-- [ RunTime:0.008032s ]
SQL: SHOW COLUMNS FROM `my_category` [ RunTime:0.0101s ]
SQL: UPDATE `my_category` SET `sort`='1' WHERE `id` = 16 [ RunTime:0.0043s ]
SQL: UPDATE `my_category` SET `sort`='1' WHERE `id` = 17 [ RunTime:0.0030s ]
SQL: UPDATE `my_category` SET `sort`='2' WHERE `id` = 22 [ RunTime:0.0019s ]
SQL: UPDATE `my_category` SET `sort`='3' WHERE `id` = 20 [ RunTime:0.0026s ]
SQL: UPDATE `my_category` SET `sort`='4' WHERE `id` = 18 [ RunTime:0.0024s ]
SQL: UPDATE `my_category` SET `sort`='1' WHERE `id` = 50 [ RunTime:0.0016s ]
SQL: UPDATE `my_category` SET `sort`='1' WHERE `id` = 56 [ RunTime:0.0022s ]
SQL: UPDATE `my_category` SET `sort`='1' WHERE `id` = 57 [ RunTime:0.0020s ]
SQL: UPDATE `my_category` SET `sort`='1' WHERE `id` = 58 [ RunTime:0.0037s ]
SQL: UPDATE `my_category` SET `sort`='2' WHERE `id` = 23 [ RunTime:0.0030s ]
SQL: UPDATE `my_category` SET `sort`='1' WHERE `id` = 24 [ RunTime:0.0022s ]
SQL: UPDATE `my_category` SET `sort`='1' WHERE `id` = 25 [ RunTime:0.0025s ]
SQL: UPDATE `my_category` SET `sort`='1' WHERE `id` = 26 [ RunTime:0.0021s ]
SQL: UPDATE `my_category` SET `sort`='1' WHERE `id` = 27 [ RunTime:0.0020s ]
SQL: UPDATE `my_category` SET `sort`='3' WHERE `id` = 31 [ RunTime:0.0020s ]
SQL: UPDATE `my_category` SET `sort`='1' WHERE `id` = 32 [ RunTime:0.0023s ]
SQL: UPDATE `my_category` SET `sort`='2' WHERE `id` = 33 [ RunTime:0.0031s ]
SQL: UPDATE `my_category` SET `sort`='3' WHERE `id` = 36 [ RunTime:0.0024s ]
SQL: UPDATE `my_category` SET `sort`='4' WHERE `id` = 34 [ RunTime:0.0019s ]
SQL: UPDATE `my_category` SET `sort`='4' WHERE `id` = 28 [ RunTime:0.0023s ]
SQL: UPDATE `my_category` SET `sort`='4' WHERE `id` = 46 [ RunTime:0.0028s ]
SQL: UPDATE `my_category` SET `sort`='1' WHERE `id` = 47 [ RunTime:0.0021s ]
SQL: UPDATE `my_category` SET `sort`='1' WHERE `id` = 48 [ RunTime:0.0032s ]
SQL: UPDATE `my_category` SET `sort`='1' WHERE `id` = 49 [ RunTime:0.0019s ]
SQL: UPDATE `my_category` SET `sort`='5' WHERE `id` = 29 [ RunTime:0.0023s ]
SQL: UPDATE `my_category` SET `sort`='1' WHERE `id` = 40 [ RunTime:0.0025s ]
SQL: UPDATE `my_category` SET `sort`='1' WHERE `id` = 41 [ RunTime:0.0025s ]
SQL: UPDATE `my_category` SET `sort`='5' WHERE `id` = 59 [ RunTime:0.0026s ]
SQL: UPDATE `my_category` SET `sort`='1' WHERE `id` = 60 [ RunTime:0.0026s ]
SQL: UPDATE `my_category` SET `sort`='1' WHERE `id` = 61 [ RunTime:0.0024s ]
SQL: UPDATE `my_category` SET `sort`='1' WHERE `id` = 62 [ RunTime:0.0020s ]
SQL: UPDATE `my_category` SET `sort`='1' WHERE `id` = 63 [ RunTime:0.0024s ]
SQL: UPDATE `my_category` SET `sort`='7' WHERE `id` = 42 [ RunTime:0.0026s ]
SQL: UPDATE `my_category` SET `sort`='1' WHERE `id` = 53 [ RunTime:0.0026s ]
SQL: UPDATE `my_category` SET `sort`='1' WHERE `id` = 54 [ RunTime:0.0027s ]
SQL: UPDATE `my_category` SET `sort`='1' WHERE `id` = 55 [ RunTime:0.0032s ]
SQL: UPDATE `my_category` SET `sort`='6' WHERE `id` = 64 [ RunTime:0.0023s ]
SQL: UPDATE `my_category` SET `sort`='1' WHERE `id` = 65 [ RunTime:0.0022s ]
SQL: UPDATE `my_category` SET `sort`='1' WHERE `id` = 66 [ RunTime:0.0022s ]
SQL: UPDATE `my_category` SET `sort`='1' WHERE `id` = 67 [ RunTime:0.0025s ]
SQL: UPDATE `my_category` SET `sort`='7' WHERE `id` = 69 [ RunTime:0.0022s ]
SQL: UPDATE `my_category` SET `sort`='1' WHERE `id` = 70 [ RunTime:0.0045s ]
SQL: UPDATE `my_category` SET `sort`='1' WHERE `id` = 71 [ RunTime:0.0025s ]
SQL: UPDATE `my_category` SET `sort`='1' WHERE `id` = 72 [ RunTime:0.0021s ]
SQL: UPDATE `my_category` SET `sort`='1' WHERE `id` = 73 [ RunTime:0.0023s ]
SQL: UPDATE `my_category` SET `sort`='8' WHERE `id` = 1 [ RunTime:0.0025s ]
SQL: UPDATE `my_category` SET `sort`='1' WHERE `id` = 14 [ RunTime:0.0022s ]
SQL: UPDATE `my_category` SET `sort`='2' WHERE `id` = 10 [ RunTime:0.0027s ]
SQL: UPDATE `my_category` SET `sort`='3' WHERE `id` = 15 [ RunTime:0.0020s ]
SQL: UPDATE `my_category` SET `sort`='8' WHERE `id` = 74 [ RunTime:0.0019s ]
SQL: UPDATE `my_category` SET `sort`='1' WHERE `id` = 75 [ RunTime:0.0020s ]
SQL: UPDATE `my_category` SET `sort`='1' WHERE `id` = 76 [ RunTime:0.0019s ]
SQL: UPDATE `my_category` SET `sort`='1' WHERE `id` = 77 [ RunTime:0.0019s ]
SQL: UPDATE `my_category` SET `sort`='1' WHERE `id` = 78 [ RunTime:0.0019s ]
SQL: UPDATE `my_category` SET `sort`='99' WHERE `id` = 8 [ RunTime:0.0031s ]
SQL: UPDATE `my_category` SET `sort`='1' WHERE `id` = 79 [ RunTime:0.0030s ]
SQL: UPDATE `my_category` SET `sort`='1' WHERE `id` = 80 [ RunTime:0.0032s ]
SQL: UPDATE `my_category` SET `sort`='1' WHERE `id` = 81 [ RunTime:0.0020s ]
SQL: UPDATE `my_category` SET `sort`='99' WHERE `id` = 9 [ RunTime:0.0020s ]
SQL: UPDATE `my_category` SET `sort`='99' WHERE `id` = 11 [ RunTime:0.0017s ]
INFO: [ view_parse ] --START--
INFO: [ template_filter ] --START--
INFO: Run Behavior\ContentReplaceBehavior [ RunTime:0.000030s ]
INFO: [ template_filter ] --END-- [ RunTime:0.000081s ]
INFO: Run Behavior\ParseTemplateBehavior [ RunTime:0.025022s ]
INFO: [ view_parse ] --END-- [ RunTime:0.025086s ]
INFO: [ view_filter ] --START--
INFO: Run Behavior\WriteHtmlCacheBehavior [ RunTime:0.003674s ]
INFO: [ view_filter ] --END-- [ RunTime:0.003724s ]
INFO: [ app_end ] --START--
INFO: Run Behavior\ShowPageTraceBehavior [ RunTime:0.002630s ]
INFO: [ app_end ] --END-- [ RunTime:0.002682s ]

[ 2020-06-15T00:15:09+08:00 ] 192.168.65.3 /xn_admin.php?s=/Category/index
INFO: [ app_init ] --START--
INFO: Run Behavior\BuildLiteBehavior [ RunTime:0.000019s ]
INFO: [ app_init ] --END-- [ RunTime:0.000076s ]
INFO: [ app_begin ] --START--
INFO: Run Behavior\ReadHtmlCacheBehavior [ RunTime:0.005535s ]
INFO: [ app_begin ] --END-- [ RunTime:0.005591s ]
SQL: SHOW COLUMNS FROM `my_category` [ RunTime:0.0036s ]
SQL: SHOW COLUMNS FROM `my_model` [ RunTime:0.0038s ]
SQL: SELECT category.id AS id,category.name AS name,category.ename AS ename,category.catpic AS catpic,category.pid AS pid,category.modelid AS modelid,category.type AS type,category.seotitle AS seotitle,category.keywords AS keywords,category.description AS description,category.template_category AS template_category,category.template_list AS template_list,category.template_show AS template_show,category.status AS status,category.sort AS sort,category.property AS property,model.name AS modelname,model.tablename AS tablename FROM my_category category LEFT JOIN my_model model ON category.modelid = model.id ORDER BY category.sort ASC,category.id ASC  [ RunTime:0.0177s ]
INFO: [ view_parse ] --START--
INFO: [ template_filter ] --START--
INFO: Run Behavior\ContentReplaceBehavior [ RunTime:0.000069s ]
INFO: [ template_filter ] --END-- [ RunTime:0.000118s ]
INFO: Run Behavior\ParseTemplateBehavior [ RunTime:0.069353s ]
INFO: [ view_parse ] --END-- [ RunTime:0.069414s ]
INFO: [ view_filter ] --START--
INFO: Run Behavior\WriteHtmlCacheBehavior [ RunTime:0.014617s ]
INFO: [ view_filter ] --END-- [ RunTime:0.014844s ]
INFO: [ app_end ] --START--
INFO: Run Behavior\ShowPageTraceBehavior [ RunTime:0.071801s ]
INFO: [ app_end ] --END-- [ RunTime:0.071886s ]

[ 2020-06-15T00:16:06+08:00 ] 192.168.65.3 /xn_admin.php?s=/Category/sort
INFO: [ app_init ] --START--
INFO: Run Behavior\BuildLiteBehavior [ RunTime:0.000018s ]
INFO: [ app_init ] --END-- [ RunTime:0.000074s ]
INFO: [ app_begin ] --START--
INFO: Run Behavior\ReadHtmlCacheBehavior [ RunTime:0.004084s ]
INFO: [ app_begin ] --END-- [ RunTime:0.004262s ]
SQL: SHOW COLUMNS FROM `my_category` [ RunTime:0.0048s ]
SQL: UPDATE `my_category` SET `sort`='1' WHERE `id` = 16 [ RunTime:0.0056s ]
SQL: UPDATE `my_category` SET `sort`='1' WHERE `id` = 17 [ RunTime:0.0023s ]
SQL: UPDATE `my_category` SET `sort`='2' WHERE `id` = 22 [ RunTime:0.0026s ]
SQL: UPDATE `my_category` SET `sort`='3' WHERE `id` = 20 [ RunTime:0.0030s ]
SQL: UPDATE `my_category` SET `sort`='4' WHERE `id` = 18 [ RunTime:0.0024s ]
SQL: UPDATE `my_category` SET `sort`='1' WHERE `id` = 50 [ RunTime:0.0039s ]
SQL: UPDATE `my_category` SET `sort`='1' WHERE `id` = 56 [ RunTime:0.0038s ]
SQL: UPDATE `my_category` SET `sort`='1' WHERE `id` = 57 [ RunTime:0.0030s ]
SQL: UPDATE `my_category` SET `sort`='1' WHERE `id` = 58 [ RunTime:0.0026s ]
SQL: UPDATE `my_category` SET `sort`='2' WHERE `id` = 23 [ RunTime:0.0030s ]
SQL: UPDATE `my_category` SET `sort`='1' WHERE `id` = 24 [ RunTime:0.0026s ]
SQL: UPDATE `my_category` SET `sort`='1' WHERE `id` = 25 [ RunTime:0.0034s ]
SQL: UPDATE `my_category` SET `sort`='1' WHERE `id` = 26 [ RunTime:0.0035s ]
SQL: UPDATE `my_category` SET `sort`='1' WHERE `id` = 27 [ RunTime:0.0028s ]
SQL: UPDATE `my_category` SET `sort`='3' WHERE `id` = 31 [ RunTime:0.0029s ]
SQL: UPDATE `my_category` SET `sort`='1' WHERE `id` = 32 [ RunTime:0.0029s ]
SQL: UPDATE `my_category` SET `sort`='2' WHERE `id` = 33 [ RunTime:0.0024s ]
SQL: UPDATE `my_category` SET `sort`='3' WHERE `id` = 36 [ RunTime:0.0032s ]
SQL: UPDATE `my_category` SET `sort`='4' WHERE `id` = 34 [ RunTime:0.0026s ]
SQL: UPDATE `my_category` SET `sort`='4' WHERE `id` = 28 [ RunTime:0.0032s ]
SQL: UPDATE `my_category` SET `sort`='4' WHERE `id` = 46 [ RunTime:0.0029s ]
SQL: UPDATE `my_category` SET `sort`='1' WHERE `id` = 47 [ RunTime:0.0026s ]
SQL: UPDATE `my_category` SET `sort`='1' WHERE `id` = 48 [ RunTime:0.0031s ]
SQL: UPDATE `my_category` SET `sort`='1' WHERE `id` = 49 [ RunTime:0.0026s ]
SQL: UPDATE `my_category` SET `sort`='5' WHERE `id` = 29 [ RunTime:0.0030s ]
SQL: UPDATE `my_category` SET `sort`='1' WHERE `id` = 40 [ RunTime:0.0023s ]
SQL: UPDATE `my_category` SET `sort`='1' WHERE `id` = 41 [ RunTime:0.0026s ]
SQL: UPDATE `my_category` SET `sort`='5' WHERE `id` = 59 [ RunTime:0.0031s ]
SQL: UPDATE `my_category` SET `sort`='1' WHERE `id` = 60 [ RunTime:0.0025s ]
SQL: UPDATE `my_category` SET `sort`='1' WHERE `id` = 61 [ RunTime:0.0045s ]
SQL: UPDATE `my_category` SET `sort`='1' WHERE `id` = 62 [ RunTime:0.0025s ]
SQL: UPDATE `my_category` SET `sort`='1' WHERE `id` = 63 [ RunTime:0.0050s ]
SQL: UPDATE `my_category` SET `sort`='6' WHERE `id` = 64 [ RunTime:0.0023s ]
SQL: UPDATE `my_category` SET `sort`='1' WHERE `id` = 65 [ RunTime:0.0023s ]
SQL: UPDATE `my_category` SET `sort`='1' WHERE `id` = 66 [ RunTime:0.0029s ]
SQL: UPDATE `my_category` SET `sort`='1' WHERE `id` = 67 [ RunTime:0.0034s ]
SQL: UPDATE `my_category` SET `sort`='9' WHERE `id` = 42 [ RunTime:0.0027s ]
SQL: UPDATE `my_category` SET `sort`='1' WHERE `id` = 53 [ RunTime:0.0024s ]
SQL: UPDATE `my_category` SET `sort`='1' WHERE `id` = 54 [ RunTime:0.0023s ]
SQL: UPDATE `my_category` SET `sort`='1' WHERE `id` = 55 [ RunTime:0.0032s ]
SQL: UPDATE `my_category` SET `sort`='7' WHERE `id` = 69 [ RunTime:0.0029s ]
SQL: UPDATE `my_category` SET `sort`='1' WHERE `id` = 70 [ RunTime:0.0023s ]
SQL: UPDATE `my_category` SET `sort`='1' WHERE `id` = 71 [ RunTime:0.0029s ]
SQL: UPDATE `my_category` SET `sort`='1' WHERE `id` = 72 [ RunTime:0.0026s ]
SQL: UPDATE `my_category` SET `sort`='1' WHERE `id` = 73 [ RunTime:0.0028s ]
SQL: UPDATE `my_category` SET `sort`='8' WHERE `id` = 1 [ RunTime:0.0028s ]
SQL: UPDATE `my_category` SET `sort`='1' WHERE `id` = 14 [ RunTime:0.0031s ]
SQL: UPDATE `my_category` SET `sort`='2' WHERE `id` = 10 [ RunTime:0.0051s ]
SQL: UPDATE `my_category` SET `sort`='3' WHERE `id` = 15 [ RunTime:0.0035s ]
SQL: UPDATE `my_category` SET `sort`='8' WHERE `id` = 74 [ RunTime:0.0024s ]
SQL: UPDATE `my_category` SET `sort`='1' WHERE `id` = 75 [ RunTime:0.0022s ]
SQL: UPDATE `my_category` SET `sort`='1' WHERE `id` = 76 [ RunTime:0.0031s ]
SQL: UPDATE `my_category` SET `sort`='1' WHERE `id` = 77 [ RunTime:0.0029s ]
SQL: UPDATE `my_category` SET `sort`='1' WHERE `id` = 78 [ RunTime:0.0020s ]
SQL: UPDATE `my_category` SET `sort`='99' WHERE `id` = 8 [ RunTime:0.0023s ]
SQL: UPDATE `my_category` SET `sort`='1' WHERE `id` = 79 [ RunTime:0.0050s ]
SQL: UPDATE `my_category` SET `sort`='1' WHERE `id` = 80 [ RunTime:0.0027s ]
SQL: UPDATE `my_category` SET `sort`='1' WHERE `id` = 81 [ RunTime:0.0021s ]
SQL: UPDATE `my_category` SET `sort`='99' WHERE `id` = 9 [ RunTime:0.0020s ]
SQL: UPDATE `my_category` SET `sort`='99' WHERE `id` = 11 [ RunTime:0.0017s ]
INFO: [ view_parse ] --START--
INFO: [ template_filter ] --START--
INFO: Run Behavior\ContentReplaceBehavior [ RunTime:0.000030s ]
INFO: [ template_filter ] --END-- [ RunTime:0.000080s ]
INFO: Run Behavior\ParseTemplateBehavior [ RunTime:0.044508s ]
INFO: [ view_parse ] --END-- [ RunTime:0.044648s ]
INFO: [ view_filter ] --START--
INFO: Run Behavior\WriteHtmlCacheBehavior [ RunTime:0.033836s ]
INFO: [ view_filter ] --END-- [ RunTime:0.033888s ]
INFO: [ app_end ] --START--
INFO: Run Behavior\ShowPageTraceBehavior [ RunTime:0.018054s ]
INFO: [ app_end ] --END-- [ RunTime:0.018108s ]

[ 2020-06-15T00:16:07+08:00 ] 192.168.65.3 /xn_admin.php?s=/Category/index
INFO: [ app_init ] --START--
INFO: Run Behavior\BuildLiteBehavior [ RunTime:0.000019s ]
INFO: [ app_init ] --END-- [ RunTime:0.000079s ]
INFO: [ app_begin ] --START--
INFO: Run Behavior\ReadHtmlCacheBehavior [ RunTime:0.005262s ]
INFO: [ app_begin ] --END-- [ RunTime:0.005330s ]
SQL: SHOW COLUMNS FROM `my_category` [ RunTime:0.0045s ]
SQL: SHOW COLUMNS FROM `my_model` [ RunTime:0.0035s ]
SQL: SELECT category.id AS id,category.name AS name,category.ename AS ename,category.catpic AS catpic,category.pid AS pid,category.modelid AS modelid,category.type AS type,category.seotitle AS seotitle,category.keywords AS keywords,category.description AS description,category.template_category AS template_category,category.template_list AS template_list,category.template_show AS template_show,category.status AS status,category.sort AS sort,category.property AS property,model.name AS modelname,model.tablename AS tablename FROM my_category category LEFT JOIN my_model model ON category.modelid = model.id ORDER BY category.sort ASC,category.id ASC  [ RunTime:0.0043s ]
INFO: [ view_parse ] --START--
INFO: [ template_filter ] --START--
INFO: Run Behavior\ContentReplaceBehavior [ RunTime:0.000071s ]
INFO: [ template_filter ] --END-- [ RunTime:0.000125s ]
INFO: Run Behavior\ParseTemplateBehavior [ RunTime:0.057529s ]
INFO: [ view_parse ] --END-- [ RunTime:0.057588s ]
INFO: [ view_filter ] --START--
INFO: Run Behavior\WriteHtmlCacheBehavior [ RunTime:0.008144s ]
INFO: [ view_filter ] --END-- [ RunTime:0.008718s ]
INFO: [ app_end ] --START--
INFO: Run Behavior\ShowPageTraceBehavior [ RunTime:0.043248s ]
INFO: [ app_end ] --END-- [ RunTime:0.044395s ]

[ 2020-06-15T00:34:37+08:00 ] 192.168.65.3 /xn_admin.php?s=/Soft/index/pid/50
INFO: [ app_init ] --START--
INFO: Run Behavior\BuildLiteBehavior [ RunTime:0.000018s ]
INFO: [ app_init ] --END-- [ RunTime:0.000075s ]
INFO: [ app_begin ] --START--
INFO: Run Behavior\ReadHtmlCacheBehavior [ RunTime:0.003550s ]
INFO: [ app_begin ] --END-- [ RunTime:0.003611s ]
NOTIC: [8] Undefined variable: cate_arr /var/www/html/zzb.cxzch.cn/App/Common/Common/function.php 第 109 行.
SQL: SHOW COLUMNS FROM `my_category` [ RunTime:0.0036s ]
SQL: SHOW COLUMNS FROM `my_model` [ RunTime:0.0030s ]
SQL: SELECT category.id AS id,category.name AS name,category.ename AS ename,category.catpic AS catpic,category.pid AS pid,category.modelid AS modelid,category.type AS type,category.seotitle AS seotitle,category.keywords AS keywords,category.description AS description,category.template_category AS template_category,category.template_list AS template_list,category.template_show AS template_show,category.status AS status,category.sort AS sort,category.property AS property,model.name AS modelname,model.tablename AS tablename FROM my_category category LEFT JOIN my_model model ON category.modelid = model.id ORDER BY category.sort asc,category.id ASC  [ RunTime:0.0047s ]
SQL: SHOW COLUMNS FROM `my_soft` [ RunTime:0.0036s ]
SQL: SELECT COUNT(*) AS tp_count FROM my_soft soft LEFT JOIN my_category category ON soft.cid = category.id WHERE soft.status > 0 AND soft.cid IN (50,'56','57','58') LIMIT 1   [ RunTime:0.0032s ]
SQL: SELECT soft.id AS id,soft.title AS title,soft.color AS color,soft.keywords AS keywords,soft.litpic AS litpic,soft.description AS description,soft.version AS version,soft.softtype AS softtype,soft.copytype AS copytype,soft.language AS language,soft.os AS os,soft.filesize AS filesize,soft.officialurl AS officialurl,soft.publishtime AS publishtime,soft.updatetime AS updatetime,soft.click AS click,soft.cid AS cid,soft.commentflag AS commentflag,soft.flag AS flag,soft.jumpurl AS jumpurl,soft.status AS status,soft.userid AS userid,soft.aid AS aid,soft.tag AS tag,soft.demo AS demo,soft.downnum AS downnum,soft.scores AS scores,soft.prop_value AS prop_value,category.name AS catename,category.ename AS ename,category.modelid AS modelid FROM my_soft soft LEFT JOIN my_category category ON soft.cid = category.id WHERE soft.status > 0 AND soft.cid IN (50,'56','57','58') ORDER BY soft.id DESC LIMIT 0,10   [ RunTime:0.0032s ]
INFO: [ view_parse ] --START--
INFO: [ template_filter ] --START--
INFO: Run Behavior\ContentReplaceBehavior [ RunTime:0.000101s ]
INFO: [ template_filter ] --END-- [ RunTime:0.000150s ]
NOTIC: [8192] Array and string offset access syntax with curly braces is deprecated /var/www/html/zzb.cxzch.cn/Include/Library/Think/Cache/Driver/File.class.php 第 59 行.
NOTIC: [8] Undefined index: p /var/www/html/zzb.cxzch.cn/App/Runtime/Cache/Manage/d300b279c4e10217698ed5a15f81b880.php 第 130 行.
NOTIC: [8] Undefined index: p /var/www/html/zzb.cxzch.cn/App/Runtime/Cache/Manage/d300b279c4e10217698ed5a15f81b880.php 第 131 行.
INFO: Run Behavior\ParseTemplateBehavior [ RunTime:0.115230s ]
INFO: [ view_parse ] --END-- [ RunTime:0.115284s ]
INFO: [ view_filter ] --START--
INFO: Run Behavior\WriteHtmlCacheBehavior [ RunTime:0.004307s ]
INFO: [ view_filter ] --END-- [ RunTime:0.004358s ]
INFO: [ app_end ] --START--
INFO: Run Behavior\ShowPageTraceBehavior [ RunTime:0.004625s ]
INFO: [ app_end ] --END-- [ RunTime:0.004699s ]

[ 2020-06-15T00:35:01+08:00 ] 192.168.65.3 /xn_admin.php?s=/Soft/index/pid/56
INFO: [ app_init ] --START--
INFO: Run Behavior\BuildLiteBehavior [ RunTime:0.000019s ]
INFO: [ app_init ] --END-- [ RunTime:0.000074s ]
INFO: [ app_begin ] --START--
INFO: Run Behavior\ReadHtmlCacheBehavior [ RunTime:0.011070s ]
INFO: [ app_begin ] --END-- [ RunTime:0.011188s ]
NOTIC: [8] Undefined variable: cate_arr /var/www/html/zzb.cxzch.cn/App/Common/Common/function.php 第 109 行.
SQL: SHOW COLUMNS FROM `my_category` [ RunTime:0.0035s ]
SQL: SHOW COLUMNS FROM `my_model` [ RunTime:0.0029s ]
SQL: SELECT category.id AS id,category.name AS name,category.ename AS ename,category.catpic AS catpic,category.pid AS pid,category.modelid AS modelid,category.type AS type,category.seotitle AS seotitle,category.keywords AS keywords,category.description AS description,category.template_category AS template_category,category.template_list AS template_list,category.template_show AS template_show,category.status AS status,category.sort AS sort,category.property AS property,model.name AS modelname,model.tablename AS tablename FROM my_category category LEFT JOIN my_model model ON category.modelid = model.id ORDER BY category.sort asc,category.id ASC  [ RunTime:0.0279s ]
SQL: SHOW COLUMNS FROM `my_soft` [ RunTime:0.0035s ]
SQL: SELECT COUNT(*) AS tp_count FROM my_soft soft LEFT JOIN my_category category ON soft.cid = category.id WHERE soft.status > 0 AND soft.cid IN (56) LIMIT 1   [ RunTime:0.0021s ]
SQL: SELECT soft.id AS id,soft.title AS title,soft.color AS color,soft.keywords AS keywords,soft.litpic AS litpic,soft.description AS description,soft.version AS version,soft.softtype AS softtype,soft.copytype AS copytype,soft.language AS language,soft.os AS os,soft.filesize AS filesize,soft.officialurl AS officialurl,soft.publishtime AS publishtime,soft.updatetime AS updatetime,soft.click AS click,soft.cid AS cid,soft.commentflag AS commentflag,soft.flag AS flag,soft.jumpurl AS jumpurl,soft.status AS status,soft.userid AS userid,soft.aid AS aid,soft.tag AS tag,soft.demo AS demo,soft.downnum AS downnum,soft.scores AS scores,soft.prop_value AS prop_value,category.name AS catename,category.ename AS ename,category.modelid AS modelid FROM my_soft soft LEFT JOIN my_category category ON soft.cid = category.id WHERE soft.status > 0 AND soft.cid IN (56) ORDER BY soft.id DESC LIMIT 0,10   [ RunTime:0.0026s ]
INFO: [ view_parse ] --START--
INFO: [ template_filter ] --START--
INFO: Run Behavior\ContentReplaceBehavior [ RunTime:0.000090s ]
INFO: [ template_filter ] --END-- [ RunTime:0.000142s ]
NOTIC: [8192] Array and string offset access syntax with curly braces is deprecated /var/www/html/zzb.cxzch.cn/Include/Library/Think/Cache/Driver/File.class.php 第 59 行.
NOTIC: [8] Undefined index: p /var/www/html/zzb.cxzch.cn/App/Runtime/Cache/Manage/d300b279c4e10217698ed5a15f81b880.php 第 130 行.
NOTIC: [8] Undefined index: p /var/www/html/zzb.cxzch.cn/App/Runtime/Cache/Manage/d300b279c4e10217698ed5a15f81b880.php 第 131 行.
INFO: Run Behavior\ParseTemplateBehavior [ RunTime:0.092256s ]
INFO: [ view_parse ] --END-- [ RunTime:0.092342s ]
INFO: [ view_filter ] --START--
INFO: Run Behavior\WriteHtmlCacheBehavior [ RunTime:0.009823s ]
INFO: [ view_filter ] --END-- [ RunTime:0.010010s ]
INFO: [ app_end ] --START--
INFO: Run Behavior\ShowPageTraceBehavior [ RunTime:0.004978s ]
INFO: [ app_end ] --END-- [ RunTime:0.005050s ]

[ 2020-06-15T00:35:03+08:00 ] 192.168.65.3 /xn_admin.php?s=/Soft/add/pid/56
INFO: [ app_init ] --START--
INFO: Run Behavior\BuildLiteBehavior [ RunTime:0.000020s ]
INFO: [ app_init ] --END-- [ RunTime:0.000081s ]
INFO: [ app_begin ] --START--
INFO: Run Behavior\ReadHtmlCacheBehavior [ RunTime:0.008074s ]
INFO: [ app_begin ] --END-- [ RunTime:0.008138s ]
NOTIC: [8] Undefined variable: cate_arr /var/www/html/zzb.cxzch.cn/App/Common/Common/function.php 第 109 行.
SQL: SHOW COLUMNS FROM `my_category` [ RunTime:0.0040s ]
SQL: SHOW COLUMNS FROM `my_model` [ RunTime:0.0030s ]
SQL: SELECT category.id AS id,category.name AS name,category.ename AS ename,category.catpic AS catpic,category.pid AS pid,category.modelid AS modelid,category.type AS type,category.seotitle AS seotitle,category.keywords AS keywords,category.description AS description,category.template_category AS template_category,category.template_list AS template_list,category.template_show AS template_show,category.status AS status,category.sort AS sort,category.property AS property,model.name AS modelname,model.tablename AS tablename FROM my_category category LEFT JOIN my_model model ON category.modelid = model.id WHERE category.type = 0 ORDER BY category.sort asc,category.id ASC  [ RunTime:0.0038s ]
NOTIC: [8192] Array and string offset access syntax with curly braces is deprecated /var/www/html/zzb.cxzch.cn/Include/Library/Think/Cache/Driver/File.class.php 第 59 行.
SQL: SHOW COLUMNS FROM `my_iteminfo` [ RunTime:0.0036s ]
SQL: SELECT * FROM `my_iteminfo` WHERE `group` = 'softtype' ORDER BY sort,id  [ RunTime:0.0026s ]
SQL: SELECT * FROM `my_iteminfo` WHERE `group` = 'softlanguage' ORDER BY sort,id  [ RunTime:0.0028s ]
INFO: [ view_parse ] --START--
INFO: [ template_filter ] --START--
INFO: Run Behavior\ContentReplaceBehavior [ RunTime:0.000203s ]
INFO: [ template_filter ] --END-- [ RunTime:0.000897s ]
SQL: SELECT category.property AS property FROM my_category category LEFT JOIN my_model model ON category.modelid = model.id WHERE category.id = 56 LIMIT 1   [ RunTime:0.0028s ]
NOTIC: [8] Undefined variable: vo /var/www/html/zzb.cxzch.cn/App/Runtime/Cache/Manage/e9f1a0fdaf31183fe2c4172efcc94b3a.php 第 541 行.
NOTIC: [8] Trying to access array offset on value of type null /var/www/html/zzb.cxzch.cn/App/Runtime/Cache/Manage/e9f1a0fdaf31183fe2c4172efcc94b3a.php 第 541 行.
INFO: Run Behavior\ParseTemplateBehavior [ RunTime:0.115623s ]
INFO: [ view_parse ] --END-- [ RunTime:0.115675s ]
INFO: [ view_filter ] --START--
INFO: Run Behavior\WriteHtmlCacheBehavior [ RunTime:0.008566s ]
INFO: [ view_filter ] --END-- [ RunTime:0.008734s ]
INFO: [ app_end ] --START--
INFO: Run Behavior\ShowPageTraceBehavior [ RunTime:0.052126s ]
INFO: [ app_end ] --END-- [ RunTime:0.052193s ]

[ 2020-06-15T00:35:04+08:00 ] 192.168.65.3 /xn_admin.php?s=/Public/editorMethod&action=config&&noCache=1592152503794
INFO: [ app_init ] --START--
INFO: Run Behavior\BuildLiteBehavior [ RunTime:0.000020s ]
INFO: [ app_init ] --END-- [ RunTime:0.000158s ]
INFO: [ app_begin ] --START--
INFO: Run Behavior\ReadHtmlCacheBehavior [ RunTime:0.005762s ]
INFO: [ app_begin ] --END-- [ RunTime:0.005817s ]
INFO: [ app_end ] --START--
INFO: Run Behavior\ShowPageTraceBehavior [ RunTime:0.004482s ]
INFO: [ app_end ] --END-- [ RunTime:0.004538s ]

[ 2020-06-15T00:35:16+08:00 ] 192.168.65.3 /xn_admin.php?s=/Soft/edit/id/49/pid/56
INFO: [ app_init ] --START--
INFO: Run Behavior\BuildLiteBehavior [ RunTime:0.000020s ]
INFO: [ app_init ] --END-- [ RunTime:0.000075s ]
INFO: [ app_begin ] --START--
INFO: Run Behavior\ReadHtmlCacheBehavior [ RunTime:0.004631s ]
INFO: [ app_begin ] --END-- [ RunTime:0.004686s ]
NOTIC: [8] Undefined variable: cate_arr /var/www/html/zzb.cxzch.cn/App/Common/Common/function.php 第 109 行.
SQL: SHOW COLUMNS FROM `my_category` [ RunTime:0.0029s ]
SQL: SHOW COLUMNS FROM `my_model` [ RunTime:0.0027s ]
SQL: SELECT category.id AS id,category.name AS name,category.ename AS ename,category.catpic AS catpic,category.pid AS pid,category.modelid AS modelid,category.type AS type,category.seotitle AS seotitle,category.keywords AS keywords,category.description AS description,category.template_category AS template_category,category.template_list AS template_list,category.template_show AS template_show,category.status AS status,category.sort AS sort,category.property AS property,model.name AS modelname,model.tablename AS tablename FROM my_category category LEFT JOIN my_model model ON category.modelid = model.id WHERE category.type = 0 ORDER BY category.sort asc,category.id ASC  [ RunTime:0.0040s ]
SQL: SHOW COLUMNS FROM `my_soft` [ RunTime:0.0033s ]
SQL: SELECT * FROM `my_soft` WHERE `id` = 49 LIMIT 1   [ RunTime:0.0041s ]
NOTIC: [8192] Array and string offset access syntax with curly braces is deprecated /var/www/html/zzb.cxzch.cn/Include/Library/Think/Cache/Driver/File.class.php 第 59 行.
INFO: [ view_parse ] --START--
INFO: [ template_filter ] --START--
INFO: Run Behavior\ContentReplaceBehavior [ RunTime:0.000171s ]
INFO: [ template_filter ] --END-- [ RunTime:0.000219s ]
SQL: SELECT category.property AS property FROM my_category category LEFT JOIN my_model model ON category.modelid = model.id WHERE category.id = 56 LIMIT 1   [ RunTime:0.0025s ]
NOTIC: [8] Undefined index: p /var/www/html/zzb.cxzch.cn/App/Runtime/Cache/Manage/f72476c68f81e381d77c94e80cf52b03.php 第 565 行.
INFO: Run Behavior\ParseTemplateBehavior [ RunTime:0.049729s ]
INFO: [ view_parse ] --END-- [ RunTime:0.049823s ]
INFO: [ view_filter ] --START--
INFO: Run Behavior\WriteHtmlCacheBehavior [ RunTime:0.008125s ]
INFO: [ view_filter ] --END-- [ RunTime:0.008220s ]
INFO: [ app_end ] --START--
INFO: Run Behavior\ShowPageTraceBehavior [ RunTime:0.050778s ]
INFO: [ app_end ] --END-- [ RunTime:0.050854s ]

[ 2020-06-15T00:35:16+08:00 ] 192.168.65.3 /xn_admin.php?s=/Public/editorMethod&action=config&&noCache=1592152516667
INFO: [ app_init ] --START--
INFO: Run Behavior\BuildLiteBehavior [ RunTime:0.000018s ]
INFO: [ app_init ] --END-- [ RunTime:0.000071s ]
INFO: [ app_begin ] --START--
INFO: Run Behavior\ReadHtmlCacheBehavior [ RunTime:0.004925s ]
INFO: [ app_begin ] --END-- [ RunTime:0.004982s ]
INFO: [ app_end ] --START--
INFO: Run Behavior\ShowPageTraceBehavior [ RunTime:0.003855s ]
INFO: [ app_end ] --END-- [ RunTime:0.003912s ]

[ 2020-06-15T01:14:44+08:00 ] 122.235.86.22 /xn_admin.php?s=/Index/index
INFO: [ app_init ] --START--
INFO: Run Behavior\BuildLiteBehavior [ RunTime:0.000017s ]
INFO: [ app_init ] --END-- [ RunTime:0.000309s ]
INFO: [ app_begin ] --START--
INFO: Run Behavior\ReadHtmlCacheBehavior [ RunTime:0.000409s ]
INFO: [ app_begin ] --END-- [ RunTime:0.000455s ]

[ 2020-06-15T01:14:45+08:00 ] 122.235.86.22 /xn_admin.php?s=/Index/index
INFO: [ app_init ] --START--
INFO: Run Behavior\BuildLiteBehavior [ RunTime:0.000014s ]
INFO: [ app_init ] --END-- [ RunTime:0.000281s ]
INFO: [ app_begin ] --START--
INFO: Run Behavior\ReadHtmlCacheBehavior [ RunTime:0.000361s ]
INFO: [ app_begin ] --END-- [ RunTime:0.000411s ]

[ 2020-06-15T01:14:45+08:00 ] 122.235.86.22 /xn_admin.php?s=/Login/index
INFO: [ app_init ] --START--
INFO: Run Behavior\BuildLiteBehavior [ RunTime:0.000014s ]
INFO: [ app_init ] --END-- [ RunTime:0.000286s ]
INFO: [ app_begin ] --START--
INFO: Run Behavior\ReadHtmlCacheBehavior [ RunTime:0.000392s ]
INFO: [ app_begin ] --END-- [ RunTime:0.000449s ]
INFO: [ view_parse ] --START--
INFO: [ template_filter ] --START--
INFO: Run Behavior\ContentReplaceBehavior [ RunTime:0.000049s ]
INFO: [ template_filter ] --END-- [ RunTime:0.000103s ]
INFO: Run Behavior\ParseTemplateBehavior [ RunTime:0.005326s ]
INFO: [ view_parse ] --END-- [ RunTime:0.005366s ]
INFO: [ view_filter ] --START--
INFO: Run Behavior\WriteHtmlCacheBehavior [ RunTime:0.000094s ]
INFO: [ view_filter ] --END-- [ RunTime:0.000125s ]
INFO: [ app_end ] --START--
INFO: Run Behavior\ShowPageTraceBehavior [ RunTime:0.000396s ]
INFO: [ app_end ] --END-- [ RunTime:0.000434s ]

[ 2020-06-15T01:14:45+08:00 ] 122.235.86.22 /xn_admin.php?s=/Login/verify/id/a_login_1
INFO: [ app_init ] --START--
INFO: Run Behavior\BuildLiteBehavior [ RunTime:0.000014s ]
INFO: [ app_init ] --END-- [ RunTime:0.000267s ]
INFO: [ app_begin ] --START--
INFO: Run Behavior\ReadHtmlCacheBehavior [ RunTime:0.000375s ]
INFO: [ app_begin ] --END-- [ RunTime:0.000428s ]
INFO: [ app_end ] --START--
INFO: Run Behavior\ShowPageTraceBehavior [ RunTime:0.000658s ]
INFO: [ app_end ] --END-- [ RunTime:0.000747s ]

[ 2020-06-15T01:14:54+08:00 ] 122.235.86.22 /xn_admin.php?s=/Login/login
INFO: [ app_init ] --START--
INFO: Run Behavior\BuildLiteBehavior [ RunTime:0.000014s ]
INFO: [ app_init ] --END-- [ RunTime:0.000294s ]
INFO: [ app_begin ] --START--
INFO: Run Behavior\ReadHtmlCacheBehavior [ RunTime:0.000470s ]
INFO: [ app_begin ] --END-- [ RunTime:0.000539s ]
SQL: SHOW COLUMNS FROM `my_admin` [ RunTime:0.0007s ]
SQL: SELECT * FROM `my_admin` WHERE `username` = 'admin' LIMIT 1   [ RunTime:0.0008s ]
SQL: UPDATE `my_admin` SET `logintime`='1592154894',`loginip`='122.235.86.22',`loginnum`='113' WHERE `id` = 1 [ RunTime:0.0003s ]
SQL: SHOW COLUMNS FROM `my_role_user` [ RunTime:0.0005s ]
SQL: SELECT `role_id` FROM `my_role_user` WHERE `user_id` = '1' LIMIT 1   [ RunTime:0.0001s ]

[ 2020-06-15T01:14:54+08:00 ] 122.235.86.22 /xn_admin.php?s=/Login/verify/id/a_login_1
INFO: [ app_init ] --START--
INFO: Run Behavior\BuildLiteBehavior [ RunTime:0.000014s ]
INFO: [ app_init ] --END-- [ RunTime:0.000267s ]
INFO: [ app_begin ] --START--
INFO: Run Behavior\ReadHtmlCacheBehavior [ RunTime:0.000364s ]
INFO: [ app_begin ] --END-- [ RunTime:0.000411s ]
INFO: [ app_end ] --START--
INFO: Run Behavior\ShowPageTraceBehavior [ RunTime:0.000469s ]
INFO: [ app_end ] --END-- [ RunTime:0.000519s ]

[ 2020-06-15T01:14:55+08:00 ] 122.235.86.22 /xn_admin.php?s=/Index/index
INFO: [ app_init ] --START--
INFO: Run Behavior\BuildLiteBehavior [ RunTime:0.000015s ]
INFO: [ app_init ] --END-- [ RunTime:0.000339s ]
INFO: [ app_begin ] --START--
INFO: Run Behavior\ReadHtmlCacheBehavior [ RunTime:0.000381s ]
INFO: [ app_begin ] --END-- [ RunTime:0.000431s ]
SQL: SHOW COLUMNS FROM `my_menu` [ RunTime:0.0007s ]
SQL: SELECT * FROM `my_menu` WHERE `status` = 1 ORDER BY sort,id  [ RunTime:0.0033s ]
SQL: SELECT * FROM `my_menu` WHERE `status` = 1 AND `quick` = 1 ORDER BY sort,id  [ RunTime:0.0003s ]
INFO: [ view_parse ] --START--
INFO: [ template_filter ] --START--
INFO: Run Behavior\ContentReplaceBehavior [ RunTime:0.000077s ]
INFO: [ template_filter ] --END-- [ RunTime:0.000139s ]
INFO: Run Behavior\ParseTemplateBehavior [ RunTime:0.014050s ]
INFO: [ view_parse ] --END-- [ RunTime:0.014112s ]
INFO: [ view_filter ] --START--
INFO: Run Behavior\WriteHtmlCacheBehavior [ RunTime:0.000146s ]
INFO: [ view_filter ] --END-- [ RunTime:0.000183s ]
INFO: [ app_end ] --START--
INFO: Run Behavior\ShowPageTraceBehavior [ RunTime:0.000470s ]
INFO: [ app_end ] --END-- [ RunTime:0.000513s ]

[ 2020-06-15T01:14:55+08:00 ] 122.235.86.22 /xn_admin.php?s=/Index/getParentCate&pid=0&rnd=48585
INFO: [ app_init ] --START--
INFO: Run Behavior\BuildLiteBehavior [ RunTime:0.000013s ]
INFO: [ app_init ] --END-- [ RunTime:0.000261s ]
INFO: [ app_begin ] --START--
INFO: Run Behavior\ReadHtmlCacheBehavior [ RunTime:0.000349s ]
INFO: [ app_begin ] --END-- [ RunTime:0.000390s ]
SQL: SHOW COLUMNS FROM `my_category` [ RunTime:0.0008s ]
SQL: SHOW COLUMNS FROM `my_model` [ RunTime:0.0005s ]
SQL: SELECT COUNT(*) AS tp_count FROM my_category category LEFT JOIN my_model model ON category.modelid = model.id WHERE category.pid = 0 AND category.type = 0 LIMIT 1   [ RunTime:0.0003s ]
SQL: SELECT category.id AS id,category.name AS name,category.ename AS ename,category.catpic AS catpic,category.pid AS pid,category.modelid AS modelid,category.type AS type,category.seotitle AS seotitle,category.keywords AS keywords,category.description AS description,category.template_category AS template_category,category.template_list AS template_list,category.template_show AS template_show,category.status AS status,category.sort AS sort,category.property AS property,model.name AS modelname,model.tablename AS tablename FROM my_category category LEFT JOIN my_model model ON category.modelid = model.id WHERE category.pid = 0 AND category.type = 0 ORDER BY category.sort ASC,category.id ASC  [ RunTime:0.0005s ]

[ 2020-06-15T01:14:56+08:00 ] 122.235.86.22 /xn_admin.php?s=/Public/main
INFO: [ app_init ] --START--
INFO: Run Behavior\BuildLiteBehavior [ RunTime:0.000015s ]
INFO: [ app_init ] --END-- [ RunTime:0.000300s ]
INFO: [ app_begin ] --START--
INFO: Run Behavior\ReadHtmlCacheBehavior [ RunTime:0.000548s ]
INFO: [ app_begin ] --END-- [ RunTime:0.000622s ]
SQL: SELECT VERSION() as ver; [ RunTime:0.0090s ]
INFO: [ view_parse ] --START--
INFO: [ template_filter ] --START--
INFO: Run Behavior\ContentReplaceBehavior [ RunTime:0.000073s ]
INFO: [ template_filter ] --END-- [ RunTime:0.000126s ]
NOTIC: [8] Use of undefined constant session - assumed 'session' /www/wwwroot/zzb.cxzch.cn/App/Runtime/Cache/Manage/189add388cdd1263d35cd37739affe0d.php 第 52 行.
NOTIC: [8] Undefined variable: Think /www/wwwroot/zzb.cxzch.cn/App/Runtime/Cache/Manage/189add388cdd1263d35cd37739affe0d.php 第 52 行.
NOTIC: [8] Use of undefined constant yang_adm_superadmin - assumed 'yang_adm_superadmin' /www/wwwroot/zzb.cxzch.cn/App/Runtime/Cache/Manage/189add388cdd1263d35cd37739affe0d.php 第 52 行.
INFO: Run Behavior\ParseTemplateBehavior [ RunTime:0.006406s ]
INFO: [ view_parse ] --END-- [ RunTime:0.006449s ]
INFO: [ view_filter ] --START--
INFO: Run Behavior\WriteHtmlCacheBehavior [ RunTime:0.000202s ]
INFO: [ view_filter ] --END-- [ RunTime:0.000237s ]
INFO: [ app_end ] --START--
INFO: Run Behavior\ShowPageTraceBehavior [ RunTime:0.000423s ]
INFO: [ app_end ] --END-- [ RunTime:0.000458s ]

[ 2020-06-15T01:14:57+08:00 ] 122.235.86.22 /xn_admin.php?s=/Category/index
INFO: [ app_init ] --START--
INFO: Run Behavior\BuildLiteBehavior [ RunTime:0.000020s ]
INFO: [ app_init ] --END-- [ RunTime:0.000391s ]
INFO: [ app_begin ] --START--
INFO: Run Behavior\ReadHtmlCacheBehavior [ RunTime:0.000516s ]
INFO: [ app_begin ] --END-- [ RunTime:0.000605s ]
SQL: SHOW COLUMNS FROM `my_category` [ RunTime:0.0008s ]
SQL: SHOW COLUMNS FROM `my_model` [ RunTime:0.0006s ]
SQL: SELECT category.id AS id,category.name AS name,category.ename AS ename,category.catpic AS catpic,category.pid AS pid,category.modelid AS modelid,category.type AS type,category.seotitle AS seotitle,category.keywords AS keywords,category.description AS description,category.template_category AS template_category,category.template_list AS template_list,category.template_show AS template_show,category.status AS status,category.sort AS sort,category.property AS property,model.name AS modelname,model.tablename AS tablename FROM my_category category LEFT JOIN my_model model ON category.modelid = model.id ORDER BY category.sort ASC,category.id ASC  [ RunTime:0.0009s ]
INFO: [ view_parse ] --START--
INFO: [ template_filter ] --START--
INFO: Run Behavior\ContentReplaceBehavior [ RunTime:0.000085s ]
INFO: [ template_filter ] --END-- [ RunTime:0.000155s ]
INFO: Run Behavior\ParseTemplateBehavior [ RunTime:0.023087s ]
INFO: [ view_parse ] --END-- [ RunTime:0.023161s ]
INFO: [ view_filter ] --START--
INFO: Run Behavior\WriteHtmlCacheBehavior [ RunTime:0.000185s ]
INFO: [ view_filter ] --END-- [ RunTime:0.000222s ]
INFO: [ app_end ] --START--
INFO: Run Behavior\ShowPageTraceBehavior [ RunTime:0.000513s ]
INFO: [ app_end ] --END-- [ RunTime:0.000569s ]

[ 2020-06-15T01:15:28+08:00 ] 122.235.86.22 /xn_admin.php?s=/Category/sort
INFO: [ app_init ] --START--
INFO: Run Behavior\BuildLiteBehavior [ RunTime:0.000014s ]
INFO: [ app_init ] --END-- [ RunTime:0.000345s ]
INFO: [ app_begin ] --START--
INFO: Run Behavior\ReadHtmlCacheBehavior [ RunTime:0.000368s ]
INFO: [ app_begin ] --END-- [ RunTime:0.000418s ]
SQL: SHOW COLUMNS FROM `my_category` [ RunTime:0.0010s ]
SQL: UPDATE `my_category` SET `sort`='1' WHERE `id` = 16 [ RunTime:0.0003s ]
SQL: UPDATE `my_category` SET `sort`='1' WHERE `id` = 17 [ RunTime:0.0003s ]
SQL: UPDATE `my_category` SET `sort`='2' WHERE `id` = 22 [ RunTime:0.0001s ]
SQL: UPDATE `my_category` SET `sort`='3' WHERE `id` = 20 [ RunTime:0.0001s ]
SQL: UPDATE `my_category` SET `sort`='4' WHERE `id` = 18 [ RunTime:0.0001s ]
SQL: UPDATE `my_category` SET `sort`='1' WHERE `id` = 50 [ RunTime:0.0001s ]
SQL: UPDATE `my_category` SET `sort`='1' WHERE `id` = 56 [ RunTime:0.0001s ]
SQL: UPDATE `my_category` SET `sort`='1' WHERE `id` = 57 [ RunTime:0.0001s ]
SQL: UPDATE `my_category` SET `sort`='1' WHERE `id` = 58 [ RunTime:0.0001s ]
SQL: UPDATE `my_category` SET `sort`='2' WHERE `id` = 23 [ RunTime:0.0001s ]
SQL: UPDATE `my_category` SET `sort`='1' WHERE `id` = 24 [ RunTime:0.0001s ]
SQL: UPDATE `my_category` SET `sort`='1' WHERE `id` = 25 [ RunTime:0.0001s ]
SQL: UPDATE `my_category` SET `sort`='1' WHERE `id` = 26 [ RunTime:0.0001s ]
SQL: UPDATE `my_category` SET `sort`='1' WHERE `id` = 27 [ RunTime:0.0001s ]
SQL: UPDATE `my_category` SET `sort`='3' WHERE `id` = 31 [ RunTime:0.0001s ]
SQL: UPDATE `my_category` SET `sort`='1' WHERE `id` = 32 [ RunTime:0.0001s ]
SQL: UPDATE `my_category` SET `sort`='2' WHERE `id` = 33 [ RunTime:0.0001s ]
SQL: UPDATE `my_category` SET `sort`='3' WHERE `id` = 36 [ RunTime:0.0001s ]
SQL: UPDATE `my_category` SET `sort`='4' WHERE `id` = 34 [ RunTime:0.0001s ]
SQL: UPDATE `my_category` SET `sort`='4' WHERE `id` = 28 [ RunTime:0.0001s ]
SQL: UPDATE `my_category` SET `sort`='4' WHERE `id` = 46 [ RunTime:0.0001s ]
SQL: UPDATE `my_category` SET `sort`='1' WHERE `id` = 47 [ RunTime:0.0001s ]
SQL: UPDATE `my_category` SET `sort`='1' WHERE `id` = 48 [ RunTime:0.0001s ]
SQL: UPDATE `my_category` SET `sort`='1' WHERE `id` = 49 [ RunTime:0.0001s ]
SQL: UPDATE `my_category` SET `sort`='5' WHERE `id` = 29 [ RunTime:0.0001s ]
SQL: UPDATE `my_category` SET `sort`='1' WHERE `id` = 40 [ RunTime:0.0002s ]
SQL: UPDATE `my_category` SET `sort`='1' WHERE `id` = 41 [ RunTime:0.0001s ]
SQL: UPDATE `my_category` SET `sort`='5' WHERE `id` = 59 [ RunTime:0.0001s ]
SQL: UPDATE `my_category` SET `sort`='1' WHERE `id` = 60 [ RunTime:0.0001s ]
SQL: UPDATE `my_category` SET `sort`='1' WHERE `id` = 61 [ RunTime:0.0001s ]
SQL: UPDATE `my_category` SET `sort`='1' WHERE `id` = 62 [ RunTime:0.0001s ]
SQL: UPDATE `my_category` SET `sort`='1' WHERE `id` = 63 [ RunTime:0.0001s ]
SQL: UPDATE `my_category` SET `sort`='9' WHERE `id` = 42 [ RunTime:0.0008s ]
SQL: UPDATE `my_category` SET `sort`='1' WHERE `id` = 53 [ RunTime:0.0002s ]
SQL: UPDATE `my_category` SET `sort`='1' WHERE `id` = 54 [ RunTime:0.0002s ]
SQL: UPDATE `my_category` SET `sort`='1' WHERE `id` = 55 [ RunTime:0.0021s ]
SQL: UPDATE `my_category` SET `sort`='6' WHERE `id` = 64 [ RunTime:0.0002s ]
SQL: UPDATE `my_category` SET `sort`='1' WHERE `id` = 65 [ RunTime:0.0001s ]
SQL: UPDATE `my_category` SET `sort`='1' WHERE `id` = 66 [ RunTime:0.0001s ]
SQL: UPDATE `my_category` SET `sort`='1' WHERE `id` = 67 [ RunTime:0.0001s ]
SQL: UPDATE `my_category` SET `sort`='1' WHERE `id` = 68 [ RunTime:0.0001s ]
SQL: UPDATE `my_category` SET `sort`='7' WHERE `id` = 69 [ RunTime:0.0001s ]
SQL: UPDATE `my_category` SET `sort`='1' WHERE `id` = 70 [ RunTime:0.0001s ]
SQL: UPDATE `my_category` SET `sort`='1' WHERE `id` = 71 [ RunTime:0.0001s ]
SQL: UPDATE `my_category` SET `sort`='1' WHERE `id` = 72 [ RunTime:0.0001s ]
SQL: UPDATE `my_category` SET `sort`='1' WHERE `id` = 73 [ RunTime:0.0001s ]
SQL: UPDATE `my_category` SET `sort`='8' WHERE `id` = 1 [ RunTime:0.0001s ]
SQL: UPDATE `my_category` SET `sort`='1' WHERE `id` = 14 [ RunTime:0.0001s ]
SQL: UPDATE `my_category` SET `sort`='2' WHERE `id` = 10 [ RunTime:0.0001s ]
SQL: UPDATE `my_category` SET `sort`='3' WHERE `id` = 15 [ RunTime:0.0001s ]
SQL: UPDATE `my_category` SET `sort`='8' WHERE `id` = 74 [ RunTime:0.0001s ]
SQL: UPDATE `my_category` SET `sort`='1' WHERE `id` = 75 [ RunTime:0.0001s ]
SQL: UPDATE `my_category` SET `sort`='1' WHERE `id` = 76 [ RunTime:0.0001s ]
SQL: UPDATE `my_category` SET `sort`='1' WHERE `id` = 77 [ RunTime:0.0002s ]
SQL: UPDATE `my_category` SET `sort`='1' WHERE `id` = 78 [ RunTime:0.0002s ]
SQL: UPDATE `my_category` SET `sort`='99' WHERE `id` = 8 [ RunTime:0.0001s ]
SQL: UPDATE `my_category` SET `sort`='1' WHERE `id` = 79 [ RunTime:0.0001s ]
SQL: UPDATE `my_category` SET `sort`='1' WHERE `id` = 80 [ RunTime:0.0001s ]
SQL: UPDATE `my_category` SET `sort`='1' WHERE `id` = 81 [ RunTime:0.0001s ]
SQL: UPDATE `my_category` SET `sort`='99' WHERE `id` = 9 [ RunTime:0.0001s ]
SQL: UPDATE `my_category` SET `sort`='99' WHERE `id` = 11 [ RunTime:0.0001s ]
INFO: [ view_parse ] --START--
INFO: [ template_filter ] --START--
INFO: Run Behavior\ContentReplaceBehavior [ RunTime:0.000040s ]
INFO: [ template_filter ] --END-- [ RunTime:0.000082s ]
INFO: Run Behavior\ParseTemplateBehavior [ RunTime:0.006035s ]
INFO: [ view_parse ] --END-- [ RunTime:0.006085s ]
INFO: [ view_filter ] --START--
INFO: Run Behavior\WriteHtmlCacheBehavior [ RunTime:0.000107s ]
INFO: [ view_filter ] --END-- [ RunTime:0.000140s ]
INFO: [ app_end ] --START--
INFO: Run Behavior\ShowPageTraceBehavior [ RunTime:0.000403s ]
INFO: [ app_end ] --END-- [ RunTime:0.000443s ]

[ 2020-06-15T01:15:29+08:00 ] 122.235.86.22 /xn_admin.php?s=/Category/index
INFO: [ app_init ] --START--
INFO: Run Behavior\BuildLiteBehavior [ RunTime:0.000014s ]
INFO: [ app_init ] --END-- [ RunTime:0.000280s ]
INFO: [ app_begin ] --START--
INFO: Run Behavior\ReadHtmlCacheBehavior [ RunTime:0.000353s ]
INFO: [ app_begin ] --END-- [ RunTime:0.000409s ]
SQL: SHOW COLUMNS FROM `my_category` [ RunTime:0.0008s ]
SQL: SHOW COLUMNS FROM `my_model` [ RunTime:0.0005s ]
SQL: SELECT category.id AS id,category.name AS name,category.ename AS ename,category.catpic AS catpic,category.pid AS pid,category.modelid AS modelid,category.type AS type,category.seotitle AS seotitle,category.keywords AS keywords,category.description AS description,category.template_category AS template_category,category.template_list AS template_list,category.template_show AS template_show,category.status AS status,category.sort AS sort,category.property AS property,model.name AS modelname,model.tablename AS tablename FROM my_category category LEFT JOIN my_model model ON category.modelid = model.id ORDER BY category.sort ASC,category.id ASC  [ RunTime:0.0010s ]
INFO: [ view_parse ] --START--
INFO: [ template_filter ] --START--
INFO: Run Behavior\ContentReplaceBehavior [ RunTime:0.000070s ]
INFO: [ template_filter ] --END-- [ RunTime:0.000129s ]
INFO: Run Behavior\ParseTemplateBehavior [ RunTime:0.026849s ]
INFO: [ view_parse ] --END-- [ RunTime:0.026936s ]
INFO: [ view_filter ] --START--
INFO: Run Behavior\WriteHtmlCacheBehavior [ RunTime:0.000267s ]
INFO: [ view_filter ] --END-- [ RunTime:0.000318s ]
INFO: [ app_end ] --START--
INFO: Run Behavior\ShowPageTraceBehavior [ RunTime:0.000565s ]
INFO: [ app_end ] --END-- [ RunTime:0.000639s ]

