[ 2020-06-07T16:10:22+08:00 ] 123.182.86.194 /xn_admin.php?s=/Index/index
INFO: [ app_init ] --START--
INFO: Run Behavior\BuildLiteBehavior [ RunTime:0.000012s ]
INFO: [ app_init ] --END-- [ RunTime:0.000283s ]
INFO: [ app_begin ] --START--
INFO: Run Behavior\ReadHtmlCacheBehavior [ RunTime:0.000440s ]
INFO: [ app_begin ] --END-- [ RunTime:0.000495s ]
SQL: SHOW COLUMNS FROM `my_menu` [ RunTime:0.0196s ]
SQL: SELECT * FROM `my_menu` WHERE `status` = 1 ORDER BY sort,id  [ RunTime:0.0143s ]
SQL: SELECT * FROM `my_menu` WHERE `status` = 1 AND `quick` = 1 ORDER BY sort,id  [ RunTime:0.0004s ]
INFO: [ view_parse ] --START--
INFO: [ template_filter ] --START--
INFO: Run Behavior\ContentReplaceBehavior [ RunTime:0.000051s ]
INFO: [ template_filter ] --END-- [ RunTime:0.000107s ]
INFO: Run Behavior\ParseTemplateBehavior [ RunTime:0.023121s ]
INFO: [ view_parse ] --END-- [ RunTime:0.023161s ]
INFO: [ view_filter ] --START--
INFO: Run Behavior\WriteHtmlCacheBehavior [ RunTime:0.003590s ]
INFO: [ view_filter ] --END-- [ RunTime:0.003626s ]
INFO: [ app_end ] --START--
INFO: Run Behavior\ShowPageTraceBehavior [ RunTime:0.000468s ]
INFO: [ app_end ] --END-- [ RunTime:0.000501s ]

[ 2020-06-07T16:10:23+08:00 ] 123.182.86.194 /xn_admin.php?s=/Public/main
INFO: [ app_init ] --START--
INFO: Run Behavior\BuildLiteBehavior [ RunTime:0.000019s ]
INFO: [ app_init ] --END-- [ RunTime:0.000398s ]
INFO: [ app_begin ] --START--
INFO: Run Behavior\ReadHtmlCacheBehavior [ RunTime:0.000530s ]
INFO: [ app_begin ] --END-- [ RunTime:0.000583s ]
SQL: SELECT VERSION() as ver; [ RunTime:0.0002s ]
INFO: [ view_parse ] --START--
INFO: [ template_filter ] --START--
INFO: Run Behavior\ContentReplaceBehavior [ RunTime:0.000073s ]
INFO: [ template_filter ] --END-- [ RunTime:0.000144s ]
NOTIC: [8] Use of undefined constant session - assumed 'session' /www/wwwroot/zzb.cxzch.cn/App/Runtime/Cache/Manage/189add388cdd1263d35cd37739affe0d.php 第 52 行.
NOTIC: [8] Undefined variable: Think /www/wwwroot/zzb.cxzch.cn/App/Runtime/Cache/Manage/189add388cdd1263d35cd37739affe0d.php 第 52 行.
NOTIC: [8] Use of undefined constant yang_adm_superadmin - assumed 'yang_adm_superadmin' /www/wwwroot/zzb.cxzch.cn/App/Runtime/Cache/Manage/189add388cdd1263d35cd37739affe0d.php 第 52 行.
INFO: Run Behavior\ParseTemplateBehavior [ RunTime:0.006385s ]
INFO: [ view_parse ] --END-- [ RunTime:0.006447s ]
INFO: [ view_filter ] --START--
INFO: Run Behavior\WriteHtmlCacheBehavior [ RunTime:0.000184s ]
INFO: [ view_filter ] --END-- [ RunTime:0.000221s ]
INFO: [ app_end ] --START--
INFO: Run Behavior\ShowPageTraceBehavior [ RunTime:0.000373s ]
INFO: [ app_end ] --END-- [ RunTime:0.000409s ]

[ 2020-06-07T16:10:23+08:00 ] 123.182.86.194 /xn_admin.php?s=/Index/getParentCate&pid=0&rnd=67148
INFO: [ app_init ] --START--
INFO: Run Behavior\BuildLiteBehavior [ RunTime:0.000012s ]
INFO: [ app_init ] --END-- [ RunTime:0.000250s ]
INFO: [ app_begin ] --START--
INFO: Run Behavior\ReadHtmlCacheBehavior [ RunTime:0.000325s ]
INFO: [ app_begin ] --END-- [ RunTime:0.000356s ]
SQL: SHOW COLUMNS FROM `my_category` [ RunTime:0.0012s ]
SQL: SHOW COLUMNS FROM `my_model` [ RunTime:0.0018s ]
SQL: SELECT COUNT(*) AS tp_count FROM my_category category LEFT JOIN my_model model ON category.modelid = model.id WHERE category.pid = 0 AND category.type = 0 LIMIT 1   [ RunTime:0.0004s ]
SQL: SELECT category.id AS id,category.name AS name,category.ename AS ename,category.catpic AS catpic,category.pid AS pid,category.modelid AS modelid,category.type AS type,category.seotitle AS seotitle,category.keywords AS keywords,category.description AS description,category.template_category AS template_category,category.template_list AS template_list,category.template_show AS template_show,category.status AS status,category.sort AS sort,category.property AS property,model.name AS modelname,model.tablename AS tablename FROM my_category category LEFT JOIN my_model model ON category.modelid = model.id WHERE category.pid = 0 AND category.type = 0 ORDER BY category.sort ASC,category.id ASC  [ RunTime:0.0009s ]

[ 2020-06-07T16:10:29+08:00 ] 123.182.86.194 /xn_admin.php?s=/Category/index
INFO: [ app_init ] --START--
INFO: Run Behavior\BuildLiteBehavior [ RunTime:0.000018s ]
INFO: [ app_init ] --END-- [ RunTime:0.000353s ]
INFO: [ app_begin ] --START--
INFO: Run Behavior\ReadHtmlCacheBehavior [ RunTime:0.000365s ]
INFO: [ app_begin ] --END-- [ RunTime:0.000407s ]
SQL: SHOW COLUMNS FROM `my_category` [ RunTime:0.0012s ]
SQL: SHOW COLUMNS FROM `my_model` [ RunTime:0.0008s ]
SQL: SELECT category.id AS id,category.name AS name,category.ename AS ename,category.catpic AS catpic,category.pid AS pid,category.modelid AS modelid,category.type AS type,category.seotitle AS seotitle,category.keywords AS keywords,category.description AS description,category.template_category AS template_category,category.template_list AS template_list,category.template_show AS template_show,category.status AS status,category.sort AS sort,category.property AS property,model.name AS modelname,model.tablename AS tablename FROM my_category category LEFT JOIN my_model model ON category.modelid = model.id ORDER BY category.sort ASC,category.id ASC  [ RunTime:0.0006s ]
INFO: [ view_parse ] --START--
INFO: [ template_filter ] --START--
INFO: Run Behavior\ContentReplaceBehavior [ RunTime:0.000053s ]
INFO: [ template_filter ] --END-- [ RunTime:0.000098s ]
INFO: Run Behavior\ParseTemplateBehavior [ RunTime:0.019060s ]
INFO: [ view_parse ] --END-- [ RunTime:0.019117s ]
INFO: [ view_filter ] --START--
INFO: Run Behavior\WriteHtmlCacheBehavior [ RunTime:0.000208s ]
INFO: [ view_filter ] --END-- [ RunTime:0.000238s ]
INFO: [ app_end ] --START--
INFO: Run Behavior\ShowPageTraceBehavior [ RunTime:0.000395s ]
INFO: [ app_end ] --END-- [ RunTime:0.000429s ]

[ 2020-06-07T16:10:40+08:00 ] 123.182.86.194 /xn_admin.php?s=/Model/index
INFO: [ app_init ] --START--
INFO: Run Behavior\BuildLiteBehavior [ RunTime:0.000012s ]
INFO: [ app_init ] --END-- [ RunTime:0.000243s ]
INFO: [ app_begin ] --START--
INFO: Run Behavior\ReadHtmlCacheBehavior [ RunTime:0.000333s ]
INFO: [ app_begin ] --END-- [ RunTime:0.000372s ]
SQL: SHOW COLUMNS FROM `my_model` [ RunTime:0.0012s ]
SQL: SELECT * FROM `my_model` ORDER BY sort  [ RunTime:0.0002s ]
INFO: [ view_parse ] --START--
INFO: [ template_filter ] --START--
INFO: Run Behavior\ContentReplaceBehavior [ RunTime:0.000062s ]
INFO: [ template_filter ] --END-- [ RunTime:0.000104s ]
INFO: Run Behavior\ParseTemplateBehavior [ RunTime:0.006669s ]
INFO: [ view_parse ] --END-- [ RunTime:0.006712s ]
INFO: [ view_filter ] --START--
INFO: Run Behavior\WriteHtmlCacheBehavior [ RunTime:0.000134s ]
INFO: [ view_filter ] --END-- [ RunTime:0.000165s ]
INFO: [ app_end ] --START--
INFO: Run Behavior\ShowPageTraceBehavior [ RunTime:0.000414s ]
INFO: [ app_end ] --END-- [ RunTime:0.000453s ]

[ 2020-06-07T16:13:15+08:00 ] 123.182.86.194 /xn_admin.php?s=/Soft/index/pid/50
INFO: [ app_init ] --START--
INFO: Run Behavior\BuildLiteBehavior [ RunTime:0.000017s ]
INFO: [ app_init ] --END-- [ RunTime:0.000273s ]
INFO: [ app_begin ] --START--
INFO: Run Behavior\ReadHtmlCacheBehavior [ RunTime:0.000351s ]
INFO: [ app_begin ] --END-- [ RunTime:0.000414s ]
SQL: SHOW COLUMNS FROM `my_soft` [ RunTime:0.0016s ]
SQL: SHOW COLUMNS FROM `my_category` [ RunTime:0.0008s ]
SQL: SELECT COUNT(*) AS tp_count FROM my_soft soft LEFT JOIN my_category category ON soft.cid = category.id WHERE soft.status > 0 AND soft.cid IN (50,'56','57','58') LIMIT 1   [ RunTime:0.0002s ]
SQL: SELECT soft.id AS id,soft.title AS title,soft.color AS color,soft.keywords AS keywords,soft.litpic AS litpic,soft.description AS description,soft.version AS version,soft.softtype AS softtype,soft.copytype AS copytype,soft.language AS language,soft.os AS os,soft.filesize AS filesize,soft.officialurl AS officialurl,soft.publishtime AS publishtime,soft.updatetime AS updatetime,soft.click AS click,soft.cid AS cid,soft.commentflag AS commentflag,soft.flag AS flag,soft.jumpurl AS jumpurl,soft.status AS status,soft.userid AS userid,soft.aid AS aid,soft.tag AS tag,soft.demo AS demo,soft.downnum AS downnum,soft.scores AS scores,soft.prop_value AS prop_value,category.name AS catename,category.ename AS ename,category.modelid AS modelid FROM my_soft soft LEFT JOIN my_category category ON soft.cid = category.id WHERE soft.status > 0 AND soft.cid IN (50,'56','57','58') ORDER BY soft.id DESC LIMIT 0,10   [ RunTime:0.0003s ]
INFO: [ view_parse ] --START--
INFO: [ template_filter ] --START--
INFO: Run Behavior\ContentReplaceBehavior [ RunTime:0.000058s ]
INFO: [ template_filter ] --END-- [ RunTime:0.000112s ]
INFO: Run Behavior\ParseTemplateBehavior [ RunTime:0.013468s ]
INFO: [ view_parse ] --END-- [ RunTime:0.013502s ]
INFO: [ view_filter ] --START--
INFO: Run Behavior\WriteHtmlCacheBehavior [ RunTime:0.000146s ]
INFO: [ view_filter ] --END-- [ RunTime:0.000171s ]
INFO: [ app_end ] --START--
INFO: Run Behavior\ShowPageTraceBehavior [ RunTime:0.000456s ]
INFO: [ app_end ] --END-- [ RunTime:0.000493s ]

[ 2020-06-07T16:13:17+08:00 ] 123.182.86.194 /xn_admin.php?s=/Soft/index/pid/56
INFO: [ app_init ] --START--
INFO: Run Behavior\BuildLiteBehavior [ RunTime:0.000017s ]
INFO: [ app_init ] --END-- [ RunTime:0.000272s ]
INFO: [ app_begin ] --START--
INFO: Run Behavior\ReadHtmlCacheBehavior [ RunTime:0.000422s ]
INFO: [ app_begin ] --END-- [ RunTime:0.000468s ]
SQL: SHOW COLUMNS FROM `my_soft` [ RunTime:0.0013s ]
SQL: SHOW COLUMNS FROM `my_category` [ RunTime:0.0008s ]
SQL: SELECT COUNT(*) AS tp_count FROM my_soft soft LEFT JOIN my_category category ON soft.cid = category.id WHERE soft.status > 0 AND soft.cid IN (56) LIMIT 1   [ RunTime:0.0003s ]
SQL: SELECT soft.id AS id,soft.title AS title,soft.color AS color,soft.keywords AS keywords,soft.litpic AS litpic,soft.description AS description,soft.version AS version,soft.softtype AS softtype,soft.copytype AS copytype,soft.language AS language,soft.os AS os,soft.filesize AS filesize,soft.officialurl AS officialurl,soft.publishtime AS publishtime,soft.updatetime AS updatetime,soft.click AS click,soft.cid AS cid,soft.commentflag AS commentflag,soft.flag AS flag,soft.jumpurl AS jumpurl,soft.status AS status,soft.userid AS userid,soft.aid AS aid,soft.tag AS tag,soft.demo AS demo,soft.downnum AS downnum,soft.scores AS scores,soft.prop_value AS prop_value,category.name AS catename,category.ename AS ename,category.modelid AS modelid FROM my_soft soft LEFT JOIN my_category category ON soft.cid = category.id WHERE soft.status > 0 AND soft.cid IN (56) ORDER BY soft.id DESC LIMIT 0,10   [ RunTime:0.0003s ]
INFO: [ view_parse ] --START--
INFO: [ template_filter ] --START--
INFO: Run Behavior\ContentReplaceBehavior [ RunTime:0.000081s ]
INFO: [ template_filter ] --END-- [ RunTime:0.000164s ]
INFO: Run Behavior\ParseTemplateBehavior [ RunTime:0.014026s ]
INFO: [ view_parse ] --END-- [ RunTime:0.014060s ]
INFO: [ view_filter ] --START--
INFO: Run Behavior\WriteHtmlCacheBehavior [ RunTime:0.000179s ]
INFO: [ view_filter ] --END-- [ RunTime:0.000226s ]
INFO: [ app_end ] --START--
INFO: Run Behavior\ShowPageTraceBehavior [ RunTime:0.000460s ]
INFO: [ app_end ] --END-- [ RunTime:0.000513s ]

[ 2020-06-07T16:13:18+08:00 ] 123.182.86.194 /xn_admin.php?s=/Soft/add/pid/56
INFO: [ app_init ] --START--
INFO: Run Behavior\BuildLiteBehavior [ RunTime:0.000014s ]
INFO: [ app_init ] --END-- [ RunTime:0.000253s ]
INFO: [ app_begin ] --START--
INFO: Run Behavior\ReadHtmlCacheBehavior [ RunTime:0.000323s ]
INFO: [ app_begin ] --END-- [ RunTime:0.000362s ]
SQL: SHOW COLUMNS FROM `my_iteminfo` [ RunTime:0.0022s ]
SQL: SELECT * FROM `my_iteminfo` WHERE `group` = 'softtype' ORDER BY sort,id  [ RunTime:0.0008s ]
SQL: SELECT * FROM `my_iteminfo` WHERE `group` = 'softlanguage' ORDER BY sort,id  [ RunTime:0.0002s ]
SQL: SELECT * FROM `my_iteminfo` WHERE `group` = 'flagtype' ORDER BY sort,id  [ RunTime:0.0003s ]
INFO: [ view_parse ] --START--
INFO: [ template_filter ] --START--
INFO: Run Behavior\ContentReplaceBehavior [ RunTime:0.000106s ]
INFO: [ template_filter ] --END-- [ RunTime:0.000162s ]
SQL: SHOW COLUMNS FROM `my_category` [ RunTime:0.0013s ]
SQL: SHOW COLUMNS FROM `my_model` [ RunTime:0.0009s ]
SQL: SELECT category.property AS property FROM my_category category LEFT JOIN my_model model ON category.modelid = model.id WHERE category.id = 56 LIMIT 1   [ RunTime:0.0002s ]
NOTIC: [8] Undefined variable: vo /www/wwwroot/zzb.cxzch.cn/App/Runtime/Cache/Manage/e9f1a0fdaf31183fe2c4172efcc94b3a.php 第 541 行.
INFO: Run Behavior\ParseTemplateBehavior [ RunTime:0.021433s ]
INFO: [ view_parse ] --END-- [ RunTime:0.021472s ]
INFO: [ view_filter ] --START--
INFO: Run Behavior\WriteHtmlCacheBehavior [ RunTime:0.000201s ]
INFO: [ view_filter ] --END-- [ RunTime:0.000231s ]
INFO: [ app_end ] --START--
INFO: Run Behavior\ShowPageTraceBehavior [ RunTime:0.006879s ]
INFO: [ app_end ] --END-- [ RunTime:0.006941s ]

[ 2020-06-07T16:13:19+08:00 ] 123.182.86.194 /xn_admin.php?s=/Public/editorMethod&action=config&&noCache=1591517703646
INFO: [ app_init ] --START--
INFO: Run Behavior\BuildLiteBehavior [ RunTime:0.000018s ]
INFO: [ app_init ] --END-- [ RunTime:0.000507s ]
INFO: [ app_begin ] --START--
INFO: Run Behavior\ReadHtmlCacheBehavior [ RunTime:0.000502s ]
INFO: [ app_begin ] --END-- [ RunTime:0.000571s ]
INFO: [ app_end ] --START--
INFO: Run Behavior\ShowPageTraceBehavior [ RunTime:0.000557s ]
INFO: [ app_end ] --END-- [ RunTime:0.000626s ]

[ 2020-06-07T16:14:28+08:00 ] 123.182.86.194 /xn_admin.php?s=/Public/browseFile/stype/picture
INFO: [ app_init ] --START--
INFO: Run Behavior\BuildLiteBehavior [ RunTime:0.000012s ]
INFO: [ app_init ] --END-- [ RunTime:0.000346s ]
INFO: [ app_begin ] --START--
INFO: Run Behavior\ReadHtmlCacheBehavior [ RunTime:0.000354s ]
INFO: [ app_begin ] --END-- [ RunTime:0.000401s ]
INFO: [ view_parse ] --START--
INFO: [ template_filter ] --START--
INFO: Run Behavior\ContentReplaceBehavior [ RunTime:0.000041s ]
INFO: [ template_filter ] --END-- [ RunTime:0.000088s ]
INFO: Run Behavior\ParseTemplateBehavior [ RunTime:0.006936s ]
INFO: [ view_parse ] --END-- [ RunTime:0.006978s ]
INFO: [ view_filter ] --START--
INFO: Run Behavior\WriteHtmlCacheBehavior [ RunTime:0.000237s ]
INFO: [ view_filter ] --END-- [ RunTime:0.000270s ]
INFO: [ app_end ] --START--
INFO: Run Behavior\ShowPageTraceBehavior [ RunTime:0.000466s ]
INFO: [ app_end ] --END-- [ RunTime:0.000509s ]

[ 2020-06-07T16:14:34+08:00 ] 123.182.86.194 /xn_admin.php?s=/Public/browseFile/stype/picture/encodeflag/1/spath/L3VwbG9hZHMvaW1nMS8yMDIwMDQyMA%3D%3D
INFO: [ app_init ] --START--
INFO: Run Behavior\BuildLiteBehavior [ RunTime:0.000012s ]
INFO: [ app_init ] --END-- [ RunTime:0.000280s ]
INFO: [ app_begin ] --START--
INFO: Run Behavior\ReadHtmlCacheBehavior [ RunTime:0.000369s ]
INFO: [ app_begin ] --END-- [ RunTime:0.000406s ]
INFO: [ view_parse ] --START--
INFO: [ template_filter ] --START--
INFO: Run Behavior\ContentReplaceBehavior [ RunTime:0.000041s ]
INFO: [ template_filter ] --END-- [ RunTime:0.000082s ]
INFO: Run Behavior\ParseTemplateBehavior [ RunTime:0.006804s ]
INFO: [ view_parse ] --END-- [ RunTime:0.006849s ]
INFO: [ view_filter ] --START--
INFO: Run Behavior\WriteHtmlCacheBehavior [ RunTime:0.000133s ]
INFO: [ view_filter ] --END-- [ RunTime:0.000159s ]
INFO: [ app_end ] --START--
INFO: Run Behavior\ShowPageTraceBehavior [ RunTime:0.000460s ]
INFO: [ app_end ] --END-- [ RunTime:0.000500s ]

[ 2020-06-07T16:15:08+08:00 ] 123.182.86.194 /xn_admin.php?s=/Public/upload/img_flag/1
INFO: [ app_init ] --START--
INFO: Run Behavior\BuildLiteBehavior [ RunTime:0.000015s ]
INFO: [ app_init ] --END-- [ RunTime:0.000280s ]
INFO: [ app_begin ] --START--
INFO: Run Behavior\ReadHtmlCacheBehavior [ RunTime:0.000319s ]
INFO: [ app_begin ] --END-- [ RunTime:0.000350s ]
NOTIC: [2] call_user_func() expects parameter 1 to be a valid callback, no array or string given /www/wwwroot/zzb.cxzch.cn/Include/Library/Think/Upload.class.php 第 173 行.
NOTIC: [8] Undefined variable: x /www/wwwroot/zzb.cxzch.cn/Include/Library/Think/Image/Driver/Gd.class.php 第 270 行.
NOTIC: [8] Undefined variable: y /www/wwwroot/zzb.cxzch.cn/Include/Library/Think/Image/Driver/Gd.class.php 第 270 行.
SQL: SHOW COLUMNS FROM `my_attachment` [ RunTime:0.0022s ]
SQL: INSERT INTO `my_attachment` (`filepath`,`title`,`haslitpic`,`filetype`,`filesize`,`uploadtime`,`aid`) VALUES ('img1/20200607/5edca20c2cf8a.jpg','1-1ZG51144343H.jpg','1','1','35187','1591517708','1') [ RunTime:0.0054s ]
INFO: [ app_end ] --START--
INFO: Run Behavior\ShowPageTraceBehavior [ RunTime:0.000641s ]
INFO: [ app_end ] --END-- [ RunTime:0.000686s ]

[ 2020-06-07T16:15:52+08:00 ] 123.182.86.194 /xn_admin.php?s=/Public/upload
INFO: [ app_init ] --START--
INFO: Run Behavior\BuildLiteBehavior [ RunTime:0.000013s ]
INFO: [ app_init ] --END-- [ RunTime:0.000277s ]
INFO: [ app_begin ] --START--
INFO: Run Behavior\ReadHtmlCacheBehavior [ RunTime:0.000335s ]
INFO: [ app_begin ] --END-- [ RunTime:0.000370s ]
INFO: [ app_end ] --START--
INFO: Run Behavior\ShowPageTraceBehavior [ RunTime:0.000325s ]
INFO: [ app_end ] --END-- [ RunTime:0.000372s ]

[ 2020-06-07T16:16:28+08:00 ] 123.182.86.194 /xn_admin.php?s=/Public/browseFile
INFO: [ app_init ] --START--
INFO: Run Behavior\BuildLiteBehavior [ RunTime:0.000025s ]
INFO: [ app_init ] --END-- [ RunTime:0.000259s ]
INFO: [ app_begin ] --START--
INFO: Run Behavior\ReadHtmlCacheBehavior [ RunTime:0.000450s ]
INFO: [ app_begin ] --END-- [ RunTime:0.000489s ]
INFO: [ view_parse ] --START--
INFO: [ template_filter ] --START--
INFO: Run Behavior\ContentReplaceBehavior [ RunTime:0.000042s ]
INFO: [ template_filter ] --END-- [ RunTime:0.000084s ]
INFO: Run Behavior\ParseTemplateBehavior [ RunTime:0.005824s ]
INFO: [ view_parse ] --END-- [ RunTime:0.005898s ]
INFO: [ view_filter ] --START--
INFO: Run Behavior\WriteHtmlCacheBehavior [ RunTime:0.000130s ]
INFO: [ view_filter ] --END-- [ RunTime:0.000152s ]
INFO: [ app_end ] --START--
INFO: Run Behavior\ShowPageTraceBehavior [ RunTime:0.000346s ]
INFO: [ app_end ] --END-- [ RunTime:0.000383s ]

[ 2020-06-07T16:16:32+08:00 ] 123.182.86.194 /xn_admin.php?s=/Public/browseFile/stype/file/encodeflag/1/spath/L3VwbG9hZHMvZmlsZTEvMjAxNjA5MTc%3D
INFO: [ app_init ] --START--
INFO: Run Behavior\BuildLiteBehavior [ RunTime:0.000020s ]
INFO: [ app_init ] --END-- [ RunTime:0.000356s ]
INFO: [ app_begin ] --START--
INFO: Run Behavior\ReadHtmlCacheBehavior [ RunTime:0.000353s ]
INFO: [ app_begin ] --END-- [ RunTime:0.000413s ]
INFO: [ view_parse ] --START--
INFO: [ template_filter ] --START--
INFO: Run Behavior\ContentReplaceBehavior [ RunTime:0.000058s ]
INFO: [ template_filter ] --END-- [ RunTime:0.000138s ]
INFO: Run Behavior\ParseTemplateBehavior [ RunTime:0.006480s ]
INFO: [ view_parse ] --END-- [ RunTime:0.006516s ]
INFO: [ view_filter ] --START--
INFO: Run Behavior\WriteHtmlCacheBehavior [ RunTime:0.000153s ]
INFO: [ view_filter ] --END-- [ RunTime:0.000176s ]
INFO: [ app_end ] --START--
INFO: Run Behavior\ShowPageTraceBehavior [ RunTime:0.000417s ]
INFO: [ app_end ] --END-- [ RunTime:0.000447s ]

[ 2020-06-07T16:17:14+08:00 ] 123.182.86.194 /xn_admin.php?s=/Soft/add
INFO: [ app_init ] --START--
INFO: Run Behavior\BuildLiteBehavior [ RunTime:0.000015s ]
INFO: [ app_init ] --END-- [ RunTime:0.000262s ]
INFO: [ app_begin ] --START--
INFO: Run Behavior\ReadHtmlCacheBehavior [ RunTime:0.000375s ]
INFO: [ app_begin ] --END-- [ RunTime:0.000415s ]
NOTIC: [8] Undefined offset: 0 /www/wwwroot/zzb.cxzch.cn/App/Common/Common/function.php 第 1762 行.
NOTIC: [8] Undefined offset: 0 /www/wwwroot/zzb.cxzch.cn/App/Common/Common/function.php 第 1763 行.
SQL: SHOW COLUMNS FROM `my_tag` [ RunTime:0.0036s ]
SQL: SELECT * FROM `my_tag` WHERE `tag_name` = 'DSFDSF' LIMIT 1   [ RunTime:0.0003s ]
SQL: INSERT INTO `my_tag` (`tag_name`,`typeid`,`tag_sort`,`tag_status`,`posttime`,`tag_click`,`tablename`) VALUES ('DSFDSF','56','1','1','1591517834','1','soft') [ RunTime:0.0002s ]
SQL: SHOW COLUMNS FROM `my_soft` [ RunTime:0.0010s ]
SQL: INSERT INTO `my_soft` (`title`,`jumpurl`,`cid`,`litpic`,`filesize`,`downlink`,`demo`,`keywords`,`tag`,`description`,`content`,`publishtime`,`commentflag`,`status`,`scores`,`updatelog`,`os`,`softtype`,`language`,`updatetime`,`prop_value`,`aid`,`pictureurls`,`flag`) VALUES ('CESHI','','56','/uploads/img1/20200607/5edca20c2cf8a.jpg!300X300.jpg','','SDFDSF','DSFDSF','SDFDSF','DSFDSF','DSFSDF','<p>SDAFDSF</p>','1591517598','1','1','0','','','0','0','1591517834','','1','','3') [ RunTime:0.0029s ]
SQL: SHOW COLUMNS FROM `my_attachment` [ RunTime:0.0008s ]
SQL: SELECT `id` FROM `my_attachment` WHERE `filepath` IN ('img1/20200607/5edca20c2cf8a.jpg')  [ RunTime:0.0008s ]
SQL: SHOW COLUMNS FROM `my_attachmentindex` [ RunTime:0.0013s ]
SQL: INSERT INTO `my_attachmentindex` (`attid`,`arcid`,`modelid`) VALUES ('302','49','5') [ RunTime:0.0068s ]
INFO: [ view_parse ] --START--
INFO: [ template_filter ] --START--
INFO: Run Behavior\ContentReplaceBehavior [ RunTime:0.000067s ]
INFO: [ template_filter ] --END-- [ RunTime:0.000105s ]
INFO: Run Behavior\ParseTemplateBehavior [ RunTime:0.004549s ]
INFO: [ view_parse ] --END-- [ RunTime:0.004603s ]
INFO: [ view_filter ] --START--
INFO: Run Behavior\WriteHtmlCacheBehavior [ RunTime:0.000126s ]
INFO: [ view_filter ] --END-- [ RunTime:0.000149s ]

[ 2020-06-07T16:17:15+08:00 ] 123.182.86.194 /xn_admin.php?s=/Soft/index/pid/56
INFO: [ app_init ] --START--
INFO: Run Behavior\BuildLiteBehavior [ RunTime:0.000011s ]
INFO: [ app_init ] --END-- [ RunTime:0.000264s ]
INFO: [ app_begin ] --START--
INFO: Run Behavior\ReadHtmlCacheBehavior [ RunTime:0.000347s ]
INFO: [ app_begin ] --END-- [ RunTime:0.000387s ]
SQL: SHOW COLUMNS FROM `my_soft` [ RunTime:0.0014s ]
SQL: SHOW COLUMNS FROM `my_category` [ RunTime:0.0008s ]
SQL: SELECT COUNT(*) AS tp_count FROM my_soft soft LEFT JOIN my_category category ON soft.cid = category.id WHERE soft.status > 0 AND soft.cid IN (56) LIMIT 1   [ RunTime:0.0004s ]
SQL: SELECT soft.id AS id,soft.title AS title,soft.color AS color,soft.keywords AS keywords,soft.litpic AS litpic,soft.description AS description,soft.version AS version,soft.softtype AS softtype,soft.copytype AS copytype,soft.language AS language,soft.os AS os,soft.filesize AS filesize,soft.officialurl AS officialurl,soft.publishtime AS publishtime,soft.updatetime AS updatetime,soft.click AS click,soft.cid AS cid,soft.commentflag AS commentflag,soft.flag AS flag,soft.jumpurl AS jumpurl,soft.status AS status,soft.userid AS userid,soft.aid AS aid,soft.tag AS tag,soft.demo AS demo,soft.downnum AS downnum,soft.scores AS scores,soft.prop_value AS prop_value,category.name AS catename,category.ename AS ename,category.modelid AS modelid FROM my_soft soft LEFT JOIN my_category category ON soft.cid = category.id WHERE soft.status > 0 AND soft.cid IN (56) ORDER BY soft.id DESC LIMIT 0,10   [ RunTime:0.0003s ]
INFO: [ view_parse ] --START--
INFO: [ template_filter ] --START--
INFO: Run Behavior\ContentReplaceBehavior [ RunTime:0.000063s ]
INFO: [ template_filter ] --END-- [ RunTime:0.000116s ]
NOTIC: [8] Undefined index: p /www/wwwroot/zzb.cxzch.cn/App/Runtime/Cache/Manage/d300b279c4e10217698ed5a15f81b880.php 第 130 行.
NOTIC: [8] Undefined index: p /www/wwwroot/zzb.cxzch.cn/App/Runtime/Cache/Manage/d300b279c4e10217698ed5a15f81b880.php 第 131 行.
INFO: Run Behavior\ParseTemplateBehavior [ RunTime:0.013330s ]
INFO: [ view_parse ] --END-- [ RunTime:0.013379s ]
INFO: [ view_filter ] --START--
INFO: Run Behavior\WriteHtmlCacheBehavior [ RunTime:0.000170s ]
INFO: [ view_filter ] --END-- [ RunTime:0.000199s ]
INFO: [ app_end ] --START--
INFO: Run Behavior\ShowPageTraceBehavior [ RunTime:0.000345s ]
INFO: [ app_end ] --END-- [ RunTime:0.000384s ]

[ 2020-06-07T16:23:19+08:00 ] 123.182.86.194 /xn_admin.php?s=/Soft/add/pid/56
INFO: [ app_init ] --START--
INFO: Run Behavior\BuildLiteBehavior [ RunTime:0.000010s ]
INFO: [ app_init ] --END-- [ RunTime:0.000240s ]
INFO: [ app_begin ] --START--
INFO: Run Behavior\ReadHtmlCacheBehavior [ RunTime:0.000401s ]
INFO: [ app_begin ] --END-- [ RunTime:0.000434s ]
INFO: [ view_parse ] --START--
INFO: [ template_filter ] --START--
INFO: Run Behavior\ContentReplaceBehavior [ RunTime:0.000101s ]
INFO: [ template_filter ] --END-- [ RunTime:0.000144s ]
SQL: SHOW COLUMNS FROM `my_category` [ RunTime:0.0011s ]
SQL: SHOW COLUMNS FROM `my_model` [ RunTime:0.0007s ]
SQL: SELECT category.property AS property FROM my_category category LEFT JOIN my_model model ON category.modelid = model.id WHERE category.id = 56 LIMIT 1   [ RunTime:0.0002s ]
NOTIC: [8] Undefined variable: vo /www/wwwroot/zzb.cxzch.cn/App/Runtime/Cache/Manage/e9f1a0fdaf31183fe2c4172efcc94b3a.php 第 541 行.
INFO: Run Behavior\ParseTemplateBehavior [ RunTime:0.019641s ]
INFO: [ view_parse ] --END-- [ RunTime:0.019671s ]
INFO: [ view_filter ] --START--
INFO: Run Behavior\WriteHtmlCacheBehavior [ RunTime:0.000134s ]
INFO: [ view_filter ] --END-- [ RunTime:0.000166s ]
INFO: [ app_end ] --START--
INFO: Run Behavior\ShowPageTraceBehavior [ RunTime:0.000344s ]
INFO: [ app_end ] --END-- [ RunTime:0.000373s ]

[ 2020-06-07T16:23:19+08:00 ] 123.182.86.194 /xn_admin.php?s=/Public/editorMethod&action=config&&noCache=1591518303279
INFO: [ app_init ] --START--
INFO: Run Behavior\BuildLiteBehavior [ RunTime:0.000011s ]
INFO: [ app_init ] --END-- [ RunTime:0.000249s ]
INFO: [ app_begin ] --START--
INFO: Run Behavior\ReadHtmlCacheBehavior [ RunTime:0.000312s ]
INFO: [ app_begin ] --END-- [ RunTime:0.000357s ]
INFO: [ app_end ] --START--
INFO: Run Behavior\ShowPageTraceBehavior [ RunTime:0.000471s ]
INFO: [ app_end ] --END-- [ RunTime:0.000518s ]

[ 2020-06-07T16:30:31+08:00 ] 123.182.86.194 /xn_admin.php?s=/Public/upload
INFO: [ app_init ] --START--
INFO: Run Behavior\BuildLiteBehavior [ RunTime:0.000012s ]
INFO: [ app_init ] --END-- [ RunTime:0.000236s ]
INFO: [ app_begin ] --START--
INFO: Run Behavior\ReadHtmlCacheBehavior [ RunTime:0.000346s ]
INFO: [ app_begin ] --END-- [ RunTime:0.000379s ]
INFO: [ app_end ] --START--
INFO: Run Behavior\ShowPageTraceBehavior [ RunTime:0.000359s ]
INFO: [ app_end ] --END-- [ RunTime:0.000395s ]

[ 2020-06-07T16:30:39+08:00 ] 123.182.86.194 /xn_admin.php?s=/Public/upload
INFO: [ app_init ] --START--
INFO: Run Behavior\BuildLiteBehavior [ RunTime:0.000013s ]
INFO: [ app_init ] --END-- [ RunTime:0.000670s ]
INFO: [ app_begin ] --START--
INFO: Run Behavior\ReadHtmlCacheBehavior [ RunTime:0.000325s ]
INFO: [ app_begin ] --END-- [ RunTime:0.000360s ]
NOTIC: [2] call_user_func() expects parameter 1 to be a valid callback, no array or string given /www/wwwroot/zzb.cxzch.cn/Include/Library/Think/Upload.class.php 第 173 行.
SQL: SHOW COLUMNS FROM `my_attachment` [ RunTime:0.0011s ]
SQL: INSERT INTO `my_attachment` (`filepath`,`title`,`haslitpic`,`filetype`,`filesize`,`uploadtime`,`aid`) VALUES ('file1/20200607/5edca5af97158.zip','list.zip','0','6','297727','1591518639','1') [ RunTime:0.0055s ]
INFO: [ app_end ] --START--
INFO: Run Behavior\ShowPageTraceBehavior [ RunTime:0.000533s ]
INFO: [ app_end ] --END-- [ RunTime:0.000576s ]

[ 2020-06-07T16:36:51+08:00 ] 123.182.86.194 /xn_admin.php?s=/Public/upload
INFO: [ app_init ] --START--
INFO: Run Behavior\BuildLiteBehavior [ RunTime:0.000016s ]
INFO: [ app_init ] --END-- [ RunTime:0.000334s ]
INFO: [ app_begin ] --START--
INFO: Run Behavior\ReadHtmlCacheBehavior [ RunTime:0.000503s ]
INFO: [ app_begin ] --END-- [ RunTime:0.000548s ]
INFO: [ app_end ] --START--
INFO: Run Behavior\ShowPageTraceBehavior [ RunTime:0.000510s ]
INFO: [ app_end ] --END-- [ RunTime:0.000558s ]

[ 2020-06-07T16:37:50+08:00 ] 123.182.86.194 /xn_admin.php?s=/System/site
INFO: [ app_init ] --START--
INFO: Run Behavior\BuildLiteBehavior [ RunTime:0.000011s ]
INFO: [ app_init ] --END-- [ RunTime:0.000268s ]
INFO: [ app_begin ] --START--
INFO: Run Behavior\ReadHtmlCacheBehavior [ RunTime:0.000447s ]
INFO: [ app_begin ] --END-- [ RunTime:0.000501s ]
SQL: SHOW COLUMNS FROM `my_config` [ RunTime:0.0023s ]
SQL: SELECT * FROM `my_config` ORDER BY groupid,sort  [ RunTime:0.0011s ]
SQL: SHOW COLUMNS FROM `my_iteminfo` [ RunTime:0.0010s ]
SQL: SELECT * FROM `my_iteminfo` WHERE `group` = 'configgroup' ORDER BY sort,id  [ RunTime:0.0002s ]
SQL: SELECT * FROM `my_iteminfo` WHERE `group` = 'configtype' ORDER BY sort,id  [ RunTime:0.0002s ]
INFO: [ view_parse ] --START--
INFO: [ template_filter ] --START--
INFO: Run Behavior\ContentReplaceBehavior [ RunTime:0.000053s ]
INFO: [ template_filter ] --END-- [ RunTime:0.000098s ]
NOTIC: [2] Invalid argument supplied for foreach() /www/wwwroot/zzb.cxzch.cn/App/Manage/Common/function.php 第 413 行.
INFO: Run Behavior\ParseTemplateBehavior [ RunTime:0.008895s ]
INFO: [ view_parse ] --END-- [ RunTime:0.008940s ]
INFO: [ view_filter ] --START--
INFO: Run Behavior\WriteHtmlCacheBehavior [ RunTime:0.000136s ]
INFO: [ view_filter ] --END-- [ RunTime:0.000159s ]
INFO: [ app_end ] --START--
INFO: Run Behavior\ShowPageTraceBehavior [ RunTime:0.000407s ]
INFO: [ app_end ] --END-- [ RunTime:0.000443s ]

[ 2020-06-07T16:38:12+08:00 ] 123.182.86.194 /xn_admin.php?s=/System/site
INFO: [ app_init ] --START--
INFO: Run Behavior\BuildLiteBehavior [ RunTime:0.000013s ]
INFO: [ app_init ] --END-- [ RunTime:0.000272s ]
INFO: [ app_begin ] --START--
INFO: Run Behavior\ReadHtmlCacheBehavior [ RunTime:0.000386s ]
INFO: [ app_begin ] --END-- [ RunTime:0.000427s ]
SQL: SHOW COLUMNS FROM `my_config` [ RunTime:0.0012s ]
SQL: UPDATE `my_config` SET `value`='紫塞先锋' WHERE `name` = 'CFG_WEBNAME' [ RunTime:0.0002s ]
SQL: UPDATE `my_config` SET `value`='http://zzb.cxzch.cn/' WHERE `name` = 'CFG_WEBURL' [ RunTime:0.0002s ]
SQL: UPDATE `my_config` SET `value`='http://zzb.cxzch.cn/' WHERE `name` = 'CFG_MWEBURL' [ RunTime:0.0001s ]
SQL: UPDATE `my_config` SET `value`='紫塞先锋' WHERE `name` = 'CFG_WEBTITLE' [ RunTime:0.0001s ]
SQL: UPDATE `my_config` SET `value`='紫塞先锋' WHERE `name` = 'CFG_KEYWORDS' [ RunTime:0.0002s ]
SQL: UPDATE `my_config` SET `value`='紫塞先锋' WHERE `name` = 'CFG_DESCRIPTION' [ RunTime:0.0002s ]
SQL: UPDATE `my_config` SET `value`='#download@2016' WHERE `name` = 'CFG_DEFAULT_TPL' [ RunTime:0.0002s ]
SQL: UPDATE `my_config` SET `value`='sucai' WHERE `name` = 'CFG_THEMESTYLE' [ RunTime:0.0002s ]
SQL: UPDATE `my_config` SET `value`='承德市' WHERE `name` = 'CFG_ADDRESS' [ RunTime:0.0002s ]
SQL: UPDATE `my_config` SET `value`='0314-8888888' WHERE `name` = 'CFG_PHONE' [ RunTime:0.0002s ]
SQL: UPDATE `my_config` SET `value`='default' WHERE `name` = 'CFG_DEFAULT_MOBILE_TPL' [ RunTime:0.0002s ]
SQL: UPDATE `my_config` SET `value`='Copyright©2014-2017 All Rights Reserved.' WHERE `name` = 'CFG_POWERBY' [ RunTime:0.0001s ]
SQL: UPDATE `my_config` SET `value`='' WHERE `name` = 'CFG_STATS' [ RunTime:0.0001s ]
SQL: UPDATE `my_config` SET `value`='' WHERE `name` = 'CFG_BAIDUSTATS' [ RunTime:0.0001s ]
SQL: UPDATE `my_config` SET `value`='冀ICP备14001033号-2' WHERE `name` = 'CFG_BEIAN' [ RunTime:0.0002s ]
SQL: UPDATE `my_config` SET `value`='m5msJbKhM' WHERE `name` = 'CFG_COOKIE_ENCODE' [ RunTime:0.0001s ]
SQL: UPDATE `my_config` SET `value`='0' WHERE `name` = 'CFG_MOBILE_AUTO' [ RunTime:0.0002s ]
SQL: UPDATE `my_config` SET `value`='0' WHERE `name` = 'CFG_WEBSITE_CLOSE' [ RunTime:0.0002s ]
SQL: UPDATE `my_config` SET `value`='站点维护中，请稍等一会...' WHERE `name` = 'CFG_WEBSITE_CLOSE_INFO' [ RunTime:0.0002s ]
SQL: UPDATE `my_config` SET `value`='艾滋病|中国共产党|111111111' WHERE `name` = 'CFG_BADWORD' [ RunTime:0.0002s ]
SQL: UPDATE `my_config` SET `value`='1' WHERE `name` = 'CFG_FEEDBACK_GUEST' [ RunTime:0.0002s ]
SQL: UPDATE `my_config` SET `value`='1' WHERE `name` = 'CFG_VERIFY_REGISTER' [ RunTime:0.0001s ]
SQL: UPDATE `my_config` SET `value`='0' WHERE `name` = 'CFG_VERIFY_LOGIN' [ RunTime:0.0001s ]
SQL: UPDATE `my_config` SET `value`='1' WHERE `name` = 'CFG_VERIFY_GUESTBOOK' [ RunTime:0.0001s ]
SQL: UPDATE `my_config` SET `value`='0' WHERE `name` = 'CFG_VERIFY_REVIEW' [ RunTime:0.0001s ]
SQL: UPDATE `my_config` SET `value`='admin@sucaihuo.com' WHERE `name` = 'CFG_EMAIL_FROM' [ RunTime:0.0001s ]
SQL: UPDATE `my_config` SET `value`='站名' WHERE `name` = 'CFG_EMAIL_FROM_NAME' [ RunTime:0.0001s ]
SQL: UPDATE `my_config` SET `value`='smtp.exmail.qq.com' WHERE `name` = 'CFG_EMAIL_HOST' [ RunTime:0.0001s ]
SQL: UPDATE `my_config` SET `value`='25' WHERE `name` = 'CFG_EMAIL_PORT' [ RunTime:0.0001s ]
SQL: UPDATE `my_config` SET `value`='admin@sucaihuo.com' WHERE `name` = 'CFG_EMAIL_LOGINNAME' [ RunTime:0.0024s ]
SQL: UPDATE `my_config` SET `value`='sucaihuo' WHERE `name` = 'CFG_EMAIL_PASSWORD' [ RunTime:0.0002s ]
SQL: UPDATE `my_config` SET `value`='20480' WHERE `name` = 'CFG_UPLOAD_MAXSIZE' [ RunTime:0.0002s ]
SQL: UPDATE `my_config` SET `value`='300X300' WHERE `name` = 'CFG_IMGTHUMB_SIZE' [ RunTime:0.0001s ]
SQL: UPDATE `my_config` SET `value`='0' WHERE `name` = 'CFG_IMGTHUMB_TYPE' [ RunTime:0.0002s ]
SQL: UPDATE `my_config` SET `value`='600' WHERE `name` = 'CFG_IMGTHUMB_WIDTH' [ RunTime:0.0001s ]
SQL: UPDATE `my_config` SET `value`='./uploads/' WHERE `name` = 'CFG_UPLOAD_ROOTPATH' [ RunTime:0.0002s ]
SQL: UPDATE `my_config` SET `value`='jpg,gif,png,jpeg,txt,doc,docx,xls,ppt,zip,rar,mp3,mp4' WHERE `name` = 'CFG_UPLOAD_FILE_EXT' [ RunTime:0.0002s ]
SQL: UPDATE `my_config` SET `value`='jpg,gif,png,jpeg' WHERE `name` = 'CFG_UPLOAD_IMG_EXT' [ RunTime:0.0001s ]
SQL: UPDATE `my_config` SET `value`='5242880' WHERE `name` = 'CFG_SQL_FILESIZE' [ RunTime:0.0001s ]
SQL: UPDATE `my_config` SET `value`='0' WHERE `name` = 'CFG_DOWNLOAD_HIDE' [ RunTime:0.0001s ]
SQL: UPDATE `my_config` SET `value`='1' WHERE `name` = 'CFG_MEMBER_OPEN' [ RunTime:0.0001s ]
SQL: UPDATE `my_config` SET `value`='1' WHERE `name` = 'CFG_MEMBER_VERIFYEMAIL' [ RunTime:0.0001s ]
SQL: UPDATE `my_config` SET `value`='2' WHERE `name` = 'REGISTER_SCORE' [ RunTime:0.0001s ]
SQL: UPDATE `my_config` SET `value`='2' WHERE `name` = 'LOGIN_SCORE' [ RunTime:0.0002s ]
SQL: UPDATE `my_config` SET `value`='2' WHERE `name` = 'PUBLISH_SCORE' [ RunTime:0.0002s ]
SQL: UPDATE `my_config` SET `value`='1' WHERE `name` = 'REPLY_SCORE' [ RunTime:0.0001s ]
SQL: UPDATE `my_config` SET `value`='1' WHERE `name` = 'SIGN_SCORE' [ RunTime:0.0001s ]
SQL: UPDATE `my_config` SET `value`='www,bbs,ftp,mail,user,users,admin,administrator' WHERE `name` = 'CFG_MEMBER_NOTALLOW' [ RunTime:0.0001s ]
SQL: UPDATE `my_config` SET `value`='10' WHERE `name` = 'POINTS' [ RunTime:0.0001s ]
SQL: UPDATE `my_config` SET `value`='2' WHERE `name` = 'JINBI' [ RunTime:0.0002s ]
SQL: UPDATE `my_config` SET `value`='1' WHERE `name` = 'CFG_EMAIL_ACTIVE' [ RunTime:0.0001s ]
SQL: UPDATE `my_config` SET `value`='' WHERE `name` = 'CFG_EMAIL_TITLE' [ RunTime:0.0002s ]
SQL: UPDATE `my_config` SET `value`='' WHERE `name` = 'CFG_EMAIL_TPL' [ RunTime:0.0001s ]
SQL: UPDATE `my_config` SET `value`='' WHERE `name` = 'WESYS_NAME' [ RunTime:0.0001s ]
SQL: UPDATE `my_config` SET `value`='' WHERE `name` = 'WESYS_ID' [ RunTime:0.0001s ]
SQL: UPDATE `my_config` SET `value`='' WHERE `name` = 'WESYS_NUMBER' [ RunTime:0.0001s ]
SQL: UPDATE `my_config` SET `value`='' WHERE `name` = 'WESYS_APPID' [ RunTime:0.0002s ]
SQL: UPDATE `my_config` SET `value`='' WHERE `name` = 'WESYS_APPSECRET' [ RunTime:0.0001s ]
SQL: UPDATE `my_config` SET `value`='0' WHERE `name` = 'WESYS_TYPE' [ RunTime:0.0001s ]
SQL: UPDATE `my_config` SET `value`='203564' WHERE `name` = 'QQ_APPID' [ RunTime:0.0002s ]
SQL: UPDATE `my_config` SET `value`='bab1f3acc0c67b69a1f470ac5e8dc36a' WHERE `name` = 'QQ_APPKEY' [ RunTime:0.0002s ]
SQL: UPDATE `my_config` SET `value`='http://localhost:90/Oauth-login-type-qq.html' WHERE `name` = 'QQ_CALLBACK' [ RunTime:0.0002s ]
SQL: UPDATE `my_config` SET `value`='602735229' WHERE `name` = 'SINA_APPID' [ RunTime:0.0002s ]
SQL: UPDATE `my_config` SET `value`='66781cbeab9fdb9b014a387ab6e943fe' WHERE `name` = 'SINA_APPKEY' [ RunTime:0.0002s ]
SQL: UPDATE `my_config` SET `value`='http://localhost:90/Oauth-login-type-sina.html' WHERE `name` = 'SINA_CALLBACK' [ RunTime:0.0001s ]
SQL: UPDATE `my_config` SET `value`='0' WHERE `name` = 'STORAGE_OPEN' [ RunTime:0.0001s ]
SQL: UPDATE `my_config` SET `value`='' WHERE `name` = 'ACCESSKEY' [ RunTime:0.0001s ]
SQL: UPDATE `my_config` SET `value`='' WHERE `name` = 'SECRETKEY' [ RunTime:0.0002s ]
SQL: UPDATE `my_config` SET `value`='' WHERE `name` = 'BUCKET' [ RunTime:0.0001s ]
SQL: UPDATE `my_config` SET `value`='' WHERE `name` = 'DOMAIN' [ RunTime:0.0022s ]
SQL: UPDATE `my_config` SET `value`='xuanhanfei@126.com' WHERE `name` = 'ALIPAY_EMAIL' [ RunTime:0.0002s ]
SQL: UPDATE `my_config` SET `value`='ggo084pb84gl43qnw82a39n9b7r1jq2m' WHERE `name` = 'ALIPAY_KEY' [ RunTime:0.0002s ]
SQL: UPDATE `my_config` SET `value`='2088901006538525' WHERE `name` = 'ALIPAY_PARTNER' [ RunTime:0.0001s ]
SQL: UPDATE `my_config` SET `value`='wx426b3015555a46be' WHERE `name` = 'WECHAT_APPID' [ RunTime:0.0001s ]
SQL: UPDATE `my_config` SET `value`='1900009851' WHERE `name` = 'WECHAT_MCHID' [ RunTime:0.0001s ]
SQL: UPDATE `my_config` SET `value`='8934e7d15453e97507ef794cf7b0519d' WHERE `name` = 'WECHAT_KEY' [ RunTime:0.0001s ]
SQL: UPDATE `my_config` SET `value`='7813490da6f1265e4901ffb80afaa36f' WHERE `name` = 'WECHAT_APPSECRET' [ RunTime:0.0002s ]
INFO: [ view_parse ] --START--
INFO: [ template_filter ] --START--
INFO: Run Behavior\ContentReplaceBehavior [ RunTime:0.000039s ]
INFO: [ template_filter ] --END-- [ RunTime:0.000079s ]
INFO: Run Behavior\ParseTemplateBehavior [ RunTime:0.004038s ]
INFO: [ view_parse ] --END-- [ RunTime:0.004072s ]
INFO: [ view_filter ] --START--
INFO: Run Behavior\WriteHtmlCacheBehavior [ RunTime:0.000116s ]
INFO: [ view_filter ] --END-- [ RunTime:0.000138s ]

[ 2020-06-07T16:38:13+08:00 ] 123.182.86.194 /xn_admin.php?s=/System/site
INFO: [ app_init ] --START--
INFO: Run Behavior\BuildLiteBehavior [ RunTime:0.000014s ]
INFO: [ app_init ] --END-- [ RunTime:0.000312s ]
INFO: [ app_begin ] --START--
INFO: Run Behavior\ReadHtmlCacheBehavior [ RunTime:0.000331s ]
INFO: [ app_begin ] --END-- [ RunTime:0.000363s ]
SQL: SHOW COLUMNS FROM `my_config` [ RunTime:0.0011s ]
SQL: SELECT `name`,`value`,`typeid` FROM `my_config`  [ RunTime:0.0003s ]
SQL: SELECT * FROM `my_config` ORDER BY groupid,sort  [ RunTime:0.0004s ]
INFO: [ view_parse ] --START--
INFO: [ template_filter ] --START--
INFO: Run Behavior\ContentReplaceBehavior [ RunTime:0.000066s ]
INFO: [ template_filter ] --END-- [ RunTime:0.000132s ]
NOTIC: [2] Invalid argument supplied for foreach() /www/wwwroot/zzb.cxzch.cn/App/Manage/Common/function.php 第 413 行.
INFO: Run Behavior\ParseTemplateBehavior [ RunTime:0.010976s ]
INFO: [ view_parse ] --END-- [ RunTime:0.011013s ]
INFO: [ view_filter ] --START--
INFO: Run Behavior\WriteHtmlCacheBehavior [ RunTime:0.000159s ]
INFO: [ view_filter ] --END-- [ RunTime:0.000191s ]
INFO: [ app_end ] --START--
INFO: Run Behavior\ShowPageTraceBehavior [ RunTime:0.000545s ]
INFO: [ app_end ] --END-- [ RunTime:0.000595s ]

[ 2020-06-07T16:38:34+08:00 ] 123.182.86.194 /xn_admin.php?s=/Soft/index/pid/50
INFO: [ app_init ] --START--
INFO: Run Behavior\BuildLiteBehavior [ RunTime:0.000011s ]
INFO: [ app_init ] --END-- [ RunTime:0.000240s ]
INFO: [ app_begin ] --START--
INFO: Run Behavior\ReadHtmlCacheBehavior [ RunTime:0.000323s ]
INFO: [ app_begin ] --END-- [ RunTime:0.000359s ]
SQL: SHOW COLUMNS FROM `my_soft` [ RunTime:0.0036s ]
SQL: SHOW COLUMNS FROM `my_category` [ RunTime:0.0009s ]
SQL: SELECT COUNT(*) AS tp_count FROM my_soft soft LEFT JOIN my_category category ON soft.cid = category.id WHERE soft.status > 0 AND soft.cid IN (50,'56','57','58') LIMIT 1   [ RunTime:0.0004s ]
SQL: SELECT soft.id AS id,soft.title AS title,soft.color AS color,soft.keywords AS keywords,soft.litpic AS litpic,soft.description AS description,soft.version AS version,soft.softtype AS softtype,soft.copytype AS copytype,soft.language AS language,soft.os AS os,soft.filesize AS filesize,soft.officialurl AS officialurl,soft.publishtime AS publishtime,soft.updatetime AS updatetime,soft.click AS click,soft.cid AS cid,soft.commentflag AS commentflag,soft.flag AS flag,soft.jumpurl AS jumpurl,soft.status AS status,soft.userid AS userid,soft.aid AS aid,soft.tag AS tag,soft.demo AS demo,soft.downnum AS downnum,soft.scores AS scores,soft.prop_value AS prop_value,category.name AS catename,category.ename AS ename,category.modelid AS modelid FROM my_soft soft LEFT JOIN my_category category ON soft.cid = category.id WHERE soft.status > 0 AND soft.cid IN (50,'56','57','58') ORDER BY soft.id DESC LIMIT 0,10   [ RunTime:0.0003s ]
INFO: [ view_parse ] --START--
INFO: [ template_filter ] --START--
INFO: Run Behavior\ContentReplaceBehavior [ RunTime:0.000064s ]
INFO: [ template_filter ] --END-- [ RunTime:0.000121s ]
NOTIC: [8] Undefined index: p /www/wwwroot/zzb.cxzch.cn/App/Runtime/Cache/Manage/d300b279c4e10217698ed5a15f81b880.php 第 130 行.
NOTIC: [8] Undefined index: p /www/wwwroot/zzb.cxzch.cn/App/Runtime/Cache/Manage/d300b279c4e10217698ed5a15f81b880.php 第 131 行.
INFO: Run Behavior\ParseTemplateBehavior [ RunTime:0.011607s ]
INFO: [ view_parse ] --END-- [ RunTime:0.011640s ]
INFO: [ view_filter ] --START--
INFO: Run Behavior\WriteHtmlCacheBehavior [ RunTime:0.000122s ]
INFO: [ view_filter ] --END-- [ RunTime:0.000144s ]
INFO: [ app_end ] --START--
INFO: Run Behavior\ShowPageTraceBehavior [ RunTime:0.000341s ]
INFO: [ app_end ] --END-- [ RunTime:0.000370s ]

[ 2020-06-07T16:38:36+08:00 ] 123.182.86.194 /xn_admin.php?s=/Soft/edit/id/49/pid/50
INFO: [ app_init ] --START--
INFO: Run Behavior\BuildLiteBehavior [ RunTime:0.000018s ]
INFO: [ app_init ] --END-- [ RunTime:0.000386s ]
INFO: [ app_begin ] --START--
INFO: Run Behavior\ReadHtmlCacheBehavior [ RunTime:0.000334s ]
INFO: [ app_begin ] --END-- [ RunTime:0.000368s ]
SQL: SHOW COLUMNS FROM `my_soft` [ RunTime:0.0013s ]
SQL: SELECT * FROM `my_soft` WHERE `id` = 49 LIMIT 1   [ RunTime:0.0002s ]
INFO: [ view_parse ] --START--
INFO: [ template_filter ] --START--
INFO: Run Behavior\ContentReplaceBehavior [ RunTime:0.000202s ]
INFO: [ template_filter ] --END-- [ RunTime:0.000270s ]
SQL: SHOW COLUMNS FROM `my_category` [ RunTime:0.0015s ]
SQL: SHOW COLUMNS FROM `my_model` [ RunTime:0.0008s ]
SQL: SELECT category.property AS property FROM my_category category LEFT JOIN my_model model ON category.modelid = model.id WHERE category.id = 50 LIMIT 1   [ RunTime:0.0002s ]
NOTIC: [8] Undefined index: p /www/wwwroot/zzb.cxzch.cn/App/Runtime/Cache/Manage/f72476c68f81e381d77c94e80cf52b03.php 第 565 行.
INFO: Run Behavior\ParseTemplateBehavior [ RunTime:0.026115s ]
INFO: [ view_parse ] --END-- [ RunTime:0.026152s ]
INFO: [ view_filter ] --START--
INFO: Run Behavior\WriteHtmlCacheBehavior [ RunTime:0.000174s ]
INFO: [ view_filter ] --END-- [ RunTime:0.000200s ]
INFO: [ app_end ] --START--
INFO: Run Behavior\ShowPageTraceBehavior [ RunTime:0.000424s ]
INFO: [ app_end ] --END-- [ RunTime:0.000462s ]

[ 2020-06-07T16:38:36+08:00 ] 123.182.86.194 /xn_admin.php?s=/Public/editorMethod&action=config&&noCache=1591519220494
INFO: [ app_init ] --START--
INFO: Run Behavior\BuildLiteBehavior [ RunTime:0.000012s ]
INFO: [ app_init ] --END-- [ RunTime:0.000279s ]
INFO: [ app_begin ] --START--
INFO: Run Behavior\ReadHtmlCacheBehavior [ RunTime:0.000319s ]
INFO: [ app_begin ] --END-- [ RunTime:0.000351s ]
INFO: [ app_end ] --START--
INFO: Run Behavior\ShowPageTraceBehavior [ RunTime:0.000324s ]
INFO: [ app_end ] --END-- [ RunTime:0.000356s ]

[ 2020-06-07T16:38:42+08:00 ] 123.182.86.194 /xn_admin.php?s=/Public/upload
INFO: [ app_init ] --START--
INFO: Run Behavior\BuildLiteBehavior [ RunTime:0.000019s ]
INFO: [ app_init ] --END-- [ RunTime:0.000289s ]
INFO: [ app_begin ] --START--
INFO: Run Behavior\ReadHtmlCacheBehavior [ RunTime:0.000320s ]
INFO: [ app_begin ] --END-- [ RunTime:0.000359s ]
NOTIC: [2] call_user_func() expects parameter 1 to be a valid callback, no array or string given /www/wwwroot/zzb.cxzch.cn/Include/Library/Think/Upload.class.php 第 173 行.
SQL: SHOW COLUMNS FROM `my_attachment` [ RunTime:0.0012s ]
SQL: INSERT INTO `my_attachment` (`filepath`,`title`,`haslitpic`,`filetype`,`filesize`,`uploadtime`,`aid`) VALUES ('file1/20200607/5edca79266099.mp4','46337a66c61437a22ae5ff6ffaf37b2c.mp4','0','0','2914443','1591519122','1') [ RunTime:0.0004s ]
INFO: [ app_end ] --START--
INFO: Run Behavior\ShowPageTraceBehavior [ RunTime:0.000461s ]
INFO: [ app_end ] --END-- [ RunTime:0.000495s ]

[ 2020-06-07T16:38:50+08:00 ] 123.182.86.194 /xn_admin.php?s=/Soft/edit
INFO: [ app_init ] --START--
INFO: Run Behavior\BuildLiteBehavior [ RunTime:0.000015s ]
INFO: [ app_init ] --END-- [ RunTime:0.000287s ]
INFO: [ app_begin ] --START--
INFO: Run Behavior\ReadHtmlCacheBehavior [ RunTime:0.000304s ]
INFO: [ app_begin ] --END-- [ RunTime:0.000338s ]
NOTIC: [8] Undefined offset: 0 /www/wwwroot/zzb.cxzch.cn/App/Common/Common/function.php 第 1762 行.
NOTIC: [8] Undefined offset: 0 /www/wwwroot/zzb.cxzch.cn/App/Common/Common/function.php 第 1763 行.
SQL: SHOW COLUMNS FROM `my_tag` [ RunTime:0.0011s ]
SQL: SELECT * FROM `my_tag` WHERE `tag_name` = 'DSFDSF' LIMIT 1   [ RunTime:0.0003s ]
SQL: UPDATE `my_tag` SET `tag_click`='2',`tablename`='soft' WHERE `tag_name` = 'DSFDSF' [ RunTime:0.0005s ]
SQL: SHOW COLUMNS FROM `my_soft` [ RunTime:0.0009s ]
SQL: UPDATE `my_soft` SET `title`='CESHI',`jumpurl`='',`cid`='56',`litpic`='/uploads/img1/20200607/5edca20c2cf8a.jpg!300X300.jpg',`filesize`='2846.14KB',`downlink`='/uploads/file1/20200607/5edca79266099.mp4|||',`demo`='DSFDSF',`keywords`='SDFDSF',`tag`='DSFDSF',`description`='DSFSDF',`content`='<p>SDAFDSF</p>',`publishtime`='1591517598',`commentflag`='1',`status`='1',`scores`='0',`updatelog`='',`os`='',`softtype`='0',`language`='0',`updatetime`='1591519130',`prop_value`='',`pictureurls`='',`flag`='3' WHERE `id` = 49 [ RunTime:0.0048s ]
SQL: SHOW COLUMNS FROM `my_attachmentindex` [ RunTime:0.0010s ]
SQL: DELETE FROM `my_attachmentindex` WHERE `arcid` = 49 AND `modelid` = 5 [ RunTime:0.0002s ]
SQL: SHOW COLUMNS FROM `my_attachment` [ RunTime:0.0009s ]
SQL: SELECT `id` FROM `my_attachment` WHERE `filepath` IN ('img1/20200607/5edca20c2cf8a.jpg')  [ RunTime:0.0003s ]
SQL: INSERT INTO `my_attachmentindex` (`attid`,`arcid`,`modelid`) VALUES ('302','49','5') [ RunTime:0.0002s ]
INFO: [ view_parse ] --START--
INFO: [ template_filter ] --START--
INFO: Run Behavior\ContentReplaceBehavior [ RunTime:0.000044s ]
INFO: [ template_filter ] --END-- [ RunTime:0.000096s ]
INFO: Run Behavior\ParseTemplateBehavior [ RunTime:0.004000s ]
INFO: [ view_parse ] --END-- [ RunTime:0.004040s ]
INFO: [ view_filter ] --START--
INFO: Run Behavior\WriteHtmlCacheBehavior [ RunTime:0.000128s ]
INFO: [ view_filter ] --END-- [ RunTime:0.000157s ]

[ 2020-06-07T16:38:51+08:00 ] 123.182.86.194 /xn_admin.php?s=/Soft/index/pid/56/p/0
INFO: [ app_init ] --START--
INFO: Run Behavior\BuildLiteBehavior [ RunTime:0.000013s ]
INFO: [ app_init ] --END-- [ RunTime:0.000288s ]
INFO: [ app_begin ] --START--
INFO: Run Behavior\ReadHtmlCacheBehavior [ RunTime:0.000389s ]
INFO: [ app_begin ] --END-- [ RunTime:0.000429s ]
SQL: SHOW COLUMNS FROM `my_soft` [ RunTime:0.0014s ]
SQL: SHOW COLUMNS FROM `my_category` [ RunTime:0.0009s ]
SQL: SELECT COUNT(*) AS tp_count FROM my_soft soft LEFT JOIN my_category category ON soft.cid = category.id WHERE soft.status > 0 AND soft.cid IN (56) LIMIT 1   [ RunTime:0.0004s ]
SQL: SELECT soft.id AS id,soft.title AS title,soft.color AS color,soft.keywords AS keywords,soft.litpic AS litpic,soft.description AS description,soft.version AS version,soft.softtype AS softtype,soft.copytype AS copytype,soft.language AS language,soft.os AS os,soft.filesize AS filesize,soft.officialurl AS officialurl,soft.publishtime AS publishtime,soft.updatetime AS updatetime,soft.click AS click,soft.cid AS cid,soft.commentflag AS commentflag,soft.flag AS flag,soft.jumpurl AS jumpurl,soft.status AS status,soft.userid AS userid,soft.aid AS aid,soft.tag AS tag,soft.demo AS demo,soft.downnum AS downnum,soft.scores AS scores,soft.prop_value AS prop_value,category.name AS catename,category.ename AS ename,category.modelid AS modelid FROM my_soft soft LEFT JOIN my_category category ON soft.cid = category.id WHERE soft.status > 0 AND soft.cid IN (56) ORDER BY soft.id DESC LIMIT 0,10   [ RunTime:0.0003s ]
INFO: [ view_parse ] --START--
INFO: [ template_filter ] --START--
INFO: Run Behavior\ContentReplaceBehavior [ RunTime:0.000067s ]
INFO: [ template_filter ] --END-- [ RunTime:0.000120s ]
INFO: Run Behavior\ParseTemplateBehavior [ RunTime:0.014326s ]
INFO: [ view_parse ] --END-- [ RunTime:0.014375s ]
INFO: [ view_filter ] --START--
INFO: Run Behavior\WriteHtmlCacheBehavior [ RunTime:0.000150s ]
INFO: [ view_filter ] --END-- [ RunTime:0.000180s ]
INFO: [ app_end ] --START--
INFO: Run Behavior\ShowPageTraceBehavior [ RunTime:0.000365s ]
INFO: [ app_end ] --END-- [ RunTime:0.000401s ]

[ 2020-06-07T16:43:48+08:00 ] 123.182.86.194 /xn_admin.php?s=/Soft/edit/id/49/pid/56/p/0
INFO: [ app_init ] --START--
INFO: Run Behavior\BuildLiteBehavior [ RunTime:0.000012s ]
INFO: [ app_init ] --END-- [ RunTime:0.000302s ]
INFO: [ app_begin ] --START--
INFO: Run Behavior\ReadHtmlCacheBehavior [ RunTime:0.000391s ]
INFO: [ app_begin ] --END-- [ RunTime:0.000427s ]
SQL: SHOW COLUMNS FROM `my_soft` [ RunTime:0.0014s ]
SQL: SELECT * FROM `my_soft` WHERE `id` = 49 LIMIT 1   [ RunTime:0.0002s ]
INFO: [ view_parse ] --START--
INFO: [ template_filter ] --START--
INFO: Run Behavior\ContentReplaceBehavior [ RunTime:0.000112s ]
INFO: [ template_filter ] --END-- [ RunTime:0.000184s ]
SQL: SHOW COLUMNS FROM `my_category` [ RunTime:0.0054s ]
SQL: SHOW COLUMNS FROM `my_model` [ RunTime:0.0009s ]
SQL: SELECT category.property AS property FROM my_category category LEFT JOIN my_model model ON category.modelid = model.id WHERE category.id = 56 LIMIT 1   [ RunTime:0.0003s ]
INFO: Run Behavior\ParseTemplateBehavior [ RunTime:0.022227s ]
INFO: [ view_parse ] --END-- [ RunTime:0.022263s ]
INFO: [ view_filter ] --START--
INFO: Run Behavior\WriteHtmlCacheBehavior [ RunTime:0.000190s ]
INFO: [ view_filter ] --END-- [ RunTime:0.000215s ]
INFO: [ app_end ] --START--
INFO: Run Behavior\ShowPageTraceBehavior [ RunTime:0.000429s ]
INFO: [ app_end ] --END-- [ RunTime:0.000460s ]

[ 2020-06-07T16:43:49+08:00 ] 123.182.86.194 /xn_admin.php?s=/Public/editorMethod&action=config&&noCache=1591519532800
INFO: [ app_init ] --START--
INFO: Run Behavior\BuildLiteBehavior [ RunTime:0.000016s ]
INFO: [ app_init ] --END-- [ RunTime:0.000323s ]
INFO: [ app_begin ] --START--
INFO: Run Behavior\ReadHtmlCacheBehavior [ RunTime:0.000357s ]
INFO: [ app_begin ] --END-- [ RunTime:0.000390s ]
INFO: [ app_end ] --START--
INFO: Run Behavior\ShowPageTraceBehavior [ RunTime:0.000331s ]
INFO: [ app_end ] --END-- [ RunTime:0.000372s ]

