[ 2020-05-04T17:26:38+08:00 ] 123.182.93.197 /xn_admin.php
INFO: [ app_init ] --START--
INFO: Run Behavior\BuildLiteBehavior [ RunTime:0.000010s ]
INFO: [ app_init ] --END-- [ RunTime:0.002498s ]
INFO: [ app_begin ] --START--
INFO: Run Behavior\ReadHtmlCacheBehavior [ RunTime:0.000501s ]
INFO: [ app_begin ] --END-- [ RunTime:0.000539s ]

[ 2020-05-04T17:26:38+08:00 ] 123.182.93.197 /xn_admin.php?s=/Login/index
INFO: [ app_init ] --START--
INFO: Run Behavior\BuildLiteBehavior [ RunTime:0.000010s ]
INFO: [ app_init ] --END-- [ RunTime:0.000259s ]
INFO: [ app_begin ] --START--
INFO: Run Behavior\ReadHtmlCacheBehavior [ RunTime:0.000308s ]
INFO: [ app_begin ] --END-- [ RunTime:0.000341s ]
INFO: [ view_parse ] --START--
INFO: [ template_filter ] --START--
INFO: Run Behavior\ContentReplaceBehavior [ RunTime:0.000026s ]
INFO: [ template_filter ] --END-- [ RunTime:0.000057s ]
INFO: Run Behavior\ParseTemplateBehavior [ RunTime:0.004994s ]
INFO: [ view_parse ] --END-- [ RunTime:0.005026s ]
INFO: [ view_filter ] --START--
INFO: Run Behavior\WriteHtmlCacheBehavior [ RunTime:0.000297s ]
INFO: [ view_filter ] --END-- [ RunTime:0.000320s ]
INFO: [ app_end ] --START--
INFO: Run Behavior\ShowPageTraceBehavior [ RunTime:0.000503s ]
INFO: [ app_end ] --END-- [ RunTime:0.000529s ]

[ 2020-05-04T17:26:38+08:00 ] 123.182.93.197 /xn_admin.php?s=/Login/verify/id/a_login_1
INFO: [ app_init ] --START--
INFO: Run Behavior\BuildLiteBehavior [ RunTime:0.000010s ]
INFO: [ app_init ] --END-- [ RunTime:0.000237s ]
INFO: [ app_begin ] --START--
INFO: Run Behavior\ReadHtmlCacheBehavior [ RunTime:0.000298s ]
INFO: [ app_begin ] --END-- [ RunTime:0.000367s ]
INFO: [ app_end ] --START--
INFO: Run Behavior\ShowPageTraceBehavior [ RunTime:0.000385s ]
INFO: [ app_end ] --END-- [ RunTime:0.000422s ]

[ 2020-05-04T17:26:56+08:00 ] 123.182.93.197 /xn_admin.php?s=/Login/login
INFO: [ app_init ] --START--
INFO: Run Behavior\BuildLiteBehavior [ RunTime:0.000010s ]
INFO: [ app_init ] --END-- [ RunTime:0.000258s ]
INFO: [ app_begin ] --START--
INFO: Run Behavior\ReadHtmlCacheBehavior [ RunTime:0.000320s ]
INFO: [ app_begin ] --END-- [ RunTime:0.000352s ]
SQL: SHOW COLUMNS FROM `my_admin` [ RunTime:0.0388s ]
SQL: SELECT * FROM `my_admin` WHERE `username` = 'admin' LIMIT 1   [ RunTime:0.0010s ]

[ 2020-05-04T17:26:56+08:00 ] 123.182.93.197 /xn_admin.php?s=/Login/verify/id/a_login_1
INFO: [ app_init ] --START--
INFO: Run Behavior\BuildLiteBehavior [ RunTime:0.000009s ]
INFO: [ app_init ] --END-- [ RunTime:0.000238s ]
INFO: [ app_begin ] --START--
INFO: Run Behavior\ReadHtmlCacheBehavior [ RunTime:0.000309s ]
INFO: [ app_begin ] --END-- [ RunTime:0.000341s ]
INFO: [ app_end ] --START--
INFO: Run Behavior\ShowPageTraceBehavior [ RunTime:0.000344s ]
INFO: [ app_end ] --END-- [ RunTime:0.000379s ]

[ 2020-05-04T17:27:06+08:00 ] 123.182.93.197 /xn_admin.php?s=/Login/login
INFO: [ app_init ] --START--
INFO: Run Behavior\BuildLiteBehavior [ RunTime:0.000010s ]
INFO: [ app_init ] --END-- [ RunTime:0.000238s ]
INFO: [ app_begin ] --START--
INFO: Run Behavior\ReadHtmlCacheBehavior [ RunTime:0.000309s ]
INFO: [ app_begin ] --END-- [ RunTime:0.000341s ]
SQL: SHOW COLUMNS FROM `my_admin` [ RunTime:0.0011s ]
SQL: SELECT * FROM `my_admin` WHERE `username` = 'admin' LIMIT 1   [ RunTime:0.0002s ]

[ 2020-05-04T17:27:06+08:00 ] 123.182.93.197 /xn_admin.php?s=/Login/verify/id/a_login_1
INFO: [ app_init ] --START--
INFO: Run Behavior\BuildLiteBehavior [ RunTime:0.000010s ]
INFO: [ app_init ] --END-- [ RunTime:0.000237s ]
INFO: [ app_begin ] --START--
INFO: Run Behavior\ReadHtmlCacheBehavior [ RunTime:0.000314s ]
INFO: [ app_begin ] --END-- [ RunTime:0.000346s ]
INFO: [ app_end ] --START--
INFO: Run Behavior\ShowPageTraceBehavior [ RunTime:0.000324s ]
INFO: [ app_end ] --END-- [ RunTime:0.000359s ]

[ 2020-05-04T17:27:16+08:00 ] 123.182.93.197 /xn_admin.php?s=/Login/login
INFO: [ app_init ] --START--
INFO: Run Behavior\BuildLiteBehavior [ RunTime:0.000009s ]
INFO: [ app_init ] --END-- [ RunTime:0.000251s ]
INFO: [ app_begin ] --START--
INFO: Run Behavior\ReadHtmlCacheBehavior [ RunTime:0.000308s ]
INFO: [ app_begin ] --END-- [ RunTime:0.000341s ]
SQL: SHOW COLUMNS FROM `my_admin` [ RunTime:0.0010s ]
SQL: SELECT * FROM `my_admin` WHERE `username` = 'admin' LIMIT 1   [ RunTime:0.0003s ]

[ 2020-05-04T17:27:16+08:00 ] 123.182.93.197 /xn_admin.php?s=/Login/verify/id/a_login_1
INFO: [ app_init ] --START--
INFO: Run Behavior\BuildLiteBehavior [ RunTime:0.000010s ]
INFO: [ app_init ] --END-- [ RunTime:0.000236s ]
INFO: [ app_begin ] --START--
INFO: Run Behavior\ReadHtmlCacheBehavior [ RunTime:0.000307s ]
INFO: [ app_begin ] --END-- [ RunTime:0.000339s ]
INFO: [ app_end ] --START--
INFO: Run Behavior\ShowPageTraceBehavior [ RunTime:0.000388s ]
INFO: [ app_end ] --END-- [ RunTime:0.000434s ]

[ 2020-05-04T17:27:25+08:00 ] 123.182.93.197 /xn_admin.php?s=/Login/login
INFO: [ app_init ] --START--
INFO: Run Behavior\BuildLiteBehavior [ RunTime:0.000010s ]
INFO: [ app_init ] --END-- [ RunTime:0.000239s ]
INFO: [ app_begin ] --START--
INFO: Run Behavior\ReadHtmlCacheBehavior [ RunTime:0.000306s ]
INFO: [ app_begin ] --END-- [ RunTime:0.000337s ]
SQL: SHOW COLUMNS FROM `my_admin` [ RunTime:0.0012s ]
SQL: SELECT * FROM `my_admin` WHERE `username` = 'admin' LIMIT 1   [ RunTime:0.0003s ]
SQL: UPDATE `my_admin` SET `logintime`='1588584445',`loginip`='123.182.93.197',`loginnum`='108' WHERE `id` = 1 [ RunTime:0.0003s ]
SQL: SHOW COLUMNS FROM `my_role_user` [ RunTime:0.0039s ]
SQL: SELECT `role_id` FROM `my_role_user` WHERE `user_id` = '1' LIMIT 1   [ RunTime:0.0001s ]

[ 2020-05-04T17:27:25+08:00 ] 123.182.93.197 /xn_admin.php?s=/Login/verify/id/a_login_1
INFO: [ app_init ] --START--
INFO: Run Behavior\BuildLiteBehavior [ RunTime:0.000014s ]
INFO: [ app_init ] --END-- [ RunTime:0.000340s ]
INFO: [ app_begin ] --START--
INFO: Run Behavior\ReadHtmlCacheBehavior [ RunTime:0.000448s ]
INFO: [ app_begin ] --END-- [ RunTime:0.000493s ]
INFO: [ app_end ] --START--
INFO: Run Behavior\ShowPageTraceBehavior [ RunTime:0.000524s ]
INFO: [ app_end ] --END-- [ RunTime:0.000577s ]

[ 2020-05-04T17:27:25+08:00 ] 123.182.93.197 /xn_admin.php?s=/Index/index
INFO: [ app_init ] --START--
INFO: Run Behavior\BuildLiteBehavior [ RunTime:0.000017s ]
INFO: [ app_init ] --END-- [ RunTime:0.000390s ]
INFO: [ app_begin ] --START--
INFO: Run Behavior\ReadHtmlCacheBehavior [ RunTime:0.000491s ]
INFO: [ app_begin ] --END-- [ RunTime:0.000540s ]
SQL: SHOW COLUMNS FROM `my_menu` [ RunTime:0.0030s ]
SQL: SELECT * FROM `my_menu` WHERE `status` = 1 ORDER BY sort,id  [ RunTime:0.0008s ]
SQL: SELECT * FROM `my_menu` WHERE `status` = 1 AND `quick` = 1 ORDER BY sort,id  [ RunTime:0.0003s ]
INFO: [ view_parse ] --START--
INFO: [ template_filter ] --START--
INFO: Run Behavior\ContentReplaceBehavior [ RunTime:0.000043s ]
INFO: [ template_filter ] --END-- [ RunTime:0.000073s ]
INFO: Run Behavior\ParseTemplateBehavior [ RunTime:0.007759s ]
INFO: [ view_parse ] --END-- [ RunTime:0.007792s ]
INFO: [ view_filter ] --START--
INFO: Run Behavior\WriteHtmlCacheBehavior [ RunTime:0.000138s ]
INFO: [ view_filter ] --END-- [ RunTime:0.000161s ]
INFO: [ app_end ] --START--
INFO: Run Behavior\ShowPageTraceBehavior [ RunTime:0.000316s ]
INFO: [ app_end ] --END-- [ RunTime:0.000344s ]

[ 2020-05-04T17:27:25+08:00 ] 123.182.93.197 /xn_admin.php?s=/Public/main
INFO: [ app_init ] --START--
INFO: Run Behavior\BuildLiteBehavior [ RunTime:0.000010s ]
INFO: [ app_init ] --END-- [ RunTime:0.000276s ]
INFO: [ app_begin ] --START--
INFO: Run Behavior\ReadHtmlCacheBehavior [ RunTime:0.000302s ]
INFO: [ app_begin ] --END-- [ RunTime:0.000334s ]
SQL: SELECT VERSION() as ver; [ RunTime:0.0003s ]
INFO: [ view_parse ] --START--
INFO: [ template_filter ] --START--
INFO: Run Behavior\ContentReplaceBehavior [ RunTime:0.000044s ]
INFO: [ template_filter ] --END-- [ RunTime:0.000073s ]
NOTIC: [8] Use of undefined constant session - assumed 'session' /www/wwwroot/ym.cxzch.cn/App/Runtime/Cache/Manage/189add388cdd1263d35cd37739affe0d.php 第 52 行.
NOTIC: [8] Undefined variable: Think /www/wwwroot/ym.cxzch.cn/App/Runtime/Cache/Manage/189add388cdd1263d35cd37739affe0d.php 第 52 行.
NOTIC: [8] Use of undefined constant yang_adm_superadmin - assumed 'yang_adm_superadmin' /www/wwwroot/ym.cxzch.cn/App/Runtime/Cache/Manage/189add388cdd1263d35cd37739affe0d.php 第 52 行.
INFO: Run Behavior\ParseTemplateBehavior [ RunTime:0.004939s ]
INFO: [ view_parse ] --END-- [ RunTime:0.004967s ]
INFO: [ view_filter ] --START--
INFO: Run Behavior\WriteHtmlCacheBehavior [ RunTime:0.000110s ]
INFO: [ view_filter ] --END-- [ RunTime:0.000132s ]
INFO: [ app_end ] --START--
INFO: Run Behavior\ShowPageTraceBehavior [ RunTime:0.000327s ]
INFO: [ app_end ] --END-- [ RunTime:0.000351s ]

[ 2020-05-04T17:27:25+08:00 ] 123.182.93.197 /xn_admin.php?s=/Index/getParentCate&pid=0&rnd=54870
INFO: [ app_init ] --START--
INFO: Run Behavior\BuildLiteBehavior [ RunTime:0.000009s ]
INFO: [ app_init ] --END-- [ RunTime:0.000249s ]
INFO: [ app_begin ] --START--
INFO: Run Behavior\ReadHtmlCacheBehavior [ RunTime:0.000315s ]
INFO: [ app_begin ] --END-- [ RunTime:0.000345s ]
SQL: SHOW COLUMNS FROM `my_category` [ RunTime:0.0015s ]
SQL: SHOW COLUMNS FROM `my_model` [ RunTime:0.0020s ]
SQL: SELECT COUNT(*) AS tp_count FROM my_category category LEFT JOIN my_model model ON category.modelid = model.id WHERE category.pid = 0 AND category.type = 0 LIMIT 1   [ RunTime:0.0078s ]
SQL: SELECT category.id AS id,category.name AS name,category.ename AS ename,category.catpic AS catpic,category.pid AS pid,category.modelid AS modelid,category.type AS type,category.seotitle AS seotitle,category.keywords AS keywords,category.description AS description,category.template_category AS template_category,category.template_list AS template_list,category.template_show AS template_show,category.status AS status,category.sort AS sort,category.property AS property,model.name AS modelname,model.tablename AS tablename FROM my_category category LEFT JOIN my_model model ON category.modelid = model.id WHERE category.pid = 0 AND category.type = 0 ORDER BY category.sort ASC,category.id ASC  [ RunTime:0.0006s ]

[ 2020-05-04T17:27:29+08:00 ] 123.182.93.197 /xn_admin.php?s=/System/site
INFO: [ app_init ] --START--
INFO: Run Behavior\BuildLiteBehavior [ RunTime:0.000011s ]
INFO: [ app_init ] --END-- [ RunTime:0.000259s ]
INFO: [ app_begin ] --START--
INFO: Run Behavior\ReadHtmlCacheBehavior [ RunTime:0.000323s ]
INFO: [ app_begin ] --END-- [ RunTime:0.000355s ]
SQL: SHOW COLUMNS FROM `my_config` [ RunTime:0.0176s ]
SQL: SELECT * FROM `my_config` ORDER BY groupid,sort  [ RunTime:0.0067s ]
SQL: SHOW COLUMNS FROM `my_iteminfo` [ RunTime:0.0019s ]
SQL: SELECT * FROM `my_iteminfo` WHERE `group` = 'configgroup' ORDER BY sort,id  [ RunTime:0.0005s ]
SQL: SELECT * FROM `my_iteminfo` WHERE `group` = 'configtype' ORDER BY sort,id  [ RunTime:0.0002s ]
INFO: [ view_parse ] --START--
INFO: [ template_filter ] --START--
INFO: Run Behavior\ContentReplaceBehavior [ RunTime:0.000128s ]
INFO: [ template_filter ] --END-- [ RunTime:0.000166s ]
NOTIC: [2] Invalid argument supplied for foreach() /www/wwwroot/ym.cxzch.cn/App/Manage/Common/function.php 第 413 行.
INFO: Run Behavior\ParseTemplateBehavior [ RunTime:0.010811s ]
INFO: [ view_parse ] --END-- [ RunTime:0.010847s ]
INFO: [ view_filter ] --START--
INFO: Run Behavior\WriteHtmlCacheBehavior [ RunTime:0.000136s ]
INFO: [ view_filter ] --END-- [ RunTime:0.000161s ]
INFO: [ app_end ] --START--
INFO: Run Behavior\ShowPageTraceBehavior [ RunTime:0.000423s ]
INFO: [ app_end ] --END-- [ RunTime:0.000461s ]

[ 2020-05-04T17:27:32+08:00 ] 123.182.93.197 /xn_admin.php?s=/Product/index/pid/23
INFO: [ app_init ] --START--
INFO: Run Behavior\BuildLiteBehavior [ RunTime:0.000011s ]
INFO: [ app_init ] --END-- [ RunTime:0.000245s ]
INFO: [ app_begin ] --START--
INFO: Run Behavior\ReadHtmlCacheBehavior [ RunTime:0.000363s ]
INFO: [ app_begin ] --END-- [ RunTime:0.000395s ]
SQL: SHOW COLUMNS FROM `my_product` [ RunTime:0.0057s ]
SQL: SHOW COLUMNS FROM `my_category` [ RunTime:0.0008s ]
SQL: SELECT COUNT(*) AS tp_count FROM my_product product LEFT JOIN my_category category ON product.cid = category.id WHERE product.status > 0 AND product.cid IN (23,'24','25','26','27','47','50','51','52') LIMIT 1   [ RunTime:0.0008s ]
SQL: SELECT product.id AS id,product.title AS title,product.color AS color,product.keywords AS keywords,product.litpic AS litpic,product.description AS description,product.price AS price,product.marketprice AS marketprice,product.brand AS brand,product.units AS units,product.specification AS specification,product.publishtime AS publishtime,product.updatetime AS updatetime,product.click AS click,product.cid AS cid,product.commentflag AS commentflag,product.flag AS flag,product.jumpurl AS jumpurl,product.status AS status,product.userid AS userid,product.aid AS aid,product.tag AS tag,product.scores AS scores,product.demo AS demo,product.downlink AS downlink,product.downnum AS downnum,product.prop_value AS prop_value,category.name AS catename,category.ename AS ename,category.modelid AS modelid FROM my_product product LEFT JOIN my_category category ON product.cid = category.id WHERE product.status > 0 AND product.cid IN (23,'24','25','26','27','47','50','51','52') ORDER BY product.id DESC LIMIT 0,10   [ RunTime:0.0007s ]
INFO: [ view_parse ] --START--
INFO: [ template_filter ] --START--
INFO: Run Behavior\ContentReplaceBehavior [ RunTime:0.000054s ]
INFO: [ template_filter ] --END-- [ RunTime:0.000084s ]
SQL: SHOW COLUMNS FROM `my_iteminfo` [ RunTime:0.0010s ]
SQL: SELECT * FROM `my_iteminfo` WHERE `group` = 'flagtype' ORDER BY sort,id  [ RunTime:0.0003s ]
INFO: Run Behavior\ParseTemplateBehavior [ RunTime:0.026311s ]
INFO: [ view_parse ] --END-- [ RunTime:0.026364s ]
INFO: [ view_filter ] --START--
INFO: Run Behavior\WriteHtmlCacheBehavior [ RunTime:0.000176s ]
INFO: [ view_filter ] --END-- [ RunTime:0.000201s ]
INFO: [ app_end ] --START--
INFO: Run Behavior\ShowPageTraceBehavior [ RunTime:0.000353s ]
INFO: [ app_end ] --END-- [ RunTime:0.000383s ]

[ 2020-05-04T17:27:43+08:00 ] 123.182.93.197 /xn_admin.php?s=/Sitemap/index
INFO: [ app_init ] --START--
INFO: Run Behavior\BuildLiteBehavior [ RunTime:0.000010s ]
INFO: [ app_init ] --END-- [ RunTime:0.000270s ]
INFO: [ app_begin ] --START--
INFO: Run Behavior\ReadHtmlCacheBehavior [ RunTime:0.000310s ]
INFO: [ app_begin ] --END-- [ RunTime:0.000341s ]
SQL: SHOW COLUMNS FROM `my_article` [ RunTime:0.0060s ]
SQL: SELECT `id`,`title`,`keywords`,`litpic`,`publishtime`,`click`,`cid` FROM `my_article` WHERE ( status=1 ) UNION ALL SELECT id,title,keywords,litpic,publishtime,click,cid FROM my_picture WHERE status=1 UNION ALL SELECT id,title,keywords,litpic,publishtime,click,cid FROM my_soft WHERE status=1 UNION ALL SELECT id,title,keywords,litpic,publishtime,click,cid FROM my_special WHERE status=1 ORDER BY id desc LIMIT 10000 [ RunTime:0.0550s ]
SQL: SHOW COLUMNS FROM `my_article` [ RunTime:0.0011s ]
SQL: SELECT `id`,`title`,`keywords`,`litpic`,`publishtime`,`click`,`cid` FROM `my_article` WHERE ( status=1 ) UNION ALL SELECT id,title,keywords,litpic,publishtime,click,cid FROM my_picture WHERE status=1 UNION ALL SELECT id,title,keywords,litpic,publishtime,click,cid FROM my_soft WHERE status=1 UNION ALL SELECT id,title,keywords,litpic,publishtime,click,cid FROM my_special WHERE status=1 ORDER BY id desc LIMIT 10000 [ RunTime:0.0011s ]
SQL: SHOW COLUMNS FROM `my_article` [ RunTime:0.0007s ]
SQL: SELECT `id`,`title`,`keywords`,`litpic`,`publishtime`,`click`,`cid` FROM `my_article` WHERE ( status=1 ) UNION ALL SELECT id,title,keywords,litpic,publishtime,click,cid FROM my_picture WHERE status=1 UNION ALL SELECT id,title,keywords,litpic,publishtime,click,cid FROM my_soft WHERE status=1 UNION ALL SELECT id,title,keywords,litpic,publishtime,click,cid FROM my_special WHERE status=1 ORDER BY id desc LIMIT 10000 [ RunTime:0.0012s ]
NOTIC: [8] Undefined index: description /www/wwwroot/ym.cxzch.cn/App/Manage/Controller/SitemapController.class.php 第 139 行.
NOTIC: [8] Undefined index: url /www/wwwroot/ym.cxzch.cn/App/Manage/Controller/SitemapController.class.php 第 144 行.
NOTIC: [8] Undefined index: description /www/wwwroot/ym.cxzch.cn/App/Manage/Controller/SitemapController.class.php 第 139 行.
NOTIC: [8] Undefined index: url /www/wwwroot/ym.cxzch.cn/App/Manage/Controller/SitemapController.class.php 第 144 行.
NOTIC: [8] Undefined index: description /www/wwwroot/ym.cxzch.cn/App/Manage/Controller/SitemapController.class.php 第 139 行.
NOTIC: [8] Undefined index: url /www/wwwroot/ym.cxzch.cn/App/Manage/Controller/SitemapController.class.php 第 144 行.
NOTIC: [8] Undefined index: description /www/wwwroot/ym.cxzch.cn/App/Manage/Controller/SitemapController.class.php 第 139 行.
NOTIC: [8] Undefined index: url /www/wwwroot/ym.cxzch.cn/App/Manage/Controller/SitemapController.class.php 第 144 行.
NOTIC: [8] Undefined index: description /www/wwwroot/ym.cxzch.cn/App/Manage/Controller/SitemapController.class.php 第 139 行.
NOTIC: [8] Undefined index: url /www/wwwroot/ym.cxzch.cn/App/Manage/Controller/SitemapController.class.php 第 144 行.
NOTIC: [8] Undefined index: description /www/wwwroot/ym.cxzch.cn/App/Manage/Controller/SitemapController.class.php 第 139 行.
NOTIC: [8] Undefined index: url /www/wwwroot/ym.cxzch.cn/App/Manage/Controller/SitemapController.class.php 第 144 行.
NOTIC: [8] Undefined index: description /www/wwwroot/ym.cxzch.cn/App/Manage/Controller/SitemapController.class.php 第 139 行.
NOTIC: [8] Undefined index: url /www/wwwroot/ym.cxzch.cn/App/Manage/Controller/SitemapController.class.php 第 144 行.
NOTIC: [8] Undefined index: description /www/wwwroot/ym.cxzch.cn/App/Manage/Controller/SitemapController.class.php 第 139 行.
NOTIC: [8] Undefined index: url /www/wwwroot/ym.cxzch.cn/App/Manage/Controller/SitemapController.class.php 第 144 行.
NOTIC: [8] Undefined index: description /www/wwwroot/ym.cxzch.cn/App/Manage/Controller/SitemapController.class.php 第 139 行.
NOTIC: [8] Undefined index: url /www/wwwroot/ym.cxzch.cn/App/Manage/Controller/SitemapController.class.php 第 144 行.
NOTIC: [8] Undefined index: description /www/wwwroot/ym.cxzch.cn/App/Manage/Controller/SitemapController.class.php 第 139 行.
NOTIC: [8] Undefined index: url /www/wwwroot/ym.cxzch.cn/App/Manage/Controller/SitemapController.class.php 第 144 行.
NOTIC: [8] Undefined index: description /www/wwwroot/ym.cxzch.cn/App/Manage/Controller/SitemapController.class.php 第 139 行.
NOTIC: [8] Undefined index: url /www/wwwroot/ym.cxzch.cn/App/Manage/Controller/SitemapController.class.php 第 144 行.
NOTIC: [8] Undefined index: description /www/wwwroot/ym.cxzch.cn/App/Manage/Controller/SitemapController.class.php 第 139 行.
NOTIC: [8] Undefined index: url /www/wwwroot/ym.cxzch.cn/App/Manage/Controller/SitemapController.class.php 第 144 行.
NOTIC: [8] Undefined index: description /www/wwwroot/ym.cxzch.cn/App/Manage/Controller/SitemapController.class.php 第 139 行.
NOTIC: [8] Undefined index: url /www/wwwroot/ym.cxzch.cn/App/Manage/Controller/SitemapController.class.php 第 144 行.
NOTIC: [8] Undefined index: description /www/wwwroot/ym.cxzch.cn/App/Manage/Controller/SitemapController.class.php 第 139 行.
NOTIC: [8] Undefined index: url /www/wwwroot/ym.cxzch.cn/App/Manage/Controller/SitemapController.class.php 第 144 行.
NOTIC: [8] Undefined index: description /www/wwwroot/ym.cxzch.cn/App/Manage/Controller/SitemapController.class.php 第 139 行.
NOTIC: [8] Undefined index: url /www/wwwroot/ym.cxzch.cn/App/Manage/Controller/SitemapController.class.php 第 144 行.
NOTIC: [8] Undefined index: description /www/wwwroot/ym.cxzch.cn/App/Manage/Controller/SitemapController.class.php 第 139 行.
NOTIC: [8] Undefined index: url /www/wwwroot/ym.cxzch.cn/App/Manage/Controller/SitemapController.class.php 第 144 行.
NOTIC: [8] Undefined index: description /www/wwwroot/ym.cxzch.cn/App/Manage/Controller/SitemapController.class.php 第 139 行.
NOTIC: [8] Undefined index: url /www/wwwroot/ym.cxzch.cn/App/Manage/Controller/SitemapController.class.php 第 144 行.
NOTIC: [8] Undefined index: description /www/wwwroot/ym.cxzch.cn/App/Manage/Controller/SitemapController.class.php 第 139 行.
NOTIC: [8] Undefined index: url /www/wwwroot/ym.cxzch.cn/App/Manage/Controller/SitemapController.class.php 第 144 行.
NOTIC: [8] Undefined index: description /www/wwwroot/ym.cxzch.cn/App/Manage/Controller/SitemapController.class.php 第 139 行.
NOTIC: [8] Undefined index: url /www/wwwroot/ym.cxzch.cn/App/Manage/Controller/SitemapController.class.php 第 144 行.
NOTIC: [8] Undefined index: description /www/wwwroot/ym.cxzch.cn/App/Manage/Controller/SitemapController.class.php 第 139 行.
NOTIC: [8] Undefined index: url /www/wwwroot/ym.cxzch.cn/App/Manage/Controller/SitemapController.class.php 第 144 行.
NOTIC: [8] Undefined index: description /www/wwwroot/ym.cxzch.cn/App/Manage/Controller/SitemapController.class.php 第 139 行.
NOTIC: [8] Undefined index: url /www/wwwroot/ym.cxzch.cn/App/Manage/Controller/SitemapController.class.php 第 144 行.
NOTIC: [8] Undefined index: description /www/wwwroot/ym.cxzch.cn/App/Manage/Controller/SitemapController.class.php 第 139 行.
NOTIC: [8] Undefined index: url /www/wwwroot/ym.cxzch.cn/App/Manage/Controller/SitemapController.class.php 第 144 行.
NOTIC: [8] Undefined index: description /www/wwwroot/ym.cxzch.cn/App/Manage/Controller/SitemapController.class.php 第 139 行.
NOTIC: [8] Undefined index: url /www/wwwroot/ym.cxzch.cn/App/Manage/Controller/SitemapController.class.php 第 144 行.
NOTIC: [8] Undefined index: description /www/wwwroot/ym.cxzch.cn/App/Manage/Controller/SitemapController.class.php 第 139 行.
NOTIC: [8] Undefined index: url /www/wwwroot/ym.cxzch.cn/App/Manage/Controller/SitemapController.class.php 第 144 行.
NOTIC: [8] Undefined index: description /www/wwwroot/ym.cxzch.cn/App/Manage/Controller/SitemapController.class.php 第 139 行.
NOTIC: [8] Undefined index: url /www/wwwroot/ym.cxzch.cn/App/Manage/Controller/SitemapController.class.php 第 144 行.
NOTIC: [8] Undefined index: description /www/wwwroot/ym.cxzch.cn/App/Manage/Controller/SitemapController.class.php 第 139 行.
NOTIC: [8] Undefined index: url /www/wwwroot/ym.cxzch.cn/App/Manage/Controller/SitemapController.class.php 第 144 行.
NOTIC: [8] Undefined index: description /www/wwwroot/ym.cxzch.cn/App/Manage/Controller/SitemapController.class.php 第 139 行.
NOTIC: [8] Undefined index: url /www/wwwroot/ym.cxzch.cn/App/Manage/Controller/SitemapController.class.php 第 144 行.
NOTIC: [8] Undefined index: description /www/wwwroot/ym.cxzch.cn/App/Manage/Controller/SitemapController.class.php 第 139 行.
NOTIC: [8] Undefined index: url /www/wwwroot/ym.cxzch.cn/App/Manage/Controller/SitemapController.class.php 第 144 行.
NOTIC: [8] Undefined index: description /www/wwwroot/ym.cxzch.cn/App/Manage/Controller/SitemapController.class.php 第 139 行.
NOTIC: [8] Undefined index: url /www/wwwroot/ym.cxzch.cn/App/Manage/Controller/SitemapController.class.php 第 144 行.
NOTIC: [8] Undefined index: description /www/wwwroot/ym.cxzch.cn/App/Manage/Controller/SitemapController.class.php 第 139 行.
NOTIC: [8] Undefined index: url /www/wwwroot/ym.cxzch.cn/App/Manage/Controller/SitemapController.class.php 第 144 行.
NOTIC: [8] Undefined index: description /www/wwwroot/ym.cxzch.cn/App/Manage/Controller/SitemapController.class.php 第 139 行.
NOTIC: [8] Undefined index: url /www/wwwroot/ym.cxzch.cn/App/Manage/Controller/SitemapController.class.php 第 144 行.
NOTIC: [8] Undefined index: description /www/wwwroot/ym.cxzch.cn/App/Manage/Controller/SitemapController.class.php 第 139 行.
NOTIC: [8] Undefined index: url /www/wwwroot/ym.cxzch.cn/App/Manage/Controller/SitemapController.class.php 第 144 行.
NOTIC: [8] Undefined index: description /www/wwwroot/ym.cxzch.cn/App/Manage/Controller/SitemapController.class.php 第 139 行.
NOTIC: [8] Undefined index: url /www/wwwroot/ym.cxzch.cn/App/Manage/Controller/SitemapController.class.php 第 144 行.
NOTIC: [8] Undefined index: description /www/wwwroot/ym.cxzch.cn/App/Manage/Controller/SitemapController.class.php 第 139 行.
NOTIC: [8] Undefined index: url /www/wwwroot/ym.cxzch.cn/App/Manage/Controller/SitemapController.class.php 第 144 行.
NOTIC: [8] Undefined index: description /www/wwwroot/ym.cxzch.cn/App/Manage/Controller/SitemapController.class.php 第 139 行.
NOTIC: [8] Undefined index: url /www/wwwroot/ym.cxzch.cn/App/Manage/Controller/SitemapController.class.php 第 144 行.
NOTIC: [8] Undefined index: description /www/wwwroot/ym.cxzch.cn/App/Manage/Controller/SitemapController.class.php 第 139 行.
NOTIC: [8] Undefined index: url /www/wwwroot/ym.cxzch.cn/App/Manage/Controller/SitemapController.class.php 第 144 行.
NOTIC: [8] Undefined index: description /www/wwwroot/ym.cxzch.cn/App/Manage/Controller/SitemapController.class.php 第 139 行.
NOTIC: [8] Undefined index: url /www/wwwroot/ym.cxzch.cn/App/Manage/Controller/SitemapController.class.php 第 144 行.
NOTIC: [8] Undefined index: description /www/wwwroot/ym.cxzch.cn/App/Manage/Controller/SitemapController.class.php 第 139 行.
NOTIC: [8] Undefined index: url /www/wwwroot/ym.cxzch.cn/App/Manage/Controller/SitemapController.class.php 第 144 行.
NOTIC: [8] Undefined index: description /www/wwwroot/ym.cxzch.cn/App/Manage/Controller/SitemapController.class.php 第 139 行.
NOTIC: [8] Undefined index: url /www/wwwroot/ym.cxzch.cn/App/Manage/Controller/SitemapController.class.php 第 144 行.
NOTIC: [8] Undefined index: description /www/wwwroot/ym.cxzch.cn/App/Manage/Controller/SitemapController.class.php 第 139 行.
NOTIC: [8] Undefined index: url /www/wwwroot/ym.cxzch.cn/App/Manage/Controller/SitemapController.class.php 第 144 行.
NOTIC: [8] Undefined index: description /www/wwwroot/ym.cxzch.cn/App/Manage/Controller/SitemapController.class.php 第 139 行.
NOTIC: [8] Undefined index: url /www/wwwroot/ym.cxzch.cn/App/Manage/Controller/SitemapController.class.php 第 144 行.
NOTIC: [8] Undefined index: description /www/wwwroot/ym.cxzch.cn/App/Manage/Controller/SitemapController.class.php 第 139 行.
NOTIC: [8] Undefined index: url /www/wwwroot/ym.cxzch.cn/App/Manage/Controller/SitemapController.class.php 第 144 行.
NOTIC: [8] Undefined index: description /www/wwwroot/ym.cxzch.cn/App/Manage/Controller/SitemapController.class.php 第 139 行.
NOTIC: [8] Undefined index: url /www/wwwroot/ym.cxzch.cn/App/Manage/Controller/SitemapController.class.php 第 144 行.
NOTIC: [8] Undefined index: description /www/wwwroot/ym.cxzch.cn/App/Manage/Controller/SitemapController.class.php 第 139 行.
NOTIC: [8] Undefined index: url /www/wwwroot/ym.cxzch.cn/App/Manage/Controller/SitemapController.class.php 第 144 行.
NOTIC: [8] Undefined index: description /www/wwwroot/ym.cxzch.cn/App/Manage/Controller/SitemapController.class.php 第 139 行.
NOTIC: [8] Undefined index: url /www/wwwroot/ym.cxzch.cn/App/Manage/Controller/SitemapController.class.php 第 144 行.
NOTIC: [8] Undefined index: description /www/wwwroot/ym.cxzch.cn/App/Manage/Controller/SitemapController.class.php 第 139 行.
NOTIC: [8] Undefined index: url /www/wwwroot/ym.cxzch.cn/App/Manage/Controller/SitemapController.class.php 第 144 行.
NOTIC: [8] Undefined index: description /www/wwwroot/ym.cxzch.cn/App/Manage/Controller/SitemapController.class.php 第 139 行.
NOTIC: [8] Undefined index: url /www/wwwroot/ym.cxzch.cn/App/Manage/Controller/SitemapController.class.php 第 144 行.
NOTIC: [8] Undefined index: description /www/wwwroot/ym.cxzch.cn/App/Manage/Controller/SitemapController.class.php 第 139 行.
NOTIC: [8] Undefined index: url /www/wwwroot/ym.cxzch.cn/App/Manage/Controller/SitemapController.class.php 第 144 行.
NOTIC: [8] Undefined index: description /www/wwwroot/ym.cxzch.cn/App/Manage/Controller/SitemapController.class.php 第 139 行.
NOTIC: [8] Undefined index: url /www/wwwroot/ym.cxzch.cn/App/Manage/Controller/SitemapController.class.php 第 144 行.
NOTIC: [8] Undefined index: description /www/wwwroot/ym.cxzch.cn/App/Manage/Controller/SitemapController.class.php 第 139 行.
NOTIC: [8] Undefined index: url /www/wwwroot/ym.cxzch.cn/App/Manage/Controller/SitemapController.class.php 第 144 行.
NOTIC: [8] Undefined index: description /www/wwwroot/ym.cxzch.cn/App/Manage/Controller/SitemapController.class.php 第 139 行.
NOTIC: [8] Undefined index: url /www/wwwroot/ym.cxzch.cn/App/Manage/Controller/SitemapController.class.php 第 144 行.
NOTIC: [8] Undefined index: description /www/wwwroot/ym.cxzch.cn/App/Manage/Controller/SitemapController.class.php 第 139 行.
NOTIC: [8] Undefined index: url /www/wwwroot/ym.cxzch.cn/App/Manage/Controller/SitemapController.class.php 第 144 行.
NOTIC: [8] Undefined index: description /www/wwwroot/ym.cxzch.cn/App/Manage/Controller/SitemapController.class.php 第 139 行.
NOTIC: [8] Undefined index: url /www/wwwroot/ym.cxzch.cn/App/Manage/Controller/SitemapController.class.php 第 144 行.
NOTIC: [8] Undefined index: description /www/wwwroot/ym.cxzch.cn/App/Manage/Controller/SitemapController.class.php 第 139 行.
NOTIC: [8] Undefined index: url /www/wwwroot/ym.cxzch.cn/App/Manage/Controller/SitemapController.class.php 第 144 行.
NOTIC: [8] Undefined index: description /www/wwwroot/ym.cxzch.cn/App/Manage/Controller/SitemapController.class.php 第 139 行.
NOTIC: [8] Undefined index: url /www/wwwroot/ym.cxzch.cn/App/Manage/Controller/SitemapController.class.php 第 144 行.
NOTIC: [8] Undefined index: description /www/wwwroot/ym.cxzch.cn/App/Manage/Controller/SitemapController.class.php 第 139 行.
NOTIC: [8] Undefined index: url /www/wwwroot/ym.cxzch.cn/App/Manage/Controller/SitemapController.class.php 第 144 行.
NOTIC: [8] Undefined index: description /www/wwwroot/ym.cxzch.cn/App/Manage/Controller/SitemapController.class.php 第 139 行.
NOTIC: [8] Undefined index: url /www/wwwroot/ym.cxzch.cn/App/Manage/Controller/SitemapController.class.php 第 144 行.
NOTIC: [8] Undefined index: description /www/wwwroot/ym.cxzch.cn/App/Manage/Controller/SitemapController.class.php 第 139 行.
NOTIC: [8] Undefined index: url /www/wwwroot/ym.cxzch.cn/App/Manage/Controller/SitemapController.class.php 第 144 行.
NOTIC: [8] Undefined index: description /www/wwwroot/ym.cxzch.cn/App/Manage/Controller/SitemapController.class.php 第 139 行.
NOTIC: [8] Undefined index: url /www/wwwroot/ym.cxzch.cn/App/Manage/Controller/SitemapController.class.php 第 144 行.
NOTIC: [8] Undefined index: description /www/wwwroot/ym.cxzch.cn/App/Manage/Controller/SitemapController.class.php 第 139 行.
NOTIC: [8] Undefined index: url /www/wwwroot/ym.cxzch.cn/App/Manage/Controller/SitemapController.class.php 第 144 行.
NOTIC: [8] Undefined index: description /www/wwwroot/ym.cxzch.cn/App/Manage/Controller/SitemapController.class.php 第 139 行.
NOTIC: [8] Undefined index: url /www/wwwroot/ym.cxzch.cn/App/Manage/Controller/SitemapController.class.php 第 144 行.
NOTIC: [8] Undefined index: description /www/wwwroot/ym.cxzch.cn/App/Manage/Controller/SitemapController.class.php 第 139 行.
NOTIC: [8] Undefined index: url /www/wwwroot/ym.cxzch.cn/App/Manage/Controller/SitemapController.class.php 第 144 行.
NOTIC: [8] Undefined index: description /www/wwwroot/ym.cxzch.cn/App/Manage/Controller/SitemapController.class.php 第 139 行.
NOTIC: [8] Undefined index: url /www/wwwroot/ym.cxzch.cn/App/Manage/Controller/SitemapController.class.php 第 144 行.
NOTIC: [8] Undefined index: description /www/wwwroot/ym.cxzch.cn/App/Manage/Controller/SitemapController.class.php 第 139 行.
NOTIC: [8] Undefined index: url /www/wwwroot/ym.cxzch.cn/App/Manage/Controller/SitemapController.class.php 第 144 行.
NOTIC: [8] Undefined index: description /www/wwwroot/ym.cxzch.cn/App/Manage/Controller/SitemapController.class.php 第 139 行.
NOTIC: [8] Undefined index: url /www/wwwroot/ym.cxzch.cn/App/Manage/Controller/SitemapController.class.php 第 144 行.
NOTIC: [8] Undefined index: description /www/wwwroot/ym.cxzch.cn/App/Manage/Controller/SitemapController.class.php 第 139 行.
NOTIC: [8] Undefined index: url /www/wwwroot/ym.cxzch.cn/App/Manage/Controller/SitemapController.class.php 第 144 行.
NOTIC: [8] Undefined index: description /www/wwwroot/ym.cxzch.cn/App/Manage/Controller/SitemapController.class.php 第 139 行.
NOTIC: [8] Undefined index: url /www/wwwroot/ym.cxzch.cn/App/Manage/Controller/SitemapController.class.php 第 144 行.
NOTIC: [8] Undefined index: description /www/wwwroot/ym.cxzch.cn/App/Manage/Controller/SitemapController.class.php 第 139 行.
NOTIC: [8] Undefined index: url /www/wwwroot/ym.cxzch.cn/App/Manage/Controller/SitemapController.class.php 第 144 行.
NOTIC: [8] Undefined index: description /www/wwwroot/ym.cxzch.cn/App/Manage/Controller/SitemapController.class.php 第 139 行.
NOTIC: [8] Undefined index: url /www/wwwroot/ym.cxzch.cn/App/Manage/Controller/SitemapController.class.php 第 144 行.
NOTIC: [8] Undefined index: description /www/wwwroot/ym.cxzch.cn/App/Manage/Controller/SitemapController.class.php 第 139 行.
NOTIC: [8] Undefined index: url /www/wwwroot/ym.cxzch.cn/App/Manage/Controller/SitemapController.class.php 第 144 行.
NOTIC: [8] Undefined index: description /www/wwwroot/ym.cxzch.cn/App/Manage/Controller/SitemapController.class.php 第 139 行.
NOTIC: [8] Undefined index: url /www/wwwroot/ym.cxzch.cn/App/Manage/Controller/SitemapController.class.php 第 144 行.
NOTIC: [8] Undefined index: description /www/wwwroot/ym.cxzch.cn/App/Manage/Controller/SitemapController.class.php 第 139 行.
NOTIC: [8] Undefined index: url /www/wwwroot/ym.cxzch.cn/App/Manage/Controller/SitemapController.class.php 第 144 行.
NOTIC: [8] Undefined index: description /www/wwwroot/ym.cxzch.cn/App/Manage/Controller/SitemapController.class.php 第 139 行.
NOTIC: [8] Undefined index: url /www/wwwroot/ym.cxzch.cn/App/Manage/Controller/SitemapController.class.php 第 144 行.
NOTIC: [8] Undefined index: description /www/wwwroot/ym.cxzch.cn/App/Manage/Controller/SitemapController.class.php 第 139 行.
NOTIC: [8] Undefined index: url /www/wwwroot/ym.cxzch.cn/App/Manage/Controller/SitemapController.class.php 第 144 行.
NOTIC: [8] Undefined index: description /www/wwwroot/ym.cxzch.cn/App/Manage/Controller/SitemapController.class.php 第 139 行.
NOTIC: [8] Undefined index: url /www/wwwroot/ym.cxzch.cn/App/Manage/Controller/SitemapController.class.php 第 144 行.
NOTIC: [8] Undefined index: description /www/wwwroot/ym.cxzch.cn/App/Manage/Controller/SitemapController.class.php 第 139 行.
NOTIC: [8] Undefined index: url /www/wwwroot/ym.cxzch.cn/App/Manage/Controller/SitemapController.class.php 第 144 行.
NOTIC: [8] Undefined index: description /www/wwwroot/ym.cxzch.cn/App/Manage/Controller/SitemapController.class.php 第 139 行.
NOTIC: [8] Undefined index: url /www/wwwroot/ym.cxzch.cn/App/Manage/Controller/SitemapController.class.php 第 144 行.
NOTIC: [8] Undefined index: description /www/wwwroot/ym.cxzch.cn/App/Manage/Controller/SitemapController.class.php 第 139 行.
NOTIC: [8] Undefined index: url /www/wwwroot/ym.cxzch.cn/App/Manage/Controller/SitemapController.class.php 第 144 行.
NOTIC: [8] Undefined index: description /www/wwwroot/ym.cxzch.cn/App/Manage/Controller/SitemapController.class.php 第 139 行.
NOTIC: [8] Undefined index: url /www/wwwroot/ym.cxzch.cn/App/Manage/Controller/SitemapController.class.php 第 144 行.
NOTIC: [8] Undefined index: description /www/wwwroot/ym.cxzch.cn/App/Manage/Controller/SitemapController.class.php 第 139 行.
NOTIC: [8] Undefined index: url /www/wwwroot/ym.cxzch.cn/App/Manage/Controller/SitemapController.class.php 第 144 行.
NOTIC: [8] Undefined index: description /www/wwwroot/ym.cxzch.cn/App/Manage/Controller/SitemapController.class.php 第 139 行.
NOTIC: [8] Undefined index: url /www/wwwroot/ym.cxzch.cn/App/Manage/Controller/SitemapController.class.php 第 144 行.
NOTIC: [8] Undefined index: description /www/wwwroot/ym.cxzch.cn/App/Manage/Controller/SitemapController.class.php 第 139 行.
NOTIC: [8] Undefined index: url /www/wwwroot/ym.cxzch.cn/App/Manage/Controller/SitemapController.class.php 第 144 行.
NOTIC: [8] Undefined index: description /www/wwwroot/ym.cxzch.cn/App/Manage/Controller/SitemapController.class.php 第 139 行.
NOTIC: [8] Undefined index: url /www/wwwroot/ym.cxzch.cn/App/Manage/Controller/SitemapController.class.php 第 144 行.
NOTIC: [8] Undefined index: description /www/wwwroot/ym.cxzch.cn/App/Manage/Controller/SitemapController.class.php 第 139 行.
NOTIC: [8] Undefined index: url /www/wwwroot/ym.cxzch.cn/App/Manage/Controller/SitemapController.class.php 第 144 行.
NOTIC: [8] Undefined index: description /www/wwwroot/ym.cxzch.cn/App/Manage/Controller/SitemapController.class.php 第 139 行.
NOTIC: [8] Undefined index: url /www/wwwroot/ym.cxzch.cn/App/Manage/Controller/SitemapController.class.php 第 144 行.
NOTIC: [8] Undefined index: description /www/wwwroot/ym.cxzch.cn/App/Manage/Controller/SitemapController.class.php 第 139 行.
NOTIC: [8] Undefined index: url /www/wwwroot/ym.cxzch.cn/App/Manage/Controller/SitemapController.class.php 第 144 行.
NOTIC: [8] Undefined index: description /www/wwwroot/ym.cxzch.cn/App/Manage/Controller/SitemapController.class.php 第 139 行.
NOTIC: [8] Undefined index: url /www/wwwroot/ym.cxzch.cn/App/Manage/Controller/SitemapController.class.php 第 144 行.
NOTIC: [8] Undefined index: description /www/wwwroot/ym.cxzch.cn/App/Manage/Controller/SitemapController.class.php 第 139 行.
NOTIC: [8] Undefined index: url /www/wwwroot/ym.cxzch.cn/App/Manage/Controller/SitemapController.class.php 第 144 行.
NOTIC: [8] Undefined index: description /www/wwwroot/ym.cxzch.cn/App/Manage/Controller/SitemapController.class.php 第 139 行.
NOTIC: [8] Undefined index: url /www/wwwroot/ym.cxzch.cn/App/Manage/Controller/SitemapController.class.php 第 144 行.
NOTIC: [8] Undefined index: description /www/wwwroot/ym.cxzch.cn/App/Manage/Controller/SitemapController.class.php 第 139 行.
NOTIC: [8] Undefined index: url /www/wwwroot/ym.cxzch.cn/App/Manage/Controller/SitemapController.class.php 第 144 行.
NOTIC: [8] Undefined index: description /www/wwwroot/ym.cxzch.cn/App/Manage/Controller/SitemapController.class.php 第 139 行.
NOTIC: [8] Undefined index: url /www/wwwroot/ym.cxzch.cn/App/Manage/Controller/SitemapController.class.php 第 144 行.
NOTIC: [8] Undefined index: description /www/wwwroot/ym.cxzch.cn/App/Manage/Controller/SitemapController.class.php 第 139 行.
NOTIC: [8] Undefined index: url /www/wwwroot/ym.cxzch.cn/App/Manage/Controller/SitemapController.class.php 第 144 行.
NOTIC: [8] Undefined index: description /www/wwwroot/ym.cxzch.cn/App/Manage/Controller/SitemapController.class.php 第 139 行.
NOTIC: [8] Undefined index: url /www/wwwroot/ym.cxzch.cn/App/Manage/Controller/SitemapController.class.php 第 144 行.
NOTIC: [8] Undefined index: description /www/wwwroot/ym.cxzch.cn/App/Manage/Controller/SitemapController.class.php 第 139 行.
NOTIC: [8] Undefined index: url /www/wwwroot/ym.cxzch.cn/App/Manage/Controller/SitemapController.class.php 第 144 行.
NOTIC: [8] Undefined index: description /www/wwwroot/ym.cxzch.cn/App/Manage/Controller/SitemapController.class.php 第 139 行.
NOTIC: [8] Undefined index: url /www/wwwroot/ym.cxzch.cn/App/Manage/Controller/SitemapController.class.php 第 144 行.
NOTIC: [8] Undefined index: description /www/wwwroot/ym.cxzch.cn/App/Manage/Controller/SitemapController.class.php 第 139 行.
NOTIC: [8] Undefined index: url /www/wwwroot/ym.cxzch.cn/App/Manage/Controller/SitemapController.class.php 第 144 行.
NOTIC: [8] Undefined index: description /www/wwwroot/ym.cxzch.cn/App/Manage/Controller/SitemapController.class.php 第 139 行.
NOTIC: [8] Undefined index: url /www/wwwroot/ym.cxzch.cn/App/Manage/Controller/SitemapController.class.php 第 144 行.
NOTIC: [8] Undefined index: description /www/wwwroot/ym.cxzch.cn/App/Manage/Controller/SitemapController.class.php 第 139 行.
NOTIC: [8] Undefined index: url /www/wwwroot/ym.cxzch.cn/App/Manage/Controller/SitemapController.class.php 第 144 行.
NOTIC: [8] Undefined index: description /www/wwwroot/ym.cxzch.cn/App/Manage/Controller/SitemapController.class.php 第 139 行.
NOTIC: [8] Undefined index: url /www/wwwroot/ym.cxzch.cn/App/Manage/Controller/SitemapController.class.php 第 144 行.
NOTIC: [8] Undefined index: description /www/wwwroot/ym.cxzch.cn/App/Manage/Controller/SitemapController.class.php 第 139 行.
NOTIC: [8] Undefined index: url /www/wwwroot/ym.cxzch.cn/App/Manage/Controller/SitemapController.class.php 第 144 行.
INFO: [ app_end ] --START--
INFO: Run Behavior\ShowPageTraceBehavior [ RunTime:0.000444s ]
INFO: [ app_end ] --END-- [ RunTime:0.000479s ]

[ 2020-05-04T17:33:59+08:00 ] 123.182.93.197 /xn_admin.php?s=/System/site
INFO: [ app_init ] --START--
INFO: Run Behavior\BuildLiteBehavior [ RunTime:0.000010s ]
INFO: [ app_init ] --END-- [ RunTime:0.000229s ]
INFO: [ app_begin ] --START--
INFO: Run Behavior\ReadHtmlCacheBehavior [ RunTime:0.000306s ]
INFO: [ app_begin ] --END-- [ RunTime:0.000337s ]
SQL: SHOW COLUMNS FROM `my_config` [ RunTime:0.0053s ]
SQL: SELECT * FROM `my_config` ORDER BY groupid,sort  [ RunTime:0.0005s ]
INFO: [ view_parse ] --START--
INFO: [ template_filter ] --START--
INFO: Run Behavior\ContentReplaceBehavior [ RunTime:0.000043s ]
INFO: [ template_filter ] --END-- [ RunTime:0.000073s ]
NOTIC: [2] Invalid argument supplied for foreach() /www/wwwroot/ym.cxzch.cn/App/Manage/Common/function.php 第 413 行.
INFO: Run Behavior\ParseTemplateBehavior [ RunTime:0.006974s ]
INFO: [ view_parse ] --END-- [ RunTime:0.007006s ]
INFO: [ view_filter ] --START--
INFO: Run Behavior\WriteHtmlCacheBehavior [ RunTime:0.000124s ]
INFO: [ view_filter ] --END-- [ RunTime:0.000148s ]
INFO: [ app_end ] --START--
INFO: Run Behavior\ShowPageTraceBehavior [ RunTime:0.000483s ]
INFO: [ app_end ] --END-- [ RunTime:0.000511s ]

[ 2020-05-04T21:17:02+08:00 ] 110.254.38.111 /xn_admin.php?s=/Login/index
INFO: [ app_init ] --START--
INFO: Run Behavior\BuildLiteBehavior [ RunTime:0.000012s ]
INFO: [ app_init ] --END-- [ RunTime:0.000419s ]
INFO: [ app_begin ] --START--
INFO: Run Behavior\ReadHtmlCacheBehavior [ RunTime:0.000494s ]
INFO: [ app_begin ] --END-- [ RunTime:0.000530s ]
INFO: [ view_parse ] --START--
INFO: [ template_filter ] --START--
INFO: Run Behavior\ContentReplaceBehavior [ RunTime:0.000034s ]
INFO: [ template_filter ] --END-- [ RunTime:0.000072s ]
INFO: Run Behavior\ParseTemplateBehavior [ RunTime:0.005559s ]
INFO: [ view_parse ] --END-- [ RunTime:0.005595s ]
INFO: [ view_filter ] --START--
INFO: Run Behavior\WriteHtmlCacheBehavior [ RunTime:0.000279s ]
INFO: [ view_filter ] --END-- [ RunTime:0.000302s ]
INFO: [ app_end ] --START--
INFO: Run Behavior\ShowPageTraceBehavior [ RunTime:0.000513s ]
INFO: [ app_end ] --END-- [ RunTime:0.000558s ]

[ 2020-05-04T21:17:03+08:00 ] 110.254.38.111 /xn_admin.php?s=/Login/verify/id/a_login_1
INFO: [ app_init ] --START--
INFO: Run Behavior\BuildLiteBehavior [ RunTime:0.000011s ]
INFO: [ app_init ] --END-- [ RunTime:0.000248s ]
INFO: [ app_begin ] --START--
INFO: Run Behavior\ReadHtmlCacheBehavior [ RunTime:0.000305s ]
INFO: [ app_begin ] --END-- [ RunTime:0.000338s ]
INFO: [ app_end ] --START--
INFO: Run Behavior\ShowPageTraceBehavior [ RunTime:0.000318s ]
INFO: [ app_end ] --END-- [ RunTime:0.000351s ]

