[ 2020-07-11T15:11:25+08:00 ] 106.114.161.53 /xn_admin.php?s=/Index/index
INFO: [ app_init ] --START--
INFO: Run Behavior\BuildLiteBehavior [ RunTime:0.000014s ]
INFO: [ app_init ] --END-- [ RunTime:0.000368s ]
INFO: [ app_begin ] --START--
INFO: Run Behavior\ReadHtmlCacheBehavior [ RunTime:0.000373s ]
INFO: [ app_begin ] --END-- [ RunTime:0.000451s ]

[ 2020-07-11T15:11:26+08:00 ] 106.114.161.53 /xn_admin.php?s=/Login/index
INFO: [ app_init ] --START--
INFO: Run Behavior\BuildLiteBehavior [ RunTime:0.000016s ]
INFO: [ app_init ] --END-- [ RunTime:0.000253s ]
INFO: [ app_begin ] --START--
INFO: Run Behavior\ReadHtmlCacheBehavior [ RunTime:0.000283s ]
INFO: [ app_begin ] --END-- [ RunTime:0.000322s ]
INFO: [ view_parse ] --START--
INFO: [ template_filter ] --START--
INFO: Run Behavior\ContentReplaceBehavior [ RunTime:0.000048s ]
INFO: [ template_filter ] --END-- [ RunTime:0.000106s ]
INFO: Run Behavior\ParseTemplateBehavior [ RunTime:0.005575s ]
INFO: [ view_parse ] --END-- [ RunTime:0.005622s ]
INFO: [ view_filter ] --START--
INFO: Run Behavior\WriteHtmlCacheBehavior [ RunTime:0.000086s ]
INFO: [ view_filter ] --END-- [ RunTime:0.000105s ]
INFO: [ app_end ] --START--
INFO: Run Behavior\ShowPageTraceBehavior [ RunTime:0.000365s ]
INFO: [ app_end ] --END-- [ RunTime:0.000399s ]

[ 2020-07-11T15:11:26+08:00 ] 106.114.161.53 /xn_admin.php?s=/Login/verify/id/a_login_1
INFO: [ app_init ] --START--
INFO: Run Behavior\BuildLiteBehavior [ RunTime:0.000017s ]
INFO: [ app_init ] --END-- [ RunTime:0.000340s ]
INFO: [ app_begin ] --START--
INFO: Run Behavior\ReadHtmlCacheBehavior [ RunTime:0.000370s ]
INFO: [ app_begin ] --END-- [ RunTime:0.000413s ]
INFO: [ app_end ] --START--
INFO: Run Behavior\ShowPageTraceBehavior [ RunTime:0.000460s ]
INFO: [ app_end ] --END-- [ RunTime:0.000558s ]

[ 2020-07-11T15:11:29+08:00 ] 106.114.161.53 /xn_admin.php?s=/Index/index
INFO: [ app_init ] --START--
INFO: Run Behavior\BuildLiteBehavior [ RunTime:0.000012s ]
INFO: [ app_init ] --END-- [ RunTime:0.000317s ]
INFO: [ app_begin ] --START--
INFO: Run Behavior\ReadHtmlCacheBehavior [ RunTime:0.000329s ]
INFO: [ app_begin ] --END-- [ RunTime:0.000373s ]

[ 2020-07-11T15:11:29+08:00 ] 106.114.161.53 /xn_admin.php?s=/Login/index
INFO: [ app_init ] --START--
INFO: Run Behavior\BuildLiteBehavior [ RunTime:0.000011s ]
INFO: [ app_init ] --END-- [ RunTime:0.000226s ]
INFO: [ app_begin ] --START--
INFO: Run Behavior\ReadHtmlCacheBehavior [ RunTime:0.000270s ]
INFO: [ app_begin ] --END-- [ RunTime:0.000306s ]
INFO: [ view_parse ] --START--
INFO: [ template_filter ] --START--
INFO: Run Behavior\ContentReplaceBehavior [ RunTime:0.000034s ]
INFO: [ template_filter ] --END-- [ RunTime:0.000081s ]
INFO: Run Behavior\ParseTemplateBehavior [ RunTime:0.003341s ]
INFO: [ view_parse ] --END-- [ RunTime:0.003370s ]
INFO: [ view_filter ] --START--
INFO: Run Behavior\WriteHtmlCacheBehavior [ RunTime:0.000080s ]
INFO: [ view_filter ] --END-- [ RunTime:0.000099s ]
INFO: [ app_end ] --START--
INFO: Run Behavior\ShowPageTraceBehavior [ RunTime:0.000344s ]
INFO: [ app_end ] --END-- [ RunTime:0.000370s ]

[ 2020-07-11T15:11:29+08:00 ] 106.114.161.53 /xn_admin.php?s=/Login/verify/id/a_login_1
INFO: [ app_init ] --START--
INFO: Run Behavior\BuildLiteBehavior [ RunTime:0.000011s ]
INFO: [ app_init ] --END-- [ RunTime:0.000218s ]
INFO: [ app_begin ] --START--
INFO: Run Behavior\ReadHtmlCacheBehavior [ RunTime:0.000366s ]
INFO: [ app_begin ] --END-- [ RunTime:0.000442s ]
INFO: [ app_end ] --START--
INFO: Run Behavior\ShowPageTraceBehavior [ RunTime:0.000502s ]
INFO: [ app_end ] --END-- [ RunTime:0.000576s ]

[ 2020-07-11T15:11:45+08:00 ] 106.114.161.53 /xn_admin.php?s=/Login/login
INFO: [ app_init ] --START--
INFO: Run Behavior\BuildLiteBehavior [ RunTime:0.000011s ]
INFO: [ app_init ] --END-- [ RunTime:0.000212s ]
INFO: [ app_begin ] --START--
INFO: Run Behavior\ReadHtmlCacheBehavior [ RunTime:0.000330s ]
INFO: [ app_begin ] --END-- [ RunTime:0.000395s ]
SQL: SHOW COLUMNS FROM `my_admin` [ RunTime:0.0019s ]
SQL: SELECT * FROM `my_admin` WHERE `username` = 'admin' LIMIT 1   [ RunTime:0.0007s ]
SQL: UPDATE `my_admin` SET `logintime`='1594451505',`loginip`='106.114.161.53',`loginnum`='125' WHERE `id` = 1 [ RunTime:0.0002s ]
SQL: SHOW COLUMNS FROM `my_role_user` [ RunTime:0.0021s ]
SQL: SELECT `role_id` FROM `my_role_user` WHERE `user_id` = '1' LIMIT 1   [ RunTime:0.0001s ]

[ 2020-07-11T15:11:45+08:00 ] 106.114.161.53 /xn_admin.php?s=/Index/index
INFO: [ app_init ] --START--
INFO: Run Behavior\BuildLiteBehavior [ RunTime:0.000012s ]
INFO: [ app_init ] --END-- [ RunTime:0.000213s ]
INFO: [ app_begin ] --START--
INFO: Run Behavior\ReadHtmlCacheBehavior [ RunTime:0.000280s ]
INFO: [ app_begin ] --END-- [ RunTime:0.000315s ]
SQL: SHOW COLUMNS FROM `my_menu` [ RunTime:0.0086s ]
SQL: SELECT * FROM `my_menu` WHERE `status` = 1 ORDER BY sort,id  [ RunTime:0.0011s ]
SQL: SELECT * FROM `my_menu` WHERE `status` = 1 AND `quick` = 1 ORDER BY sort,id  [ RunTime:0.0003s ]
INFO: [ view_parse ] --START--
INFO: [ template_filter ] --START--
INFO: Run Behavior\ContentReplaceBehavior [ RunTime:0.000050s ]
INFO: [ template_filter ] --END-- [ RunTime:0.000093s ]
INFO: Run Behavior\ParseTemplateBehavior [ RunTime:0.008389s ]
INFO: [ view_parse ] --END-- [ RunTime:0.008434s ]
INFO: [ view_filter ] --START--
INFO: Run Behavior\WriteHtmlCacheBehavior [ RunTime:0.000100s ]
INFO: [ view_filter ] --END-- [ RunTime:0.000121s ]
INFO: [ app_end ] --START--
INFO: Run Behavior\ShowPageTraceBehavior [ RunTime:0.000311s ]
INFO: [ app_end ] --END-- [ RunTime:0.000335s ]

[ 2020-07-11T15:11:45+08:00 ] 106.114.161.53 /xn_admin.php?s=/Login/verify/id/a_login_1
INFO: [ app_init ] --START--
INFO: Run Behavior\BuildLiteBehavior [ RunTime:0.000012s ]
INFO: [ app_init ] --END-- [ RunTime:0.000220s ]
INFO: [ app_begin ] --START--
INFO: Run Behavior\ReadHtmlCacheBehavior [ RunTime:0.000336s ]
INFO: [ app_begin ] --END-- [ RunTime:0.000377s ]
INFO: [ app_end ] --START--
INFO: Run Behavior\ShowPageTraceBehavior [ RunTime:0.000365s ]
INFO: [ app_end ] --END-- [ RunTime:0.000419s ]

[ 2020-07-11T15:11:46+08:00 ] 106.114.161.53 /xn_admin.php?s=/Public/main
INFO: [ app_init ] --START--
INFO: Run Behavior\BuildLiteBehavior [ RunTime:0.000012s ]
INFO: [ app_init ] --END-- [ RunTime:0.000225s ]
INFO: [ app_begin ] --START--
INFO: Run Behavior\ReadHtmlCacheBehavior [ RunTime:0.000270s ]
INFO: [ app_begin ] --END-- [ RunTime:0.000306s ]
SQL: SELECT VERSION() as ver; [ RunTime:0.0001s ]
INFO: [ view_parse ] --START--
INFO: [ template_filter ] --START--
INFO: Run Behavior\ContentReplaceBehavior [ RunTime:0.000058s ]
INFO: [ template_filter ] --END-- [ RunTime:0.000108s ]
NOTIC: [8] Use of undefined constant session - assumed 'session' /www/wwwroot/zzb.cxzch.cn/App/Runtime/Cache/Manage/189add388cdd1263d35cd37739affe0d.php 第 52 行.
NOTIC: [8] Undefined variable: Think /www/wwwroot/zzb.cxzch.cn/App/Runtime/Cache/Manage/189add388cdd1263d35cd37739affe0d.php 第 52 行.
NOTIC: [8] Use of undefined constant yang_adm_superadmin - assumed 'yang_adm_superadmin' /www/wwwroot/zzb.cxzch.cn/App/Runtime/Cache/Manage/189add388cdd1263d35cd37739affe0d.php 第 52 行.
INFO: Run Behavior\ParseTemplateBehavior [ RunTime:0.006098s ]
INFO: [ view_parse ] --END-- [ RunTime:0.006139s ]
INFO: [ view_filter ] --START--
INFO: Run Behavior\WriteHtmlCacheBehavior [ RunTime:0.000099s ]
INFO: [ view_filter ] --END-- [ RunTime:0.000119s ]
INFO: [ app_end ] --START--
INFO: Run Behavior\ShowPageTraceBehavior [ RunTime:0.000334s ]
INFO: [ app_end ] --END-- [ RunTime:0.000362s ]

[ 2020-07-11T15:11:46+08:00 ] 106.114.161.53 /xn_admin.php?s=/Index/getParentCate&pid=0&rnd=56466
INFO: [ app_init ] --START--
INFO: Run Behavior\BuildLiteBehavior [ RunTime:0.000018s ]
INFO: [ app_init ] --END-- [ RunTime:0.000449s ]
INFO: [ app_begin ] --START--
INFO: Run Behavior\ReadHtmlCacheBehavior [ RunTime:0.000274s ]
INFO: [ app_begin ] --END-- [ RunTime:0.000306s ]
SQL: SHOW COLUMNS FROM `my_category` [ RunTime:0.0010s ]
SQL: SHOW COLUMNS FROM `my_model` [ RunTime:0.0006s ]
SQL: SELECT COUNT(*) AS tp_count FROM my_category category LEFT JOIN my_model model ON category.modelid = model.id WHERE category.pid = 0 AND category.type = 0 LIMIT 1   [ RunTime:0.0003s ]
SQL: SELECT category.id AS id,category.name AS name,category.ename AS ename,category.catpic AS catpic,category.pid AS pid,category.modelid AS modelid,category.type AS type,category.seotitle AS seotitle,category.keywords AS keywords,category.description AS description,category.template_category AS template_category,category.template_list AS template_list,category.template_show AS template_show,category.status AS status,category.sort AS sort,category.property AS property,model.name AS modelname,model.tablename AS tablename FROM my_category category LEFT JOIN my_model model ON category.modelid = model.id WHERE category.pid = 0 AND category.type = 0 ORDER BY category.sort ASC,category.id ASC  [ RunTime:0.0004s ]

[ 2020-07-11T15:12:01+08:00 ] 106.114.161.53 /xn_admin.php?s=/Public/main
INFO: [ app_init ] --START--
INFO: Run Behavior\BuildLiteBehavior [ RunTime:0.000012s ]
INFO: [ app_init ] --END-- [ RunTime:0.000215s ]
INFO: [ app_begin ] --START--
INFO: Run Behavior\ReadHtmlCacheBehavior [ RunTime:0.000268s ]
INFO: [ app_begin ] --END-- [ RunTime:0.000304s ]
SQL: SELECT VERSION() as ver; [ RunTime:0.0001s ]
INFO: [ view_parse ] --START--
INFO: [ template_filter ] --START--
INFO: Run Behavior\ContentReplaceBehavior [ RunTime:0.000055s ]
INFO: [ template_filter ] --END-- [ RunTime:0.000095s ]
NOTIC: [8] Use of undefined constant session - assumed 'session' /www/wwwroot/zzb.cxzch.cn/App/Runtime/Cache/Manage/189add388cdd1263d35cd37739affe0d.php 第 52 行.
NOTIC: [8] Undefined variable: Think /www/wwwroot/zzb.cxzch.cn/App/Runtime/Cache/Manage/189add388cdd1263d35cd37739affe0d.php 第 52 行.
NOTIC: [8] Use of undefined constant yang_adm_superadmin - assumed 'yang_adm_superadmin' /www/wwwroot/zzb.cxzch.cn/App/Runtime/Cache/Manage/189add388cdd1263d35cd37739affe0d.php 第 52 行.
INFO: Run Behavior\ParseTemplateBehavior [ RunTime:0.003895s ]
INFO: [ view_parse ] --END-- [ RunTime:0.003925s ]
INFO: [ view_filter ] --START--
INFO: Run Behavior\WriteHtmlCacheBehavior [ RunTime:0.000091s ]
INFO: [ view_filter ] --END-- [ RunTime:0.000111s ]
INFO: [ app_end ] --START--
INFO: Run Behavior\ShowPageTraceBehavior [ RunTime:0.000297s ]
INFO: [ app_end ] --END-- [ RunTime:0.000320s ]

[ 2020-07-11T15:12:18+08:00 ] 106.114.161.53 /xn_admin.php?s=/System/site
INFO: [ app_init ] --START--
INFO: Run Behavior\BuildLiteBehavior [ RunTime:0.000012s ]
INFO: [ app_init ] --END-- [ RunTime:0.000237s ]
INFO: [ app_begin ] --START--
INFO: Run Behavior\ReadHtmlCacheBehavior [ RunTime:0.000305s ]
INFO: [ app_begin ] --END-- [ RunTime:0.000347s ]
SQL: SHOW COLUMNS FROM `my_config` [ RunTime:0.0017s ]
SQL: SELECT * FROM `my_config` ORDER BY groupid,sort  [ RunTime:0.0011s ]
SQL: SHOW COLUMNS FROM `my_iteminfo` [ RunTime:0.0018s ]
SQL: SELECT * FROM `my_iteminfo` WHERE `group` = 'configgroup' ORDER BY sort,id  [ RunTime:0.0010s ]
SQL: SELECT * FROM `my_iteminfo` WHERE `group` = 'configtype' ORDER BY sort,id  [ RunTime:0.0004s ]
INFO: [ view_parse ] --START--
INFO: [ template_filter ] --START--
INFO: Run Behavior\ContentReplaceBehavior [ RunTime:0.000055s ]
INFO: [ template_filter ] --END-- [ RunTime:0.000104s ]
NOTIC: [2] Invalid argument supplied for foreach() /www/wwwroot/zzb.cxzch.cn/App/Manage/Common/function.php 第 413 行.
INFO: Run Behavior\ParseTemplateBehavior [ RunTime:0.009017s ]
INFO: [ view_parse ] --END-- [ RunTime:0.009070s ]
INFO: [ view_filter ] --START--
INFO: Run Behavior\WriteHtmlCacheBehavior [ RunTime:0.000146s ]
INFO: [ view_filter ] --END-- [ RunTime:0.000222s ]
INFO: [ app_end ] --START--
INFO: Run Behavior\ShowPageTraceBehavior [ RunTime:0.000382s ]
INFO: [ app_end ] --END-- [ RunTime:0.000417s ]

[ 2020-07-11T15:12:25+08:00 ] 101.91.62.89 /xn_admin.php?s=/Index/index
INFO: [ app_init ] --START--
INFO: Run Behavior\BuildLiteBehavior [ RunTime:0.000012s ]
INFO: [ app_init ] --END-- [ RunTime:0.000213s ]
INFO: [ app_begin ] --START--
INFO: Run Behavior\ReadHtmlCacheBehavior [ RunTime:0.000336s ]
INFO: [ app_begin ] --END-- [ RunTime:0.000383s ]

[ 2020-07-11T15:12:26+08:00 ] 61.151.207.205 /xn_admin.php?s=/Login/index
INFO: [ app_init ] --START--
INFO: Run Behavior\BuildLiteBehavior [ RunTime:0.000012s ]
INFO: [ app_init ] --END-- [ RunTime:0.000283s ]
INFO: [ app_begin ] --START--
INFO: Run Behavior\ReadHtmlCacheBehavior [ RunTime:0.000272s ]
INFO: [ app_begin ] --END-- [ RunTime:0.000308s ]
INFO: [ view_parse ] --START--
INFO: [ template_filter ] --START--
INFO: Run Behavior\ContentReplaceBehavior [ RunTime:0.000033s ]
INFO: [ template_filter ] --END-- [ RunTime:0.000074s ]
INFO: Run Behavior\ParseTemplateBehavior [ RunTime:0.003642s ]
INFO: [ view_parse ] --END-- [ RunTime:0.003676s ]
INFO: [ view_filter ] --START--
INFO: Run Behavior\WriteHtmlCacheBehavior [ RunTime:0.000085s ]
INFO: [ view_filter ] --END-- [ RunTime:0.000104s ]
INFO: [ app_end ] --START--
INFO: Run Behavior\ShowPageTraceBehavior [ RunTime:0.000396s ]
INFO: [ app_end ] --END-- [ RunTime:0.000427s ]

[ 2020-07-11T15:12:42+08:00 ] 106.114.161.53 /xn_admin.php?s=/Article/index/pid/16
INFO: [ app_init ] --START--
INFO: Run Behavior\BuildLiteBehavior [ RunTime:0.000011s ]
INFO: [ app_init ] --END-- [ RunTime:0.000231s ]
INFO: [ app_begin ] --START--
INFO: Run Behavior\ReadHtmlCacheBehavior [ RunTime:0.000332s ]
INFO: [ app_begin ] --END-- [ RunTime:0.000376s ]
NOTIC: [8] Undefined variable: cate_arr /www/wwwroot/zzb.cxzch.cn/App/Common/Common/function.php 第 109 行.
SQL: SHOW COLUMNS FROM `my_category` [ RunTime:0.0007s ]
SQL: SHOW COLUMNS FROM `my_model` [ RunTime:0.0005s ]
SQL: SELECT category.id AS id,category.name AS name,category.ename AS ename,category.catpic AS catpic,category.pid AS pid,category.modelid AS modelid,category.type AS type,category.seotitle AS seotitle,category.keywords AS keywords,category.description AS description,category.template_category AS template_category,category.template_list AS template_list,category.template_show AS template_show,category.status AS status,category.sort AS sort,category.property AS property,model.name AS modelname,model.tablename AS tablename FROM my_category category LEFT JOIN my_model model ON category.modelid = model.id ORDER BY category.sort asc,category.id ASC  [ RunTime:0.0007s ]
SQL: SHOW COLUMNS FROM `my_article` [ RunTime:0.0006s ]
SQL: SELECT COUNT(*) AS tp_count FROM my_article article LEFT JOIN my_category category ON article.cid = category.id WHERE article.status > 0 AND article.cid IN (16,'17','22','20','18') LIMIT 1   [ RunTime:0.0004s ]
SQL: SELECT article.id AS id,article.title AS title,article.shorttitle AS shorttitle,article.color AS color,article.copyfrom AS copyfrom,article.author AS author,article.keywords AS keywords,article.litpic AS litpic,article.description AS description,article.publishtime AS publishtime,article.updatetime AS updatetime,article.click AS click,article.cid AS cid,article.commentflag AS commentflag,article.flag AS flag,article.jumpurl AS jumpurl,article.status AS status,article.userid AS userid,article.aid AS aid,article.ding AS ding,article.cai AS cai,article.tag AS tag,category.name AS catename,category.ename AS ename,category.modelid AS modelid FROM my_article article LEFT JOIN my_category category ON article.cid = category.id WHERE article.status > 0 AND article.cid IN (16,'17','22','20','18') ORDER BY article.id DESC LIMIT 0,10   [ RunTime:0.0006s ]
INFO: [ view_parse ] --START--
INFO: [ template_filter ] --START--
INFO: Run Behavior\ContentReplaceBehavior [ RunTime:0.000086s ]
INFO: [ template_filter ] --END-- [ RunTime:0.000131s ]
NOTIC: [8] Undefined index: p /www/wwwroot/zzb.cxzch.cn/App/Runtime/Cache/Manage/f69c6ef39b3ba6d5c1d51b7a72eb971f.php 第 130 行.
NOTIC: [8] Undefined index: p /www/wwwroot/zzb.cxzch.cn/App/Runtime/Cache/Manage/f69c6ef39b3ba6d5c1d51b7a72eb971f.php 第 131 行.
NOTIC: [8] Undefined index: p /www/wwwroot/zzb.cxzch.cn/App/Runtime/Cache/Manage/f69c6ef39b3ba6d5c1d51b7a72eb971f.php 第 130 行.
NOTIC: [8] Undefined index: p /www/wwwroot/zzb.cxzch.cn/App/Runtime/Cache/Manage/f69c6ef39b3ba6d5c1d51b7a72eb971f.php 第 131 行.
NOTIC: [8] Undefined index: p /www/wwwroot/zzb.cxzch.cn/App/Runtime/Cache/Manage/f69c6ef39b3ba6d5c1d51b7a72eb971f.php 第 130 行.
NOTIC: [8] Undefined index: p /www/wwwroot/zzb.cxzch.cn/App/Runtime/Cache/Manage/f69c6ef39b3ba6d5c1d51b7a72eb971f.php 第 131 行.
NOTIC: [8] Undefined index: p /www/wwwroot/zzb.cxzch.cn/App/Runtime/Cache/Manage/f69c6ef39b3ba6d5c1d51b7a72eb971f.php 第 130 行.
NOTIC: [8] Undefined index: p /www/wwwroot/zzb.cxzch.cn/App/Runtime/Cache/Manage/f69c6ef39b3ba6d5c1d51b7a72eb971f.php 第 131 行.
NOTIC: [8] Undefined index: p /www/wwwroot/zzb.cxzch.cn/App/Runtime/Cache/Manage/f69c6ef39b3ba6d5c1d51b7a72eb971f.php 第 130 行.
NOTIC: [8] Undefined index: p /www/wwwroot/zzb.cxzch.cn/App/Runtime/Cache/Manage/f69c6ef39b3ba6d5c1d51b7a72eb971f.php 第 131 行.
NOTIC: [8] Undefined index: p /www/wwwroot/zzb.cxzch.cn/App/Runtime/Cache/Manage/f69c6ef39b3ba6d5c1d51b7a72eb971f.php 第 130 行.
NOTIC: [8] Undefined index: p /www/wwwroot/zzb.cxzch.cn/App/Runtime/Cache/Manage/f69c6ef39b3ba6d5c1d51b7a72eb971f.php 第 131 行.
SQL: SHOW COLUMNS FROM `my_iteminfo` [ RunTime:0.0008s ]
SQL: SELECT * FROM `my_iteminfo` WHERE `group` = 'flagtype' ORDER BY sort,id  [ RunTime:0.0003s ]
NOTIC: [8] Undefined index: p /www/wwwroot/zzb.cxzch.cn/App/Runtime/Cache/Manage/f69c6ef39b3ba6d5c1d51b7a72eb971f.php 第 130 行.
NOTIC: [8] Undefined index: p /www/wwwroot/zzb.cxzch.cn/App/Runtime/Cache/Manage/f69c6ef39b3ba6d5c1d51b7a72eb971f.php 第 131 行.
INFO: Run Behavior\ParseTemplateBehavior [ RunTime:0.012916s ]
INFO: [ view_parse ] --END-- [ RunTime:0.012951s ]
INFO: [ view_filter ] --START--
INFO: Run Behavior\WriteHtmlCacheBehavior [ RunTime:0.000122s ]
INFO: [ view_filter ] --END-- [ RunTime:0.000148s ]
INFO: [ app_end ] --START--
INFO: Run Behavior\ShowPageTraceBehavior [ RunTime:0.000380s ]
INFO: [ app_end ] --END-- [ RunTime:0.000413s ]

[ 2020-07-11T15:12:46+08:00 ] 106.114.161.53 /xn_admin.php?s=/Article/index/pid/59
INFO: [ app_init ] --START--
INFO: Run Behavior\BuildLiteBehavior [ RunTime:0.000015s ]
INFO: [ app_init ] --END-- [ RunTime:0.000281s ]
INFO: [ app_begin ] --START--
INFO: Run Behavior\ReadHtmlCacheBehavior [ RunTime:0.000307s ]
INFO: [ app_begin ] --END-- [ RunTime:0.000391s ]
NOTIC: [8] Undefined variable: cate_arr /www/wwwroot/zzb.cxzch.cn/App/Common/Common/function.php 第 109 行.
SQL: SHOW COLUMNS FROM `my_category` [ RunTime:0.0006s ]
SQL: SHOW COLUMNS FROM `my_model` [ RunTime:0.0004s ]
SQL: SELECT category.id AS id,category.name AS name,category.ename AS ename,category.catpic AS catpic,category.pid AS pid,category.modelid AS modelid,category.type AS type,category.seotitle AS seotitle,category.keywords AS keywords,category.description AS description,category.template_category AS template_category,category.template_list AS template_list,category.template_show AS template_show,category.status AS status,category.sort AS sort,category.property AS property,model.name AS modelname,model.tablename AS tablename FROM my_category category LEFT JOIN my_model model ON category.modelid = model.id ORDER BY category.sort asc,category.id ASC  [ RunTime:0.0006s ]
SQL: SHOW COLUMNS FROM `my_article` [ RunTime:0.0005s ]
SQL: SELECT COUNT(*) AS tp_count FROM my_article article LEFT JOIN my_category category ON article.cid = category.id WHERE article.status > 0 AND article.cid IN (59,'60','61','62','63') LIMIT 1   [ RunTime:0.0003s ]
SQL: SELECT article.id AS id,article.title AS title,article.shorttitle AS shorttitle,article.color AS color,article.copyfrom AS copyfrom,article.author AS author,article.keywords AS keywords,article.litpic AS litpic,article.description AS description,article.publishtime AS publishtime,article.updatetime AS updatetime,article.click AS click,article.cid AS cid,article.commentflag AS commentflag,article.flag AS flag,article.jumpurl AS jumpurl,article.status AS status,article.userid AS userid,article.aid AS aid,article.ding AS ding,article.cai AS cai,article.tag AS tag,category.name AS catename,category.ename AS ename,category.modelid AS modelid FROM my_article article LEFT JOIN my_category category ON article.cid = category.id WHERE article.status > 0 AND article.cid IN (59,'60','61','62','63') ORDER BY article.id DESC LIMIT 0,10   [ RunTime:0.0005s ]
INFO: [ view_parse ] --START--
INFO: [ template_filter ] --START--
INFO: Run Behavior\ContentReplaceBehavior [ RunTime:0.000064s ]
INFO: [ template_filter ] --END-- [ RunTime:0.000107s ]
NOTIC: [8] Undefined index: p /www/wwwroot/zzb.cxzch.cn/App/Runtime/Cache/Manage/f69c6ef39b3ba6d5c1d51b7a72eb971f.php 第 130 行.
NOTIC: [8] Undefined index: p /www/wwwroot/zzb.cxzch.cn/App/Runtime/Cache/Manage/f69c6ef39b3ba6d5c1d51b7a72eb971f.php 第 131 行.
NOTIC: [8] Undefined index: p /www/wwwroot/zzb.cxzch.cn/App/Runtime/Cache/Manage/f69c6ef39b3ba6d5c1d51b7a72eb971f.php 第 130 行.
NOTIC: [8] Undefined index: p /www/wwwroot/zzb.cxzch.cn/App/Runtime/Cache/Manage/f69c6ef39b3ba6d5c1d51b7a72eb971f.php 第 131 行.
NOTIC: [8] Undefined index: p /www/wwwroot/zzb.cxzch.cn/App/Runtime/Cache/Manage/f69c6ef39b3ba6d5c1d51b7a72eb971f.php 第 130 行.
NOTIC: [8] Undefined index: p /www/wwwroot/zzb.cxzch.cn/App/Runtime/Cache/Manage/f69c6ef39b3ba6d5c1d51b7a72eb971f.php 第 131 行.
NOTIC: [8] Undefined index: p /www/wwwroot/zzb.cxzch.cn/App/Runtime/Cache/Manage/f69c6ef39b3ba6d5c1d51b7a72eb971f.php 第 130 行.
NOTIC: [8] Undefined index: p /www/wwwroot/zzb.cxzch.cn/App/Runtime/Cache/Manage/f69c6ef39b3ba6d5c1d51b7a72eb971f.php 第 131 行.
NOTIC: [8] Undefined index: p /www/wwwroot/zzb.cxzch.cn/App/Runtime/Cache/Manage/f69c6ef39b3ba6d5c1d51b7a72eb971f.php 第 130 行.
NOTIC: [8] Undefined index: p /www/wwwroot/zzb.cxzch.cn/App/Runtime/Cache/Manage/f69c6ef39b3ba6d5c1d51b7a72eb971f.php 第 131 行.
NOTIC: [8] Undefined index: p /www/wwwroot/zzb.cxzch.cn/App/Runtime/Cache/Manage/f69c6ef39b3ba6d5c1d51b7a72eb971f.php 第 130 行.
NOTIC: [8] Undefined index: p /www/wwwroot/zzb.cxzch.cn/App/Runtime/Cache/Manage/f69c6ef39b3ba6d5c1d51b7a72eb971f.php 第 131 行.
NOTIC: [8] Undefined index: p /www/wwwroot/zzb.cxzch.cn/App/Runtime/Cache/Manage/f69c6ef39b3ba6d5c1d51b7a72eb971f.php 第 130 行.
NOTIC: [8] Undefined index: p /www/wwwroot/zzb.cxzch.cn/App/Runtime/Cache/Manage/f69c6ef39b3ba6d5c1d51b7a72eb971f.php 第 131 行.
NOTIC: [8] Undefined index: p /www/wwwroot/zzb.cxzch.cn/App/Runtime/Cache/Manage/f69c6ef39b3ba6d5c1d51b7a72eb971f.php 第 130 行.
NOTIC: [8] Undefined index: p /www/wwwroot/zzb.cxzch.cn/App/Runtime/Cache/Manage/f69c6ef39b3ba6d5c1d51b7a72eb971f.php 第 131 行.
INFO: Run Behavior\ParseTemplateBehavior [ RunTime:0.009381s ]
INFO: [ view_parse ] --END-- [ RunTime:0.009416s ]
INFO: [ view_filter ] --START--
INFO: Run Behavior\WriteHtmlCacheBehavior [ RunTime:0.000088s ]
INFO: [ view_filter ] --END-- [ RunTime:0.000107s ]
INFO: [ app_end ] --START--
INFO: Run Behavior\ShowPageTraceBehavior [ RunTime:0.000312s ]
INFO: [ app_end ] --END-- [ RunTime:0.000336s ]

[ 2020-07-11T15:12:48+08:00 ] 106.114.161.53 /xn_admin.php?s=/Article/index/pid/69
INFO: [ app_init ] --START--
INFO: Run Behavior\BuildLiteBehavior [ RunTime:0.000012s ]
INFO: [ app_init ] --END-- [ RunTime:0.000232s ]
INFO: [ app_begin ] --START--
INFO: Run Behavior\ReadHtmlCacheBehavior [ RunTime:0.000364s ]
INFO: [ app_begin ] --END-- [ RunTime:0.000410s ]
NOTIC: [8] Undefined variable: cate_arr /www/wwwroot/zzb.cxzch.cn/App/Common/Common/function.php 第 109 行.
SQL: SHOW COLUMNS FROM `my_category` [ RunTime:0.0006s ]
SQL: SHOW COLUMNS FROM `my_model` [ RunTime:0.0004s ]
SQL: SELECT category.id AS id,category.name AS name,category.ename AS ename,category.catpic AS catpic,category.pid AS pid,category.modelid AS modelid,category.type AS type,category.seotitle AS seotitle,category.keywords AS keywords,category.description AS description,category.template_category AS template_category,category.template_list AS template_list,category.template_show AS template_show,category.status AS status,category.sort AS sort,category.property AS property,model.name AS modelname,model.tablename AS tablename FROM my_category category LEFT JOIN my_model model ON category.modelid = model.id ORDER BY category.sort asc,category.id ASC  [ RunTime:0.0006s ]
SQL: SHOW COLUMNS FROM `my_article` [ RunTime:0.0005s ]
SQL: SELECT COUNT(*) AS tp_count FROM my_article article LEFT JOIN my_category category ON article.cid = category.id WHERE article.status > 0 AND article.cid IN (69,'70','71','72','73') LIMIT 1   [ RunTime:0.0003s ]
SQL: SELECT article.id AS id,article.title AS title,article.shorttitle AS shorttitle,article.color AS color,article.copyfrom AS copyfrom,article.author AS author,article.keywords AS keywords,article.litpic AS litpic,article.description AS description,article.publishtime AS publishtime,article.updatetime AS updatetime,article.click AS click,article.cid AS cid,article.commentflag AS commentflag,article.flag AS flag,article.jumpurl AS jumpurl,article.status AS status,article.userid AS userid,article.aid AS aid,article.ding AS ding,article.cai AS cai,article.tag AS tag,category.name AS catename,category.ename AS ename,category.modelid AS modelid FROM my_article article LEFT JOIN my_category category ON article.cid = category.id WHERE article.status > 0 AND article.cid IN (69,'70','71','72','73') ORDER BY article.id DESC LIMIT 0,10   [ RunTime:0.0005s ]
INFO: [ view_parse ] --START--
INFO: [ template_filter ] --START--
INFO: Run Behavior\ContentReplaceBehavior [ RunTime:0.000065s ]
INFO: [ template_filter ] --END-- [ RunTime:0.000110s ]
NOTIC: [8] Undefined index: p /www/wwwroot/zzb.cxzch.cn/App/Runtime/Cache/Manage/f69c6ef39b3ba6d5c1d51b7a72eb971f.php 第 130 行.
NOTIC: [8] Undefined index: p /www/wwwroot/zzb.cxzch.cn/App/Runtime/Cache/Manage/f69c6ef39b3ba6d5c1d51b7a72eb971f.php 第 131 行.
NOTIC: [8] Undefined index: p /www/wwwroot/zzb.cxzch.cn/App/Runtime/Cache/Manage/f69c6ef39b3ba6d5c1d51b7a72eb971f.php 第 130 行.
NOTIC: [8] Undefined index: p /www/wwwroot/zzb.cxzch.cn/App/Runtime/Cache/Manage/f69c6ef39b3ba6d5c1d51b7a72eb971f.php 第 131 行.
NOTIC: [8] Undefined index: p /www/wwwroot/zzb.cxzch.cn/App/Runtime/Cache/Manage/f69c6ef39b3ba6d5c1d51b7a72eb971f.php 第 130 行.
NOTIC: [8] Undefined index: p /www/wwwroot/zzb.cxzch.cn/App/Runtime/Cache/Manage/f69c6ef39b3ba6d5c1d51b7a72eb971f.php 第 131 行.
NOTIC: [8] Undefined index: p /www/wwwroot/zzb.cxzch.cn/App/Runtime/Cache/Manage/f69c6ef39b3ba6d5c1d51b7a72eb971f.php 第 130 行.
NOTIC: [8] Undefined index: p /www/wwwroot/zzb.cxzch.cn/App/Runtime/Cache/Manage/f69c6ef39b3ba6d5c1d51b7a72eb971f.php 第 131 行.
NOTIC: [8] Undefined index: p /www/wwwroot/zzb.cxzch.cn/App/Runtime/Cache/Manage/f69c6ef39b3ba6d5c1d51b7a72eb971f.php 第 130 行.
NOTIC: [8] Undefined index: p /www/wwwroot/zzb.cxzch.cn/App/Runtime/Cache/Manage/f69c6ef39b3ba6d5c1d51b7a72eb971f.php 第 131 行.
NOTIC: [8] Undefined index: p /www/wwwroot/zzb.cxzch.cn/App/Runtime/Cache/Manage/f69c6ef39b3ba6d5c1d51b7a72eb971f.php 第 130 行.
NOTIC: [8] Undefined index: p /www/wwwroot/zzb.cxzch.cn/App/Runtime/Cache/Manage/f69c6ef39b3ba6d5c1d51b7a72eb971f.php 第 131 行.
NOTIC: [8] Undefined index: p /www/wwwroot/zzb.cxzch.cn/App/Runtime/Cache/Manage/f69c6ef39b3ba6d5c1d51b7a72eb971f.php 第 130 行.
NOTIC: [8] Undefined index: p /www/wwwroot/zzb.cxzch.cn/App/Runtime/Cache/Manage/f69c6ef39b3ba6d5c1d51b7a72eb971f.php 第 131 行.
NOTIC: [8] Undefined index: p /www/wwwroot/zzb.cxzch.cn/App/Runtime/Cache/Manage/f69c6ef39b3ba6d5c1d51b7a72eb971f.php 第 130 行.
NOTIC: [8] Undefined index: p /www/wwwroot/zzb.cxzch.cn/App/Runtime/Cache/Manage/f69c6ef39b3ba6d5c1d51b7a72eb971f.php 第 131 行.
INFO: Run Behavior\ParseTemplateBehavior [ RunTime:0.009893s ]
INFO: [ view_parse ] --END-- [ RunTime:0.009927s ]
INFO: [ view_filter ] --START--
INFO: Run Behavior\WriteHtmlCacheBehavior [ RunTime:0.000118s ]
INFO: [ view_filter ] --END-- [ RunTime:0.000144s ]
INFO: [ app_end ] --START--
INFO: Run Behavior\ShowPageTraceBehavior [ RunTime:0.000346s ]
INFO: [ app_end ] --END-- [ RunTime:0.000382s ]

[ 2020-07-11T15:12:50+08:00 ] 106.114.161.53 /xn_admin.php?s=/Article/index/pid/74
INFO: [ app_init ] --START--
INFO: Run Behavior\BuildLiteBehavior [ RunTime:0.000017s ]
INFO: [ app_init ] --END-- [ RunTime:0.000342s ]
INFO: [ app_begin ] --START--
INFO: Run Behavior\ReadHtmlCacheBehavior [ RunTime:0.000297s ]
INFO: [ app_begin ] --END-- [ RunTime:0.000346s ]
NOTIC: [8] Undefined variable: cate_arr /www/wwwroot/zzb.cxzch.cn/App/Common/Common/function.php 第 109 行.
SQL: SHOW COLUMNS FROM `my_category` [ RunTime:0.0007s ]
SQL: SHOW COLUMNS FROM `my_model` [ RunTime:0.0004s ]
SQL: SELECT category.id AS id,category.name AS name,category.ename AS ename,category.catpic AS catpic,category.pid AS pid,category.modelid AS modelid,category.type AS type,category.seotitle AS seotitle,category.keywords AS keywords,category.description AS description,category.template_category AS template_category,category.template_list AS template_list,category.template_show AS template_show,category.status AS status,category.sort AS sort,category.property AS property,model.name AS modelname,model.tablename AS tablename FROM my_category category LEFT JOIN my_model model ON category.modelid = model.id ORDER BY category.sort asc,category.id ASC  [ RunTime:0.0006s ]
SQL: SHOW COLUMNS FROM `my_article` [ RunTime:0.0005s ]
SQL: SELECT COUNT(*) AS tp_count FROM my_article article LEFT JOIN my_category category ON article.cid = category.id WHERE article.status > 0 AND article.cid IN (74,'75','76','77','78') LIMIT 1   [ RunTime:0.0003s ]
SQL: SELECT article.id AS id,article.title AS title,article.shorttitle AS shorttitle,article.color AS color,article.copyfrom AS copyfrom,article.author AS author,article.keywords AS keywords,article.litpic AS litpic,article.description AS description,article.publishtime AS publishtime,article.updatetime AS updatetime,article.click AS click,article.cid AS cid,article.commentflag AS commentflag,article.flag AS flag,article.jumpurl AS jumpurl,article.status AS status,article.userid AS userid,article.aid AS aid,article.ding AS ding,article.cai AS cai,article.tag AS tag,category.name AS catename,category.ename AS ename,category.modelid AS modelid FROM my_article article LEFT JOIN my_category category ON article.cid = category.id WHERE article.status > 0 AND article.cid IN (74,'75','76','77','78') ORDER BY article.id DESC LIMIT 0,10   [ RunTime:0.0005s ]
INFO: [ view_parse ] --START--
INFO: [ template_filter ] --START--
INFO: Run Behavior\ContentReplaceBehavior [ RunTime:0.000061s ]
INFO: [ template_filter ] --END-- [ RunTime:0.000103s ]
NOTIC: [8] Undefined index: p /www/wwwroot/zzb.cxzch.cn/App/Runtime/Cache/Manage/f69c6ef39b3ba6d5c1d51b7a72eb971f.php 第 130 行.
NOTIC: [8] Undefined index: p /www/wwwroot/zzb.cxzch.cn/App/Runtime/Cache/Manage/f69c6ef39b3ba6d5c1d51b7a72eb971f.php 第 131 行.
NOTIC: [8] Undefined index: p /www/wwwroot/zzb.cxzch.cn/App/Runtime/Cache/Manage/f69c6ef39b3ba6d5c1d51b7a72eb971f.php 第 130 行.
NOTIC: [8] Undefined index: p /www/wwwroot/zzb.cxzch.cn/App/Runtime/Cache/Manage/f69c6ef39b3ba6d5c1d51b7a72eb971f.php 第 131 行.
INFO: Run Behavior\ParseTemplateBehavior [ RunTime:0.008297s ]
INFO: [ view_parse ] --END-- [ RunTime:0.008327s ]
INFO: [ view_filter ] --START--
INFO: Run Behavior\WriteHtmlCacheBehavior [ RunTime:0.000097s ]
INFO: [ view_filter ] --END-- [ RunTime:0.000116s ]
INFO: [ app_end ] --START--
INFO: Run Behavior\ShowPageTraceBehavior [ RunTime:0.000326s ]
INFO: [ app_end ] --END-- [ RunTime:0.000351s ]

[ 2020-07-11T15:12:51+08:00 ] 106.114.161.53 /xn_admin.php?s=/Article/index/pid/42
INFO: [ app_init ] --START--
INFO: Run Behavior\BuildLiteBehavior [ RunTime:0.000017s ]
INFO: [ app_init ] --END-- [ RunTime:0.000357s ]
INFO: [ app_begin ] --START--
INFO: Run Behavior\ReadHtmlCacheBehavior [ RunTime:0.000443s ]
INFO: [ app_begin ] --END-- [ RunTime:0.000503s ]
NOTIC: [8] Undefined variable: cate_arr /www/wwwroot/zzb.cxzch.cn/App/Common/Common/function.php 第 109 行.
SQL: SHOW COLUMNS FROM `my_category` [ RunTime:0.0006s ]
SQL: SHOW COLUMNS FROM `my_model` [ RunTime:0.0004s ]
SQL: SELECT category.id AS id,category.name AS name,category.ename AS ename,category.catpic AS catpic,category.pid AS pid,category.modelid AS modelid,category.type AS type,category.seotitle AS seotitle,category.keywords AS keywords,category.description AS description,category.template_category AS template_category,category.template_list AS template_list,category.template_show AS template_show,category.status AS status,category.sort AS sort,category.property AS property,model.name AS modelname,model.tablename AS tablename FROM my_category category LEFT JOIN my_model model ON category.modelid = model.id ORDER BY category.sort asc,category.id ASC  [ RunTime:0.0006s ]
SQL: SHOW COLUMNS FROM `my_article` [ RunTime:0.0005s ]
SQL: SELECT COUNT(*) AS tp_count FROM my_article article LEFT JOIN my_category category ON article.cid = category.id WHERE article.status > 0 AND article.cid IN (42,'53','54','55') LIMIT 1   [ RunTime:0.0004s ]
SQL: SELECT article.id AS id,article.title AS title,article.shorttitle AS shorttitle,article.color AS color,article.copyfrom AS copyfrom,article.author AS author,article.keywords AS keywords,article.litpic AS litpic,article.description AS description,article.publishtime AS publishtime,article.updatetime AS updatetime,article.click AS click,article.cid AS cid,article.commentflag AS commentflag,article.flag AS flag,article.jumpurl AS jumpurl,article.status AS status,article.userid AS userid,article.aid AS aid,article.ding AS ding,article.cai AS cai,article.tag AS tag,category.name AS catename,category.ename AS ename,category.modelid AS modelid FROM my_article article LEFT JOIN my_category category ON article.cid = category.id WHERE article.status > 0 AND article.cid IN (42,'53','54','55') ORDER BY article.id DESC LIMIT 0,10   [ RunTime:0.0005s ]
INFO: [ view_parse ] --START--
INFO: [ template_filter ] --START--
INFO: Run Behavior\ContentReplaceBehavior [ RunTime:0.000067s ]
INFO: [ template_filter ] --END-- [ RunTime:0.000113s ]
NOTIC: [8] Undefined index: p /www/wwwroot/zzb.cxzch.cn/App/Runtime/Cache/Manage/f69c6ef39b3ba6d5c1d51b7a72eb971f.php 第 130 行.
NOTIC: [8] Undefined index: p /www/wwwroot/zzb.cxzch.cn/App/Runtime/Cache/Manage/f69c6ef39b3ba6d5c1d51b7a72eb971f.php 第 131 行.
NOTIC: [8] Undefined index: p /www/wwwroot/zzb.cxzch.cn/App/Runtime/Cache/Manage/f69c6ef39b3ba6d5c1d51b7a72eb971f.php 第 130 行.
NOTIC: [8] Undefined index: p /www/wwwroot/zzb.cxzch.cn/App/Runtime/Cache/Manage/f69c6ef39b3ba6d5c1d51b7a72eb971f.php 第 131 行.
NOTIC: [8] Undefined index: p /www/wwwroot/zzb.cxzch.cn/App/Runtime/Cache/Manage/f69c6ef39b3ba6d5c1d51b7a72eb971f.php 第 130 行.
NOTIC: [8] Undefined index: p /www/wwwroot/zzb.cxzch.cn/App/Runtime/Cache/Manage/f69c6ef39b3ba6d5c1d51b7a72eb971f.php 第 131 行.
NOTIC: [8] Undefined index: p /www/wwwroot/zzb.cxzch.cn/App/Runtime/Cache/Manage/f69c6ef39b3ba6d5c1d51b7a72eb971f.php 第 130 行.
NOTIC: [8] Undefined index: p /www/wwwroot/zzb.cxzch.cn/App/Runtime/Cache/Manage/f69c6ef39b3ba6d5c1d51b7a72eb971f.php 第 131 行.
NOTIC: [8] Undefined index: p /www/wwwroot/zzb.cxzch.cn/App/Runtime/Cache/Manage/f69c6ef39b3ba6d5c1d51b7a72eb971f.php 第 130 行.
NOTIC: [8] Undefined index: p /www/wwwroot/zzb.cxzch.cn/App/Runtime/Cache/Manage/f69c6ef39b3ba6d5c1d51b7a72eb971f.php 第 131 行.
NOTIC: [8] Undefined index: p /www/wwwroot/zzb.cxzch.cn/App/Runtime/Cache/Manage/f69c6ef39b3ba6d5c1d51b7a72eb971f.php 第 130 行.
NOTIC: [8] Undefined index: p /www/wwwroot/zzb.cxzch.cn/App/Runtime/Cache/Manage/f69c6ef39b3ba6d5c1d51b7a72eb971f.php 第 131 行.
NOTIC: [8] Undefined index: p /www/wwwroot/zzb.cxzch.cn/App/Runtime/Cache/Manage/f69c6ef39b3ba6d5c1d51b7a72eb971f.php 第 130 行.
NOTIC: [8] Undefined index: p /www/wwwroot/zzb.cxzch.cn/App/Runtime/Cache/Manage/f69c6ef39b3ba6d5c1d51b7a72eb971f.php 第 131 行.
NOTIC: [8] Undefined index: p /www/wwwroot/zzb.cxzch.cn/App/Runtime/Cache/Manage/f69c6ef39b3ba6d5c1d51b7a72eb971f.php 第 130 行.
NOTIC: [8] Undefined index: p /www/wwwroot/zzb.cxzch.cn/App/Runtime/Cache/Manage/f69c6ef39b3ba6d5c1d51b7a72eb971f.php 第 131 行.
INFO: Run Behavior\ParseTemplateBehavior [ RunTime:0.010233s ]
INFO: [ view_parse ] --END-- [ RunTime:0.010282s ]
INFO: [ view_filter ] --START--
INFO: Run Behavior\WriteHtmlCacheBehavior [ RunTime:0.000089s ]
INFO: [ view_filter ] --END-- [ RunTime:0.000109s ]
INFO: [ app_end ] --START--
INFO: Run Behavior\ShowPageTraceBehavior [ RunTime:0.000330s ]
INFO: [ app_end ] --END-- [ RunTime:0.000357s ]

[ 2020-07-11T15:12:53+08:00 ] 106.114.161.53 /xn_admin.php?s=/System/site
INFO: [ app_init ] --START--
INFO: Run Behavior\BuildLiteBehavior [ RunTime:0.000012s ]
INFO: [ app_init ] --END-- [ RunTime:0.000213s ]
INFO: [ app_begin ] --START--
INFO: Run Behavior\ReadHtmlCacheBehavior [ RunTime:0.000324s ]
INFO: [ app_begin ] --END-- [ RunTime:0.000370s ]
SQL: SHOW COLUMNS FROM `my_config` [ RunTime:0.0017s ]
SQL: SELECT * FROM `my_config` ORDER BY groupid,sort  [ RunTime:0.0005s ]
INFO: [ view_parse ] --START--
INFO: [ template_filter ] --START--
INFO: Run Behavior\ContentReplaceBehavior [ RunTime:0.000063s ]
INFO: [ template_filter ] --END-- [ RunTime:0.000112s ]
NOTIC: [2] Invalid argument supplied for foreach() /www/wwwroot/zzb.cxzch.cn/App/Manage/Common/function.php 第 413 行.
INFO: Run Behavior\ParseTemplateBehavior [ RunTime:0.006783s ]
INFO: [ view_parse ] --END-- [ RunTime:0.006828s ]
INFO: [ view_filter ] --START--
INFO: Run Behavior\WriteHtmlCacheBehavior [ RunTime:0.000133s ]
INFO: [ view_filter ] --END-- [ RunTime:0.000160s ]
INFO: [ app_end ] --START--
INFO: Run Behavior\ShowPageTraceBehavior [ RunTime:0.000360s ]
INFO: [ app_end ] --END-- [ RunTime:0.000391s ]

[ 2020-07-11T15:13:09+08:00 ] 106.114.161.53 /xn_admin.php?s=/Category/index
INFO: [ app_init ] --START--
INFO: Run Behavior\BuildLiteBehavior [ RunTime:0.000012s ]
INFO: [ app_init ] --END-- [ RunTime:0.000233s ]
INFO: [ app_begin ] --START--
INFO: Run Behavior\ReadHtmlCacheBehavior [ RunTime:0.000273s ]
INFO: [ app_begin ] --END-- [ RunTime:0.000309s ]
SQL: SHOW COLUMNS FROM `my_category` [ RunTime:0.0006s ]
SQL: SHOW COLUMNS FROM `my_model` [ RunTime:0.0004s ]
SQL: SELECT category.id AS id,category.name AS name,category.ename AS ename,category.catpic AS catpic,category.pid AS pid,category.modelid AS modelid,category.type AS type,category.seotitle AS seotitle,category.keywords AS keywords,category.description AS description,category.template_category AS template_category,category.template_list AS template_list,category.template_show AS template_show,category.status AS status,category.sort AS sort,category.property AS property,model.name AS modelname,model.tablename AS tablename FROM my_category category LEFT JOIN my_model model ON category.modelid = model.id ORDER BY category.sort ASC,category.id ASC  [ RunTime:0.0006s ]
INFO: [ view_parse ] --START--
INFO: [ template_filter ] --START--
INFO: Run Behavior\ContentReplaceBehavior [ RunTime:0.000062s ]
INFO: [ template_filter ] --END-- [ RunTime:0.000108s ]
INFO: Run Behavior\ParseTemplateBehavior [ RunTime:0.011334s ]
INFO: [ view_parse ] --END-- [ RunTime:0.011390s ]
INFO: [ view_filter ] --START--
INFO: Run Behavior\WriteHtmlCacheBehavior [ RunTime:0.000153s ]
INFO: [ view_filter ] --END-- [ RunTime:0.000177s ]
INFO: [ app_end ] --START--
INFO: Run Behavior\ShowPageTraceBehavior [ RunTime:0.000338s ]
INFO: [ app_end ] --END-- [ RunTime:0.000362s ]

[ 2020-07-11T15:14:23+08:00 ] 61.151.207.205 /xn_admin.php?s=/Index/index
INFO: [ app_init ] --START--
INFO: Run Behavior\BuildLiteBehavior [ RunTime:0.000012s ]
INFO: [ app_init ] --END-- [ RunTime:0.000240s ]
INFO: [ app_begin ] --START--
INFO: Run Behavior\ReadHtmlCacheBehavior [ RunTime:0.000270s ]
INFO: [ app_begin ] --END-- [ RunTime:0.000305s ]

[ 2020-07-11T15:31:51+08:00 ] 106.114.161.53 /xn_admin.php?s=/Attachment/index
INFO: [ app_init ] --START--
INFO: Run Behavior\BuildLiteBehavior [ RunTime:0.000013s ]
INFO: [ app_init ] --END-- [ RunTime:0.000218s ]
INFO: [ app_begin ] --START--
INFO: Run Behavior\ReadHtmlCacheBehavior [ RunTime:0.000466s ]
INFO: [ app_begin ] --END-- [ RunTime:0.000520s ]
SQL: SHOW COLUMNS FROM `my_attachment` [ RunTime:0.0016s ]
SQL: SELECT COUNT(*) AS tp_count FROM `my_attachment` LIMIT 1   [ RunTime:0.0002s ]
SQL: SELECT * FROM `my_attachment` ORDER BY id DESC LIMIT 0,10   [ RunTime:0.0012s ]
SQL: SHOW COLUMNS FROM `my_attachmentindex` [ RunTime:0.0011s ]
SQL: SELECT COUNT(*) AS tp_count FROM `my_attachmentindex` WHERE `attid` = 314 LIMIT 1   [ RunTime:0.0004s ]
SQL: SELECT COUNT(*) AS tp_count FROM `my_attachmentindex` WHERE `attid` = 313 LIMIT 1   [ RunTime:0.0001s ]
SQL: SELECT COUNT(*) AS tp_count FROM `my_attachmentindex` WHERE `attid` = 312 LIMIT 1   [ RunTime:0.0001s ]
SQL: SELECT COUNT(*) AS tp_count FROM `my_attachmentindex` WHERE `attid` = 311 LIMIT 1   [ RunTime:0.0001s ]
SQL: SELECT COUNT(*) AS tp_count FROM `my_attachmentindex` WHERE `attid` = 310 LIMIT 1   [ RunTime:0.0001s ]
SQL: SELECT COUNT(*) AS tp_count FROM `my_attachmentindex` WHERE `attid` = 309 LIMIT 1   [ RunTime:0.0001s ]
SQL: SELECT COUNT(*) AS tp_count FROM `my_attachmentindex` WHERE `attid` = 308 LIMIT 1   [ RunTime:0.0001s ]
SQL: SELECT COUNT(*) AS tp_count FROM `my_attachmentindex` WHERE `attid` = 307 LIMIT 1   [ RunTime:0.0001s ]
SQL: SELECT COUNT(*) AS tp_count FROM `my_attachmentindex` WHERE `attid` = 306 LIMIT 1   [ RunTime:0.0001s ]
SQL: SELECT COUNT(*) AS tp_count FROM `my_attachmentindex` WHERE `attid` = 305 LIMIT 1   [ RunTime:0.0001s ]
INFO: [ view_parse ] --START--
INFO: [ template_filter ] --START--
INFO: Run Behavior\ContentReplaceBehavior [ RunTime:0.000064s ]
INFO: [ template_filter ] --END-- [ RunTime:0.000114s ]
INFO: Run Behavior\ParseTemplateBehavior [ RunTime:0.007620s ]
INFO: [ view_parse ] --END-- [ RunTime:0.007665s ]
INFO: [ view_filter ] --START--
INFO: Run Behavior\WriteHtmlCacheBehavior [ RunTime:0.000136s ]
INFO: [ view_filter ] --END-- [ RunTime:0.000167s ]
INFO: [ app_end ] --START--
INFO: Run Behavior\ShowPageTraceBehavior [ RunTime:0.000424s ]
INFO: [ app_end ] --END-- [ RunTime:0.000478s ]

[ 2020-07-11T15:31:54+08:00 ] 106.114.161.53 /xn_admin.php?s=/Itemgroup/index
INFO: [ app_init ] --START--
INFO: Run Behavior\BuildLiteBehavior [ RunTime:0.000011s ]
INFO: [ app_init ] --END-- [ RunTime:0.000216s ]
INFO: [ app_begin ] --START--
INFO: Run Behavior\ReadHtmlCacheBehavior [ RunTime:0.000341s ]
INFO: [ app_begin ] --END-- [ RunTime:0.000388s ]
SQL: SHOW COLUMNS FROM `my_itemgroup` [ RunTime:0.0016s ]
SQL: SELECT COUNT(*) AS tp_count FROM `my_itemgroup` LIMIT 1   [ RunTime:0.0002s ]
SQL: SELECT * FROM `my_itemgroup` ORDER BY id LIMIT 0,10   [ RunTime:0.0008s ]
INFO: [ view_parse ] --START--
INFO: [ template_filter ] --START--
INFO: Run Behavior\ContentReplaceBehavior [ RunTime:0.000082s ]
INFO: [ template_filter ] --END-- [ RunTime:0.000143s ]
INFO: Run Behavior\ParseTemplateBehavior [ RunTime:0.007329s ]
INFO: [ view_parse ] --END-- [ RunTime:0.007414s ]
INFO: [ view_filter ] --START--
INFO: Run Behavior\WriteHtmlCacheBehavior [ RunTime:0.000105s ]
INFO: [ view_filter ] --END-- [ RunTime:0.000132s ]
INFO: [ app_end ] --START--
INFO: Run Behavior\ShowPageTraceBehavior [ RunTime:0.000350s ]
INFO: [ app_end ] --END-- [ RunTime:0.000382s ]

[ 2020-07-11T15:31:56+08:00 ] 106.114.161.53 /xn_admin.php?s=/Area/index
INFO: [ app_init ] --START--
INFO: Run Behavior\BuildLiteBehavior [ RunTime:0.000011s ]
INFO: [ app_init ] --END-- [ RunTime:0.000209s ]
INFO: [ app_begin ] --START--
INFO: Run Behavior\ReadHtmlCacheBehavior [ RunTime:0.000276s ]
INFO: [ app_begin ] --END-- [ RunTime:0.000323s ]
SQL: SHOW COLUMNS FROM `my_area` [ RunTime:0.0013s ]
SQL: SELECT COUNT(*) AS tp_count FROM `my_area` WHERE `pid` = 0 LIMIT 1   [ RunTime:0.0008s ]
SQL: SELECT * FROM `my_area` WHERE `pid` = 0 ORDER BY sort,id LIMIT 0,50   [ RunTime:0.0004s ]
INFO: [ view_parse ] --START--
INFO: [ template_filter ] --START--
INFO: Run Behavior\ContentReplaceBehavior [ RunTime:0.000093s ]
INFO: [ template_filter ] --END-- [ RunTime:0.000147s ]
INFO: Run Behavior\ParseTemplateBehavior [ RunTime:0.011606s ]
INFO: [ view_parse ] --END-- [ RunTime:0.011671s ]
INFO: [ view_filter ] --START--
INFO: Run Behavior\WriteHtmlCacheBehavior [ RunTime:0.000126s ]
INFO: [ view_filter ] --END-- [ RunTime:0.000147s ]
INFO: [ app_end ] --START--
INFO: Run Behavior\ShowPageTraceBehavior [ RunTime:0.000320s ]
INFO: [ app_end ] --END-- [ RunTime:0.000344s ]

[ 2020-07-11T15:31:58+08:00 ] 106.114.161.53 /xn_admin.php?s=/Menu/index
INFO: [ app_init ] --START--
INFO: Run Behavior\BuildLiteBehavior [ RunTime:0.000015s ]
INFO: [ app_init ] --END-- [ RunTime:0.000236s ]
INFO: [ app_begin ] --START--
INFO: Run Behavior\ReadHtmlCacheBehavior [ RunTime:0.000358s ]
INFO: [ app_begin ] --END-- [ RunTime:0.000408s ]
SQL: SHOW COLUMNS FROM `my_menu` [ RunTime:0.0006s ]
SQL: SELECT * FROM `my_menu` ORDER BY sort,id  [ RunTime:0.0003s ]
INFO: [ view_parse ] --START--
INFO: [ template_filter ] --START--
INFO: Run Behavior\ContentReplaceBehavior [ RunTime:0.000055s ]
INFO: [ template_filter ] --END-- [ RunTime:0.000101s ]
INFO: Run Behavior\ParseTemplateBehavior [ RunTime:0.011858s ]
INFO: [ view_parse ] --END-- [ RunTime:0.011915s ]
INFO: [ view_filter ] --START--
INFO: Run Behavior\WriteHtmlCacheBehavior [ RunTime:0.000130s ]
INFO: [ view_filter ] --END-- [ RunTime:0.000150s ]
INFO: [ app_end ] --START--
INFO: Run Behavior\ShowPageTraceBehavior [ RunTime:0.000334s ]
INFO: [ app_end ] --END-- [ RunTime:0.000360s ]

[ 2020-07-11T15:32:00+08:00 ] 106.114.161.53 /xn_admin.php?s=/Model/index
INFO: [ app_init ] --START--
INFO: Run Behavior\BuildLiteBehavior [ RunTime:0.000015s ]
INFO: [ app_init ] --END-- [ RunTime:0.000265s ]
INFO: [ app_begin ] --START--
INFO: Run Behavior\ReadHtmlCacheBehavior [ RunTime:0.000318s ]
INFO: [ app_begin ] --END-- [ RunTime:0.000363s ]
SQL: SHOW COLUMNS FROM `my_model` [ RunTime:0.0008s ]
SQL: SELECT * FROM `my_model` ORDER BY sort  [ RunTime:0.0003s ]
INFO: [ view_parse ] --START--
INFO: [ template_filter ] --START--
INFO: Run Behavior\ContentReplaceBehavior [ RunTime:0.000064s ]
INFO: [ template_filter ] --END-- [ RunTime:0.000117s ]
INFO: Run Behavior\ParseTemplateBehavior [ RunTime:0.007138s ]
INFO: [ view_parse ] --END-- [ RunTime:0.007193s ]
INFO: [ view_filter ] --START--
INFO: Run Behavior\WriteHtmlCacheBehavior [ RunTime:0.000127s ]
INFO: [ view_filter ] --END-- [ RunTime:0.000151s ]
INFO: [ app_end ] --START--
INFO: Run Behavior\ShowPageTraceBehavior [ RunTime:0.000351s ]
INFO: [ app_end ] --END-- [ RunTime:0.000381s ]

[ 2020-07-11T15:32:02+08:00 ] 106.114.161.53 /xn_admin.php?s=/Menu/index
INFO: [ app_init ] --START--
INFO: Run Behavior\BuildLiteBehavior [ RunTime:0.000013s ]
INFO: [ app_init ] --END-- [ RunTime:0.000285s ]
INFO: [ app_begin ] --START--
INFO: Run Behavior\ReadHtmlCacheBehavior [ RunTime:0.000271s ]
INFO: [ app_begin ] --END-- [ RunTime:0.000307s ]
SQL: SHOW COLUMNS FROM `my_menu` [ RunTime:0.0006s ]
SQL: SELECT * FROM `my_menu` ORDER BY sort,id  [ RunTime:0.0003s ]
INFO: [ view_parse ] --START--
INFO: [ template_filter ] --START--
INFO: Run Behavior\ContentReplaceBehavior [ RunTime:0.000052s ]
INFO: [ template_filter ] --END-- [ RunTime:0.000088s ]
INFO: Run Behavior\ParseTemplateBehavior [ RunTime:0.008702s ]
INFO: [ view_parse ] --END-- [ RunTime:0.008745s ]
INFO: [ view_filter ] --START--
INFO: Run Behavior\WriteHtmlCacheBehavior [ RunTime:0.000112s ]
INFO: [ view_filter ] --END-- [ RunTime:0.000132s ]
INFO: [ app_end ] --START--
INFO: Run Behavior\ShowPageTraceBehavior [ RunTime:0.000389s ]
INFO: [ app_end ] --END-- [ RunTime:0.000418s ]

[ 2020-07-11T15:32:03+08:00 ] 106.114.161.53 /xn_admin.php?s=/Menu/qk
INFO: [ app_init ] --START--
INFO: Run Behavior\BuildLiteBehavior [ RunTime:0.000013s ]
INFO: [ app_init ] --END-- [ RunTime:0.000259s ]
INFO: [ app_begin ] --START--
INFO: Run Behavior\ReadHtmlCacheBehavior [ RunTime:0.000367s ]
INFO: [ app_begin ] --END-- [ RunTime:0.000418s ]
SQL: SHOW COLUMNS FROM `my_menu` [ RunTime:0.0007s ]
SQL: UPDATE `my_menu` SET `quick`='0' WHERE `id` > 0 [ RunTime:0.0004s ]
SQL: UPDATE `my_menu` SET `quick`='1' WHERE `id` IN (20,51,16,49,57,56,48) [ RunTime:0.0002s ]

[ 2020-07-11T15:32:04+08:00 ] 106.114.161.53 /xn_admin.php?s=/Menu/index
INFO: [ app_init ] --START--
INFO: Run Behavior\BuildLiteBehavior [ RunTime:0.000011s ]
INFO: [ app_init ] --END-- [ RunTime:0.000213s ]
INFO: [ app_begin ] --START--
INFO: Run Behavior\ReadHtmlCacheBehavior [ RunTime:0.000279s ]
INFO: [ app_begin ] --END-- [ RunTime:0.000314s ]
SQL: SHOW COLUMNS FROM `my_menu` [ RunTime:0.0006s ]
SQL: SELECT * FROM `my_menu` ORDER BY sort,id  [ RunTime:0.0003s ]
INFO: [ view_parse ] --START--
INFO: [ template_filter ] --START--
INFO: Run Behavior\ContentReplaceBehavior [ RunTime:0.000070s ]
INFO: [ template_filter ] --END-- [ RunTime:0.000125s ]
INFO: Run Behavior\ParseTemplateBehavior [ RunTime:0.009183s ]
INFO: [ view_parse ] --END-- [ RunTime:0.009253s ]
INFO: [ view_filter ] --START--
INFO: Run Behavior\WriteHtmlCacheBehavior [ RunTime:0.000154s ]
INFO: [ view_filter ] --END-- [ RunTime:0.000178s ]
INFO: [ app_end ] --START--
INFO: Run Behavior\ShowPageTraceBehavior [ RunTime:0.000323s ]
INFO: [ app_end ] --END-- [ RunTime:0.000348s ]

[ 2020-07-11T15:32:08+08:00 ] 106.114.161.53 /xn_admin.php?s=/Model/index
INFO: [ app_init ] --START--
INFO: Run Behavior\BuildLiteBehavior [ RunTime:0.000013s ]
INFO: [ app_init ] --END-- [ RunTime:0.000249s ]
INFO: [ app_begin ] --START--
INFO: Run Behavior\ReadHtmlCacheBehavior [ RunTime:0.000365s ]
INFO: [ app_begin ] --END-- [ RunTime:0.000415s ]
SQL: SHOW COLUMNS FROM `my_model` [ RunTime:0.0006s ]
SQL: SELECT * FROM `my_model` ORDER BY sort  [ RunTime:0.0002s ]
INFO: [ view_parse ] --START--
INFO: [ template_filter ] --START--
INFO: Run Behavior\ContentReplaceBehavior [ RunTime:0.000052s ]
INFO: [ template_filter ] --END-- [ RunTime:0.000090s ]
INFO: Run Behavior\ParseTemplateBehavior [ RunTime:0.005549s ]
INFO: [ view_parse ] --END-- [ RunTime:0.005590s ]
INFO: [ view_filter ] --START--
INFO: Run Behavior\WriteHtmlCacheBehavior [ RunTime:0.000119s ]
INFO: [ view_filter ] --END-- [ RunTime:0.000154s ]
INFO: [ app_end ] --START--
INFO: Run Behavior\ShowPageTraceBehavior [ RunTime:0.000304s ]
INFO: [ app_end ] --END-- [ RunTime:0.000331s ]

[ 2020-07-11T15:38:33+08:00 ] 106.114.161.53 /xn_admin.php?s=/Database/index
INFO: [ app_init ] --START--
INFO: Run Behavior\BuildLiteBehavior [ RunTime:0.000043s ]
INFO: [ app_init ] --END-- [ RunTime:0.000244s ]
INFO: [ app_begin ] --START--
INFO: Run Behavior\ReadHtmlCacheBehavior [ RunTime:0.000285s ]
INFO: [ app_begin ] --END-- [ RunTime:0.000322s ]
SQL: SHOW TABLE STATUS [ RunTime:0.0253s ]
INFO: [ view_parse ] --START--
INFO: [ template_filter ] --START--
INFO: Run Behavior\ContentReplaceBehavior [ RunTime:0.000079s ]
INFO: [ template_filter ] --END-- [ RunTime:0.000148s ]
INFO: Run Behavior\ParseTemplateBehavior [ RunTime:0.012874s ]
INFO: [ view_parse ] --END-- [ RunTime:0.012958s ]
INFO: [ view_filter ] --START--
INFO: Run Behavior\WriteHtmlCacheBehavior [ RunTime:0.000225s ]
INFO: [ view_filter ] --END-- [ RunTime:0.000262s ]
INFO: [ app_end ] --START--
INFO: Run Behavior\ShowPageTraceBehavior [ RunTime:0.000455s ]
INFO: [ app_end ] --END-- [ RunTime:0.000497s ]

