[ 2016-11-10T20:52:01+08:00 ] ::1 /Search-index.html?modelid=5&keyword=b2c
ERR: SQLSTATE[23000]: Integrity constraint violation: 1052 Column 'description' in where clause is ambiguous

[ 2016-11-10T20:53:00+08:00 ] ::1 /Search-index.html?modelid=5&keyword=b2c
INFO: [ app_init ] --START--
INFO: Run Behavior\BuildLiteBehavior [ RunTime:0.000000s ]
INFO: [ app_init ] --END-- [ RunTime:0.002001s ]
INFO: [ app_begin ] --START--
INFO: Run Behavior\ReadHtmlCacheBehavior [ RunTime:0.002000s ]
INFO: [ app_begin ] --END-- [ RunTime:0.002000s ]
SQL: SHOW COLUMNS FROM `my_search` [ RunTime:0.0110s ]
SQL: SELECT * FROM `my_search` WHERE `status` = 1 ORDER BY num DESC LIMIT 8   [ RunTime:0.0010s ]
SQL: SHOW COLUMNS FROM `my_model` [ RunTime:0.0100s ]
SQL: SELECT `tablename` FROM `my_model` WHERE `id` = 5 LIMIT 1   [ RunTime:0.0000s ]
SQL: SELECT * FROM `my_search` WHERE `keyword` = 'b2c' LIMIT 1   [ RunTime:0.0000s ]
NOTIC: [8] Undefined variable: uid D:\WWW\yuanma\App\Home\Controller\SearchController.class.php 第 45 行.
SQL: UPDATE `my_search` SET `addtime`='1478782380',`ipaddr`='::1',`referer`='http://localhost/thinkphp-48.html',`num`='2' WHERE `keyword` = 'b2c' [ RunTime:0.0030s ]
SQL: SHOW COLUMNS FROM `my_soft` [ RunTime:0.0110s ]
SQL: SHOW COLUMNS FROM `my_category` [ RunTime:0.0110s ]
ERR: SQLSTATE[23000]: Integrity constraint violation: 1052 Column 'description' in where clause is ambiguous

[ 2016-11-10T20:55:23+08:00 ] ::1 /Search-index.html?modelid=5&keyword=b2c
INFO: [ app_init ] --START--
INFO: Run Behavior\BuildLiteBehavior [ RunTime:0.000000s ]
INFO: [ app_init ] --END-- [ RunTime:0.001000s ]
INFO: [ app_begin ] --START--
INFO: Run Behavior\ReadHtmlCacheBehavior [ RunTime:0.002000s ]
INFO: [ app_begin ] --END-- [ RunTime:0.002000s ]
SQL: SHOW COLUMNS FROM `my_search` [ RunTime:0.0090s ]
SQL: SELECT * FROM `my_search` WHERE `status` = 1 ORDER BY num DESC LIMIT 8   [ RunTime:0.0010s ]
SQL: SHOW COLUMNS FROM `my_model` [ RunTime:0.0080s ]
SQL: SELECT `tablename` FROM `my_model` WHERE `id` = 5 LIMIT 1   [ RunTime:0.0000s ]
SQL: SELECT * FROM `my_search` WHERE `keyword` = 'b2c' LIMIT 1   [ RunTime:0.0010s ]
NOTIC: [8] Undefined variable: uid D:\WWW\yuanma\App\Home\Controller\SearchController.class.php 第 45 行.
SQL: UPDATE `my_search` SET `addtime`='1478782522',`ipaddr`='::1',`referer`='http://localhost/thinkphp-48.html',`num`='3' WHERE `keyword` = 'b2c' [ RunTime:0.0030s ]
SQL: SHOW COLUMNS FROM `my_soft` [ RunTime:0.0090s ]
SQL: SHOW COLUMNS FROM `my_category` [ RunTime:0.0080s ]
SQL: SELECT COUNT(*) AS tp_count FROM my_soft soft LEFT JOIN my_category category ON soft.cid = category.id WHERE ( `title` LIKE '%b2c%' OR soft.description LIKE '%b2c%' ) AND soft.status = 1 LIMIT 1   [ RunTime:0.0020s ]
SQL: SELECT soft.id AS id,soft.title AS title,soft.color AS color,soft.keywords AS keywords,soft.litpic AS litpic,soft.pictureurls AS pictureurls,soft.updatelog AS updatelog,soft.downlink AS downlink,soft.description AS description,soft.version AS version,soft.softtype AS softtype,soft.copytype AS copytype,soft.language AS language,soft.os AS os,soft.filesize AS filesize,soft.officialurl AS officialurl,soft.publishtime AS publishtime,soft.updatetime AS updatetime,soft.click AS click,soft.cid AS cid,soft.commentflag AS commentflag,soft.flag AS flag,soft.jumpurl AS jumpurl,soft.status AS status,soft.userid AS userid,soft.aid AS aid,soft.tag AS tag,soft.demo AS demo,soft.downnum AS downnum,soft.scores AS scores,soft.prop_value AS prop_value,category.name AS catename,category.ename AS ename,category.modelid AS modelid FROM my_soft soft LEFT JOIN my_category category ON soft.cid = category.id WHERE ( `title` LIKE '%b2c%' OR soft.description LIKE '%b2c%' ) AND soft.status = 1 ORDER BY soft.id desc LIMIT 0,20   [ RunTime:0.0020s ]
SQL: SHOW COLUMNS FROM `my_comment` [ RunTime:0.0100s ]
SQL: SELECT COUNT(*) AS tp_count FROM `my_comment` WHERE `postid` = 48 AND `modelid` = 5 LIMIT 1   [ RunTime:0.0000s ]
INFO: [ view_parse ] --START--
INFO: [ template_filter ] --START--
INFO: Run Behavior\ContentReplaceBehavior [ RunTime:0.001000s ]
INFO: [ template_filter ] --END-- [ RunTime:0.001000s ]
NOTIC: [8] Undefined variable: cid D:\WWW\yuanma\App\Runtime\Cache\Home\d24992b572635a164f6d6543809d1658.php 第 85 行.
NOTIC: [8] Undefined variable: cid D:\WWW\yuanma\App\Runtime\Cache\Home\d24992b572635a164f6d6543809d1658.php 第 87 行.
NOTIC: [8] Undefined variable: pid D:\WWW\yuanma\App\Runtime\Cache\Home\d24992b572635a164f6d6543809d1658.php 第 87 行.
NOTIC: [8] Undefined variable: cid D:\WWW\yuanma\App\Runtime\Cache\Home\d24992b572635a164f6d6543809d1658.php 第 87 行.
NOTIC: [8] Undefined variable: pid D:\WWW\yuanma\App\Runtime\Cache\Home\d24992b572635a164f6d6543809d1658.php 第 87 行.
NOTIC: [8] Undefined variable: cid D:\WWW\yuanma\App\Runtime\Cache\Home\d24992b572635a164f6d6543809d1658.php 第 87 行.
NOTIC: [8] Undefined variable: pid D:\WWW\yuanma\App\Runtime\Cache\Home\d24992b572635a164f6d6543809d1658.php 第 87 行.
NOTIC: [8] Undefined variable: cid D:\WWW\yuanma\App\Runtime\Cache\Home\d24992b572635a164f6d6543809d1658.php 第 87 行.
NOTIC: [8] Undefined variable: pid D:\WWW\yuanma\App\Runtime\Cache\Home\d24992b572635a164f6d6543809d1658.php 第 87 行.
NOTIC: [8] Undefined variable: cid D:\WWW\yuanma\App\Runtime\Cache\Home\d24992b572635a164f6d6543809d1658.php 第 87 行.
NOTIC: [8] Undefined variable: pid D:\WWW\yuanma\App\Runtime\Cache\Home\d24992b572635a164f6d6543809d1658.php 第 87 行.
NOTIC: [8] Undefined variable: cid D:\WWW\yuanma\App\Runtime\Cache\Home\d24992b572635a164f6d6543809d1658.php 第 87 行.
NOTIC: [8] Undefined variable: pid D:\WWW\yuanma\App\Runtime\Cache\Home\d24992b572635a164f6d6543809d1658.php 第 87 行.
INFO: Run Behavior\ParseTemplateBehavior [ RunTime:0.194011s ]
INFO: [ view_parse ] --END-- [ RunTime:0.194011s ]
INFO: [ view_filter ] --START--
INFO: Run Behavior\WriteHtmlCacheBehavior [ RunTime:0.001000s ]
INFO: [ view_filter ] --END-- [ RunTime:0.001000s ]
INFO: [ app_end ] --START--
INFO: Run Behavior\ShowPageTraceBehavior [ RunTime:0.001000s ]
INFO: [ app_end ] --END-- [ RunTime:0.001000s ]

[ 2016-11-10T20:55:23+08:00 ] ::1 /Ajax-isLogin
INFO: [ app_init ] --START--
INFO: Run Behavior\BuildLiteBehavior [ RunTime:0.000000s ]
INFO: [ app_init ] --END-- [ RunTime:0.001000s ]
INFO: [ app_begin ] --START--
INFO: Run Behavior\ReadHtmlCacheBehavior [ RunTime:0.002001s ]
INFO: [ app_begin ] --END-- [ RunTime:0.002001s ]
SQL: SHOW COLUMNS FROM `my_search` [ RunTime:0.0100s ]
SQL: SELECT * FROM `my_search` WHERE `status` = 1 ORDER BY num DESC LIMIT 8   [ RunTime:0.0020s ]

