[ 2020-06-29T18:50:33+08:00 ] 106.8.173.149 /Public/Home/sucai/fonts/fontawesome-webfont.woff2
INFO: [ app_init ] --START--
INFO: Run Behavior\BuildLiteBehavior [ RunTime:0.000016s ]
INFO: [ app_init ] --END-- [ RunTime:0.000334s ]
INFO: [ app_begin ] --START--
INFO: Run Behavior\ReadHtmlCacheBehavior [ RunTime:0.000378s ]
INFO: [ app_begin ] --END-- [ RunTime:0.000426s ]
INFO: [ view_parse ] --START--
INFO: [ template_filter ] --START--
INFO: Run Behavior\ContentReplaceBehavior [ RunTime:0.000114s ]
INFO: [ template_filter ] --END-- [ RunTime:0.000186s ]
INFO: Run Behavior\ParseTemplateBehavior [ RunTime:0.008385s ]
INFO: [ view_parse ] --END-- [ RunTime:0.008430s ]
INFO: [ view_filter ] --START--
INFO: Run Behavior\WriteHtmlCacheBehavior [ RunTime:0.000099s ]
INFO: [ view_filter ] --END-- [ RunTime:0.000131s ]
INFO: [ app_end ] --START--
INFO: Run Behavior\ShowPageTraceBehavior [ RunTime:0.000441s ]
INFO: [ app_end ] --END-- [ RunTime:0.000485s ]

[ 2020-06-29T18:50:33+08:00 ] 106.8.173.149 /Public/Home/sucai/fonts/fontawesome-webfont.woff
INFO: [ app_init ] --START--
INFO: Run Behavior\BuildLiteBehavior [ RunTime:0.000015s ]
INFO: [ app_init ] --END-- [ RunTime:0.000275s ]
INFO: [ app_begin ] --START--
INFO: Run Behavior\ReadHtmlCacheBehavior [ RunTime:0.000504s ]
INFO: [ app_begin ] --END-- [ RunTime:0.000571s ]
INFO: [ view_parse ] --START--
INFO: [ template_filter ] --START--
INFO: Run Behavior\ContentReplaceBehavior [ RunTime:0.000061s ]
INFO: [ template_filter ] --END-- [ RunTime:0.000133s ]
INFO: Run Behavior\ParseTemplateBehavior [ RunTime:0.008601s ]
INFO: [ view_parse ] --END-- [ RunTime:0.008656s ]
INFO: [ view_filter ] --START--
INFO: Run Behavior\WriteHtmlCacheBehavior [ RunTime:0.000104s ]
INFO: [ view_filter ] --END-- [ RunTime:0.000143s ]
INFO: [ app_end ] --START--
INFO: Run Behavior\ShowPageTraceBehavior [ RunTime:0.000490s ]
INFO: [ app_end ] --END-- [ RunTime:0.000542s ]

[ 2020-06-29T18:50:34+08:00 ] 106.8.173.149 /Public/Home/sucai/fonts/fontawesome-webfont.ttf
INFO: [ app_init ] --START--
INFO: Run Behavior\BuildLiteBehavior [ RunTime:0.000014s ]
INFO: [ app_init ] --END-- [ RunTime:0.000295s ]
INFO: [ app_begin ] --START--
INFO: Run Behavior\ReadHtmlCacheBehavior [ RunTime:0.000412s ]
INFO: [ app_begin ] --END-- [ RunTime:0.000462s ]
INFO: [ view_parse ] --START--
INFO: [ template_filter ] --START--
INFO: Run Behavior\ContentReplaceBehavior [ RunTime:0.000041s ]
INFO: [ template_filter ] --END-- [ RunTime:0.000101s ]
INFO: Run Behavior\ParseTemplateBehavior [ RunTime:0.008732s ]
INFO: [ view_parse ] --END-- [ RunTime:0.008786s ]
INFO: [ view_filter ] --START--
INFO: Run Behavior\WriteHtmlCacheBehavior [ RunTime:0.000110s ]
INFO: [ view_filter ] --END-- [ RunTime:0.000146s ]
INFO: [ app_end ] --START--
INFO: Run Behavior\ShowPageTraceBehavior [ RunTime:0.000420s ]
INFO: [ app_end ] --END-- [ RunTime:0.000457s ]

[ 2020-06-29T18:50:34+08:00 ] 106.8.173.149 /favicon.ico
INFO: [ app_init ] --START--
INFO: Run Behavior\BuildLiteBehavior [ RunTime:0.000013s ]
INFO: [ app_init ] --END-- [ RunTime:0.000274s ]
INFO: [ app_begin ] --START--
INFO: Run Behavior\ReadHtmlCacheBehavior [ RunTime:0.000369s ]
INFO: [ app_begin ] --END-- [ RunTime:0.000435s ]
SQL: SHOW COLUMNS FROM `my_search` [ RunTime:0.0008s ]
SQL: SELECT * FROM `my_search` WHERE `status` = 1 ORDER BY num DESC LIMIT 8   [ RunTime:0.0003s ]
NOTIC: [8] Undefined variable: cate_arr /www/wwwroot/zzb.cxzch.cn/App/Common/Common/function.php 第 109 行.
SQL: SHOW COLUMNS FROM `my_category` [ RunTime:0.0012s ]
SQL: SHOW COLUMNS FROM `my_model` [ RunTime:0.0006s ]
SQL: SELECT category.id AS id,category.name AS name,category.ename AS ename,category.catpic AS catpic,category.pid AS pid,category.modelid AS modelid,category.type AS type,category.seotitle AS seotitle,category.keywords AS keywords,category.description AS description,category.template_category AS template_category,category.template_list AS template_list,category.template_show AS template_show,category.status AS status,category.sort AS sort,category.property AS property,model.name AS modelname,model.tablename AS tablename FROM my_category category LEFT JOIN my_model model ON category.modelid = model.id ORDER BY category.sort asc,category.id ASC  [ RunTime:0.0010s ]
INFO: [ view_parse ] --START--
INFO: [ template_filter ] --START--
INFO: Run Behavior\ContentReplaceBehavior [ RunTime:0.000043s ]
INFO: [ template_filter ] --END-- [ RunTime:0.000102s ]
INFO: Run Behavior\ParseTemplateBehavior [ RunTime:0.012325s ]
INFO: [ view_parse ] --END-- [ RunTime:0.012375s ]
INFO: [ view_filter ] --START--
INFO: Run Behavior\WriteHtmlCacheBehavior [ RunTime:0.000093s ]
INFO: [ view_filter ] --END-- [ RunTime:0.000124s ]

[ 2020-06-29T18:53:53+08:00 ] 106.8.173.149 /ketiyanjiu
INFO: [ app_init ] --START--
INFO: Run Behavior\BuildLiteBehavior [ RunTime:0.000016s ]
INFO: [ app_init ] --END-- [ RunTime:0.000301s ]
INFO: [ app_begin ] --START--
INFO: Run Behavior\ReadHtmlCacheBehavior [ RunTime:0.000389s ]
INFO: [ app_begin ] --END-- [ RunTime:0.000442s ]
SQL: SHOW COLUMNS FROM `my_search` [ RunTime:0.0008s ]
SQL: SELECT * FROM `my_search` WHERE `status` = 1 ORDER BY num DESC LIMIT 8   [ RunTime:0.0005s ]
NOTIC: [8] Undefined variable: cate_arr /www/wwwroot/zzb.cxzch.cn/App/Common/Common/function.php 第 109 行.
SQL: SHOW COLUMNS FROM `my_category` [ RunTime:0.0008s ]
SQL: SHOW COLUMNS FROM `my_model` [ RunTime:0.0005s ]
SQL: SELECT category.id AS id,category.name AS name,category.ename AS ename,category.catpic AS catpic,category.pid AS pid,category.modelid AS modelid,category.type AS type,category.seotitle AS seotitle,category.keywords AS keywords,category.description AS description,category.template_category AS template_category,category.template_list AS template_list,category.template_show AS template_show,category.status AS status,category.sort AS sort,category.property AS property,model.name AS modelname,model.tablename AS tablename FROM my_category category LEFT JOIN my_model model ON category.modelid = model.id ORDER BY category.sort asc,category.id ASC  [ RunTime:0.0011s ]
SQL: SHOW COLUMNS FROM `my_category_access` [ RunTime:0.0068s ]
SQL: SELECT `roleid` FROM `my_category_access` WHERE `catid` = 66 AND `flag` = 0 AND `action` = 'visit'  [ RunTime:0.0004s ]
SQL: SELECT `id` FROM `my_category` WHERE ( modelid=1 )  [ RunTime:0.0003s ]
SQL: SHOW COLUMNS FROM `my_tag` [ RunTime:0.0007s ]
SQL: SELECT * FROM `my_tag` WHERE `tag_status` = 1 AND `typeid` IN ('16','17','18','23','60','61','20','64','22','24','25','26','27','62','63','31','59','32','33','34','36','46','47','48','49','42','53','55','54','65','66','67','69','70','71','72','73','74','75','76','77','78') ORDER BY tag_click DESC LIMIT 18   [ RunTime:0.0007s ]
INFO: [ view_parse ] --START--
INFO: [ template_filter ] --START--
INFO: Run Behavior\ContentReplaceBehavior [ RunTime:0.000234s ]
INFO: [ template_filter ] --END-- [ RunTime:0.000295s ]
NOTIC: [8] Undefined variable: cate_arr /www/wwwroot/zzb.cxzch.cn/App/Common/Common/function.php 第 109 行.
SQL: SELECT category.id AS id,category.name AS name,category.ename AS ename,category.catpic AS catpic,category.pid AS pid,category.modelid AS modelid,category.type AS type,category.seotitle AS seotitle,category.keywords AS keywords,category.description AS description,category.template_category AS template_category,category.template_list AS template_list,category.template_show AS template_show,category.status AS status,category.sort AS sort,category.property AS property,model.name AS modelname,model.tablename AS tablename FROM my_category category LEFT JOIN my_model model ON category.modelid = model.id WHERE category.status = 1 ORDER BY category.sort asc,category.id ASC  [ RunTime:0.0012s ]
NOTIC: [8] Undefined variable: cate_arr /www/wwwroot/zzb.cxzch.cn/App/Common/Common/function.php 第 109 行.
SQL: SELECT category.id AS id,category.name AS name,category.ename AS ename,category.catpic AS catpic,category.pid AS pid,category.modelid AS modelid,category.type AS type,category.seotitle AS seotitle,category.keywords AS keywords,category.description AS description,category.template_category AS template_category,category.template_list AS template_list,category.template_show AS template_show,category.status AS status,category.sort AS sort,category.property AS property,model.name AS modelname,model.tablename AS tablename FROM my_category category LEFT JOIN my_model model ON category.modelid = model.id WHERE category.status = 1 ORDER BY category.sort asc,category.id ASC  [ RunTime:0.0011s ]
NOTIC: [8] Undefined variable: cate_arr /www/wwwroot/zzb.cxzch.cn/App/Common/Common/function.php 第 109 行.
SQL: SELECT category.id AS id,category.name AS name,category.ename AS ename,category.catpic AS catpic,category.pid AS pid,category.modelid AS modelid,category.type AS type,category.seotitle AS seotitle,category.keywords AS keywords,category.description AS description,category.template_category AS template_category,category.template_list AS template_list,category.template_show AS template_show,category.status AS status,category.sort AS sort,category.property AS property,model.name AS modelname,model.tablename AS tablename FROM my_category category LEFT JOIN my_model model ON category.modelid = model.id WHERE category.status = 1 ORDER BY category.sort asc,category.id ASC  [ RunTime:0.0010s ]
NOTIC: [8] Undefined variable: cate_arr /www/wwwroot/zzb.cxzch.cn/App/Common/Common/function.php 第 109 行.
SQL: SELECT category.id AS id,category.name AS name,category.ename AS ename,category.catpic AS catpic,category.pid AS pid,category.modelid AS modelid,category.type AS type,category.seotitle AS seotitle,category.keywords AS keywords,category.description AS description,category.template_category AS template_category,category.template_list AS template_list,category.template_show AS template_show,category.status AS status,category.sort AS sort,category.property AS property,model.name AS modelname,model.tablename AS tablename FROM my_category category LEFT JOIN my_model model ON category.modelid = model.id WHERE category.status = 1 ORDER BY category.sort asc,category.id ASC  [ RunTime:0.0010s ]
NOTIC: [8] Undefined variable: cate_arr /www/wwwroot/zzb.cxzch.cn/App/Common/Common/function.php 第 109 行.
SQL: SELECT category.id AS id,category.name AS name,category.ename AS ename,category.catpic AS catpic,category.pid AS pid,category.modelid AS modelid,category.type AS type,category.seotitle AS seotitle,category.keywords AS keywords,category.description AS description,category.template_category AS template_category,category.template_list AS template_list,category.template_show AS template_show,category.status AS status,category.sort AS sort,category.property AS property,model.name AS modelname,model.tablename AS tablename FROM my_category category LEFT JOIN my_model model ON category.modelid = model.id WHERE category.status = 1 ORDER BY category.sort asc,category.id ASC  [ RunTime:0.0010s ]
NOTIC: [8] Undefined variable: cate_arr /www/wwwroot/zzb.cxzch.cn/App/Common/Common/function.php 第 109 行.
SQL: SELECT category.id AS id,category.name AS name,category.ename AS ename,category.catpic AS catpic,category.pid AS pid,category.modelid AS modelid,category.type AS type,category.seotitle AS seotitle,category.keywords AS keywords,category.description AS description,category.template_category AS template_category,category.template_list AS template_list,category.template_show AS template_show,category.status AS status,category.sort AS sort,category.property AS property,model.name AS modelname,model.tablename AS tablename FROM my_category category LEFT JOIN my_model model ON category.modelid = model.id ORDER BY category.sort asc,category.id ASC  [ RunTime:0.0009s ]
NOTIC: [8] Undefined variable: cate_arr /www/wwwroot/zzb.cxzch.cn/App/Common/Common/function.php 第 109 行.
SQL: SELECT category.id AS id,category.name AS name,category.ename AS ename,category.catpic AS catpic,category.pid AS pid,category.modelid AS modelid,category.type AS type,category.seotitle AS seotitle,category.keywords AS keywords,category.description AS description,category.template_category AS template_category,category.template_list AS template_list,category.template_show AS template_show,category.status AS status,category.sort AS sort,category.property AS property,model.name AS modelname,model.tablename AS tablename FROM my_category category LEFT JOIN my_model model ON category.modelid = model.id ORDER BY category.sort asc,category.id ASC  [ RunTime:0.0011s ]
NOTIC: [8] Undefined variable: cate_arr /www/wwwroot/zzb.cxzch.cn/App/Common/Common/function.php 第 109 行.
SQL: SELECT category.id AS id,category.name AS name,category.ename AS ename,category.catpic AS catpic,category.pid AS pid,category.modelid AS modelid,category.type AS type,category.seotitle AS seotitle,category.keywords AS keywords,category.description AS description,category.template_category AS template_category,category.template_list AS template_list,category.template_show AS template_show,category.status AS status,category.sort AS sort,category.property AS property,model.name AS modelname,model.tablename AS tablename FROM my_category category LEFT JOIN my_model model ON category.modelid = model.id ORDER BY category.sort asc,category.id ASC  [ RunTime:0.0010s ]
SQL: SHOW COLUMNS FROM `my_article` [ RunTime:0.0009s ]
SQL: SELECT COUNT(*) AS tp_count FROM my_article article LEFT JOIN my_category category ON article.cid = category.id WHERE article.status = 1 AND article.cid IN (66) LIMIT 1   [ RunTime:0.0003s ]
SQL: SELECT article.id AS id,article.title AS title,article.shorttitle AS shorttitle,article.color AS color,article.copyfrom AS copyfrom,article.author AS author,article.keywords AS keywords,article.litpic AS litpic,article.description AS description,article.publishtime AS publishtime,article.updatetime AS updatetime,article.click AS click,article.cid AS cid,article.commentflag AS commentflag,article.flag AS flag,article.jumpurl AS jumpurl,article.status AS status,article.userid AS userid,article.aid AS aid,article.ding AS ding,article.cai AS cai,article.tag AS tag,category.name AS catename,category.ename AS ename,category.modelid AS modelid FROM my_article article LEFT JOIN my_category category ON article.cid = category.id WHERE article.status = 1 AND article.cid IN (66) ORDER BY article.id DESC LIMIT 0,15   [ RunTime:0.0004s ]
INFO: Run Behavior\ParseTemplateBehavior [ RunTime:0.061254s ]
INFO: [ view_parse ] --END-- [ RunTime:0.061314s ]
INFO: [ view_filter ] --START--
INFO: Run Behavior\WriteHtmlCacheBehavior [ RunTime:0.000187s ]
INFO: [ view_filter ] --END-- [ RunTime:0.000323s ]
INFO: [ app_end ] --START--
INFO: Run Behavior\ShowPageTraceBehavior [ RunTime:0.000499s ]
INFO: [ app_end ] --END-- [ RunTime:0.000540s ]

[ 2020-06-29T18:53:53+08:00 ] 106.8.173.149 /Ajax-isLogin
INFO: [ app_init ] --START--
INFO: Run Behavior\BuildLiteBehavior [ RunTime:0.000019s ]
INFO: [ app_init ] --END-- [ RunTime:0.000386s ]
INFO: [ app_begin ] --START--
INFO: Run Behavior\ReadHtmlCacheBehavior [ RunTime:0.000482s ]
INFO: [ app_begin ] --END-- [ RunTime:0.000557s ]
SQL: SHOW COLUMNS FROM `my_search` [ RunTime:0.0009s ]
SQL: SELECT * FROM `my_search` WHERE `status` = 1 ORDER BY num DESC LIMIT 8   [ RunTime:0.0005s ]

[ 2020-06-29T18:53:53+08:00 ] 106.8.173.149 /favicon.ico
INFO: [ app_init ] --START--
INFO: Run Behavior\BuildLiteBehavior [ RunTime:0.000014s ]
INFO: [ app_init ] --END-- [ RunTime:0.000287s ]
INFO: [ app_begin ] --START--
INFO: Run Behavior\ReadHtmlCacheBehavior [ RunTime:0.000368s ]
INFO: [ app_begin ] --END-- [ RunTime:0.000412s ]
SQL: SHOW COLUMNS FROM `my_search` [ RunTime:0.0038s ]
SQL: SELECT * FROM `my_search` WHERE `status` = 1 ORDER BY num DESC LIMIT 8   [ RunTime:0.0005s ]
NOTIC: [8] Undefined variable: cate_arr /www/wwwroot/zzb.cxzch.cn/App/Common/Common/function.php 第 109 行.
SQL: SHOW COLUMNS FROM `my_category` [ RunTime:0.0008s ]
SQL: SHOW COLUMNS FROM `my_model` [ RunTime:0.0006s ]
SQL: SELECT category.id AS id,category.name AS name,category.ename AS ename,category.catpic AS catpic,category.pid AS pid,category.modelid AS modelid,category.type AS type,category.seotitle AS seotitle,category.keywords AS keywords,category.description AS description,category.template_category AS template_category,category.template_list AS template_list,category.template_show AS template_show,category.status AS status,category.sort AS sort,category.property AS property,model.name AS modelname,model.tablename AS tablename FROM my_category category LEFT JOIN my_model model ON category.modelid = model.id ORDER BY category.sort asc,category.id ASC  [ RunTime:0.0009s ]
INFO: [ view_parse ] --START--
INFO: [ template_filter ] --START--
INFO: Run Behavior\ContentReplaceBehavior [ RunTime:0.000047s ]
INFO: [ template_filter ] --END-- [ RunTime:0.000113s ]
INFO: Run Behavior\ParseTemplateBehavior [ RunTime:0.011736s ]
INFO: [ view_parse ] --END-- [ RunTime:0.011797s ]
INFO: [ view_filter ] --START--
INFO: Run Behavior\WriteHtmlCacheBehavior [ RunTime:0.000141s ]
INFO: [ view_filter ] --END-- [ RunTime:0.000189s ]

[ 2020-06-29T20:10:29+08:00 ] 111.206.36.132 /index.php?s=/kcd-9.html
INFO: [ app_init ] --START--
INFO: Run Behavior\BuildLiteBehavior [ RunTime:0.000013s ]
INFO: [ app_init ] --END-- [ RunTime:0.000287s ]
INFO: [ app_begin ] --START--
INFO: Run Behavior\ReadHtmlCacheBehavior [ RunTime:0.000397s ]
INFO: [ app_begin ] --END-- [ RunTime:0.000443s ]
SQL: SHOW COLUMNS FROM `my_search` [ RunTime:0.0007s ]
SQL: SELECT * FROM `my_search` WHERE `status` = 1 ORDER BY num DESC LIMIT 8   [ RunTime:0.0004s ]
NOTIC: [8] Undefined variable: cate_arr /www/wwwroot/zzb.cxzch.cn/App/Common/Common/function.php 第 109 行.
SQL: SHOW COLUMNS FROM `my_category` [ RunTime:0.0007s ]
SQL: SHOW COLUMNS FROM `my_model` [ RunTime:0.0005s ]
SQL: SELECT category.id AS id,category.name AS name,category.ename AS ename,category.catpic AS catpic,category.pid AS pid,category.modelid AS modelid,category.type AS type,category.seotitle AS seotitle,category.keywords AS keywords,category.description AS description,category.template_category AS template_category,category.template_list AS template_list,category.template_show AS template_show,category.status AS status,category.sort AS sort,category.property AS property,model.name AS modelname,model.tablename AS tablename FROM my_category category LEFT JOIN my_model model ON category.modelid = model.id ORDER BY category.sort asc,category.id ASC  [ RunTime:0.0009s ]
SQL: SHOW COLUMNS FROM `my_category_access` [ RunTime:0.0004s ]
SQL: SELECT `roleid` FROM `my_category_access` WHERE `catid` = 79 AND `flag` = 0 AND `action` = 'visit'  [ RunTime:0.0002s ]
SQL: SHOW COLUMNS FROM `my_picture` [ RunTime:0.0055s ]
SQL: SELECT * FROM `my_picture` WHERE `status` = 1 AND `id` = 9 LIMIT 1   [ RunTime:0.0005s ]
SQL: SELECT picture.id AS id,picture.title AS title,picture.color AS color,picture.author AS author,picture.keywords AS keywords,picture.litpic AS litpic,picture.description AS description,picture.copyfrom AS copyfrom,picture.template AS template,picture.pictureurls AS pictureurls,picture.content AS content,picture.publishtime AS publishtime,picture.updatetime AS updatetime,picture.click AS click,picture.cid AS cid,picture.commentflag AS commentflag,picture.flag AS flag,picture.jumpurl AS jumpurl,picture.status AS status,picture.userid AS userid,picture.aid AS aid,picture.ding AS ding,picture.cai AS cai,picture.tag AS tag,category.name AS catename,category.ename AS ename,category.modelid AS modelid FROM my_picture picture LEFT JOIN my_category category ON picture.cid = category.id WHERE picture.status = 1 AND picture.cid = '79' AND picture.id < '9' ORDER BY picture.id desc LIMIT 1   [ RunTime:0.0005s ]
SQL: SELECT picture.id AS id,picture.title AS title,picture.color AS color,picture.author AS author,picture.keywords AS keywords,picture.litpic AS litpic,picture.description AS description,picture.copyfrom AS copyfrom,picture.template AS template,picture.pictureurls AS pictureurls,picture.content AS content,picture.publishtime AS publishtime,picture.updatetime AS updatetime,picture.click AS click,picture.cid AS cid,picture.commentflag AS commentflag,picture.flag AS flag,picture.jumpurl AS jumpurl,picture.status AS status,picture.userid AS userid,picture.aid AS aid,picture.ding AS ding,picture.cai AS cai,picture.tag AS tag,category.name AS catename,category.ename AS ename,category.modelid AS modelid FROM my_picture picture LEFT JOIN my_category category ON picture.cid = category.id WHERE picture.status = 1 AND picture.cid = '79' AND picture.id > '9' ORDER BY picture.id ASC LIMIT 1   [ RunTime:0.0004s ]
INFO: [ view_parse ] --START--
INFO: [ template_filter ] --START--
INFO: Run Behavior\ContentReplaceBehavior [ RunTime:0.000360s ]
INFO: [ template_filter ] --END-- [ RunTime:0.000435s ]
NOTIC: [8] Undefined variable: cate_arr /www/wwwroot/zzb.cxzch.cn/App/Common/Common/function.php 第 109 行.
SQL: SELECT category.id AS id,category.name AS name,category.ename AS ename,category.catpic AS catpic,category.pid AS pid,category.modelid AS modelid,category.type AS type,category.seotitle AS seotitle,category.keywords AS keywords,category.description AS description,category.template_category AS template_category,category.template_list AS template_list,category.template_show AS template_show,category.status AS status,category.sort AS sort,category.property AS property,model.name AS modelname,model.tablename AS tablename FROM my_category category LEFT JOIN my_model model ON category.modelid = model.id WHERE category.status = 1 ORDER BY category.sort asc,category.id ASC  [ RunTime:0.0011s ]
NOTIC: [8] Undefined variable: cate_arr /www/wwwroot/zzb.cxzch.cn/App/Common/Common/function.php 第 109 行.
SQL: SELECT category.id AS id,category.name AS name,category.ename AS ename,category.catpic AS catpic,category.pid AS pid,category.modelid AS modelid,category.type AS type,category.seotitle AS seotitle,category.keywords AS keywords,category.description AS description,category.template_category AS template_category,category.template_list AS template_list,category.template_show AS template_show,category.status AS status,category.sort AS sort,category.property AS property,model.name AS modelname,model.tablename AS tablename FROM my_category category LEFT JOIN my_model model ON category.modelid = model.id WHERE category.status = 1 ORDER BY category.sort asc,category.id ASC  [ RunTime:0.0009s ]
NOTIC: [8] Undefined variable: cate_arr /www/wwwroot/zzb.cxzch.cn/App/Common/Common/function.php 第 109 行.
SQL: SELECT category.id AS id,category.name AS name,category.ename AS ename,category.catpic AS catpic,category.pid AS pid,category.modelid AS modelid,category.type AS type,category.seotitle AS seotitle,category.keywords AS keywords,category.description AS description,category.template_category AS template_category,category.template_list AS template_list,category.template_show AS template_show,category.status AS status,category.sort AS sort,category.property AS property,model.name AS modelname,model.tablename AS tablename FROM my_category category LEFT JOIN my_model model ON category.modelid = model.id WHERE category.status = 1 ORDER BY category.sort asc,category.id ASC  [ RunTime:0.0010s ]
NOTIC: [8] Undefined variable: cate_arr /www/wwwroot/zzb.cxzch.cn/App/Common/Common/function.php 第 109 行.
SQL: SELECT category.id AS id,category.name AS name,category.ename AS ename,category.catpic AS catpic,category.pid AS pid,category.modelid AS modelid,category.type AS type,category.seotitle AS seotitle,category.keywords AS keywords,category.description AS description,category.template_category AS template_category,category.template_list AS template_list,category.template_show AS template_show,category.status AS status,category.sort AS sort,category.property AS property,model.name AS modelname,model.tablename AS tablename FROM my_category category LEFT JOIN my_model model ON category.modelid = model.id WHERE category.status = 1 ORDER BY category.sort asc,category.id ASC  [ RunTime:0.0011s ]
NOTIC: [8] Undefined variable: cate_arr /www/wwwroot/zzb.cxzch.cn/App/Common/Common/function.php 第 109 行.
SQL: SELECT category.id AS id,category.name AS name,category.ename AS ename,category.catpic AS catpic,category.pid AS pid,category.modelid AS modelid,category.type AS type,category.seotitle AS seotitle,category.keywords AS keywords,category.description AS description,category.template_category AS template_category,category.template_list AS template_list,category.template_show AS template_show,category.status AS status,category.sort AS sort,category.property AS property,model.name AS modelname,model.tablename AS tablename FROM my_category category LEFT JOIN my_model model ON category.modelid = model.id WHERE category.status = 1 ORDER BY category.sort asc,category.id ASC  [ RunTime:0.0009s ]
NOTIC: [8] Undefined variable: cate_arr /www/wwwroot/zzb.cxzch.cn/App/Common/Common/function.php 第 109 行.
SQL: SELECT category.id AS id,category.name AS name,category.ename AS ename,category.catpic AS catpic,category.pid AS pid,category.modelid AS modelid,category.type AS type,category.seotitle AS seotitle,category.keywords AS keywords,category.description AS description,category.template_category AS template_category,category.template_list AS template_list,category.template_show AS template_show,category.status AS status,category.sort AS sort,category.property AS property,model.name AS modelname,model.tablename AS tablename FROM my_category category LEFT JOIN my_model model ON category.modelid = model.id ORDER BY category.sort asc,category.id ASC  [ RunTime:0.0010s ]
NOTIC: [8] Undefined index: picture /www/wwwroot/zzb.cxzch.cn/App/Runtime/Cache/Home/029981ae61f93929d5fdf46e2e19e089.php 第 240 行.
INFO: Run Behavior\ParseTemplateBehavior [ RunTime:0.046654s ]
INFO: [ view_parse ] --END-- [ RunTime:0.046716s ]
INFO: [ view_filter ] --START--
INFO: Run Behavior\WriteHtmlCacheBehavior [ RunTime:0.000241s ]
INFO: [ view_filter ] --END-- [ RunTime:0.000275s ]
INFO: [ app_end ] --START--
INFO: Run Behavior\ShowPageTraceBehavior [ RunTime:0.000528s ]
INFO: [ app_end ] --END-- [ RunTime:0.000575s ]

[ 2020-06-29T20:10:32+08:00 ] 111.206.36.132 /Ajax-isLogin
INFO: [ app_init ] --START--
INFO: Run Behavior\BuildLiteBehavior [ RunTime:0.000014s ]
INFO: [ app_init ] --END-- [ RunTime:0.000300s ]
INFO: [ app_begin ] --START--
INFO: Run Behavior\ReadHtmlCacheBehavior [ RunTime:0.000383s ]
INFO: [ app_begin ] --END-- [ RunTime:0.000437s ]
SQL: SHOW COLUMNS FROM `my_search` [ RunTime:0.0007s ]
SQL: SELECT * FROM `my_search` WHERE `status` = 1 ORDER BY num DESC LIMIT 8   [ RunTime:0.0004s ]

