[2016-04-13 17:07:28][debug] begin notify
[2016-04-13 17:07:28][debug] call back:{"appid":"wx6e0923365a5c3557","attach":"test","bank_type":"CMB_CREDIT","cash_fee":"1","fee_type":"CNY","is_subscribe":"N","mch_id":"1314478301","nonce_str":"fq0xa41rscws0knwcap6og7brkukz792","openid":"o1iX-tmbWo1O0Nth-pInbGW81AwQ","out_trade_no":"131447830120160413170702","result_code":"SUCCESS","return_code":"SUCCESS","sign":"B8EA1630021D5EC10673003D11F13357","time_end":"20160413170831","total_fee":"1","trade_type":"NATIVE","transaction_id":"4000092001201604134801223149"}
[2016-04-13 17:07:29][debug] query:{"appid":"wx6e0923365a5c3557","attach":"test","bank_type":"CMB_CREDIT","cash_fee":"1","fee_type":"CNY","is_subscribe":"N","mch_id":"1314478301","nonce_str":"96MprLGXWDUOcfm0","openid":"o1iX-tmbWo1O0Nth-pInbGW81AwQ","out_trade_no":"131447830120160413170702","result_code":"SUCCESS","return_code":"SUCCESS","return_msg":"OK","sign":"15B96DCDC250E0C61FDA355BE7323631","time_end":"20160413170831","total_fee":"1","trade_state":"SUCCESS","trade_type":"NATIVE","transaction_id":"4000092001201604134801223149"}
[2016-04-13 17:12:58][debug] begin notify!
[2016-04-13 17:14:05][debug] begin notify!
[2016-04-13 17:14:05][debug] call back:{"appid":"wx6e0923365a5c3557","attach":"test","bank_type":"CMB_CREDIT","cash_fee":"1","fee_type":"CNY","is_subscribe":"N","mch_id":"1314478301","nonce_str":"hc9xfz36kkoagz4hk7vh5o6tuj4ylocs","openid":"o1iX-tmbWo1O0Nth-pInbGW81AwQ","out_trade_no":"131447830120160413171303","result_code":"SUCCESS","return_code":"SUCCESS","sign":"6C4629ECDA1BDED2C09542378C757384","time_end":"20160413171507","total_fee":"1","trade_type":"NATIVE","transaction_id":"4000092001201604134802491196"}
[2016-04-13 17:14:14][debug] begin notify!
[2016-04-13 17:14:20][debug] begin notify!
[2016-04-13 17:14:20][debug] call back:{"appid":"wx6e0923365a5c3557","attach":"test","bank_type":"CMB_CREDIT","cash_fee":"1","fee_type":"CNY","is_subscribe":"N","mch_id":"1314478301","nonce_str":"hc9xfz36kkoagz4hk7vh5o6tuj4ylocs","openid":"o1iX-tmbWo1O0Nth-pInbGW81AwQ","out_trade_no":"131447830120160413171303","result_code":"SUCCESS","return_code":"SUCCESS","sign":"6C4629ECDA1BDED2C09542378C757384","time_end":"20160413171507","total_fee":"1","trade_type":"NATIVE","transaction_id":"4000092001201604134802491196"}
[2016-04-13 17:14:37][debug] begin notify!
[2016-04-13 17:14:37][debug] call back:{"appid":"wx6e0923365a5c3557","attach":"test","bank_type":"CMB_CREDIT","cash_fee":"1","fee_type":"CNY","is_subscribe":"N","mch_id":"1314478301","nonce_str":"hc9xfz36kkoagz4hk7vh5o6tuj4ylocs","openid":"o1iX-tmbWo1O0Nth-pInbGW81AwQ","out_trade_no":"131447830120160413171303","result_code":"SUCCESS","return_code":"SUCCESS","sign":"6C4629ECDA1BDED2C09542378C757384","time_end":"20160413171507","total_fee":"1","trade_type":"NATIVE","transaction_id":"4000092001201604134802491196"}
[2016-04-13 17:15:10][debug] begin notify!
[2016-04-13 17:15:10][debug] call back:{"appid":"wx6e0923365a5c3557","attach":"test","bank_type":"CMB_CREDIT","cash_fee":"1","fee_type":"CNY","is_subscribe":"N","mch_id":"1314478301","nonce_str":"hc9xfz36kkoagz4hk7vh5o6tuj4ylocs","openid":"o1iX-tmbWo1O0Nth-pInbGW81AwQ","out_trade_no":"131447830120160413171303","result_code":"SUCCESS","return_code":"SUCCESS","sign":"6C4629ECDA1BDED2C09542378C757384","time_end":"20160413171507","total_fee":"1","trade_type":"NATIVE","transaction_id":"4000092001201604134802491196"}
[2016-04-13 17:15:15][debug] begin notify
[2016-04-13 17:18:14][debug] begin notify!
[2016-04-13 17:18:14][debug] call back:{"appid":"wx6e0923365a5c3557","attach":"test","bank_type":"CMB_CREDIT","cash_fee":"1","fee_type":"CNY","is_subscribe":"N","mch_id":"1314478301","nonce_str":"hc9xfz36kkoagz4hk7vh5o6tuj4ylocs","openid":"o1iX-tmbWo1O0Nth-pInbGW81AwQ","out_trade_no":"131447830120160413171303","result_code":"SUCCESS","return_code":"SUCCESS","sign":"6C4629ECDA1BDED2C09542378C757384","time_end":"20160413171507","total_fee":"1","trade_type":"NATIVE","transaction_id":"4000092001201604134802491196"}
[2016-04-13 17:26:01][debug] begin notify
[2016-04-13 17:26:01][debug] call back:{"appid":"wx6e0923365a5c3557","attach":"test","bank_type":"CMB_CREDIT","cash_fee":"1","fee_type":"CNY","is_subscribe":"N","mch_id":"1314478301","nonce_str":"h3hdh3st0fkzcjfovxdcaeolhbnih09e","openid":"o1iX-tmbWo1O0Nth-pInbGW81AwQ","out_trade_no":"131447830120160413165130","result_code":"SUCCESS","return_code":"SUCCESS","sign":"C11C6C6305B595700CA3CBD88CEE2282","time_end":"20160413165254","total_fee":"1","trade_type":"NATIVE","transaction_id":"4000092001201604134801004418"}
[2016-04-13 17:26:01][debug] query:{"appid":"wx6e0923365a5c3557","attach":"test","bank_type":"CMB_CREDIT","cash_fee":"1","fee_type":"CNY","is_subscribe":"N","mch_id":"1314478301","nonce_str":"9ftN1wkwmRSnWcda","openid":"o1iX-tmbWo1O0Nth-pInbGW81AwQ","out_trade_no":"131447830120160413165130","result_code":"SUCCESS","return_code":"SUCCESS","return_msg":"OK","sign":"3449519EF6BA1FBFB0ED392D50F2D73C","time_end":"20160413165254","total_fee":"1","trade_state":"SUCCESS","trade_type":"NATIVE","transaction_id":"4000092001201604134801004418"}
[2016-04-13 17:28:37][debug] begin notify
[2016-04-13 17:28:37][debug] call back:{"appid":"wx6e0923365a5c3557","attach":"test","bank_type":"CMB_CREDIT","cash_fee":"1","fee_type":"CNY","is_subscribe":"N","mch_id":"1314478301","nonce_str":"nd1kzqvy8e01dwwhyrq6jspptv6bs7gg","openid":"o1iX-tmbWo1O0Nth-pInbGW81AwQ","out_trade_no":"131447830120160413162359","result_code":"SUCCESS","return_code":"SUCCESS","sign":"C6E4501AF08C82174E21738D4BFB5B66","time_end":"20160413162521","total_fee":"1","trade_type":"NATIVE","transaction_id":"4000092001201604134799775731"}
[2016-04-13 17:28:37][debug] query:{"appid":"wx6e0923365a5c3557","attach":"test","bank_type":"CMB_CREDIT","cash_fee":"1","fee_type":"CNY","is_subscribe":"N","mch_id":"1314478301","nonce_str":"15zHeVmAJZInAajU","openid":"o1iX-tmbWo1O0Nth-pInbGW81AwQ","out_trade_no":"131447830120160413162359","result_code":"SUCCESS","return_code":"SUCCESS","return_msg":"OK","sign":"CA4DBDA65EC7BF5ED5128FC9FA55856E","time_end":"20160413162521","total_fee":"1","trade_state":"SUCCESS","trade_type":"NATIVE","transaction_id":"4000092001201604134799775731"}
[2016-04-13 18:12:03][debug] begin notify
[2016-04-13 18:12:09][debug] begin notify
[2016-04-13 18:13:03][debug] begin notify
[2016-04-13 18:13:07][debug] begin notify
