[ 2020-07-16T23:30:27+08:00 ] 60.1.193.235 /kaoshi.php
INFO: [ app_init ] --START--
INFO: Run Behavior\BuildLiteBehavior [ RunTime:0.000021s ]
INFO: [ app_init ] --END-- [ RunTime:0.000419s ]
INFO: [ app_begin ] --START--
INFO: Run Behavior\ReadHtmlCacheBehavior [ RunTime:0.000397s ]
INFO: [ app_begin ] --END-- [ RunTime:0.000464s ]
INFO: [ view_parse ] --START--
INFO: [ template_filter ] --START--
INFO: Run Behavior\ContentReplaceBehavior [ RunTime:0.000094s ]
INFO: [ template_filter ] --END-- [ RunTime:0.000156s ]
INFO: Run Behavior\ParseTemplateBehavior [ RunTime:0.011060s ]
INFO: [ view_parse ] --END-- [ RunTime:0.011114s ]
INFO: [ view_filter ] --START--
INFO: Run Behavior\WriteHtmlCacheBehavior [ RunTime:0.000115s ]
INFO: [ view_filter ] --END-- [ RunTime:0.000145s ]
INFO: [ app_end ] --START--
INFO: Run Behavior\ShowPageTraceBehavior [ RunTime:0.000333s ]
INFO: [ app_end ] --END-- [ RunTime:0.000367s ]

[ 2020-07-16T23:33:51+08:00 ] 60.1.193.235 /kaoshi.php
INFO: [ app_init ] --START--
INFO: Run Behavior\BuildLiteBehavior [ RunTime:0.000012s ]
INFO: [ app_init ] --END-- [ RunTime:0.000217s ]
INFO: [ app_begin ] --START--
INFO: Run Behavior\ReadHtmlCacheBehavior [ RunTime:0.000281s ]
INFO: [ app_begin ] --END-- [ RunTime:0.000315s ]
SQL: SHOW COLUMNS FROM `my_ti` [ RunTime:0.0036s ]
SQL: SELECT COUNT(*) AS tp_count FROM `my_ti` WHERE `type` = 1 AND `status` = 1 LIMIT 1   [ RunTime:0.0003s ]
SQL: SELECT * FROM `my_ti` WHERE `type` = 1 AND `status` = 1  [ RunTime:0.0002s ]
ERR: SQLSTATE[42S02]: Base table or view not found: 1146 Table 'zzb.my_ti_kaoshi' doesn't exist

[ 2020-07-16T23:34:01+08:00 ] 60.1.193.235 /kaoshi.php
INFO: [ app_init ] --START--
INFO: Run Behavior\BuildLiteBehavior [ RunTime:0.000017s ]
INFO: [ app_init ] --END-- [ RunTime:0.000301s ]
INFO: [ app_begin ] --START--
INFO: Run Behavior\ReadHtmlCacheBehavior [ RunTime:0.000374s ]
INFO: [ app_begin ] --END-- [ RunTime:0.000424s ]
SQL: SHOW COLUMNS FROM `my_ti` [ RunTime:0.0008s ]
SQL: SELECT COUNT(*) AS tp_count FROM `my_ti` WHERE `type` = 1 AND `status` = 1 LIMIT 1   [ RunTime:0.0003s ]
SQL: SELECT * FROM `my_ti` WHERE `type` = 1 AND `status` = 1  [ RunTime:0.0002s ]
ERR: SQLSTATE[42S02]: Base table or view not found: 1146 Table 'zzb.my_ti_kaoshi' doesn't exist

[ 2020-07-16T23:34:18+08:00 ] 60.1.193.235 /kaoshi.php
INFO: [ app_init ] --START--
INFO: Run Behavior\BuildLiteBehavior [ RunTime:0.000017s ]
INFO: [ app_init ] --END-- [ RunTime:0.000302s ]
INFO: [ app_begin ] --START--
INFO: Run Behavior\ReadHtmlCacheBehavior [ RunTime:0.000326s ]
INFO: [ app_begin ] --END-- [ RunTime:0.000375s ]
SQL: SHOW COLUMNS FROM `my_ti` [ RunTime:0.0006s ]
SQL: SELECT COUNT(*) AS tp_count FROM `my_ti` WHERE `type` = 1 AND `status` = 1 LIMIT 1   [ RunTime:0.0003s ]
SQL: SELECT * FROM `my_ti` WHERE `type` = 1 AND `status` = 1  [ RunTime:0.0002s ]
ERR: SQLSTATE[42S02]: Base table or view not found: 1146 Table 'zzb.my_ti_kaoshi' doesn't exist

[ 2020-07-16T23:34:25+08:00 ] 60.1.193.235 /kaoshi.php
INFO: [ app_init ] --START--
INFO: Run Behavior\BuildLiteBehavior [ RunTime:0.000017s ]
INFO: [ app_init ] --END-- [ RunTime:0.000252s ]
INFO: [ app_begin ] --START--
INFO: Run Behavior\ReadHtmlCacheBehavior [ RunTime:0.000273s ]
INFO: [ app_begin ] --END-- [ RunTime:0.000306s ]
SQL: SHOW COLUMNS FROM `my_ti` [ RunTime:0.0006s ]
SQL: SELECT COUNT(*) AS tp_count FROM `my_ti` WHERE `type` = 1 AND `status` = 1 LIMIT 1   [ RunTime:0.0002s ]
SQL: SELECT * FROM `my_ti` WHERE `type` = 1 AND `status` = 1  [ RunTime:0.0002s ]
ERR: SQLSTATE[42S02]: Base table or view not found: 1146 Table 'zzb.my_ti_kaoshi' doesn't exist

[ 2020-07-16T23:35:39+08:00 ] 60.1.193.235 /kaoshi.php
INFO: [ app_init ] --START--
INFO: Run Behavior\BuildLiteBehavior [ RunTime:0.000011s ]
INFO: [ app_init ] --END-- [ RunTime:0.000205s ]
INFO: [ app_begin ] --START--
INFO: Run Behavior\ReadHtmlCacheBehavior [ RunTime:0.000266s ]
INFO: [ app_begin ] --END-- [ RunTime:0.000300s ]
SQL: SHOW COLUMNS FROM `my_ti` [ RunTime:0.0005s ]
SQL: SELECT COUNT(*) AS tp_count FROM `my_ti` WHERE `type` = 1 AND `status` = 1 LIMIT 1   [ RunTime:0.0002s ]
SQL: SELECT * FROM `my_ti` WHERE `type` = 1 AND `status` = 1  [ RunTime:0.0002s ]
ERR: SQLSTATE[42S02]: Base table or view not found: 1146 Table 'zzb.my_ti_kaoshi' doesn't exist

[ 2020-07-16T23:35:45+08:00 ] 60.1.193.235 /kaoshi.php
INFO: [ app_init ] --START--
INFO: Run Behavior\BuildLiteBehavior [ RunTime:0.000012s ]
INFO: [ app_init ] --END-- [ RunTime:0.000230s ]
INFO: [ app_begin ] --START--
INFO: Run Behavior\ReadHtmlCacheBehavior [ RunTime:0.000317s ]
INFO: [ app_begin ] --END-- [ RunTime:0.000359s ]
SQL: SHOW COLUMNS FROM `my_ti` [ RunTime:0.0006s ]
SQL: SELECT COUNT(*) AS tp_count FROM `my_ti` WHERE `type` = 1 AND `status` = 1 LIMIT 1   [ RunTime:0.0003s ]
SQL: SELECT * FROM `my_ti` WHERE `type` = 1 AND `status` = 1  [ RunTime:0.0002s ]
ERR: SQLSTATE[42S02]: Base table or view not found: 1146 Table 'zzb.my_ti_kaoshi' doesn't exist

[ 2020-07-16T23:36:00+08:00 ] 60.1.193.235 /kaoshi.php/index/index
INFO: [ app_init ] --START--
INFO: Run Behavior\BuildLiteBehavior [ RunTime:0.000012s ]
INFO: [ app_init ] --END-- [ RunTime:0.000219s ]
INFO: [ app_begin ] --START--
INFO: Run Behavior\ReadHtmlCacheBehavior [ RunTime:0.000304s ]
INFO: [ app_begin ] --END-- [ RunTime:0.000338s ]
SQL: SHOW COLUMNS FROM `my_ti` [ RunTime:0.0007s ]
SQL: SELECT COUNT(*) AS tp_count FROM `my_ti` WHERE `type` = 1 AND `status` = 1 LIMIT 1   [ RunTime:0.0002s ]
SQL: SELECT * FROM `my_ti` WHERE `type` = 1 AND `status` = 1  [ RunTime:0.0002s ]
ERR: SQLSTATE[42S02]: Base table or view not found: 1146 Table 'zzb.my_ti_kaoshi' doesn't exist

[ 2020-07-16T23:36:27+08:00 ] 60.1.193.235 /kaoshi.php/index/result
INFO: [ app_init ] --START--
INFO: Run Behavior\BuildLiteBehavior [ RunTime:0.000012s ]
INFO: [ app_init ] --END-- [ RunTime:0.000235s ]
INFO: [ app_begin ] --START--
INFO: Run Behavior\ReadHtmlCacheBehavior [ RunTime:0.000381s ]
INFO: [ app_begin ] --END-- [ RunTime:0.000430s ]
INFO: [ view_parse ] --START--
INFO: [ template_filter ] --START--
INFO: Run Behavior\ContentReplaceBehavior [ RunTime:0.000046s ]
INFO: [ template_filter ] --END-- [ RunTime:0.000097s ]
INFO: Run Behavior\ParseTemplateBehavior [ RunTime:0.007072s ]
INFO: [ view_parse ] --END-- [ RunTime:0.007101s ]
INFO: [ view_filter ] --START--
INFO: Run Behavior\WriteHtmlCacheBehavior [ RunTime:0.000080s ]
INFO: [ view_filter ] --END-- [ RunTime:0.000097s ]
INFO: [ app_end ] --START--
INFO: Run Behavior\ShowPageTraceBehavior [ RunTime:0.000315s ]
INFO: [ app_end ] --END-- [ RunTime:0.000340s ]

[ 2020-07-16T23:39:27+08:00 ] 60.1.193.235 /kaoshi.php/index/index
INFO: [ app_init ] --START--
INFO: Run Behavior\BuildLiteBehavior [ RunTime:0.000014s ]
INFO: [ app_init ] --END-- [ RunTime:0.000251s ]
INFO: [ app_begin ] --START--
INFO: Run Behavior\ReadHtmlCacheBehavior [ RunTime:0.000292s ]
INFO: [ app_begin ] --END-- [ RunTime:0.000328s ]
SQL: SHOW COLUMNS FROM `my_ti` [ RunTime:0.0007s ]
SQL: SELECT COUNT(*) AS tp_count FROM `my_ti` WHERE `type` = 1 AND `status` = 1 LIMIT 1   [ RunTime:0.0003s ]
SQL: SELECT * FROM `my_ti` WHERE `type` = 1 AND `status` = 1  [ RunTime:0.0002s ]
SQL: SHOW COLUMNS FROM `my_ti_kaoshi` [ RunTime:0.0005s ]
SQL: SELECT * FROM `my_ti_kaoshi` WHERE `user_id` = 1 AND `status` = 0 ORDER BY create_time desc LIMIT 1   [ RunTime:0.0002s ]
SQL: INSERT INTO `my_ti_kaoshi` (`user_id`,`answer`,`all_num`,`yes_num`,`score`,`elapsed`,`status`,`create_time`) VALUES ('1','','0','0','0','0','0','2020-07-16 23:39:27') [ RunTime:0.0032s ]
INFO: [ view_parse ] --START--
INFO: [ template_filter ] --START--
INFO: Run Behavior\ContentReplaceBehavior [ RunTime:0.000101s ]
INFO: [ template_filter ] --END-- [ RunTime:0.000169s ]
INFO: Run Behavior\ParseTemplateBehavior [ RunTime:0.012226s ]
INFO: [ view_parse ] --END-- [ RunTime:0.012280s ]
INFO: [ view_filter ] --START--
INFO: Run Behavior\WriteHtmlCacheBehavior [ RunTime:0.000101s ]
INFO: [ view_filter ] --END-- [ RunTime:0.000122s ]
INFO: [ app_end ] --START--
INFO: Run Behavior\ShowPageTraceBehavior [ RunTime:0.000342s ]
INFO: [ app_end ] --END-- [ RunTime:0.000367s ]

[ 2020-07-16T23:39:28+08:00 ] 60.1.193.235 /kaoshi.php/index/index.php?exam-app-index-ajax-lefttime&rand0.5488903721982406
INFO: [ app_init ] --START--
INFO: Run Behavior\BuildLiteBehavior [ RunTime:0.000012s ]
INFO: [ app_init ] --END-- [ RunTime:0.000374s ]
INFO: [ app_begin ] --START--
INFO: Run Behavior\ReadHtmlCacheBehavior [ RunTime:0.000270s ]
INFO: [ app_begin ] --END-- [ RunTime:0.000310s ]
ERR: 模板不存在:./App/./Tpl/Kaoshi/#download/View/default/2016/404.html.html

[ 2020-07-16T23:39:38+08:00 ] 60.1.193.235 /kaoshi.php/index/index.php?exam-app-exam-ajax-saveUserAnswer
INFO: [ app_init ] --START--
INFO: Run Behavior\BuildLiteBehavior [ RunTime:0.000011s ]
INFO: [ app_init ] --END-- [ RunTime:0.000220s ]
INFO: [ app_begin ] --START--
INFO: Run Behavior\ReadHtmlCacheBehavior [ RunTime:0.000289s ]
INFO: [ app_begin ] --END-- [ RunTime:0.000322s ]
ERR: 模板不存在:./App/./Tpl/Kaoshi/#download/View/default/2016/404.html.html

[ 2020-07-16T23:39:38+08:00 ] 60.1.193.235 /kaoshi.php/index/result.html
INFO: [ app_init ] --START--
INFO: Run Behavior\BuildLiteBehavior [ RunTime:0.000012s ]
INFO: [ app_init ] --END-- [ RunTime:0.000221s ]
INFO: [ app_begin ] --START--
INFO: Run Behavior\ReadHtmlCacheBehavior [ RunTime:0.000336s ]
INFO: [ app_begin ] --END-- [ RunTime:0.000385s ]
INFO: [ view_parse ] --START--
INFO: [ template_filter ] --START--
INFO: Run Behavior\ContentReplaceBehavior [ RunTime:0.000044s ]
INFO: [ template_filter ] --END-- [ RunTime:0.000091s ]
INFO: Run Behavior\ParseTemplateBehavior [ RunTime:0.006808s ]
INFO: [ view_parse ] --END-- [ RunTime:0.006842s ]
INFO: [ view_filter ] --START--
INFO: Run Behavior\WriteHtmlCacheBehavior [ RunTime:0.000090s ]
INFO: [ view_filter ] --END-- [ RunTime:0.000123s ]
INFO: [ app_end ] --START--
INFO: Run Behavior\ShowPageTraceBehavior [ RunTime:0.000347s ]
INFO: [ app_end ] --END-- [ RunTime:0.000375s ]

[ 2020-07-16T23:39:42+08:00 ] 60.1.193.235 /kaoshi.php/index/index.php?exam-app-index-ajax-lefttime&rand0.11956772459003373
INFO: [ app_init ] --START--
INFO: Run Behavior\BuildLiteBehavior [ RunTime:0.000017s ]
INFO: [ app_init ] --END-- [ RunTime:0.000335s ]
INFO: [ app_begin ] --START--
INFO: Run Behavior\ReadHtmlCacheBehavior [ RunTime:0.000430s ]
INFO: [ app_begin ] --END-- [ RunTime:0.000482s ]
ERR: 模板不存在:./App/./Tpl/Kaoshi/#download/View/default/2016/404.html.html

